2024-07-29 14:51:52,123 : INFO : root : Loading config.
2024-07-29 14:51:52,125 : INFO : YamlMultifileConfigLoader : Machine config file #1: config.yaml
2024-07-29 14:51:52,126 : INFO : ConfigProcessor : Loading config from cache: /var/folders/sv/d29kcl5x50v7vt1n6xb5jsd40000gn/T/c166cef8060ffee16a35821bf698da85.mpf_cache
2024-07-29 14:51:52,155 : INFO : ConfigProcessor : Loading config from cache: /var/folders/sv/d29kcl5x50v7vt1n6xb5jsd40000gn/T/6b31c5ac6ecbad948994a8204ea6b05b.mpf_cache
2024-07-29 14:51:52,155 : INFO : ConfigProcessor : Loading config from cache: /var/folders/sv/d29kcl5x50v7vt1n6xb5jsd40000gn/T/fe612d1e66c8a96c19ba449d3748eeac.mpf_cache
2024-07-29 14:51:52,155 : INFO : ConfigProcessor : Loading config from cache: /var/folders/sv/d29kcl5x50v7vt1n6xb5jsd40000gn/T/6b31c5ac6ecbad948994a8204ea6b05b.mpf_cache
2024-07-29 14:51:52,155 : INFO : ConfigProcessor : Loading config from cache: /var/folders/sv/d29kcl5x50v7vt1n6xb5jsd40000gn/T/8765227693ecd961e0504502a81255e0.mpf_cache
2024-07-29 14:51:52,156 : WARNING : ConfigProcessor : Config file in cache changed: /Users/nicktaseris/Desktop/Pinball/KOTH/modes/base/config/base.yaml
2024-07-29 14:51:52,156 : INFO : ConfigProcessor : Loading config from file /Users/nicktaseris/Desktop/Pinball/KOTH/modes/base/config/base.yaml.
2024-07-29 14:51:52,159 : INFO : ConfigProcessor : Loading config: /Users/nicktaseris/Desktop/Pinball/KOTH/modes/base/config/base.yaml
2024-07-29 14:51:52,160 : INFO : ConfigProcessor : Config file cache created: /var/folders/sv/d29kcl5x50v7vt1n6xb5jsd40000gn/T/b247728c74b4d81bcb2825e2b07062a7.mpf_cache
2024-07-29 14:51:52,160 : INFO : ConfigProcessor : Loading config from cache: /var/folders/sv/d29kcl5x50v7vt1n6xb5jsd40000gn/T/f240f94f0b5d0f37ec4fd7571275a101.mpf_cache
2024-07-29 14:51:52,160 : INFO : ConfigProcessor : Loading config from cache: /var/folders/sv/d29kcl5x50v7vt1n6xb5jsd40000gn/T/c4409acfdf3ec94666e0adef48d55400.mpf_cache
2024-07-29 14:51:52,161 : INFO : ConfigProcessor : Loading config from cache: /var/folders/sv/d29kcl5x50v7vt1n6xb5jsd40000gn/T/6a2f50ed892485825cc04dc0a68eab9f.mpf_cache
2024-07-29 14:51:52,161 : INFO : ConfigProcessor : Loading config from cache: /var/folders/sv/d29kcl5x50v7vt1n6xb5jsd40000gn/T/d58c58eb9fd1a2dc27f8acd255fb3761.mpf_cache
2024-07-29 14:51:52,161 : INFO : ConfigProcessor : Loading config from cache: /var/folders/sv/d29kcl5x50v7vt1n6xb5jsd40000gn/T/07adfd310b3ef0e03c5cbc91527abb6c.mpf_cache
2024-07-29 14:51:52,162 : INFO : ConfigProcessor : Loading config from cache: /var/folders/sv/d29kcl5x50v7vt1n6xb5jsd40000gn/T/12bd5247c3bf989b919364bdb7829769.mpf_cache
2024-07-29 14:51:52,162 : INFO : ConfigProcessor : Loading config from cache: /var/folders/sv/d29kcl5x50v7vt1n6xb5jsd40000gn/T/362e08f51a1a1b7a0809dd52f9c83f83.mpf_cache
2024-07-29 14:51:52,162 : INFO : ConfigProcessor : Loading config from cache: /var/folders/sv/d29kcl5x50v7vt1n6xb5jsd40000gn/T/e45e3bd39557ed8d0881194a7afab8f7.mpf_cache
2024-07-29 14:51:52,162 : INFO : ConfigProcessor : Loading config from cache: /var/folders/sv/d29kcl5x50v7vt1n6xb5jsd40000gn/T/331d8d1a1bc190cae8c13495e1db372f.mpf_cache
2024-07-29 14:51:52,162 : INFO : ConfigProcessor : Loading config from cache: /var/folders/sv/d29kcl5x50v7vt1n6xb5jsd40000gn/T/d17a9ff77386e6f1439d0802ace1de07.mpf_cache
2024-07-29 14:51:52,163 : INFO : ConfigProcessor : Loading config from cache: /var/folders/sv/d29kcl5x50v7vt1n6xb5jsd40000gn/T/280fd64455d0d243a54ab4db98fbccbd.mpf_cache
2024-07-29 14:51:52,163 : INFO : ConfigProcessor : Loading config from cache: /var/folders/sv/d29kcl5x50v7vt1n6xb5jsd40000gn/T/0c0596ed8fbb40b6113901d21bdc0a39.mpf_cache
2024-07-29 14:51:52,163 : INFO : ConfigProcessor : Loading config from cache: /var/folders/sv/d29kcl5x50v7vt1n6xb5jsd40000gn/T/f521a0f834965d73920394ccceaa3c1c.mpf_cache
2024-07-29 14:51:52,163 : INFO : ConfigProcessor : Loading config from cache: /var/folders/sv/d29kcl5x50v7vt1n6xb5jsd40000gn/T/0fedc249e142fba0aaf46d9adc7061fa.mpf_cache
2024-07-29 14:51:52,164 : INFO : ConfigProcessor : Loading config from cache: /var/folders/sv/d29kcl5x50v7vt1n6xb5jsd40000gn/T/c57745b2fe399992c4aedf0209f8acc9.mpf_cache
2024-07-29 14:51:52,164 : INFO : ConfigProcessor : Loading config from cache: /var/folders/sv/d29kcl5x50v7vt1n6xb5jsd40000gn/T/4d7707f845442344c77faa09114dd414.mpf_cache
2024-07-29 14:51:52,164 : INFO : ConfigProcessor : Loading config from cache: /var/folders/sv/d29kcl5x50v7vt1n6xb5jsd40000gn/T/3048ed2d7ea14eee3db896f6760aa474.mpf_cache
2024-07-29 14:51:52,164 : INFO : ConfigProcessor : Loading config from cache: /var/folders/sv/d29kcl5x50v7vt1n6xb5jsd40000gn/T/984de704eb69e43ca43e84d7915bfa21.mpf_cache
2024-07-29 14:51:52,165 : INFO : ConfigProcessor : Loading config from cache: /var/folders/sv/d29kcl5x50v7vt1n6xb5jsd40000gn/T/0a9cb7260d26760274024f443d38cc22.mpf_cache
2024-07-29 14:51:52,165 : INFO : ConfigProcessor : Loading config from cache: /var/folders/sv/d29kcl5x50v7vt1n6xb5jsd40000gn/T/deb753c2acdccb3c49ddc8f2a7e04ee6.mpf_cache
2024-07-29 14:51:52,165 : INFO : ConfigProcessor : Loading config from cache: /var/folders/sv/d29kcl5x50v7vt1n6xb5jsd40000gn/T/4a90c06755c4a5beef2ee4c243f54397.mpf_cache
2024-07-29 14:51:52,165 : INFO : Machine : Mission Pinball Framework Core Engine v0.80.0.dev1
2024-07-29 14:51:52,165 : INFO : Machine : Command line arguments: {'no_load_cache': False, 'create_config_cache': True, 'bcp': True, 'configfile': ['config.yaml'], 'force_assets_load': False, 'platform_integration_test': False, 'jsonlogging': False, 'logfile': 'logs/2024-07-29-14-51-52-mpf-Nicks-MacBook-Air.local.log', 'pause': False, 'production': False, 'text_ui': True, 'loglevel': 15, 'consoleloglevel': 20, 'force_platform': None, 'syslog_address': None, 'mc_file_name': None, 'no_sound': False, 'full_logfile_path': '/Users/nicktaseris/Desktop/Pinball/KOTH/logs/2024-07-29-14-51-52-mpf-Nicks-MacBook-Air.local.log'}
2024-07-29 14:51:52,166 : INFO : Machine : MPF path: /Users/nicktaseris/mpfenv/lib/python3.9/site-packages/mpf
2024-07-29 14:51:52,166 : INFO : Machine : Machine path: /Users/nicktaseris/Desktop/Pinball/KOTH
2024-07-29 14:51:52,166 : INFO : Machine : Platform: darwin
2024-07-29 14:51:52,166 : INFO : Machine : Python executable location: /Users/nicktaseris/mpfenv/bin/python3
2024-07-29 14:51:52,166 : INFO : Machine : Python version: 3.9.13 (64-bit)
2024-07-29 14:51:52,166 : INFO : Machine : Initializing MPF...
2024-07-29 14:51:52,192 : INFO : EventManager : Event: ======'machine_var_credits_string'====== Args={'value': 'FREE PLAY', 'prev_value': None, 'change': True}
2024-07-29 14:51:52,204 : INFO : EventManager : Event: ======'machine_var_master_volume'====== Args={'value': 0.5, 'prev_value': None, 'change': True}
2024-07-29 14:51:52,204 : INFO : EventManager : Event: ======'machine_var_player1_score'====== Args={'value': 175300, 'prev_value': None, 'change': True}
2024-07-29 14:51:52,204 : INFO : EventManager : Event: ======'machine_var_mpf_version'====== Args={'value': 'Mission Pinball Framework v0.80.0.dev1', 'prev_value': None, 'change': True}
2024-07-29 14:51:52,204 : INFO : EventManager : Event: ======'machine_var_mpf_extended_version'====== Args={'value': 'Mission Pinball Framework v0.80.0.dev1, Config version:6, Show version: 6, BCP version:1.1', 'prev_value': None, 'change': True}
2024-07-29 14:51:52,204 : INFO : EventManager : Event: ======'machine_var_python_version'====== Args={'value': '3.9.13', 'prev_value': None, 'change': True}
2024-07-29 14:51:52,212 : INFO : EventManager : Event: ======'machine_var_platform'====== Args={'value': 'macOS-12.1-arm64-arm-64bit', 'prev_value': None, 'change': True}
2024-07-29 14:51:52,213 : INFO : EventManager : Event: ======'machine_var_platform_system'====== Args={'value': 'Darwin', 'prev_value': None, 'change': True}
2024-07-29 14:51:52,213 : INFO : EventManager : Event: ======'machine_var_platform_release'====== Args={'value': '21.2.0', 'prev_value': None, 'change': True}
2024-07-29 14:51:52,213 : INFO : EventManager : Event: ======'machine_var_platform_version'====== Args={'value': 'Darwin Kernel Version 21.2.0: Sun Nov 28 20:29:10 PST 2021; root:xnu-8019.61.5~1/RELEASE_ARM64_T8101', 'prev_value': None, 'change': True}
2024-07-29 14:51:52,213 : INFO : EventManager : Event: ======'machine_var_platform_machine'====== Args={'value': 'arm64', 'prev_value': None, 'change': True}
2024-07-29 14:51:52,213 : INFO : EventManager : Event: ======'machine_var_log_file_path'====== Args={'value': '/Users/nicktaseris/Desktop/Pinball/KOTH/logs/2024-07-29-14-51-52-mpf-Nicks-MacBook-Air.local.log', 'prev_value': None, 'change': True}
2024-07-29 14:51:52,213 : INFO : EventManager : Event: ======'init_phase_1'====== Args={}
2024-07-29 14:51:52,232 : INFO : EventManager : Event: ======'drop_target_bank_strickland_bank_up'====== Args={}
2024-07-29 14:51:52,233 : INFO : EventManager : Event: ======'init_phase_2'====== Args={}
2024-07-29 14:51:52,233 : INFO : SwitchController : Found active switch: ('39', <Platform.SmartVirtual>) <switch.s_trough1>
2024-07-29 14:51:52,233 : INFO : SwitchController : Found active switch: ('40', <Platform.SmartVirtual>) <switch.s_trough2>
2024-07-29 14:51:52,234 : INFO : SwitchController : Found active switch: ('41', <Platform.SmartVirtual>) <switch.s_trough3>
2024-07-29 14:51:52,234 : INFO : SwitchController : Found active switch: ('42', <Platform.SmartVirtual>) <switch.s_trough4>
2024-07-29 14:51:52,234 : INFO : SwitchController : Found active switch: ('43', <Platform.SmartVirtual>) <switch.s_trough5>
2024-07-29 14:51:52,234 : INFO : SwitchController : Found active switch: ('44', <Platform.SmartVirtual>) <switch.s_trough6>
2024-07-29 14:51:52,239 : INFO : EventManager : Event: ======'machine_var_score1_label'====== Args={'value': 'GRAND CHAMPION', 'prev_value': None, 'change': True}
2024-07-29 14:51:52,239 : INFO : EventManager : Event: ======'machine_var_score1_name'====== Args={'value': 'BRI', 'prev_value': None, 'change': True}
2024-07-29 14:51:52,239 : INFO : EventManager : Event: ======'machine_var_score1_value'====== Args={'value': 4242, 'prev_value': None, 'change': True}
2024-07-29 14:51:52,239 : INFO : EventManager : Event: ======'machine_var_score2_label'====== Args={'value': 'HIGH SCORE 1', 'prev_value': None, 'change': True}
2024-07-29 14:51:52,239 : INFO : EventManager : Event: ======'machine_var_score2_name'====== Args={'value': 'GHK', 'prev_value': None, 'change': True}
2024-07-29 14:51:52,239 : INFO : EventManager : Event: ======'machine_var_score2_value'====== Args={'value': 2323, 'prev_value': None, 'change': True}
2024-07-29 14:51:52,239 : INFO : EventManager : Event: ======'machine_var_score3_label'====== Args={'value': 'HIGH SCORE 2', 'prev_value': None, 'change': True}
2024-07-29 14:51:52,239 : INFO : EventManager : Event: ======'machine_var_score3_name'====== Args={'value': 'JK', 'prev_value': None, 'change': True}
2024-07-29 14:51:52,239 : INFO : EventManager : Event: ======'machine_var_score3_value'====== Args={'value': 1337, 'prev_value': None, 'change': True}
2024-07-29 14:51:52,239 : INFO : EventManager : Event: ======'machine_var_score4_label'====== Args={'value': 'HIGH SCORE 3', 'prev_value': None, 'change': True}
2024-07-29 14:51:52,239 : INFO : EventManager : Event: ======'machine_var_score4_name'====== Args={'value': 'QC', 'prev_value': None, 'change': True}
2024-07-29 14:51:52,239 : INFO : EventManager : Event: ======'machine_var_score4_value'====== Args={'value': 42, 'prev_value': None, 'change': True}
2024-07-29 14:51:52,239 : INFO : EventManager : Event: ======'machine_var_score5_label'====== Args={'value': 'HIGH SCORE 4', 'prev_value': None, 'change': True}
2024-07-29 14:51:52,239 : INFO : EventManager : Event: ======'machine_var_score5_name'====== Args={'value': 'MPF', 'prev_value': None, 'change': True}
2024-07-29 14:51:52,239 : INFO : EventManager : Event: ======'machine_var_score5_value'====== Args={'value': 23, 'prev_value': None, 'change': True}
2024-07-29 14:51:52,240 : INFO : EventManager : Event: ======'bcp_connection_attempt'====== Args={'name': 'local_display', 'host': 'localhost', 'port': 5050}
2024-07-29 14:51:52,240 : INFO : BCPClientSocket : Connecting BCP to 'local_display' at localhost:5050...
2024-07-29 14:51:52,243 : INFO : BCPClientSocket : Connected BCP to 'local_display' localhost:5050
2024-07-29 14:51:52,243 : INFO : EventManager : Event: ======'bcp_clients_connected'====== Args={}
2024-07-29 14:51:52,244 : INFO : ball_device.bd_trough : BCH: Initial count: 6
2024-07-29 14:51:52,244 : INFO : ball_device.bd_trough : State: idle
2024-07-29 14:51:52,244 : INFO : ball_device.bd_plunger : BCH: Initial count: 0
2024-07-29 14:51:52,244 : INFO : ball_device.bd_plunger : State: idle
2024-07-29 14:51:52,245 : INFO : ball_device.bd_scoop : BCH: Initial count: 0
2024-07-29 14:51:52,245 : INFO : ball_device.bd_scoop : State: idle
2024-07-29 14:51:52,249 : INFO : EventManager : Event: ======'init_phase_3'====== Args={}
2024-07-29 14:51:52,255 : INFO : EventManager : Event: ======'init_phase_4'====== Args={}
2024-07-29 14:51:52,255 : INFO : BallController : Initial balls found: 6
2024-07-29 14:51:52,256 : INFO : EventManager : Event: ======'machine_var_audits_events_game_ended'====== Args={'value': 4, 'prev_value': None, 'change': True}
2024-07-29 14:51:52,256 : INFO : EventManager : Event: ======'machine_var_audits_events_game_started'====== Args={'value': 680, 'prev_value': None, 'change': True}
2024-07-29 14:51:52,256 : INFO : EventManager : Event: ======'machine_var_audits_missing_switches_s_a_target'====== Args={'value': 26, 'prev_value': None, 'change': True}
2024-07-29 14:51:52,256 : INFO : EventManager : Event: ======'machine_var_audits_missing_switches_s_bottom_inline_drop'====== Args={'value': 27, 'prev_value': None, 'change': True}
2024-07-29 14:51:52,256 : INFO : EventManager : Event: ======'machine_var_audits_missing_switches_s_bottom_pop_bumper'====== Args={'value': 239, 'prev_value': None, 'change': True}
2024-07-29 14:51:52,256 : INFO : EventManager : Event: ======'machine_var_audits_missing_switches_s_center_spinner'====== Args={'value': 29, 'prev_value': None, 'change': True}
2024-07-29 14:51:52,256 : INFO : EventManager : Event: ======'machine_var_audits_missing_switches_s_e_target'====== Args={'value': 26, 'prev_value': None, 'change': True}
2024-07-29 14:51:52,256 : INFO : EventManager : Event: ======'machine_var_audits_missing_switches_s_launch_button'====== Args={'value': 151, 'prev_value': None, 'change': True}
2024-07-29 14:51:52,256 : INFO : EventManager : Event: ======'machine_var_audits_missing_switches_s_left_flipper'====== Args={'value': 18, 'prev_value': None, 'change': True}
2024-07-29 14:51:52,256 : INFO : EventManager : Event: ======'machine_var_audits_missing_switches_s_left_inlane'====== Args={'value': 35, 'prev_value': None, 'change': True}
2024-07-29 14:51:52,256 : INFO : EventManager : Event: ======'machine_var_audits_missing_switches_s_left_inner_horseshoe'====== Args={'value': 314, 'prev_value': None, 'change': True}
2024-07-29 14:51:52,257 : INFO : EventManager : Event: ======'machine_var_audits_missing_switches_s_left_orbit_enter'====== Args={'value': 30, 'prev_value': None, 'change': True}
2024-07-29 14:51:52,257 : INFO : EventManager : Event: ======'machine_var_audits_missing_switches_s_left_orbit_exit'====== Args={'value': 30, 'prev_value': None, 'change': True}
2024-07-29 14:51:52,257 : INFO : EventManager : Event: ======'machine_var_audits_missing_switches_s_left_outlane'====== Args={'value': 30, 'prev_value': None, 'change': True}
2024-07-29 14:51:52,257 : INFO : EventManager : Event: ======'machine_var_audits_missing_switches_s_left_pop_bumper'====== Args={'value': 239, 'prev_value': None, 'change': True}
2024-07-29 14:51:52,257 : INFO : EventManager : Event: ======'machine_var_audits_missing_switches_s_left_ramp_enter'====== Args={'value': 36, 'prev_value': None, 'change': True}
2024-07-29 14:51:52,257 : INFO : EventManager : Event: ======'machine_var_audits_missing_switches_s_left_ramp_exit'====== Args={'value': 36, 'prev_value': None, 'change': True}
2024-07-29 14:51:52,257 : INFO : EventManager : Event: ======'machine_var_audits_missing_switches_s_left_ramp_standup'====== Args={'value': 16, 'prev_value': None, 'change': True}
2024-07-29 14:51:52,257 : INFO : EventManager : Event: ======'machine_var_audits_missing_switches_s_left_rollover_lane'====== Args={'value': 30, 'prev_value': None, 'change': True}
2024-07-29 14:51:52,257 : INFO : EventManager : Event: ======'machine_var_audits_missing_switches_s_left_sling'====== Args={'value': 330, 'prev_value': None, 'change': True}
2024-07-29 14:51:52,257 : INFO : EventManager : Event: ======'machine_var_audits_missing_switches_s_left_spinner'====== Args={'value': 35, 'prev_value': None, 'change': True}
2024-07-29 14:51:52,257 : INFO : EventManager : Event: ======'machine_var_audits_missing_switches_s_middle_inline_drop'====== Args={'value': 27, 'prev_value': None, 'change': True}
2024-07-29 14:51:52,257 : INFO : EventManager : Event: ======'machine_var_audits_missing_switches_s_middle_rollover_lane'====== Args={'value': 30, 'prev_value': None, 'change': True}
2024-07-29 14:51:52,257 : INFO : EventManager : Event: ======'machine_var_audits_missing_switches_s_n_target'====== Args={'value': 25, 'prev_value': None, 'change': True}
2024-07-29 14:51:52,258 : INFO : EventManager : Event: ======'machine_var_audits_missing_switches_s_p2_target'====== Args={'value': 4, 'prev_value': None, 'change': True}
2024-07-29 14:51:52,258 : INFO : EventManager : Event: ======'machine_var_audits_missing_switches_s_p_target'====== Args={'value': 2, 'prev_value': None, 'change': True}
2024-07-29 14:51:52,258 : INFO : EventManager : Event: ======'machine_var_audits_missing_switches_s_r_target'====== Args={'value': 1, 'prev_value': None, 'change': True}
2024-07-29 14:51:52,258 : INFO : EventManager : Event: ======'machine_var_audits_missing_switches_s_right_flipper'====== Args={'value': 10, 'prev_value': None, 'change': True}
2024-07-29 14:51:52,258 : INFO : EventManager : Event: ======'machine_var_audits_missing_switches_s_right_inlane'====== Args={'value': 30, 'prev_value': None, 'change': True}
2024-07-29 14:51:52,258 : INFO : EventManager : Event: ======'machine_var_audits_missing_switches_s_right_inner_horseshoe'====== Args={'value': 30, 'prev_value': None, 'change': True}
2024-07-29 14:51:52,258 : INFO : EventManager : Event: ======'machine_var_audits_missing_switches_s_right_orbit_exit'====== Args={'value': 423, 'prev_value': None, 'change': True}
2024-07-29 14:51:52,258 : INFO : EventManager : Event: ======'machine_var_audits_missing_switches_s_right_outlane'====== Args={'value': 30, 'prev_value': None, 'change': True}
2024-07-29 14:51:52,258 : INFO : EventManager : Event: ======'machine_var_audits_missing_switches_s_right_pop_bumper'====== Args={'value': 239, 'prev_value': None, 'change': True}
2024-07-29 14:51:52,258 : INFO : EventManager : Event: ======'machine_var_audits_missing_switches_s_right_ramp_enter'====== Args={'value': 39, 'prev_value': None, 'change': True}
2024-07-29 14:51:52,258 : INFO : EventManager : Event: ======'machine_var_audits_missing_switches_s_right_ramp_exit'====== Args={'value': 37, 'prev_value': None, 'change': True}
2024-07-29 14:51:52,258 : INFO : EventManager : Event: ======'machine_var_audits_missing_switches_s_right_ramp_standup'====== Args={'value': 30, 'prev_value': None, 'change': True}
2024-07-29 14:51:52,259 : INFO : EventManager : Event: ======'machine_var_audits_missing_switches_s_right_rollover_lane'====== Args={'value': 30, 'prev_value': None, 'change': True}
2024-07-29 14:51:52,259 : INFO : EventManager : Event: ======'machine_var_audits_missing_switches_s_right_sling'====== Args={'value': 631, 'prev_value': None, 'change': True}
2024-07-29 14:51:52,259 : INFO : EventManager : Event: ======'machine_var_audits_missing_switches_s_start'====== Args={'value': 10, 'prev_value': None, 'change': True}
2024-07-29 14:51:52,259 : INFO : EventManager : Event: ======'machine_var_audits_missing_switches_s_top_inline_drop'====== Args={'value': 27, 'prev_value': None, 'change': True}
2024-07-29 14:51:52,259 : INFO : EventManager : Event: ======'machine_var_audits_missing_switches_s_trough1'====== Args={'value': 25, 'prev_value': None, 'change': True}
2024-07-29 14:51:52,259 : INFO : EventManager : Event: ======'machine_var_audits_missing_switches_s_trough2'====== Args={'value': 30, 'prev_value': None, 'change': True}
2024-07-29 14:51:52,259 : INFO : EventManager : Event: ======'machine_var_audits_missing_switches_s_trough3'====== Args={'value': 30, 'prev_value': None, 'change': True}
2024-07-29 14:51:52,259 : INFO : EventManager : Event: ======'machine_var_audits_missing_switches_s_trough4'====== Args={'value': 102, 'prev_value': None, 'change': True}
2024-07-29 14:51:52,259 : INFO : EventManager : Event: ======'machine_var_audits_missing_switches_s_trough5'====== Args={'value': 635, 'prev_value': None, 'change': True}
2024-07-29 14:51:52,259 : INFO : EventManager : Event: ======'machine_var_audits_missing_switches_s_trough6'====== Args={'value': 635, 'prev_value': None, 'change': True}
2024-07-29 14:51:52,260 : INFO : EventManager : Event: ======'machine_var_audits_missing_switches_s_trough_jam'====== Args={'value': 568, 'prev_value': None, 'change': True}
2024-07-29 14:51:52,260 : INFO : EventManager : Event: ======'machine_var_audits_player_score'====== Args={'value': {'average': 109379, 'top': [370600, 175300, 400, 300, 250], 'total': 5}, 'prev_value': None, 'change': True}
2024-07-29 14:51:52,260 : INFO : EventManager : Event: ======'machine_var_audits_shots_a_rollover_lane'====== Args={'value': 11, 'prev_value': None, 'change': True}
2024-07-29 14:51:52,260 : INFO : EventManager : Event: ======'machine_var_audits_shots_a_target'====== Args={'value': 7, 'prev_value': None, 'change': True}
2024-07-29 14:51:52,260 : INFO : EventManager : Event: ======'machine_var_audits_shots_ball_lock_a_target'====== Args={'value': 6, 'prev_value': None, 'change': True}
2024-07-29 14:51:52,260 : INFO : EventManager : Event: ======'machine_var_audits_shots_ball_lock_e_target'====== Args={'value': 5, 'prev_value': None, 'change': True}
2024-07-29 14:51:52,260 : INFO : EventManager : Event: ======'machine_var_audits_shots_ball_lock_n_target'====== Args={'value': 5, 'prev_value': None, 'change': True}
2024-07-29 14:51:52,260 : INFO : EventManager : Event: ======'machine_var_audits_shots_ball_lock_p2_target'====== Args={'value': 9, 'prev_value': None, 'change': True}
2024-07-29 14:51:52,260 : INFO : EventManager : Event: ======'machine_var_audits_shots_e_target'====== Args={'value': 3, 'prev_value': None, 'change': True}
2024-07-29 14:51:52,261 : INFO : EventManager : Event: ======'machine_var_audits_shots_h_rollover_lane'====== Args={'value': 15, 'prev_value': None, 'change': True}
2024-07-29 14:51:52,261 : INFO : EventManager : Event: ======'machine_var_audits_shots_k_rollover_lane'====== Args={'value': 12, 'prev_value': None, 'change': True}
2024-07-29 14:51:52,261 : INFO : EventManager : Event: ======'machine_var_audits_shots_left_rollover_lane'====== Args={'value': 205, 'prev_value': None, 'change': True}
2024-07-29 14:51:52,261 : INFO : EventManager : Event: ======'machine_var_audits_shots_middle_rollover_lane'====== Args={'value': 196, 'prev_value': None, 'change': True}
2024-07-29 14:51:52,261 : INFO : EventManager : Event: ======'machine_var_audits_shots_n_rollover_lane'====== Args={'value': 10, 'prev_value': None, 'change': True}
2024-07-29 14:51:52,261 : INFO : EventManager : Event: ======'machine_var_audits_shots_n_target'====== Args={'value': 9, 'prev_value': None, 'change': True}
2024-07-29 14:51:52,261 : INFO : EventManager : Event: ======'machine_var_audits_shots_o_target'====== Args={'value': 4, 'prev_value': None, 'change': True}
2024-07-29 14:51:52,261 : INFO : EventManager : Event: ======'machine_var_audits_shots_p2_target'====== Args={'value': 5, 'prev_value': None, 'change': True}
2024-07-29 14:51:52,262 : INFO : EventManager : Event: ======'machine_var_audits_shots_p_target'====== Args={'value': 8, 'prev_value': None, 'change': True}
2024-07-29 14:51:52,262 : INFO : EventManager : Event: ======'machine_var_audits_shots_qualify_a_target'====== Args={'value': 7, 'prev_value': None, 'change': True}
2024-07-29 14:51:52,262 : INFO : EventManager : Event: ======'machine_var_audits_shots_qualify_e_target'====== Args={'value': 8, 'prev_value': None, 'change': True}
2024-07-29 14:51:52,262 : INFO : EventManager : Event: ======'machine_var_audits_shots_qualify_n_target'====== Args={'value': 7, 'prev_value': None, 'change': True}
2024-07-29 14:51:52,262 : INFO : EventManager : Event: ======'machine_var_audits_shots_qualify_o_target'====== Args={'value': 240, 'prev_value': None, 'change': True}
2024-07-29 14:51:52,262 : INFO : EventManager : Event: ======'machine_var_audits_shots_qualify_p2_target'====== Args={'value': 9, 'prev_value': None, 'change': True}
2024-07-29 14:51:52,262 : INFO : EventManager : Event: ======'machine_var_audits_shots_qualify_p_target'====== Args={'value': 189, 'prev_value': None, 'change': True}
2024-07-29 14:51:52,263 : INFO : EventManager : Event: ======'machine_var_audits_shots_qualify_r_target'====== Args={'value': 220, 'prev_value': None, 'change': True}
2024-07-29 14:51:52,263 : INFO : EventManager : Event: ======'machine_var_audits_shots_r_target'====== Args={'value': 14, 'prev_value': None, 'change': True}
2024-07-29 14:51:52,263 : INFO : EventManager : Event: ======'machine_var_audits_shots_rainey_multiball_ball_lock_a_target'====== Args={'value': 17, 'prev_value': None, 'change': True}
2024-07-29 14:51:52,263 : INFO : EventManager : Event: ======'machine_var_audits_shots_rainey_multiball_ball_lock_e_target'====== Args={'value': 19, 'prev_value': None, 'change': True}
2024-07-29 14:51:52,263 : INFO : EventManager : Event: ======'machine_var_audits_shots_rainey_multiball_ball_lock_n_target'====== Args={'value': 21, 'prev_value': None, 'change': True}
2024-07-29 14:51:52,263 : INFO : EventManager : Event: ======'machine_var_audits_shots_rainey_multiball_ball_lock_p2_target'====== Args={'value': 26, 'prev_value': None, 'change': True}
2024-07-29 14:51:52,263 : INFO : EventManager : Event: ======'machine_var_audits_shots_right_rollover_lane'====== Args={'value': 200, 'prev_value': None, 'change': True}
2024-07-29 14:51:52,264 : INFO : EventManager : Event: ======'machine_var_audits_shots_scoop_mission_select'====== Args={'value': 25, 'prev_value': None, 'change': True}
2024-07-29 14:51:52,264 : INFO : EventManager : Event: ======'machine_var_audits_shots_shot_left_ramp'====== Args={'value': 8, 'prev_value': None, 'change': True}
2024-07-29 14:51:52,264 : INFO : EventManager : Event: ======'machine_var_audits_shots_shot_right_ramp'====== Args={'value': 16, 'prev_value': None, 'change': True}
2024-07-29 14:51:52,264 : INFO : EventManager : Event: ======'machine_var_audits_shots_skillshot_a_target'====== Args={'value': 71, 'prev_value': None, 'change': True}
2024-07-29 14:51:52,264 : INFO : EventManager : Event: ======'machine_var_audits_shots_skillshot_e_target'====== Args={'value': 56, 'prev_value': None, 'change': True}
2024-07-29 14:51:52,264 : INFO : EventManager : Event: ======'machine_var_audits_shots_skillshot_n_target'====== Args={'value': 53, 'prev_value': None, 'change': True}
2024-07-29 14:51:52,264 : INFO : EventManager : Event: ======'machine_var_audits_shots_skillshot_o_target'====== Args={'value': 105, 'prev_value': None, 'change': True}
2024-07-29 14:51:52,265 : INFO : EventManager : Event: ======'machine_var_audits_shots_skillshot_p2_target'====== Args={'value': 53, 'prev_value': None, 'change': True}
2024-07-29 14:51:52,265 : INFO : EventManager : Event: ======'machine_var_audits_shots_skillshot_p_target'====== Args={'value': 45, 'prev_value': None, 'change': True}
2024-07-29 14:51:52,265 : INFO : EventManager : Event: ======'machine_var_audits_shots_skillshot_r_target'====== Args={'value': 75, 'prev_value': None, 'change': True}
2024-07-29 14:51:52,265 : INFO : EventManager : Event: ======'machine_var_audits_switches_s_a_target'====== Args={'value': 145, 'prev_value': None, 'change': True}
2024-07-29 14:51:52,265 : INFO : EventManager : Event: ======'machine_var_audits_switches_s_bottom_inline_drop'====== Args={'value': 938, 'prev_value': None, 'change': True}
2024-07-29 14:51:52,265 : INFO : EventManager : Event: ======'machine_var_audits_switches_s_bottom_pop_bumper'====== Args={'value': 10, 'prev_value': None, 'change': True}
2024-07-29 14:51:52,265 : INFO : EventManager : Event: ======'machine_var_audits_switches_s_center_spinner'====== Args={'value': 176, 'prev_value': None, 'change': True}
2024-07-29 14:51:52,266 : INFO : EventManager : Event: ======'machine_var_audits_switches_s_e_target'====== Args={'value': 151, 'prev_value': None, 'change': True}
2024-07-29 14:51:52,266 : INFO : EventManager : Event: ======'machine_var_audits_switches_s_launch_button'====== Args={'value': 10, 'prev_value': None, 'change': True}
2024-07-29 14:51:52,266 : INFO : EventManager : Event: ======'machine_var_audits_switches_s_left_flipper'====== Args={'value': 216, 'prev_value': None, 'change': True}
2024-07-29 14:51:52,266 : INFO : EventManager : Event: ======'machine_var_audits_switches_s_left_inlane'====== Args={'value': 22, 'prev_value': None, 'change': True}
2024-07-29 14:51:52,266 : INFO : EventManager : Event: ======'machine_var_audits_switches_s_left_inner_horseshoe'====== Args={'value': 15, 'prev_value': None, 'change': True}
2024-07-29 14:51:52,266 : INFO : EventManager : Event: ======'machine_var_audits_switches_s_left_orbit_enter'====== Args={'value': 41, 'prev_value': None, 'change': True}
2024-07-29 14:51:52,266 : INFO : EventManager : Event: ======'machine_var_audits_switches_s_left_orbit_exit'====== Args={'value': 20, 'prev_value': None, 'change': True}
2024-07-29 14:51:52,267 : INFO : EventManager : Event: ======'machine_var_audits_switches_s_left_outlane'====== Args={'value': 41, 'prev_value': None, 'change': True}
2024-07-29 14:51:52,267 : INFO : EventManager : Event: ======'machine_var_audits_switches_s_left_pop_bumper'====== Args={'value': 9, 'prev_value': None, 'change': True}
2024-07-29 14:51:52,267 : INFO : EventManager : Event: ======'machine_var_audits_switches_s_left_ramp_enter'====== Args={'value': 27, 'prev_value': None, 'change': True}
2024-07-29 14:51:52,267 : INFO : EventManager : Event: ======'machine_var_audits_switches_s_left_ramp_exit'====== Args={'value': 28, 'prev_value': None, 'change': True}
2024-07-29 14:51:52,267 : INFO : EventManager : Event: ======'machine_var_audits_switches_s_left_ramp_standup'====== Args={'value': 1062, 'prev_value': None, 'change': True}
2024-07-29 14:51:52,267 : INFO : EventManager : Event: ======'machine_var_audits_switches_s_left_rollover_lane'====== Args={'value': 210, 'prev_value': None, 'change': True}
2024-07-29 14:51:52,268 : INFO : EventManager : Event: ======'machine_var_audits_switches_s_left_sling'====== Args={'value': 12, 'prev_value': None, 'change': True}
2024-07-29 14:51:52,268 : INFO : EventManager : Event: ======'machine_var_audits_switches_s_left_spinner'====== Args={'value': 133, 'prev_value': None, 'change': True}
2024-07-29 14:51:52,268 : INFO : EventManager : Event: ======'machine_var_audits_switches_s_middle_inline_drop'====== Args={'value': 937, 'prev_value': None, 'change': True}
2024-07-29 14:51:52,268 : INFO : EventManager : Event: ======'machine_var_audits_switches_s_middle_rollover_lane'====== Args={'value': 199, 'prev_value': None, 'change': True}
2024-07-29 14:51:52,269 : INFO : EventManager : Event: ======'machine_var_audits_switches_s_n_target'====== Args={'value': 141, 'prev_value': None, 'change': True}
2024-07-29 14:51:52,269 : INFO : EventManager : Event: ======'machine_var_audits_switches_s_o_target'====== Args={'value': 287, 'prev_value': None, 'change': True}
2024-07-29 14:51:52,269 : INFO : EventManager : Event: ======'machine_var_audits_switches_s_p2_target'====== Args={'value': 106, 'prev_value': None, 'change': True}
2024-07-29 14:51:52,269 : INFO : EventManager : Event: ======'machine_var_audits_switches_s_p_target'====== Args={'value': 410, 'prev_value': None, 'change': True}
2024-07-29 14:51:52,269 : INFO : EventManager : Event: ======'machine_var_audits_switches_s_plunger'====== Args={'value': 843, 'prev_value': None, 'change': True}
2024-07-29 14:51:52,269 : INFO : EventManager : Event: ======'machine_var_audits_switches_s_plunger_lane'====== Args={'value': 39, 'prev_value': None, 'change': True}
2024-07-29 14:51:52,270 : INFO : EventManager : Event: ======'machine_var_audits_switches_s_plunger_lane_exit'====== Args={'value': 597, 'prev_value': None, 'change': True}
2024-07-29 14:51:52,270 : INFO : EventManager : Event: ======'machine_var_audits_switches_s_r_target'====== Args={'value': 260, 'prev_value': None, 'change': True}
2024-07-29 14:51:52,270 : INFO : EventManager : Event: ======'machine_var_audits_switches_s_right_flipper'====== Args={'value': 833, 'prev_value': None, 'change': True}
2024-07-29 14:51:52,270 : INFO : EventManager : Event: ======'machine_var_audits_switches_s_right_inlane'====== Args={'value': 19, 'prev_value': None, 'change': True}
2024-07-29 14:51:52,270 : INFO : EventManager : Event: ======'machine_var_audits_switches_s_right_inner_horseshoe'====== Args={'value': 16, 'prev_value': None, 'change': True}
2024-07-29 14:51:52,270 : INFO : EventManager : Event: ======'machine_var_audits_switches_s_right_orbit_exit'====== Args={'value': 33, 'prev_value': None, 'change': True}
2024-07-29 14:51:52,271 : INFO : EventManager : Event: ======'machine_var_audits_switches_s_right_outlane'====== Args={'value': 20, 'prev_value': None, 'change': True}
2024-07-29 14:51:52,271 : INFO : EventManager : Event: ======'machine_var_audits_switches_s_right_pop_bumper'====== Args={'value': 17, 'prev_value': None, 'change': True}
2024-07-29 14:51:52,271 : INFO : EventManager : Event: ======'machine_var_audits_switches_s_right_ramp_enter'====== Args={'value': 14, 'prev_value': None, 'change': True}
2024-07-29 14:51:52,271 : INFO : EventManager : Event: ======'machine_var_audits_switches_s_right_ramp_exit'====== Args={'value': 18, 'prev_value': None, 'change': True}
2024-07-29 14:51:52,271 : INFO : EventManager : Event: ======'machine_var_audits_switches_s_right_ramp_standup'====== Args={'value': 287, 'prev_value': None, 'change': True}
2024-07-29 14:51:52,272 : INFO : EventManager : Event: ======'machine_var_audits_switches_s_right_rollover_lane'====== Args={'value': 214, 'prev_value': None, 'change': True}
2024-07-29 14:51:52,272 : INFO : EventManager : Event: ======'machine_var_audits_switches_s_right_sling'====== Args={'value': 1, 'prev_value': None, 'change': True}
2024-07-29 14:51:52,272 : INFO : EventManager : Event: ======'machine_var_audits_switches_s_scoop'====== Args={'value': 286, 'prev_value': None, 'change': True}
2024-07-29 14:51:52,272 : INFO : EventManager : Event: ======'machine_var_audits_switches_s_start'====== Args={'value': 421, 'prev_value': None, 'change': True}
2024-07-29 14:51:52,272 : INFO : EventManager : Event: ======'machine_var_audits_switches_s_top_inline_drop'====== Args={'value': 45, 'prev_value': None, 'change': True}
2024-07-29 14:51:52,272 : INFO : EventManager : Event: ======'machine_var_audits_switches_s_trough1'====== Args={'value': 404, 'prev_value': None, 'change': True}
2024-07-29 14:51:52,273 : INFO : EventManager : Event: ======'machine_var_audits_switches_s_trough2'====== Args={'value': 30, 'prev_value': None, 'change': True}
2024-07-29 14:51:52,273 : INFO : EventManager : Event: ======'machine_var_audits_switches_s_trough3'====== Args={'value': 9, 'prev_value': None, 'change': True}
2024-07-29 14:51:52,273 : INFO : EventManager : Event: ======'machine_var_audits_switches_s_trough4'====== Args={'value': 3, 'prev_value': None, 'change': True}
2024-07-29 14:51:52,273 : INFO : EventManager : Event: ======'machine_var_audits_switches_s_trough5'====== Args={'value': 2, 'prev_value': None, 'change': True}
2024-07-29 14:51:52,273 : INFO : EventManager : Event: ======'machine_var_audits_switches_s_trough6'====== Args={'value': 1, 'prev_value': None, 'change': True}
2024-07-29 14:51:52,274 : INFO : EventManager : Event: ======'machine_var_audits_switches_s_trough_jam'====== Args={'value': 5, 'prev_value': None, 'change': True}
2024-07-29 14:51:52,274 : INFO : EventManager : Event: ======'init_phase_5'====== Args={}
2024-07-29 14:51:52,276 : INFO : EventManager : Event: ======'init_done'====== Args={}
2024-07-29 14:51:52,277 : INFO : EventManager : Event: ======'machine_reset_phase_1'====== Args={}
2024-07-29 14:51:52,284 : INFO : EventManager : Event: ======'machine_reset_phase_2'====== Args={}
2024-07-29 14:51:52,284 : INFO : EventManager : Event: ======'machine_reset_phase_3'====== Args={}
2024-07-29 14:51:52,284 : INFO : drop_target_bank.strickland_bank : All targets are already up. Will not reset bank.
2024-07-29 14:51:52,284 : INFO : EventManager : Event: ======'reset_complete'====== Args={}
2024-07-29 14:51:52,284 : INFO : EventManager : Event: ======'mode_attract_will_start'====== Args={}
2024-07-29 14:51:52,284 : INFO : Timer.attract_switch : Starting Timer.
2024-07-29 14:51:52,284 : INFO : EventManager : Event: ======'timer_attract_switch_started'====== Args={'ticks': 0, 'ticks_remaining': 45}
2024-07-29 14:51:52,284 : INFO : EventManager : Event: ======'timer_attract_switch_tick'====== Args={'ticks': 0, 'ticks_remaining': 45}
2024-07-29 14:51:52,285 : INFO : EventManager : Event: ======'mode_attract_starting'====== Args={}
2024-07-29 14:51:52,285 : INFO : Mode.attract : Started. Priority: 10
2024-07-29 14:51:52,285 : INFO : EventManager : Event: ======'modes_active_modes_changed'====== Args={}
2024-07-29 14:51:52,285 : INFO : EventManager : Event: ======'mode_attract_started'====== Args={}
2024-07-29 14:51:52,285 : INFO : EventManager : Event: ======'collecting_balls_complete'====== Args={}
2024-07-29 14:51:52,285 : INFO : Machine : Starting the main run loop.
2024-07-29 14:51:52,913 : INFO : BcpServer : New client connected.
2024-07-29 14:51:53,176 : INFO : SwitchController : <<<<<<< 's_start' active >>>>>>>
2024-07-29 14:51:53,176 : INFO : EventManager : Event: ======'s_start_active'====== Args={}
2024-07-29 14:51:53,177 : INFO : EventManager : Event: ======'sw_add_player'====== Args={'priority': 0}
2024-07-29 14:51:53,268 : INFO : SwitchController : <<<<<<< 's_start' inactive >>>>>>>
2024-07-29 14:51:53,268 : INFO : EventManager : Event: ======'request_to_start_game'====== Args={}
2024-07-29 14:51:53,268 : INFO : EventManager : Event: ======'game_start'====== Args={'buttons': [], 'hold_time': 0.09144887499999999}
2024-07-29 14:51:53,268 : INFO : EventManager : Event: ======'mode_game_will_start'====== Args={'buttons': [], 'hold_time': 0.09144887499999999}
2024-07-29 14:51:53,269 : INFO : EventManager : Event: ======'mode_game_starting'====== Args={'buttons': [], 'hold_time': 0.09144887499999999}
2024-07-29 14:51:53,269 : INFO : EventManager : Event: ======'mode_attract_will_stop'====== Args={}
2024-07-29 14:51:53,269 : INFO : EventManager : Event: ======'mode_attract_stopping'====== Args={}
2024-07-29 14:51:53,269 : INFO : Mode.attract : Stopped.
2024-07-29 14:51:53,269 : INFO : EventManager : Event: ======'modes_active_modes_changed'====== Args={}
2024-07-29 14:51:53,269 : INFO : EventManager : Event: ======'mode_attract_stopped'====== Args={}
2024-07-29 14:51:53,269 : INFO : EventManager : Event: ======'clear'====== Args={'key': 'attract'}
2024-07-29 14:51:53,269 : INFO : Timer.attract_switch : Stopping Timer
2024-07-29 14:51:53,269 : INFO : EventManager : Event: ======'timer_attract_switch_stopped'====== Args={'ticks': 0, 'ticks_remaining': 45}
2024-07-29 14:51:53,270 : INFO : Mode.game : Started. Priority: 20
2024-07-29 14:51:53,270 : INFO : EventManager : Event: ======'modes_active_modes_changed'====== Args={}
2024-07-29 14:51:53,270 : INFO : EventManager : Event: ======'mode_game_started'====== Args={'buttons': [], 'hold_time': 0.09144887499999999}
2024-07-29 14:51:53,270 : INFO : EventManager : Event: ======'game_will_start'====== Args={}
2024-07-29 14:51:53,270 : INFO : EventManager : Event: ======'game_starting'====== Args={'game': <Mode.game>}
2024-07-29 14:51:53,270 : INFO : EventManager : Unordered handler for class <Auditor> on event game_ended with priority 1. Handlers: [RegisteredHandler(callback=<bound method Auditor.disable of <Auditor>>, priority=1, kwargs={}, key=UUID('1a562a42-a3ba-4464-846e-aec7a08f0e9c'), condition=None, blocking_facility=None), RegisteredHandler(callback=<bound method Auditor._save_audits of <Auditor>>, priority=1, kwargs={}, key=UUID('c96cfaca-6b98-4d3c-911f-4211915e8c92'), condition=None, blocking_facility=None)]. The order of those handlers is not defined and they will be executed in random order. This might lead to race conditions and potential bugs.
2024-07-29 14:51:53,271 : INFO : EventManager : Event: ======'player_add_request'====== Args={}
2024-07-29 14:51:53,271 : INFO : EventManager : Event: ======'player_will_add'====== Args={'number': 1}
2024-07-29 14:51:53,271 : INFO : EventManager : Event: ======'player_adding'====== Args={'player': <Player 1>, 'number': 1}
2024-07-29 14:51:53,271 : INFO : EventManager : Event: ======'player_added'====== Args={'player': <Player 1>, 'num': 1}
2024-07-29 14:51:53,271 : INFO : Mode.game : Player added successfully. Total players: 1
2024-07-29 14:51:53,271 : INFO : EventManager : Event: ======'player_index'====== Args={'value': 0, 'prev_value': 0, 'change': 0, 'player_num': 1}
2024-07-29 14:51:53,271 : INFO : EventManager : Event: ======'player_number'====== Args={'value': 1, 'prev_value': 1, 'change': 0, 'player_num': 1}
2024-07-29 14:51:53,271 : INFO : EventManager : Event: ======'player_score'====== Args={'value': 0, 'prev_value': 0, 'change': 0, 'player_num': 1}
2024-07-29 14:51:53,272 : INFO : EventManager : Event: ======'game_started'====== Args={}
2024-07-29 14:51:53,272 : INFO : EventManager : Event: ======'player_turn_will_start'====== Args={'player': <Player 1>, 'number': 1}
2024-07-29 14:51:53,275 : INFO : EventManager : Event: ======'player_turn_starting'====== Args={'player': <Player 1>, 'number': 1}
2024-07-29 14:51:53,275 : INFO : EventManager : Event: ======'player_ball'====== Args={'value': 1, 'prev_value': 0, 'change': 1, 'player_num': 1}
2024-07-29 14:51:53,276 : INFO : EventManager : Event: ======'player_turn_started'====== Args={'player': <Player 1>, 'number': 1}
2024-07-29 14:51:53,276 : INFO : EventManager : Event: ======'ball_will_start'====== Args={'player': 1, 'ball': 1, 'balls_remaining': 2, 'is_extra_ball': False}
2024-07-29 14:51:53,276 : INFO : EventManager : Event: ======'ball_starting'====== Args={'player': 1, 'ball': 1, 'balls_remaining': 2, 'is_extra_ball': False}
2024-07-29 14:51:53,276 : INFO : EventManager : Event: ======'mode_skillshot_will_start'====== Args={'queue': <QueuedEvent>, 'player': 1, 'ball': 1, 'balls_remaining': 2, 'is_extra_ball': False}
2024-07-29 14:51:53,276 : INFO : EventManager : Event: ======'skillshot_complete'====== Args={'state': 'None'}
2024-07-29 14:51:53,276 : INFO : EventManager : Event: ======'skillshot_None_complete'====== Args={}
2024-07-29 14:51:53,277 : INFO : EventManager : Event: ======'player_shot_skillshot_p_target_enabled'====== Args={'value': True, 'prev_value': 0, 'change': 1, 'player_num': 1}
2024-07-29 14:51:53,277 : INFO : EventManager : Event: ======'player_shot_skillshot_r_target_enabled'====== Args={'value': True, 'prev_value': 0, 'change': 1, 'player_num': 1}
2024-07-29 14:51:53,277 : INFO : EventManager : Event: ======'player_shot_skillshot_o_target_enabled'====== Args={'value': True, 'prev_value': 0, 'change': 1, 'player_num': 1}
2024-07-29 14:51:53,278 : INFO : EventManager : Event: ======'player_shot_skillshot_p2_target_enabled'====== Args={'value': True, 'prev_value': 0, 'change': 1, 'player_num': 1}
2024-07-29 14:51:53,278 : INFO : EventManager : Event: ======'player_shot_skillshot_a_target_enabled'====== Args={'value': True, 'prev_value': 0, 'change': 1, 'player_num': 1}
2024-07-29 14:51:53,278 : INFO : EventManager : Event: ======'player_shot_skillshot_n_target_enabled'====== Args={'value': True, 'prev_value': 0, 'change': 1, 'player_num': 1}
2024-07-29 14:51:53,278 : INFO : EventManager : Event: ======'player_shot_skillshot_e_target_enabled'====== Args={'value': True, 'prev_value': 0, 'change': 1, 'player_num': 1}
2024-07-29 14:51:53,279 : INFO : EventManager : Event: ======'player_skillshot_skillshot_rotate_tick'====== Args={'value': 0, 'prev_value': 0, 'change': 0, 'player_num': 1}
2024-07-29 14:51:53,279 : INFO : Timer.skillshot_rotate : Starting Timer.
2024-07-29 14:51:53,279 : INFO : EventManager : Event: ======'timer_skillshot_rotate_started'====== Args={'ticks': 0, 'ticks_remaining': 0}
2024-07-29 14:51:53,279 : INFO : EventManager : Event: ======'timer_skillshot_rotate_tick'====== Args={'ticks': 0, 'ticks_remaining': 0}
2024-07-29 14:51:53,280 : INFO : EventManager : Event: ======'mode_skillshot_starting'====== Args={'queue': <QueuedEvent>, 'player': 1, 'ball': 1, 'balls_remaining': 2, 'is_extra_ball': False}
2024-07-29 14:51:53,280 : INFO : drop_target_bank.strickland_bank : All targets are already up. Will not reset bank.
2024-07-29 14:51:53,280 : INFO : EventManager : Event: ======'cmd_flippers_enable'====== Args={'priority': 0}
2024-07-29 14:51:53,280 : INFO : EventManager : Event: ======'cmd_autofire_coils_enable'====== Args={'priority': 0}
2024-07-29 14:51:53,280 : INFO : EventManager : Event: ======'cmd_drop_targets_reset'====== Args={'priority': 0}
2024-07-29 14:51:53,280 : INFO : Mode.skillshot : Started. Priority: 200
2024-07-29 14:51:53,280 : INFO : EventManager : Event: ======'modes_active_modes_changed'====== Args={}
2024-07-29 14:51:53,280 : INFO : EventManager : Event: ======'mode_skillshot_started'====== Args={'queue': <QueuedEvent>, 'player': 1, 'ball': 1, 'balls_remaining': 2, 'is_extra_ball': False}
2024-07-29 14:51:53,280 : INFO : EventManager : Event: ======'player_shot_skillshot_p_target'====== Args={'value': 1, 'prev_value': 0, 'change': 1, 'player_num': 1}
2024-07-29 14:51:53,281 : INFO : EventManager : Event: ======'balls_in_play'====== Args={'balls': 1}
2024-07-29 14:51:53,281 : INFO : EventManager : Event: ======'ball_started'====== Args={'player': 1, 'ball': 1, 'balls_remaining': 2, 'is_extra_ball': False}
2024-07-29 14:51:53,284 : INFO : EventManager : Event: ======'mode_extra_ball_will_start'====== Args={'player': 1, 'ball': 1, 'balls_remaining': 2, 'is_extra_ball': False}
2024-07-29 14:51:53,284 : INFO : EventManager : Event: ======'player_extra_ball_score_one_num_awarded'====== Args={'value': 0, 'prev_value': 0, 'change': 0, 'player_num': 1}
2024-07-29 14:51:53,284 : INFO : EventManager : Event: ======'player_extra_ball_score_two_num_awarded'====== Args={'value': 0, 'prev_value': 0, 'change': 0, 'player_num': 1}
2024-07-29 14:51:53,284 : INFO : EventManager : Event: ======'mode_extra_ball_starting'====== Args={'player': 1, 'ball': 1, 'balls_remaining': 2, 'is_extra_ball': False}
2024-07-29 14:51:53,284 : INFO : EventManager : Event: ======'mode_rainey_multiball_will_start'====== Args={'player': 1, 'ball': 1, 'balls_remaining': 2, 'is_extra_ball': False}
2024-07-29 14:51:53,285 : INFO : EventManager : Event: ======'player_shot_rainey_multiball_ball_lock_p2_target_enabled'====== Args={'value': True, 'prev_value': 0, 'change': 1, 'player_num': 1}
2024-07-29 14:51:53,285 : INFO : EventManager : Event: ======'player_shot_rainey_multiball_ball_lock_a_target_enabled'====== Args={'value': True, 'prev_value': 0, 'change': 1, 'player_num': 1}
2024-07-29 14:51:53,285 : INFO : EventManager : Event: ======'player_shot_rainey_multiball_ball_lock_n_target_enabled'====== Args={'value': True, 'prev_value': 0, 'change': 1, 'player_num': 1}
2024-07-29 14:51:53,285 : INFO : EventManager : Event: ======'player_shot_rainey_multiball_ball_lock_e_target_enabled'====== Args={'value': True, 'prev_value': 0, 'change': 1, 'player_num': 1}
2024-07-29 14:51:53,285 : INFO : EventManager : Event: ======'light_rainey_multiball_ball_lock_complete'====== Args={'state': 'unlit'}
2024-07-29 14:51:53,286 : INFO : EventManager : Event: ======'light_rainey_multiball_ball_lock_unlit_complete'====== Args={}
2024-07-29 14:51:53,286 : INFO : EventManager : Event: ======'mode_rainey_multiball_starting'====== Args={'player': 1, 'ball': 1, 'balls_remaining': 2, 'is_extra_ball': False}
2024-07-29 14:51:53,286 : INFO : EventManager : Event: ======'mode_hank_rollover_will_start'====== Args={'player': 1, 'ball': 1, 'balls_remaining': 2, 'is_extra_ball': False}
2024-07-29 14:51:53,286 : INFO : EventManager : Event: ======'player_shot_h_rollover_lane_enabled'====== Args={'value': True, 'prev_value': 0, 'change': 1, 'player_num': 1}
2024-07-29 14:51:53,287 : INFO : EventManager : Event: ======'player_shot_a_rollover_lane_enabled'====== Args={'value': True, 'prev_value': 0, 'change': 1, 'player_num': 1}
2024-07-29 14:51:53,287 : INFO : EventManager : Event: ======'player_shot_n_rollover_lane_enabled'====== Args={'value': True, 'prev_value': 0, 'change': 1, 'player_num': 1}
2024-07-29 14:51:53,287 : INFO : EventManager : Event: ======'player_shot_k_rollover_lane_enabled'====== Args={'value': True, 'prev_value': 0, 'change': 1, 'player_num': 1}
2024-07-29 14:51:53,287 : INFO : EventManager : Event: ======'hank_lanes_complete'====== Args={'state': 'unlit'}
2024-07-29 14:51:53,287 : INFO : EventManager : Event: ======'hank_lanes_unlit_complete'====== Args={}
2024-07-29 14:51:53,288 : INFO : EventManager : Event: ======'mode_hank_rollover_starting'====== Args={'player': 1, 'ball': 1, 'balls_remaining': 2, 'is_extra_ball': False}
2024-07-29 14:51:53,288 : INFO : EventManager : Event: ======'mode_BBQ_rollover_will_start'====== Args={'player': 1, 'ball': 1, 'balls_remaining': 2, 'is_extra_ball': False}
2024-07-29 14:51:53,288 : INFO : EventManager : Event: ======'player_shot_left_rollover_lane_enabled'====== Args={'value': True, 'prev_value': 0, 'change': 1, 'player_num': 1}
2024-07-29 14:51:53,288 : INFO : EventManager : Event: ======'player_shot_middle_rollover_lane_enabled'====== Args={'value': True, 'prev_value': 0, 'change': 1, 'player_num': 1}
2024-07-29 14:51:53,288 : INFO : EventManager : Event: ======'player_shot_right_rollover_lane_enabled'====== Args={'value': True, 'prev_value': 0, 'change': 1, 'player_num': 1}
2024-07-29 14:51:53,289 : INFO : EventManager : Event: ======'BBQ_lanes_complete'====== Args={'state': 'unlit'}
2024-07-29 14:51:53,289 : INFO : EventManager : Event: ======'BBQ_lanes_unlit_complete'====== Args={}
2024-07-29 14:51:53,290 : INFO : EventManager : Event: ======'mode_BBQ_rollover_starting'====== Args={'player': 1, 'ball': 1, 'balls_remaining': 2, 'is_extra_ball': False}
2024-07-29 14:51:53,290 : INFO : EventManager : Event: ======'mode_base_will_start'====== Args={'player': 1, 'ball': 1, 'balls_remaining': 2, 'is_extra_ball': False}
2024-07-29 14:51:53,290 : INFO : EventManager : Event: ======'player_shot_qualify_p_target_enabled'====== Args={'value': True, 'prev_value': 0, 'change': 1, 'player_num': 1}
2024-07-29 14:51:53,290 : INFO : EventManager : Event: ======'player_shot_qualify_r_target_enabled'====== Args={'value': True, 'prev_value': 0, 'change': 1, 'player_num': 1}
2024-07-29 14:51:53,290 : INFO : EventManager : Event: ======'player_shot_qualify_o_target_enabled'====== Args={'value': True, 'prev_value': 0, 'change': 1, 'player_num': 1}
2024-07-29 14:51:53,290 : INFO : EventManager : Event: ======'player_shot_scoop_mission_select_enabled'====== Args={'value': True, 'prev_value': 0, 'change': 1, 'player_num': 1}
2024-07-29 14:51:53,291 : INFO : EventManager : Event: ======'qualify_mission_complete'====== Args={'state': 'unlit'}
2024-07-29 14:51:53,291 : INFO : EventManager : Event: ======'qualify_mission_unlit_complete'====== Args={}
2024-07-29 14:51:53,292 : INFO : EventManager : Event: ======'mode_base_starting'====== Args={'player': 1, 'ball': 1, 'balls_remaining': 2, 'is_extra_ball': False}
2024-07-29 14:51:53,292 : INFO : Mode.extra_ball : Started. Priority: 900
2024-07-29 14:51:53,292 : INFO : EventManager : Event: ======'modes_active_modes_changed'====== Args={}
2024-07-29 14:51:53,292 : INFO : EventManager : Event: ======'mode_extra_ball_started'====== Args={'player': 1, 'ball': 1, 'balls_remaining': 2, 'is_extra_ball': False}
2024-07-29 14:51:53,293 : INFO : EventManager : Event: ======'logicblock_mb_counter_updated'====== Args={'value': 0, 'enabled': False}
2024-07-29 14:51:53,293 : INFO : Mode.rainey_multiball : Started. Priority: 250
2024-07-29 14:51:53,293 : INFO : EventManager : Event: ======'modes_active_modes_changed'====== Args={}
2024-07-29 14:51:53,293 : INFO : EventManager : Event: ======'mode_rainey_multiball_started'====== Args={'player': 1, 'ball': 1, 'balls_remaining': 2, 'is_extra_ball': False}
2024-07-29 14:51:53,293 : INFO : EventManager : Event: ======'logicblock_lb_hank_complete_count_updated'====== Args={'value': 1, 'enabled': True}
2024-07-29 14:51:53,293 : INFO : EventManager : Event: ======'logicblock_lb_hank_complete_count_updated'====== Args={'value': 1, 'enabled': True}
2024-07-29 14:51:53,293 : INFO : Mode.hank_rollover : Started. Priority: 200
2024-07-29 14:51:53,293 : INFO : EventManager : Event: ======'modes_active_modes_changed'====== Args={}
2024-07-29 14:51:53,293 : INFO : EventManager : Event: ======'mode_hank_rollover_started'====== Args={'player': 1, 'ball': 1, 'balls_remaining': 2, 'is_extra_ball': False}
2024-07-29 14:51:53,293 : INFO : EventManager : Event: ======'logicblock_lb_BBQ_complete_count_updated'====== Args={'value': 1, 'enabled': True}
2024-07-29 14:51:53,293 : INFO : EventManager : Event: ======'logicblock_lb_BBQ_complete_count_updated'====== Args={'value': 1, 'enabled': True}
2024-07-29 14:51:53,293 : INFO : Mode.BBQ_rollover : Started. Priority: 200
2024-07-29 14:51:53,293 : INFO : EventManager : Event: ======'modes_active_modes_changed'====== Args={}
2024-07-29 14:51:53,293 : INFO : EventManager : Event: ======'mode_BBQ_rollover_started'====== Args={'player': 1, 'ball': 1, 'balls_remaining': 2, 'is_extra_ball': False}
2024-07-29 14:51:53,293 : INFO : EventManager : Event: ======'logicblock_mission_select_sequence_updated'====== Args={'value': 0, 'enabled': True}
2024-07-29 14:51:53,294 : INFO : EventManager : Event: ======'logicblock_mission_select_sequence_updated'====== Args={'value': 0, 'enabled': True}
2024-07-29 14:51:53,294 : INFO : Mode.base : Started. Priority: 100
2024-07-29 14:51:53,294 : INFO : EventManager : Event: ======'modes_active_modes_changed'====== Args={}
2024-07-29 14:51:53,294 : INFO : EventManager : Event: ======'mode_base_started'====== Args={'player': 1, 'ball': 1, 'balls_remaining': 2, 'is_extra_ball': False}
2024-07-29 14:51:53,294 : INFO : EventManager : Event: ======'player_bonus_multiplier'====== Args={'value': 1, 'prev_value': 0, 'change': 1, 'player_num': 1, 'source': 'BBQ_rollover'}
2024-07-29 14:51:53,294 : INFO : EventManager : Event: ======'ball_save_default_enabled'====== Args={}
2024-07-29 14:51:53,294 : INFO : EventManager : Event: ======'single_player_ball_started'====== Args={}
2024-07-29 14:51:53,295 : INFO : EventManager : Event: ======'slide__removed'====== Args={'_from_bcp': True}
2024-07-29 14:51:53,295 : INFO : EventManager : Event: ======'ball_start_target'====== Args={'target': 'playfield'}
2024-07-29 14:51:53,295 : INFO : ball_device.bd_plunger : Setting up player-controlled eject. Balls: 1, Target: <playfield.playfield>, player_controlled_eject_event: s_launch_button_inactive
2024-07-29 14:51:53,295 : INFO : EventManager : Event: ======'balldevice_balls_available'====== Args={}
2024-07-29 14:51:53,296 : INFO : ball_device.bd_trough : State: waiting_for_target_ready
2024-07-29 14:51:53,296 : INFO : EventManager : Event: ======'balldevice_bd_trough_ball_eject_attempt'====== Args={'balls': 1, 'target': <ball_device.bd_plunger>, 'source': <ball_device.bd_trough>, 'mechanical_eject': True, 'num_attempts': 0}
2024-07-29 14:51:53,296 : INFO : ball_device.bd_plunger : State: waiting_for_ball
2024-07-29 14:51:53,296 : INFO : ball_device.bd_trough : State: ejecting
2024-07-29 14:51:53,296 : INFO : ball_device.bd_trough : Ejecting ball to <ball_device.bd_plunger>
2024-07-29 14:51:53,296 : INFO : EventManager : Event: ======'balldevice_bd_trough_ejecting_ball'====== Args={'balls': 1, 'target': <ball_device.bd_plunger>, 'source': <ball_device.bd_trough>, 'mechanical_eject': True, 'num_attempts': 0}
2024-07-29 14:51:53,296 : INFO : ball_device.bd_trough : Wait for ball to leave device
2024-07-29 14:51:53,296 : INFO : coil.c_trough_eject : Pulsing Driver for 20ms (1.0 pulse_power)
2024-07-29 14:51:53,296 : INFO : SwitchController : <<<<<<< 's_trough1' inactive >>>>>>>
2024-07-29 14:51:53,297 : INFO : ball_device.bd_trough : State: ball_left
2024-07-29 14:51:53,297 : INFO : ball_device.bd_trough : Ball left
2024-07-29 14:51:53,297 : INFO : ball_device.bd_trough : Wait for confirm with timeout 3.0
2024-07-29 14:51:53,309 : INFO : EventManager : Event: ======'slide_skillshot_created'====== Args={'_from_bcp': True}
2024-07-29 14:51:53,309 : INFO : EventManager : Event: ======'slide_skillshot_active'====== Args={'original_context': 'skillshot', 'original_calling_context': 'mode_skillshot_started', 'queue': '<QueuedEvent>', 'cmd': 'slides_play', '_from_bcp': True}
2024-07-29 14:51:53,314 : INFO : EventManager : Event: ======'slide_base_created'====== Args={'_from_bcp': True}
2024-07-29 14:51:53,387 : INFO : SwitchController : <<<<<<< 's_plunger' active >>>>>>>
2024-07-29 14:51:53,387 : INFO : EventManager : Event: ======'machine_var_audits_switches_s_plunger'====== Args={'value': 844, 'prev_value': 843, 'change': 1}
2024-07-29 14:51:53,434 : INFO : SwitchController : <<<<<<< 's_plunger' inactive >>>>>>>
2024-07-29 14:51:54,280 : INFO : EventManager : Event: ======'player_skillshot_skillshot_rotate_tick'====== Args={'value': 1, 'prev_value': 0, 'change': 1, 'player_num': 1}
2024-07-29 14:51:54,298 : INFO : EventManager : Event: ======'timer_skillshot_rotate_tick'====== Args={'ticks': 1, 'ticks_remaining': 0}
2024-07-29 14:51:54,299 : INFO : EventManager : Event: ======'player_shot_skillshot_p_target'====== Args={'value': 0, 'prev_value': 1, 'change': -1, 'player_num': 1}
2024-07-29 14:51:54,302 : INFO : EventManager : Event: ======'player_shot_skillshot_r_target'====== Args={'value': 1, 'prev_value': 0, 'change': 1, 'player_num': 1}
2024-07-29 14:51:55,280 : INFO : EventManager : Event: ======'player_skillshot_skillshot_rotate_tick'====== Args={'value': 2, 'prev_value': 1, 'change': 1, 'player_num': 1}
2024-07-29 14:51:55,282 : INFO : EventManager : Event: ======'timer_skillshot_rotate_tick'====== Args={'ticks': 2, 'ticks_remaining': 0}
2024-07-29 14:51:55,283 : INFO : EventManager : Event: ======'player_shot_skillshot_r_target'====== Args={'value': 0, 'prev_value': 1, 'change': -1, 'player_num': 1}
2024-07-29 14:51:55,288 : INFO : EventManager : Event: ======'player_shot_skillshot_o_target'====== Args={'value': 1, 'prev_value': 0, 'change': 1, 'player_num': 1}
2024-07-29 14:51:55,360 : INFO : SwitchController : <<<<<<< 's_plunger_lane_exit' active >>>>>>>
2024-07-29 14:51:55,360 : INFO : EventManager : Event: ======'s_plunger_lane_exit_active'====== Args={}
2024-07-29 14:51:55,360 : INFO : EventManager : Event: ======'sw_playfield_active'====== Args={}
2024-07-29 14:51:55,361 : INFO : EventManager : Event: ======'machine_var_audits_switches_s_plunger_lane_exit'====== Args={'value': 598, 'prev_value': 597, 'change': 1}
2024-07-29 14:51:55,361 : INFO : EventManager : Event: ======'ball_save_default_timer_start'====== Args={}
2024-07-29 14:51:55,362 : INFO : EventManager : Event: ======'playfield_active'====== Args={}
2024-07-29 14:51:55,362 : INFO : EventManager : Event: ======'unexpected_ball_on_playfield'====== Args={}
2024-07-29 14:51:55,456 : INFO : SwitchController : <<<<<<< 's_plunger_lane_exit' inactive >>>>>>>
2024-07-29 14:51:55,457 : INFO : EventManager : Event: ======'s_plunger_lane_exit_inactive'====== Args={}
2024-07-29 14:51:55,457 : INFO : Timer.skillshot_rotate : Stopping Timer
2024-07-29 14:51:55,457 : INFO : EventManager : Event: ======'timer_skillshot_rotate_stopped'====== Args={'ticks': 2, 'ticks_remaining': 0}
2024-07-29 14:51:55,457 : INFO : EventManager : Event: ======'advance_skillshot_3'====== Args={'priority': 0}
2024-07-29 14:51:55,457 : INFO : EventManager : Event: ======'player_shot_skillshot_o_target'====== Args={'value': 2, 'prev_value': 1, 'change': 1, 'player_num': 1}
2024-07-29 14:51:56,241 : INFO : SwitchController : <<<<<<< 's_o_target' active >>>>>>>
2024-07-29 14:51:56,242 : INFO : EventManager : Event: ======'playfield_active'====== Args={}
2024-07-29 14:51:56,242 : INFO : EventManager : Event: ======'unexpected_ball_on_playfield'====== Args={}
2024-07-29 14:51:56,243 : INFO : EventManager : Event: ======'playfield_active'====== Args={}
2024-07-29 14:51:56,243 : INFO : EventManager : Event: ======'unexpected_ball_on_playfield'====== Args={}
2024-07-29 14:51:56,244 : INFO : EventManager : Event: ======'s_o_target_active'====== Args={}
2024-07-29 14:51:56,244 : INFO : EventManager : Event: ======'machine_var_audits_switches_s_o_target'====== Args={'value': 288, 'prev_value': 287, 'change': 1}
2024-07-29 14:51:56,245 : INFO : EventManager : Event: ======'machine_var_audits_shots_skillshot_o_target'====== Args={'value': 106, 'prev_value': 105, 'change': 1}
2024-07-29 14:51:56,246 : INFO : EventManager : Event: ======'skillshot_o_target_hit'====== Args={'profile': 'skillshot_profile', 'state': 'lit', 'advancing': False}
2024-07-29 14:51:56,247 : INFO : EventManager : Event: ======'skillshot_o_target_skillshot_profile_hit'====== Args={'profile': 'skillshot_profile', 'state': 'lit', 'advancing': False}
2024-07-29 14:51:56,247 : INFO : EventManager : Event: ======'skillshot_o_target_skillshot_profile_lit_hit'====== Args={'profile': 'skillshot_profile', 'state': 'lit', 'advancing': False}
2024-07-29 14:51:56,247 : INFO : EventManager : Event: ======'skillshot_o_target_lit_hit'====== Args={'profile': 'skillshot_profile', 'state': 'lit', 'advancing': False}
2024-07-29 14:51:56,247 : INFO : EventManager : Event: ======'player_shot_qualify_o_target'====== Args={'value': 1, 'prev_value': 0, 'change': 1, 'player_num': 1}
2024-07-29 14:51:56,248 : INFO : EventManager : Event: ======'machine_var_audits_shots_qualify_o_target'====== Args={'value': 241, 'prev_value': 240, 'change': 1}
2024-07-29 14:51:56,249 : INFO : EventManager : Event: ======'qualify_o_target_hit'====== Args={'profile': 'mission_qualify', 'state': 'unlit', 'advancing': True}
2024-07-29 14:51:56,249 : INFO : EventManager : Event: ======'qualify_o_target_mission_qualify_hit'====== Args={'profile': 'mission_qualify', 'state': 'unlit', 'advancing': True}
2024-07-29 14:51:56,249 : INFO : EventManager : Event: ======'qualify_o_target_mission_qualify_unlit_hit'====== Args={'profile': 'mission_qualify', 'state': 'unlit', 'advancing': True}
2024-07-29 14:51:56,250 : INFO : EventManager : Event: ======'qualify_o_target_unlit_hit'====== Args={'profile': 'mission_qualify', 'state': 'unlit', 'advancing': True}
2024-07-29 14:51:56,250 : INFO : EventManager : Event: ======'player_score'====== Args={'value': 50, 'prev_value': 0, 'change': 50, 'player_num': 1, 'source': 'base'}
2024-07-29 14:51:56,250 : INFO : EventManager : Event: ======'skillshot_hit'====== Args={'shot': 'skillshot_o_target'}
2024-07-29 14:51:56,250 : INFO : EventManager : Event: ======'skillshot_lit_hit'====== Args={'shot': 'skillshot_o_target'}
2024-07-29 14:51:56,250 : INFO : EventManager : Event: ======'stop_mode_skillshot'====== Args={'priority': 0}
2024-07-29 14:51:56,251 : INFO : EventManager : Event: ======'mode_skillshot_will_stop'====== Args={}
2024-07-29 14:51:56,251 : INFO : EventManager : Event: ======'mode_skillshot_stopping'====== Args={}
2024-07-29 14:51:56,251 : INFO : EventManager : Event: ======'player_score'====== Args={'value': 90050, 'prev_value': 50, 'change': 90000, 'player_num': 1, 'source': 'skillshot'}
2024-07-29 14:51:56,255 : INFO : EventManager : Event: ======'qualify_mission_hit'====== Args={'shot': 'qualify_o_target'}
2024-07-29 14:51:56,255 : INFO : EventManager : Event: ======'qualify_mission_unlit_hit'====== Args={'shot': 'qualify_o_target'}
2024-07-29 14:51:56,257 : INFO : Mode.skillshot : Stopped.
2024-07-29 14:51:56,257 : INFO : EventManager : Event: ======'modes_active_modes_changed'====== Args={}
2024-07-29 14:51:56,257 : INFO : EventManager : Event: ======'mode_skillshot_stopped'====== Args={}
2024-07-29 14:51:56,257 : INFO : EventManager : Event: ======'clear'====== Args={'key': 'skillshot'}
2024-07-29 14:51:56,258 : INFO : Timer.skillshot_rotate : Stopping Timer
2024-07-29 14:51:56,258 : INFO : EventManager : Event: ======'timer_skillshot_rotate_stopped'====== Args={'ticks': 2, 'ticks_remaining': 0}
2024-07-29 14:51:56,271 : INFO : EventManager : Event: ======'slide_skillshot_inactive'====== Args={'_from_bcp': True}
2024-07-29 14:51:56,271 : INFO : EventManager : Event: ======'slide_base_active'====== Args={'_from_bcp': True}
2024-07-29 14:51:56,272 : INFO : EventManager : Event: ======'slide_skillshot_removed'====== Args={'_from_bcp': True}
2024-07-29 14:51:56,298 : INFO : ball_device.bd_trough : State: failed_confirm
2024-07-29 14:51:56,298 : INFO : ball_device.bd_trough : Got timeout (3.0s) before confirm from <ball_device.bd_plunger>
2024-07-29 14:51:56,298 : INFO : ball_device.bd_plunger : Expecting incoming ball which may skip the device.
2024-07-29 14:51:56,298 : INFO : EventManager : Event: ======'balldevice_bd_plunger_ejecting_ball'====== Args={'balls': 1, 'target': <playfield.playfield>, 'source': <ball_device.bd_plunger>, 'mechanical_eject': False, 'num_attempts': 1}
2024-07-29 14:51:56,351 : INFO : SwitchController : <<<<<<< 's_o_target' inactive >>>>>>>
2024-07-29 14:51:57,277 : INFO : SwitchController : <<<<<<< 's_r_target' active >>>>>>>
2024-07-29 14:51:57,277 : INFO : EventManager : Event: ======'playfield_active'====== Args={}
2024-07-29 14:51:57,278 : INFO : EventManager : Event: ======'playfield_active'====== Args={}
2024-07-29 14:51:57,278 : INFO : EventManager : Event: ======'s_r_target_active'====== Args={}
2024-07-29 14:51:57,279 : INFO : EventManager : Event: ======'machine_var_audits_switches_s_r_target'====== Args={'value': 261, 'prev_value': 260, 'change': 1}
2024-07-29 14:51:57,280 : INFO : EventManager : Event: ======'player_shot_qualify_r_target'====== Args={'value': 1, 'prev_value': 0, 'change': 1, 'player_num': 1}
2024-07-29 14:51:57,281 : INFO : EventManager : Event: ======'machine_var_audits_shots_qualify_r_target'====== Args={'value': 221, 'prev_value': 220, 'change': 1}
2024-07-29 14:51:57,282 : INFO : EventManager : Event: ======'qualify_r_target_hit'====== Args={'profile': 'mission_qualify', 'state': 'unlit', 'advancing': True}
2024-07-29 14:51:57,282 : INFO : EventManager : Event: ======'qualify_r_target_mission_qualify_hit'====== Args={'profile': 'mission_qualify', 'state': 'unlit', 'advancing': True}
2024-07-29 14:51:57,283 : INFO : EventManager : Event: ======'qualify_r_target_mission_qualify_unlit_hit'====== Args={'profile': 'mission_qualify', 'state': 'unlit', 'advancing': True}
2024-07-29 14:51:57,283 : INFO : EventManager : Event: ======'qualify_r_target_unlit_hit'====== Args={'profile': 'mission_qualify', 'state': 'unlit', 'advancing': True}
2024-07-29 14:51:57,283 : INFO : EventManager : Event: ======'player_score'====== Args={'value': 90100, 'prev_value': 90050, 'change': 50, 'player_num': 1, 'source': 'base'}
2024-07-29 14:51:57,283 : INFO : EventManager : Event: ======'qualify_mission_hit'====== Args={'shot': 'qualify_r_target'}
2024-07-29 14:51:57,284 : INFO : EventManager : Event: ======'qualify_mission_unlit_hit'====== Args={'shot': 'qualify_r_target'}
2024-07-29 14:51:57,373 : INFO : SwitchController : <<<<<<< 's_r_target' inactive >>>>>>>
2024-07-29 14:51:58,358 : INFO : SwitchController : <<<<<<< 's_scoop' active >>>>>>>
2024-07-29 14:51:58,359 : INFO : EventManager : Event: ======'playfield_active'====== Args={}
2024-07-29 14:51:58,359 : INFO : EventManager : Event: ======'s_scoop_active'====== Args={}
2024-07-29 14:51:58,360 : INFO : EventManager : Event: ======'machine_var_audits_switches_s_scoop'====== Args={'value': 287, 'prev_value': 286, 'change': 1}
2024-07-29 14:51:58,362 : INFO : EventManager : Event: ======'player_shot_scoop_mission_select'====== Args={'value': 1, 'prev_value': 0, 'change': 1, 'player_num': 1}
2024-07-29 14:51:58,363 : ERROR : asyncio : Exception in callback EventManager.process_event_queue()
handle: <Handle EventManager.process_event_queue()>
Traceback (most recent call last):
  File "/Users/nicktaseris/mpfenv/lib/python3.9/site-packages/mpf/core/show_controller.py", line 130, in replace_or_advance_show
    show_obj = self.machine.shows[config.name]
KeyError: 'lit'

During handling of the above exception, another exception occurred:

Traceback (most recent call last):
  File "/Users/nicktaseris/mpfenv/lib/python3.9/site-packages/mpf/core/events.py", line 755, in _run_handlers
    result = handler.callback(**merged_kwargs)
  File "/Users/nicktaseris/mpfenv/lib/python3.9/site-packages/mpf/devices/shot.py", line 278, in event_hit
    success = self.hit()
  File "/Users/nicktaseris/mpfenv/lib/python3.9/site-packages/mpf/devices/shot.py", line 318, in hit
    advancing = self.advance()
  File "/Users/nicktaseris/mpfenv/lib/python3.9/site-packages/mpf/devices/shot.py", line 138, in advance
    self._update_show()
  File "/Users/nicktaseris/mpfenv/lib/python3.9/site-packages/mpf/devices/shot.py", line 207, in _update_show
    self._play_show(settings=state_settings)
  File "/Users/nicktaseris/mpfenv/lib/python3.9/site-packages/mpf/devices/shot.py", line 261, in _play_show
    self.running_show = self.machine.show_controller.replace_or_advance_show(self.running_show, show_config,
  File "/Users/nicktaseris/mpfenv/lib/python3.9/site-packages/mpf/core/show_controller.py", line 132, in replace_or_advance_show
    raise KeyError("Cannot play show '{}'. No show with that "
KeyError: "Cannot play show 'lit'. No show with that name."

The above exception was the direct cause of the following exception:

Traceback (most recent call last):
  File "/Library/Frameworks/Python.framework/Versions/3.9/lib/python3.9/asyncio/events.py", line 80, in _run
    self._context.run(self._callback, *self._args)
  File "/Users/nicktaseris/mpfenv/lib/python3.9/site-packages/mpf/core/events.py", line 846, in process_event_queue
    self._process_event(event=event[0],
  File "/Users/nicktaseris/mpfenv/lib/python3.9/site-packages/mpf/core/events.py", line 808, in _process_event
    result = self._run_handlers(event, ev_type, kwargs)
  File "/Users/nicktaseris/mpfenv/lib/python3.9/site-packages/mpf/core/events.py", line 757, in _run_handlers
    raise EventHandlerException(
mpf.core.events.EventHandlerException: Exception while processing RegisteredHandler(callback=<bound method Shot.event_hit of <shot.scoop_mission_select>>, priority=105, kwargs={}, key=UUID('8859aae8-899f-4229-b3b0-961ce0bb9b10'), condition=None, blocking_facility='shot') for event s_scoop_active. "Cannot play show 'lit'. No show with that name."
2024-07-29 14:51:58,368 : INFO : Machine : Shutting down...
2024-07-29 14:51:58,368 : INFO : EventManager : Event: ======'shutdown'====== Args={}
2024-07-29 14:51:58,370 : INFO : EventManager : Event: ======'mode_game_will_stop'====== Args={}
2024-07-29 14:51:58,370 : INFO : EventManager : Event: ======'mode_game_stopping'====== Args={}
2024-07-29 14:51:58,370 : INFO : EventManager : Event: ======'mode_rainey_multiball_will_stop'====== Args={}
2024-07-29 14:51:58,370 : INFO : EventManager : Event: ======'mode_rainey_multiball_stopping'====== Args={}
2024-07-29 14:51:58,371 : INFO : EventManager : Event: ======'mode_base_will_stop'====== Args={}
2024-07-29 14:51:58,371 : INFO : EventManager : Event: ======'mode_base_stopping'====== Args={}
2024-07-29 14:51:58,371 : INFO : EventManager : Event: ======'mode_hank_rollover_will_stop'====== Args={}
2024-07-29 14:51:58,371 : INFO : EventManager : Event: ======'mode_hank_rollover_stopping'====== Args={}
2024-07-29 14:51:58,371 : INFO : EventManager : Event: ======'mode_extra_ball_will_stop'====== Args={}
2024-07-29 14:51:58,371 : INFO : EventManager : Event: ======'mode_extra_ball_stopping'====== Args={}
2024-07-29 14:51:58,372 : INFO : EventManager : Event: ======'mode_BBQ_rollover_will_stop'====== Args={}
2024-07-29 14:51:58,372 : INFO : EventManager : Event: ======'mode_BBQ_rollover_stopping'====== Args={}
2024-07-29 14:51:58,372 : INFO : Mode.BBQ_rollover : Stopped.
2024-07-29 14:51:58,372 : INFO : EventManager : Event: ======'modes_active_modes_changed'====== Args={}
2024-07-29 14:51:58,372 : INFO : EventManager : Event: ======'mode_BBQ_rollover_stopped'====== Args={}
2024-07-29 14:51:58,373 : INFO : EventManager : Event: ======'clear'====== Args={'key': 'BBQ_rollover'}
2024-07-29 14:51:58,374 : INFO : Mode.extra_ball : Stopped.
2024-07-29 14:51:58,374 : INFO : EventManager : Event: ======'modes_active_modes_changed'====== Args={}
2024-07-29 14:51:58,374 : INFO : EventManager : Event: ======'mode_extra_ball_stopped'====== Args={}
2024-07-29 14:51:58,374 : INFO : EventManager : Event: ======'clear'====== Args={'key': 'extra_ball'}
2024-07-29 14:51:58,375 : INFO : Mode.hank_rollover : Stopped.
2024-07-29 14:51:58,375 : INFO : EventManager : Event: ======'modes_active_modes_changed'====== Args={}
2024-07-29 14:51:58,375 : INFO : EventManager : Event: ======'mode_hank_rollover_stopped'====== Args={}
2024-07-29 14:51:58,375 : INFO : EventManager : Event: ======'clear'====== Args={'key': 'hank_rollover'}
2024-07-29 14:51:58,376 : INFO : Mode.base : Stopped.
2024-07-29 14:51:58,376 : INFO : EventManager : Event: ======'modes_active_modes_changed'====== Args={}
2024-07-29 14:51:58,376 : INFO : EventManager : Event: ======'mode_base_stopped'====== Args={}
2024-07-29 14:51:58,376 : INFO : EventManager : Event: ======'clear'====== Args={'key': 'base'}
2024-07-29 14:51:58,377 : INFO : EventManager : Event: ======'ball_save_default_disabled'====== Args={}
2024-07-29 14:51:58,377 : ERROR : asyncio : Exception in callback EventManager.process_event_queue()
handle: <Handle EventManager.process_event_queue()>
Traceback (most recent call last):
  File "/Users/nicktaseris/mpfenv/lib/python3.9/site-packages/mpf/core/show_controller.py", line 130, in replace_or_advance_show
    show_obj = self.machine.shows[config.name]
KeyError: 'lit'

During handling of the above exception, another exception occurred:

Traceback (most recent call last):
  File "/Library/Frameworks/Python.framework/Versions/3.9/lib/python3.9/asyncio/events.py", line 80, in _run
    self._context.run(self._callback, *self._args)
  File "/Users/nicktaseris/mpfenv/lib/python3.9/site-packages/mpf/core/events.py", line 862, in process_event_queue
    callback(**kwargs)
  File "/Users/nicktaseris/mpfenv/lib/python3.9/site-packages/mpf/core/mode.py", line 383, in _mode_stopped_callback
    self._remove_mode_devices()
  File "/Users/nicktaseris/mpfenv/lib/python3.9/site-packages/mpf/core/mode.py", line 461, in _remove_mode_devices
    device.device_removed_from_mode(self)
  File "/Users/nicktaseris/mpfenv/lib/python3.9/site-packages/mpf/devices/shot.py", line 269, in device_removed_from_mode
    super().device_removed_from_mode(mode)
  File "/Users/nicktaseris/mpfenv/lib/python3.9/site-packages/mpf/core/enable_disable_mixin.py", line 135, in device_removed_from_mode
    self._disable()
  File "/Users/nicktaseris/mpfenv/lib/python3.9/site-packages/mpf/devices/shot.py", line 499, in _disable
    self._update_show()
  File "/Users/nicktaseris/mpfenv/lib/python3.9/site-packages/mpf/devices/shot.py", line 207, in _update_show
    self._play_show(settings=state_settings)
  File "/Users/nicktaseris/mpfenv/lib/python3.9/site-packages/mpf/devices/shot.py", line 261, in _play_show
    self.running_show = self.machine.show_controller.replace_or_advance_show(self.running_show, show_config,
  File "/Users/nicktaseris/mpfenv/lib/python3.9/site-packages/mpf/core/show_controller.py", line 132, in replace_or_advance_show
    raise KeyError("Cannot play show '{}'. No show with that "
KeyError: "Cannot play show 'lit'. No show with that name."
2024-07-29 14:51:58,378 : INFO : Mode.rainey_multiball : Stopped.
2024-07-29 14:51:58,378 : INFO : EventManager : Event: ======'modes_active_modes_changed'====== Args={}
2024-07-29 14:51:58,379 : INFO : EventManager : Event: ======'mode_rainey_multiball_stopped'====== Args={}
2024-07-29 14:51:58,379 : INFO : EventManager : Event: ======'clear'====== Args={'key': 'rainey_multiball'}
2024-07-29 14:51:59,382 : ERROR : Machine : Runtime Exception
Traceback (most recent call last):
  File "/Users/nicktaseris/mpfenv/lib/python3.9/site-packages/mpf/core/show_controller.py", line 130, in replace_or_advance_show
    show_obj = self.machine.shows[config.name]
KeyError: 'lit'

During handling of the above exception, another exception occurred:

Traceback (most recent call last):
  File "/Users/nicktaseris/mpfenv/lib/python3.9/site-packages/mpf/core/events.py", line 755, in _run_handlers
    result = handler.callback(**merged_kwargs)
  File "/Users/nicktaseris/mpfenv/lib/python3.9/site-packages/mpf/devices/shot.py", line 278, in event_hit
    success = self.hit()
  File "/Users/nicktaseris/mpfenv/lib/python3.9/site-packages/mpf/devices/shot.py", line 318, in hit
    advancing = self.advance()
  File "/Users/nicktaseris/mpfenv/lib/python3.9/site-packages/mpf/devices/shot.py", line 138, in advance
    self._update_show()
  File "/Users/nicktaseris/mpfenv/lib/python3.9/site-packages/mpf/devices/shot.py", line 207, in _update_show
    self._play_show(settings=state_settings)
  File "/Users/nicktaseris/mpfenv/lib/python3.9/site-packages/mpf/devices/shot.py", line 261, in _play_show
    self.running_show = self.machine.show_controller.replace_or_advance_show(self.running_show, show_config,
  File "/Users/nicktaseris/mpfenv/lib/python3.9/site-packages/mpf/core/show_controller.py", line 132, in replace_or_advance_show
    raise KeyError("Cannot play show '{}'. No show with that "
KeyError: "Cannot play show 'lit'. No show with that name."

The above exception was the direct cause of the following exception:

Traceback (most recent call last):
  File "/Users/nicktaseris/mpfenv/lib/python3.9/site-packages/mpf/core/machine.py", line 793, in _run_loop
    raise self._exception['exception']
  File "/Library/Frameworks/Python.framework/Versions/3.9/lib/python3.9/asyncio/events.py", line 80, in _run
    self._context.run(self._callback, *self._args)
  File "/Users/nicktaseris/mpfenv/lib/python3.9/site-packages/mpf/core/events.py", line 846, in process_event_queue
    self._process_event(event=event[0],
  File "/Users/nicktaseris/mpfenv/lib/python3.9/site-packages/mpf/core/events.py", line 808, in _process_event
    result = self._run_handlers(event, ev_type, kwargs)
  File "/Users/nicktaseris/mpfenv/lib/python3.9/site-packages/mpf/core/events.py", line 757, in _run_handlers
    raise EventHandlerException(
mpf.core.events.EventHandlerException: Exception while processing RegisteredHandler(callback=<bound method Shot.event_hit of <shot.scoop_mission_select>>, priority=105, kwargs={}, key=UUID('8859aae8-899f-4229-b3b0-961ce0bb9b10'), condition=None, blocking_facility='shot') for event s_scoop_active. "Cannot play show 'lit'. No show with that name."
2024-07-29 14:51:59,452 : INFO : crash_reporter : Will not report crash as "report_crashes" mode is "never"
2024-07-29 14:51:59,452 : INFO : root : MPF run loop ended.
