2024-11-09 15:20:32,848 : INFO : root : Loading config.
2024-11-09 15:20:32,850 : INFO : YamlMultifileConfigLoader : Machine config file #1: config.yaml
2024-11-09 15:20:32,850 : INFO : ConfigProcessor : Loading config from cache: /var/folders/sv/d29kcl5x50v7vt1n6xb5jsd40000gn/T/c166cef8060ffee16a35821bf698da85.mpf_cache
2024-11-09 15:20:32,876 : INFO : ConfigProcessor : Loading config from cache: /var/folders/sv/d29kcl5x50v7vt1n6xb5jsd40000gn/T/6b31c5ac6ecbad948994a8204ea6b05b.mpf_cache
2024-11-09 15:20:32,876 : INFO : ConfigProcessor : Loading config from cache: /var/folders/sv/d29kcl5x50v7vt1n6xb5jsd40000gn/T/fe612d1e66c8a96c19ba449d3748eeac.mpf_cache
2024-11-09 15:20:32,877 : INFO : ConfigProcessor : Loading config from cache: /var/folders/sv/d29kcl5x50v7vt1n6xb5jsd40000gn/T/6b31c5ac6ecbad948994a8204ea6b05b.mpf_cache
2024-11-09 15:20:32,877 : INFO : ConfigProcessor : Loading config from cache: /var/folders/sv/d29kcl5x50v7vt1n6xb5jsd40000gn/T/8765227693ecd961e0504502a81255e0.mpf_cache
2024-11-09 15:20:32,877 : INFO : ConfigProcessor : Loading config from cache: /var/folders/sv/d29kcl5x50v7vt1n6xb5jsd40000gn/T/b247728c74b4d81bcb2825e2b07062a7.mpf_cache
2024-11-09 15:20:32,877 : INFO : ConfigProcessor : Loading config from cache: /var/folders/sv/d29kcl5x50v7vt1n6xb5jsd40000gn/T/f240f94f0b5d0f37ec4fd7571275a101.mpf_cache
2024-11-09 15:20:32,877 : INFO : ConfigProcessor : Loading config from cache: /var/folders/sv/d29kcl5x50v7vt1n6xb5jsd40000gn/T/6a2f50ed892485825cc04dc0a68eab9f.mpf_cache
2024-11-09 15:20:32,877 : INFO : ConfigProcessor : Loading config from cache: /var/folders/sv/d29kcl5x50v7vt1n6xb5jsd40000gn/T/d58c58eb9fd1a2dc27f8acd255fb3761.mpf_cache
2024-11-09 15:20:32,877 : INFO : ConfigProcessor : Loading config from cache: /var/folders/sv/d29kcl5x50v7vt1n6xb5jsd40000gn/T/07adfd310b3ef0e03c5cbc91527abb6c.mpf_cache
2024-11-09 15:20:32,878 : INFO : ConfigProcessor : Loading config from cache: /var/folders/sv/d29kcl5x50v7vt1n6xb5jsd40000gn/T/12bd5247c3bf989b919364bdb7829769.mpf_cache
2024-11-09 15:20:32,878 : INFO : ConfigProcessor : Loading config from cache: /var/folders/sv/d29kcl5x50v7vt1n6xb5jsd40000gn/T/362e08f51a1a1b7a0809dd52f9c83f83.mpf_cache
2024-11-09 15:20:32,878 : INFO : ConfigProcessor : Loading config from cache: /var/folders/sv/d29kcl5x50v7vt1n6xb5jsd40000gn/T/e0db17dd068fe6304aabdbeff00fac0d.mpf_cache
2024-11-09 15:20:32,878 : INFO : ConfigProcessor : Loading config from cache: /var/folders/sv/d29kcl5x50v7vt1n6xb5jsd40000gn/T/331d8d1a1bc190cae8c13495e1db372f.mpf_cache
2024-11-09 15:20:32,878 : INFO : ConfigProcessor : Loading config from cache: /var/folders/sv/d29kcl5x50v7vt1n6xb5jsd40000gn/T/d17a9ff77386e6f1439d0802ace1de07.mpf_cache
2024-11-09 15:20:32,879 : WARNING : ConfigProcessor : Config file in cache changed: /Users/nicktaseris/Desktop/Pinball/KOTH/modes/the_heat_waver/config/the_heat_waver.yaml
2024-11-09 15:20:32,879 : INFO : ConfigProcessor : Loading config from file /Users/nicktaseris/Desktop/Pinball/KOTH/modes/the_heat_waver/config/the_heat_waver.yaml.
2024-11-09 15:20:32,881 : INFO : ConfigProcessor : Loading config: /Users/nicktaseris/Desktop/Pinball/KOTH/modes/the_heat_waver/config/the_heat_waver.yaml
2024-11-09 15:20:32,881 : INFO : ConfigProcessor : Config file cache created: /var/folders/sv/d29kcl5x50v7vt1n6xb5jsd40000gn/T/280fd64455d0d243a54ab4db98fbccbd.mpf_cache
2024-11-09 15:20:32,881 : INFO : ConfigProcessor : Loading config from cache: /var/folders/sv/d29kcl5x50v7vt1n6xb5jsd40000gn/T/0c0596ed8fbb40b6113901d21bdc0a39.mpf_cache
2024-11-09 15:20:32,882 : INFO : ConfigProcessor : Loading config from cache: /var/folders/sv/d29kcl5x50v7vt1n6xb5jsd40000gn/T/f521a0f834965d73920394ccceaa3c1c.mpf_cache
2024-11-09 15:20:32,882 : INFO : ConfigProcessor : Loading config from cache: /var/folders/sv/d29kcl5x50v7vt1n6xb5jsd40000gn/T/0fedc249e142fba0aaf46d9adc7061fa.mpf_cache
2024-11-09 15:20:32,882 : INFO : ConfigProcessor : Loading config from cache: /var/folders/sv/d29kcl5x50v7vt1n6xb5jsd40000gn/T/c57745b2fe399992c4aedf0209f8acc9.mpf_cache
2024-11-09 15:20:32,882 : INFO : ConfigProcessor : Loading config from cache: /var/folders/sv/d29kcl5x50v7vt1n6xb5jsd40000gn/T/4d7707f845442344c77faa09114dd414.mpf_cache
2024-11-09 15:20:32,882 : INFO : ConfigProcessor : Loading config from cache: /var/folders/sv/d29kcl5x50v7vt1n6xb5jsd40000gn/T/13b622eeb34cc558f4c171e6faf49f20.mpf_cache
2024-11-09 15:20:32,882 : INFO : ConfigProcessor : Loading config from cache: /var/folders/sv/d29kcl5x50v7vt1n6xb5jsd40000gn/T/897ffb6d77163469c302d894201d7081.mpf_cache
2024-11-09 15:20:32,882 : INFO : ConfigProcessor : Loading config from cache: /var/folders/sv/d29kcl5x50v7vt1n6xb5jsd40000gn/T/51caa30b8c50b4dd14ddbf8a263fb4c6.mpf_cache
2024-11-09 15:20:32,883 : INFO : ConfigProcessor : Loading config from cache: /var/folders/sv/d29kcl5x50v7vt1n6xb5jsd40000gn/T/aa4dd12681abd3ba3467de4d4b71c6b2.mpf_cache
2024-11-09 15:20:32,883 : INFO : ConfigProcessor : Loading config from cache: /var/folders/sv/d29kcl5x50v7vt1n6xb5jsd40000gn/T/edf8b775a93855f849af0e2eff0a7bac.mpf_cache
2024-11-09 15:20:32,883 : INFO : ConfigProcessor : Loading config from cache: /var/folders/sv/d29kcl5x50v7vt1n6xb5jsd40000gn/T/a8808f7c3567c8d62dc12e9ad7d55d7c.mpf_cache
2024-11-09 15:20:32,883 : INFO : ConfigProcessor : Loading config from cache: /var/folders/sv/d29kcl5x50v7vt1n6xb5jsd40000gn/T/9437faed8d9c330c56f3b67b3f9b149d.mpf_cache
2024-11-09 15:20:32,883 : INFO : ConfigProcessor : Loading config from cache: /var/folders/sv/d29kcl5x50v7vt1n6xb5jsd40000gn/T/4bb31ac09fad15f35aa3bae4975f2b4d.mpf_cache
2024-11-09 15:20:32,883 : INFO : ConfigProcessor : Loading config from cache: /var/folders/sv/d29kcl5x50v7vt1n6xb5jsd40000gn/T/3048ed2d7ea14eee3db896f6760aa474.mpf_cache
2024-11-09 15:20:32,884 : INFO : ConfigProcessor : Loading config from cache: /var/folders/sv/d29kcl5x50v7vt1n6xb5jsd40000gn/T/a14a120665a0ee9fd8a6e22274033983.mpf_cache
2024-11-09 15:20:32,884 : INFO : ConfigProcessor : Loading config from cache: /var/folders/sv/d29kcl5x50v7vt1n6xb5jsd40000gn/T/984de704eb69e43ca43e84d7915bfa21.mpf_cache
2024-11-09 15:20:32,884 : INFO : ConfigProcessor : Loading config from cache: /var/folders/sv/d29kcl5x50v7vt1n6xb5jsd40000gn/T/e151291736403f63db558dae8f86b9a6.mpf_cache
2024-11-09 15:20:32,884 : INFO : ConfigProcessor : Loading config from cache: /var/folders/sv/d29kcl5x50v7vt1n6xb5jsd40000gn/T/81ffe1796583077c7101a9635dd90e73.mpf_cache
2024-11-09 15:20:32,884 : INFO : ConfigProcessor : Loading config from cache: /var/folders/sv/d29kcl5x50v7vt1n6xb5jsd40000gn/T/0a9cb7260d26760274024f443d38cc22.mpf_cache
2024-11-09 15:20:32,885 : INFO : ConfigProcessor : Loading config from cache: /var/folders/sv/d29kcl5x50v7vt1n6xb5jsd40000gn/T/deb753c2acdccb3c49ddc8f2a7e04ee6.mpf_cache
2024-11-09 15:20:32,885 : INFO : ConfigProcessor : Loading config from cache: /var/folders/sv/d29kcl5x50v7vt1n6xb5jsd40000gn/T/4a90c06755c4a5beef2ee4c243f54397.mpf_cache
2024-11-09 15:20:32,885 : INFO : Machine : Mission Pinball Framework Core Engine v0.80.0.dev1
2024-11-09 15:20:32,885 : INFO : Machine : Command line arguments: {'no_load_cache': False, 'create_config_cache': True, 'bcp': True, 'configfile': ['config.yaml'], 'force_assets_load': False, 'platform_integration_test': False, 'jsonlogging': False, 'logfile': 'logs/2024-11-09-15-20-32-mpf-Nicks-Air.lan.log', 'pause': False, 'production': False, 'text_ui': True, 'loglevel': 15, 'consoleloglevel': 20, 'force_platform': None, 'syslog_address': None, 'mc_file_name': None, 'no_sound': False, 'full_logfile_path': '/Users/nicktaseris/Desktop/Pinball/KOTH/logs/2024-11-09-15-20-32-mpf-Nicks-Air.lan.log'}
2024-11-09 15:20:32,885 : INFO : Machine : MPF path: /Users/nicktaseris/mpfenv/lib/python3.9/site-packages/mpf
2024-11-09 15:20:32,885 : INFO : Machine : Machine path: /Users/nicktaseris/Desktop/Pinball/KOTH
2024-11-09 15:20:32,885 : INFO : Machine : Platform: darwin
2024-11-09 15:20:32,885 : INFO : Machine : Python executable location: /Users/nicktaseris/mpfenv/bin/python3
2024-11-09 15:20:32,885 : INFO : Machine : Python version: 3.9.13 (64-bit)
2024-11-09 15:20:32,886 : INFO : Machine : Initializing MPF...
2024-11-09 15:20:32,912 : INFO : EventManager : Event: ======'machine_var_credits_string'====== Args={'value': 'FREE PLAY', 'prev_value': None, 'change': True}
2024-11-09 15:20:32,926 : INFO : EventManager : Event: ======'machine_var_master_volume'====== Args={'value': 0.5, 'prev_value': None, 'change': True}
2024-11-09 15:20:32,926 : INFO : EventManager : Event: ======'machine_var_player1_score'====== Args={'value': 48340150, 'prev_value': None, 'change': True}
2024-11-09 15:20:32,926 : INFO : EventManager : Event: ======'machine_var_mpf_version'====== Args={'value': 'Mission Pinball Framework v0.80.0.dev1', 'prev_value': None, 'change': True}
2024-11-09 15:20:32,926 : INFO : EventManager : Event: ======'machine_var_mpf_extended_version'====== Args={'value': 'Mission Pinball Framework v0.80.0.dev1, Config version:6, Show version: 6, BCP version:1.1', 'prev_value': None, 'change': True}
2024-11-09 15:20:32,926 : INFO : EventManager : Event: ======'machine_var_python_version'====== Args={'value': '3.9.13', 'prev_value': None, 'change': True}
2024-11-09 15:20:32,934 : INFO : EventManager : Event: ======'machine_var_platform'====== Args={'value': 'macOS-12.1-arm64-arm-64bit', 'prev_value': None, 'change': True}
2024-11-09 15:20:32,934 : INFO : EventManager : Event: ======'machine_var_platform_system'====== Args={'value': 'Darwin', 'prev_value': None, 'change': True}
2024-11-09 15:20:32,934 : INFO : EventManager : Event: ======'machine_var_platform_release'====== Args={'value': '21.2.0', 'prev_value': None, 'change': True}
2024-11-09 15:20:32,934 : INFO : EventManager : Event: ======'machine_var_platform_version'====== Args={'value': 'Darwin Kernel Version 21.2.0: Sun Nov 28 20:29:10 PST 2021; root:xnu-8019.61.5~1/RELEASE_ARM64_T8101', 'prev_value': None, 'change': True}
2024-11-09 15:20:32,934 : INFO : EventManager : Event: ======'machine_var_platform_machine'====== Args={'value': 'arm64', 'prev_value': None, 'change': True}
2024-11-09 15:20:32,934 : INFO : EventManager : Event: ======'machine_var_log_file_path'====== Args={'value': '/Users/nicktaseris/Desktop/Pinball/KOTH/logs/2024-11-09-15-20-32-mpf-Nicks-Air.lan.log', 'prev_value': None, 'change': True}
2024-11-09 15:20:32,934 : INFO : EventManager : Event: ======'init_phase_1'====== Args={}
2024-11-09 15:20:32,957 : INFO : EventManager : Event: ======'drop_target_bank_strickland_bank_up'====== Args={}
2024-11-09 15:20:32,958 : INFO : EventManager : Event: ======'init_phase_2'====== Args={}
2024-11-09 15:20:32,958 : INFO : SwitchController : Found active switch: ('39', <Platform.SmartVirtual>) <switch.s_trough1>
2024-11-09 15:20:32,958 : INFO : SwitchController : Found active switch: ('40', <Platform.SmartVirtual>) <switch.s_trough2>
2024-11-09 15:20:32,958 : INFO : SwitchController : Found active switch: ('41', <Platform.SmartVirtual>) <switch.s_trough3>
2024-11-09 15:20:32,958 : INFO : SwitchController : Found active switch: ('42', <Platform.SmartVirtual>) <switch.s_trough4>
2024-11-09 15:20:32,958 : INFO : SwitchController : Found active switch: ('43', <Platform.SmartVirtual>) <switch.s_trough5>
2024-11-09 15:20:32,958 : INFO : SwitchController : Found active switch: ('44', <Platform.SmartVirtual>) <switch.s_trough6>
2024-11-09 15:20:32,965 : INFO : EventManager : Event: ======'machine_var_score1_label'====== Args={'value': 'GRAND CHAMPION', 'prev_value': None, 'change': True}
2024-11-09 15:20:32,965 : INFO : EventManager : Event: ======'machine_var_score1_name'====== Args={'value': 'CCC', 'prev_value': None, 'change': True}
2024-11-09 15:20:32,965 : INFO : EventManager : Event: ======'machine_var_score1_value'====== Args={'value': 68340100, 'prev_value': None, 'change': True}
2024-11-09 15:20:32,965 : INFO : EventManager : Event: ======'machine_var_score2_label'====== Args={'value': 'HIGH SCORE 1', 'prev_value': None, 'change': True}
2024-11-09 15:20:32,965 : INFO : EventManager : Event: ======'machine_var_score2_name'====== Args={'value': 'AAAAAAAAAAAAAA', 'prev_value': None, 'change': True}
2024-11-09 15:20:32,965 : INFO : EventManager : Event: ======'machine_var_score2_value'====== Args={'value': 62250100, 'prev_value': None, 'change': True}
2024-11-09 15:20:32,965 : INFO : EventManager : Event: ======'machine_var_score3_label'====== Args={'value': 'HIGH SCORE 2', 'prev_value': None, 'change': True}
2024-11-09 15:20:32,965 : INFO : EventManager : Event: ======'machine_var_score3_name'====== Args={'value': 'DDDD', 'prev_value': None, 'change': True}
2024-11-09 15:20:32,965 : INFO : EventManager : Event: ======'machine_var_score3_value'====== Args={'value': 49430150, 'prev_value': None, 'change': True}
2024-11-09 15:20:32,965 : INFO : EventManager : Event: ======'machine_var_score4_label'====== Args={'value': 'HIGH SCORE 3', 'prev_value': None, 'change': True}
2024-11-09 15:20:32,965 : INFO : EventManager : Event: ======'machine_var_score4_name'====== Args={'value': 'AAAAA', 'prev_value': None, 'change': True}
2024-11-09 15:20:32,965 : INFO : EventManager : Event: ======'machine_var_score4_value'====== Args={'value': 48340150, 'prev_value': None, 'change': True}
2024-11-09 15:20:32,966 : INFO : EventManager : Event: ======'bcp_connection_attempt'====== Args={'name': 'local_display', 'host': 'localhost', 'port': 5050}
2024-11-09 15:20:32,966 : INFO : BCPClientSocket : Connecting BCP to 'local_display' at localhost:5050...
2024-11-09 15:20:32,969 : INFO : BCPClientSocket : Connected BCP to 'local_display' localhost:5050
2024-11-09 15:20:32,969 : INFO : EventManager : Event: ======'bcp_clients_connected'====== Args={}
2024-11-09 15:20:32,974 : INFO : ball_device.bd_trough : BCH: Initial count: 6
2024-11-09 15:20:32,974 : INFO : ball_device.bd_trough : State: idle
2024-11-09 15:20:32,974 : INFO : ball_device.bd_plunger : BCH: Initial count: 0
2024-11-09 15:20:32,974 : INFO : ball_device.bd_plunger : State: idle
2024-11-09 15:20:32,975 : INFO : ball_device.bd_scoop : BCH: Initial count: 0
2024-11-09 15:20:32,975 : INFO : ball_device.bd_scoop : State: idle
2024-11-09 15:20:32,980 : INFO : EventManager : Event: ======'init_phase_3'====== Args={}
2024-11-09 15:20:32,982 : INFO : EventManager : Event: ======'init_phase_4'====== Args={}
2024-11-09 15:20:32,982 : INFO : BallController : Initial balls found: 6
2024-11-09 15:20:32,982 : INFO : EventManager : Event: ======'machine_var_audits_events_game_ended'====== Args={'value': 19, 'prev_value': None, 'change': True}
2024-11-09 15:20:32,982 : INFO : EventManager : Event: ======'machine_var_audits_events_game_started'====== Args={'value': 1357, 'prev_value': None, 'change': True}
2024-11-09 15:20:32,982 : INFO : EventManager : Event: ======'machine_var_audits_missing_switches_s_a_target'====== Args={'value': 9, 'prev_value': None, 'change': True}
2024-11-09 15:20:32,982 : INFO : EventManager : Event: ======'machine_var_audits_missing_switches_s_bottom_inline_drop'====== Args={'value': 4, 'prev_value': None, 'change': True}
2024-11-09 15:20:32,983 : INFO : EventManager : Event: ======'machine_var_audits_missing_switches_s_bottom_pop_bumper'====== Args={'value': 111, 'prev_value': None, 'change': True}
2024-11-09 15:20:32,983 : INFO : EventManager : Event: ======'machine_var_audits_missing_switches_s_center_spinner'====== Args={'value': 4, 'prev_value': None, 'change': True}
2024-11-09 15:20:32,983 : INFO : EventManager : Event: ======'machine_var_audits_missing_switches_s_e_target'====== Args={'value': 107, 'prev_value': None, 'change': True}
2024-11-09 15:20:32,983 : INFO : EventManager : Event: ======'machine_var_audits_missing_switches_s_launch_button'====== Args={'value': 828, 'prev_value': None, 'change': True}
2024-11-09 15:20:32,983 : INFO : EventManager : Event: ======'machine_var_audits_missing_switches_s_left_inlane'====== Args={'value': 19, 'prev_value': None, 'change': True}
2024-11-09 15:20:32,983 : INFO : EventManager : Event: ======'machine_var_audits_missing_switches_s_left_inner_horseshoe'====== Args={'value': 5, 'prev_value': None, 'change': True}
2024-11-09 15:20:32,983 : INFO : EventManager : Event: ======'machine_var_audits_missing_switches_s_left_orbit_enter'====== Args={'value': 6, 'prev_value': None, 'change': True}
2024-11-09 15:20:32,983 : INFO : EventManager : Event: ======'machine_var_audits_missing_switches_s_left_orbit_exit'====== Args={'value': 3, 'prev_value': None, 'change': True}
2024-11-09 15:20:32,983 : INFO : EventManager : Event: ======'machine_var_audits_missing_switches_s_left_outlane'====== Args={'value': 43, 'prev_value': None, 'change': True}
2024-11-09 15:20:32,983 : INFO : EventManager : Event: ======'machine_var_audits_missing_switches_s_left_pop_bumper'====== Args={'value': 916, 'prev_value': None, 'change': True}
2024-11-09 15:20:32,983 : INFO : EventManager : Event: ======'machine_var_audits_missing_switches_s_left_ramp_enter'====== Args={'value': 24, 'prev_value': None, 'change': True}
2024-11-09 15:20:32,983 : INFO : EventManager : Event: ======'machine_var_audits_missing_switches_s_left_ramp_exit'====== Args={'value': 4, 'prev_value': None, 'change': True}
2024-11-09 15:20:32,983 : INFO : EventManager : Event: ======'machine_var_audits_missing_switches_s_left_ramp_standup'====== Args={'value': 6, 'prev_value': None, 'change': True}
2024-11-09 15:20:32,983 : INFO : EventManager : Event: ======'machine_var_audits_missing_switches_s_left_rollover_lane'====== Args={'value': 6, 'prev_value': None, 'change': True}
2024-11-09 15:20:32,983 : INFO : EventManager : Event: ======'machine_var_audits_missing_switches_s_left_sling'====== Args={'value': 1007, 'prev_value': None, 'change': True}
2024-11-09 15:20:32,984 : INFO : EventManager : Event: ======'machine_var_audits_missing_switches_s_left_spinner'====== Args={'value': 110, 'prev_value': None, 'change': True}
2024-11-09 15:20:32,984 : INFO : EventManager : Event: ======'machine_var_audits_missing_switches_s_middle_inline_drop'====== Args={'value': 157, 'prev_value': None, 'change': True}
2024-11-09 15:20:32,984 : INFO : EventManager : Event: ======'machine_var_audits_missing_switches_s_middle_rollover_lane'====== Args={'value': 6, 'prev_value': None, 'change': True}
2024-11-09 15:20:32,984 : INFO : EventManager : Event: ======'machine_var_audits_missing_switches_s_n_target'====== Args={'value': 74, 'prev_value': None, 'change': True}
2024-11-09 15:20:32,984 : INFO : EventManager : Event: ======'machine_var_audits_missing_switches_s_p2_target'====== Args={'value': 77, 'prev_value': None, 'change': True}
2024-11-09 15:20:32,984 : INFO : EventManager : Event: ======'machine_var_audits_missing_switches_s_right_flipper'====== Args={'value': 6, 'prev_value': None, 'change': True}
2024-11-09 15:20:32,984 : INFO : EventManager : Event: ======'machine_var_audits_missing_switches_s_right_inlane'====== Args={'value': 43, 'prev_value': None, 'change': True}
2024-11-09 15:20:32,984 : INFO : EventManager : Event: ======'machine_var_audits_missing_switches_s_right_inner_horseshoe'====== Args={'value': 107, 'prev_value': None, 'change': True}
2024-11-09 15:20:32,984 : INFO : EventManager : Event: ======'machine_var_audits_missing_switches_s_right_orbit_exit'====== Args={'value': 549, 'prev_value': None, 'change': True}
2024-11-09 15:20:32,984 : INFO : EventManager : Event: ======'machine_var_audits_missing_switches_s_right_outlane'====== Args={'value': 43, 'prev_value': None, 'change': True}
2024-11-09 15:20:32,984 : INFO : EventManager : Event: ======'machine_var_audits_missing_switches_s_right_pop_bumper'====== Args={'value': 156, 'prev_value': None, 'change': True}
2024-11-09 15:20:32,984 : INFO : EventManager : Event: ======'machine_var_audits_missing_switches_s_right_ramp_enter'====== Args={'value': 43, 'prev_value': None, 'change': True}
2024-11-09 15:20:32,984 : INFO : EventManager : Event: ======'machine_var_audits_missing_switches_s_right_ramp_exit'====== Args={'value': 4, 'prev_value': None, 'change': True}
2024-11-09 15:20:32,985 : INFO : EventManager : Event: ======'machine_var_audits_missing_switches_s_right_ramp_standup'====== Args={'value': 110, 'prev_value': None, 'change': True}
2024-11-09 15:20:32,985 : INFO : EventManager : Event: ======'machine_var_audits_missing_switches_s_right_rollover_lane'====== Args={'value': 6, 'prev_value': None, 'change': True}
2024-11-09 15:20:32,985 : INFO : EventManager : Event: ======'machine_var_audits_missing_switches_s_right_sling'====== Args={'value': 107, 'prev_value': None, 'change': True}
2024-11-09 15:20:32,985 : INFO : EventManager : Event: ======'machine_var_audits_missing_switches_s_top_inline_drop'====== Args={'value': 340, 'prev_value': None, 'change': True}
2024-11-09 15:20:32,985 : INFO : EventManager : Event: ======'machine_var_audits_missing_switches_s_trough1'====== Args={'value': 6, 'prev_value': None, 'change': True}
2024-11-09 15:20:32,985 : INFO : EventManager : Event: ======'machine_var_audits_missing_switches_s_trough2'====== Args={'value': 155, 'prev_value': None, 'change': True}
2024-11-09 15:20:32,985 : INFO : EventManager : Event: ======'machine_var_audits_missing_switches_s_trough3'====== Args={'value': 155, 'prev_value': None, 'change': True}
2024-11-09 15:20:32,985 : INFO : EventManager : Event: ======'machine_var_audits_missing_switches_s_trough4'====== Args={'value': 779, 'prev_value': None, 'change': True}
2024-11-09 15:20:32,985 : INFO : EventManager : Event: ======'machine_var_audits_missing_switches_s_trough5'====== Args={'value': 1312, 'prev_value': None, 'change': True}
2024-11-09 15:20:32,985 : INFO : EventManager : Event: ======'machine_var_audits_missing_switches_s_trough6'====== Args={'value': 1312, 'prev_value': None, 'change': True}
2024-11-09 15:20:32,985 : INFO : EventManager : Event: ======'machine_var_audits_missing_switches_s_trough_jam'====== Args={'value': 1245, 'prev_value': None, 'change': True}
2024-11-09 15:20:32,986 : INFO : EventManager : Event: ======'machine_var_audits_player_score'====== Args={'value': {'average': 25651308, 'top': [68340100, 62250100, 49430150, 48340150, 40340150, 36245050, 36245050, 35245050, 34335100, 34245100], 'total': 21}, 'prev_value': None, 'change': True}
2024-11-09 15:20:32,986 : INFO : EventManager : Event: ======'machine_var_audits_shots_a_rollover_lane'====== Args={'value': 261, 'prev_value': None, 'change': True}
2024-11-09 15:20:32,986 : INFO : EventManager : Event: ======'machine_var_audits_shots_a_target'====== Args={'value': 7, 'prev_value': None, 'change': True}
2024-11-09 15:20:32,986 : INFO : EventManager : Event: ======'machine_var_audits_shots_ball_lock_a_target'====== Args={'value': 6, 'prev_value': None, 'change': True}
2024-11-09 15:20:32,986 : INFO : EventManager : Event: ======'machine_var_audits_shots_ball_lock_e_target'====== Args={'value': 5, 'prev_value': None, 'change': True}
2024-11-09 15:20:32,986 : INFO : EventManager : Event: ======'machine_var_audits_shots_ball_lock_n_target'====== Args={'value': 5, 'prev_value': None, 'change': True}
2024-11-09 15:20:32,986 : INFO : EventManager : Event: ======'machine_var_audits_shots_ball_lock_p2_target'====== Args={'value': 9, 'prev_value': None, 'change': True}
2024-11-09 15:20:32,986 : INFO : EventManager : Event: ======'machine_var_audits_shots_bottom_inline_drop'====== Args={'value': 54, 'prev_value': None, 'change': True}
2024-11-09 15:20:32,986 : INFO : EventManager : Event: ======'machine_var_audits_shots_e_target'====== Args={'value': 3, 'prev_value': None, 'change': True}
2024-11-09 15:20:32,987 : INFO : EventManager : Event: ======'machine_var_audits_shots_h_rollover_lane'====== Args={'value': 220, 'prev_value': None, 'change': True}
2024-11-09 15:20:32,987 : INFO : EventManager : Event: ======'machine_var_audits_shots_k_rollover_lane'====== Args={'value': 215, 'prev_value': None, 'change': True}
2024-11-09 15:20:32,987 : INFO : EventManager : Event: ======'machine_var_audits_shots_left_rollover_lane'====== Args={'value': 225, 'prev_value': None, 'change': True}
2024-11-09 15:20:32,987 : INFO : EventManager : Event: ======'machine_var_audits_shots_middle_inline_drop'====== Args={'value': 49, 'prev_value': None, 'change': True}
2024-11-09 15:20:32,987 : INFO : EventManager : Event: ======'machine_var_audits_shots_middle_rollover_lane'====== Args={'value': 214, 'prev_value': None, 'change': True}
2024-11-09 15:20:32,987 : INFO : EventManager : Event: ======'machine_var_audits_shots_mode_scoop'====== Args={'value': 220, 'prev_value': None, 'change': True}
2024-11-09 15:20:32,987 : INFO : EventManager : Event: ======'machine_var_audits_shots_n_rollover_lane'====== Args={'value': 225, 'prev_value': None, 'change': True}
2024-11-09 15:20:32,987 : INFO : EventManager : Event: ======'machine_var_audits_shots_n_target'====== Args={'value': 9, 'prev_value': None, 'change': True}
2024-11-09 15:20:32,987 : INFO : EventManager : Event: ======'machine_var_audits_shots_o_target'====== Args={'value': 4, 'prev_value': None, 'change': True}
2024-11-09 15:20:32,988 : INFO : EventManager : Event: ======'machine_var_audits_shots_p2_target'====== Args={'value': 5, 'prev_value': None, 'change': True}
2024-11-09 15:20:32,988 : INFO : EventManager : Event: ======'machine_var_audits_shots_p_target'====== Args={'value': 8, 'prev_value': None, 'change': True}
2024-11-09 15:20:32,988 : INFO : EventManager : Event: ======'machine_var_audits_shots_qualify_a_target'====== Args={'value': 7, 'prev_value': None, 'change': True}
2024-11-09 15:20:32,988 : INFO : EventManager : Event: ======'machine_var_audits_shots_qualify_e_target'====== Args={'value': 8, 'prev_value': None, 'change': True}
2024-11-09 15:20:32,988 : INFO : EventManager : Event: ======'machine_var_audits_shots_qualify_n_target'====== Args={'value': 7, 'prev_value': None, 'change': True}
2024-11-09 15:20:32,988 : INFO : EventManager : Event: ======'machine_var_audits_shots_qualify_o_target'====== Args={'value': 603, 'prev_value': None, 'change': True}
2024-11-09 15:20:32,988 : INFO : EventManager : Event: ======'machine_var_audits_shots_qualify_p2_target'====== Args={'value': 9, 'prev_value': None, 'change': True}
2024-11-09 15:20:32,989 : INFO : EventManager : Event: ======'machine_var_audits_shots_qualify_p_target'====== Args={'value': 576, 'prev_value': None, 'change': True}
2024-11-09 15:20:32,989 : INFO : EventManager : Event: ======'machine_var_audits_shots_qualify_r_target'====== Args={'value': 613, 'prev_value': None, 'change': True}
2024-11-09 15:20:32,989 : INFO : EventManager : Event: ======'machine_var_audits_shots_r_target'====== Args={'value': 14, 'prev_value': None, 'change': True}
2024-11-09 15:20:32,989 : INFO : EventManager : Event: ======'machine_var_audits_shots_rainey_multiball_ball_lock_a_target'====== Args={'value': 152, 'prev_value': None, 'change': True}
2024-11-09 15:20:32,989 : INFO : EventManager : Event: ======'machine_var_audits_shots_rainey_multiball_ball_lock_e_target'====== Args={'value': 128, 'prev_value': None, 'change': True}
2024-11-09 15:20:32,989 : INFO : EventManager : Event: ======'machine_var_audits_shots_rainey_multiball_ball_lock_n_target'====== Args={'value': 129, 'prev_value': None, 'change': True}
2024-11-09 15:20:32,989 : INFO : EventManager : Event: ======'machine_var_audits_shots_rainey_multiball_ball_lock_p2_target'====== Args={'value': 250, 'prev_value': None, 'change': True}
2024-11-09 15:20:32,990 : INFO : EventManager : Event: ======'machine_var_audits_shots_right_rollover_lane'====== Args={'value': 217, 'prev_value': None, 'change': True}
2024-11-09 15:20:32,990 : INFO : EventManager : Event: ======'machine_var_audits_shots_scoop'====== Args={'value': 285, 'prev_value': None, 'change': True}
2024-11-09 15:20:32,990 : INFO : EventManager : Event: ======'machine_var_audits_shots_scoop_mission_select'====== Args={'value': 57, 'prev_value': None, 'change': True}
2024-11-09 15:20:32,990 : INFO : EventManager : Event: ======'machine_var_audits_shots_shot_center_spinner_heat'====== Args={'value': 2, 'prev_value': None, 'change': True}
2024-11-09 15:20:32,990 : INFO : EventManager : Event: ======'machine_var_audits_shots_shot_left_orbit_heat'====== Args={'value': 3, 'prev_value': None, 'change': True}
2024-11-09 15:20:32,990 : INFO : EventManager : Event: ======'machine_var_audits_shots_shot_left_ramp'====== Args={'value': 394, 'prev_value': None, 'change': True}
2024-11-09 15:20:32,990 : INFO : EventManager : Event: ======'machine_var_audits_shots_shot_left_ramp_heat'====== Args={'value': 2, 'prev_value': None, 'change': True}
2024-11-09 15:20:32,991 : INFO : EventManager : Event: ======'machine_var_audits_shots_shot_right_orbit_heat'====== Args={'value': 3, 'prev_value': None, 'change': True}
2024-11-09 15:20:32,991 : INFO : EventManager : Event: ======'machine_var_audits_shots_shot_right_ramp'====== Args={'value': 286, 'prev_value': None, 'change': True}
2024-11-09 15:20:32,991 : INFO : EventManager : Event: ======'machine_var_audits_shots_shot_right_ramp_heat'====== Args={'value': 2, 'prev_value': None, 'change': True}
2024-11-09 15:20:32,991 : INFO : EventManager : Event: ======'machine_var_audits_shots_skillshot_a_target'====== Args={'value': 116, 'prev_value': None, 'change': True}
2024-11-09 15:20:32,991 : INFO : EventManager : Event: ======'machine_var_audits_shots_skillshot_e_target'====== Args={'value': 96, 'prev_value': None, 'change': True}
2024-11-09 15:20:32,991 : INFO : EventManager : Event: ======'machine_var_audits_shots_skillshot_n_target'====== Args={'value': 87, 'prev_value': None, 'change': True}
2024-11-09 15:20:32,991 : INFO : EventManager : Event: ======'machine_var_audits_shots_skillshot_o_target'====== Args={'value': 172, 'prev_value': None, 'change': True}
2024-11-09 15:20:32,992 : INFO : EventManager : Event: ======'machine_var_audits_shots_skillshot_p2_target'====== Args={'value': 198, 'prev_value': None, 'change': True}
2024-11-09 15:20:32,992 : INFO : EventManager : Event: ======'machine_var_audits_shots_skillshot_p_target'====== Args={'value': 201, 'prev_value': None, 'change': True}
2024-11-09 15:20:32,992 : INFO : EventManager : Event: ======'machine_var_audits_shots_skillshot_r_target'====== Args={'value': 179, 'prev_value': None, 'change': True}
2024-11-09 15:20:32,992 : INFO : EventManager : Event: ======'machine_var_audits_shots_spinner'====== Args={'value': 11, 'prev_value': None, 'change': True}
2024-11-09 15:20:32,992 : INFO : EventManager : Event: ======'machine_var_audits_shots_top_inline_drop'====== Args={'value': 8, 'prev_value': None, 'change': True}
2024-11-09 15:20:32,992 : INFO : EventManager : Event: ======'machine_var_audits_switches_s_a_target'====== Args={'value': 280, 'prev_value': None, 'change': True}
2024-11-09 15:20:32,992 : INFO : EventManager : Event: ======'machine_var_audits_switches_s_bottom_inline_drop'====== Args={'value': 1076, 'prev_value': None, 'change': True}
2024-11-09 15:20:32,993 : INFO : EventManager : Event: ======'machine_var_audits_switches_s_bottom_pop_bumper'====== Args={'value': 833, 'prev_value': None, 'change': True}
2024-11-09 15:20:32,993 : INFO : EventManager : Event: ======'machine_var_audits_switches_s_center_spinner'====== Args={'value': 356, 'prev_value': None, 'change': True}
2024-11-09 15:20:32,993 : INFO : EventManager : Event: ======'machine_var_audits_switches_s_e_target'====== Args={'value': 261, 'prev_value': None, 'change': True}
2024-11-09 15:20:32,993 : INFO : EventManager : Event: ======'machine_var_audits_switches_s_launch_button'====== Args={'value': 10, 'prev_value': None, 'change': True}
2024-11-09 15:20:32,994 : INFO : EventManager : Event: ======'machine_var_audits_switches_s_left_flipper'====== Args={'value': 691, 'prev_value': None, 'change': True}
2024-11-09 15:20:32,994 : INFO : EventManager : Event: ======'machine_var_audits_switches_s_left_inlane'====== Args={'value': 272, 'prev_value': None, 'change': True}
2024-11-09 15:20:32,994 : INFO : EventManager : Event: ======'machine_var_audits_switches_s_left_inner_horseshoe'====== Args={'value': 21, 'prev_value': None, 'change': True}
2024-11-09 15:20:32,994 : INFO : EventManager : Event: ======'machine_var_audits_switches_s_left_orbit_enter'====== Args={'value': 119, 'prev_value': None, 'change': True}
2024-11-09 15:20:32,994 : INFO : EventManager : Event: ======'machine_var_audits_switches_s_left_orbit_exit'====== Args={'value': 24, 'prev_value': None, 'change': True}
2024-11-09 15:20:32,995 : INFO : EventManager : Event: ======'machine_var_audits_switches_s_left_outlane'====== Args={'value': 246, 'prev_value': None, 'change': True}
2024-11-09 15:20:32,995 : INFO : EventManager : Event: ======'machine_var_audits_switches_s_left_pop_bumper'====== Args={'value': 9, 'prev_value': None, 'change': True}
2024-11-09 15:20:32,995 : INFO : EventManager : Event: ======'machine_var_audits_switches_s_left_ramp_enter'====== Args={'value': 43, 'prev_value': None, 'change': True}
2024-11-09 15:20:32,995 : INFO : EventManager : Event: ======'machine_var_audits_switches_s_left_ramp_exit'====== Args={'value': 421, 'prev_value': None, 'change': True}
2024-11-09 15:20:32,995 : INFO : EventManager : Event: ======'machine_var_audits_switches_s_left_ramp_standup'====== Args={'value': 1597, 'prev_value': None, 'change': True}
2024-11-09 15:20:32,995 : INFO : EventManager : Event: ======'machine_var_audits_switches_s_left_rollover_lane'====== Args={'value': 230, 'prev_value': None, 'change': True}
2024-11-09 15:20:32,996 : INFO : EventManager : Event: ======'machine_var_audits_switches_s_left_sling'====== Args={'value': 12, 'prev_value': None, 'change': True}
2024-11-09 15:20:32,996 : INFO : EventManager : Event: ======'machine_var_audits_switches_s_left_spinner'====== Args={'value': 288, 'prev_value': None, 'change': True}
2024-11-09 15:20:32,996 : INFO : EventManager : Event: ======'machine_var_audits_switches_s_middle_inline_drop'====== Args={'value': 1053, 'prev_value': None, 'change': True}
2024-11-09 15:20:32,996 : INFO : EventManager : Event: ======'machine_var_audits_switches_s_middle_rollover_lane'====== Args={'value': 217, 'prev_value': None, 'change': True}
2024-11-09 15:20:32,996 : INFO : EventManager : Event: ======'machine_var_audits_switches_s_n_target'====== Args={'value': 251, 'prev_value': None, 'change': True}
2024-11-09 15:20:32,997 : INFO : EventManager : Event: ======'machine_var_audits_switches_s_o_target'====== Args={'value': 666, 'prev_value': None, 'change': True}
2024-11-09 15:20:32,997 : INFO : EventManager : Event: ======'machine_var_audits_switches_s_p2_target'====== Args={'value': 335, 'prev_value': None, 'change': True}
2024-11-09 15:20:32,997 : INFO : EventManager : Event: ======'machine_var_audits_switches_s_p_target'====== Args={'value': 914, 'prev_value': None, 'change': True}
2024-11-09 15:20:32,997 : INFO : EventManager : Event: ======'machine_var_audits_switches_s_plunger'====== Args={'value': 1711, 'prev_value': None, 'change': True}
2024-11-09 15:20:32,997 : INFO : EventManager : Event: ======'machine_var_audits_switches_s_plunger_lane'====== Args={'value': 39, 'prev_value': None, 'change': True}
2024-11-09 15:20:32,997 : INFO : EventManager : Event: ======'machine_var_audits_switches_s_plunger_lane_exit'====== Args={'value': 1373, 'prev_value': None, 'change': True}
2024-11-09 15:20:32,998 : INFO : EventManager : Event: ======'machine_var_audits_switches_s_r_target'====== Args={'value': 675, 'prev_value': None, 'change': True}
2024-11-09 15:20:32,998 : INFO : EventManager : Event: ======'machine_var_audits_switches_s_right_flipper'====== Args={'value': 2525, 'prev_value': None, 'change': True}
2024-11-09 15:20:32,998 : INFO : EventManager : Event: ======'machine_var_audits_switches_s_right_inlane'====== Args={'value': 234, 'prev_value': None, 'change': True}
2024-11-09 15:20:32,998 : INFO : EventManager : Event: ======'machine_var_audits_switches_s_right_inner_horseshoe'====== Args={'value': 30, 'prev_value': None, 'change': True}
2024-11-09 15:20:32,998 : INFO : EventManager : Event: ======'machine_var_audits_switches_s_right_orbit_exit'====== Args={'value': 34, 'prev_value': None, 'change': True}
2024-11-09 15:20:32,999 : INFO : EventManager : Event: ======'machine_var_audits_switches_s_right_outlane'====== Args={'value': 223, 'prev_value': None, 'change': True}
2024-11-09 15:20:32,999 : INFO : EventManager : Event: ======'machine_var_audits_switches_s_right_pop_bumper'====== Args={'value': 25, 'prev_value': None, 'change': True}
2024-11-09 15:20:32,999 : INFO : EventManager : Event: ======'machine_var_audits_switches_s_right_ramp_enter'====== Args={'value': 20, 'prev_value': None, 'change': True}
2024-11-09 15:20:32,999 : INFO : EventManager : Event: ======'machine_var_audits_switches_s_right_ramp_exit'====== Args={'value': 298, 'prev_value': None, 'change': True}
2024-11-09 15:20:32,999 : INFO : EventManager : Event: ======'machine_var_audits_switches_s_right_ramp_standup'====== Args={'value': 320, 'prev_value': None, 'change': True}
2024-11-09 15:20:33,000 : INFO : EventManager : Event: ======'machine_var_audits_switches_s_right_rollover_lane'====== Args={'value': 231, 'prev_value': None, 'change': True}
2024-11-09 15:20:33,000 : INFO : EventManager : Event: ======'machine_var_audits_switches_s_right_sling'====== Args={'value': 22, 'prev_value': None, 'change': True}
2024-11-09 15:20:33,000 : INFO : EventManager : Event: ======'machine_var_audits_switches_s_scoop'====== Args={'value': 1111, 'prev_value': None, 'change': True}
2024-11-09 15:20:33,000 : INFO : EventManager : Event: ======'machine_var_audits_switches_s_start'====== Args={'value': 955, 'prev_value': None, 'change': True}
2024-11-09 15:20:33,000 : INFO : EventManager : Event: ======'machine_var_audits_switches_s_top_inline_drop'====== Args={'value': 58, 'prev_value': None, 'change': True}
2024-11-09 15:20:33,001 : INFO : EventManager : Event: ======'machine_var_audits_switches_s_trough1'====== Args={'value': 578, 'prev_value': None, 'change': True}
2024-11-09 15:20:33,001 : INFO : EventManager : Event: ======'machine_var_audits_switches_s_trough2'====== Args={'value': 37, 'prev_value': None, 'change': True}
2024-11-09 15:20:33,001 : INFO : EventManager : Event: ======'machine_var_audits_switches_s_trough3'====== Args={'value': 22, 'prev_value': None, 'change': True}
2024-11-09 15:20:33,001 : INFO : EventManager : Event: ======'machine_var_audits_switches_s_trough4'====== Args={'value': 3, 'prev_value': None, 'change': True}
2024-11-09 15:20:33,002 : INFO : EventManager : Event: ======'machine_var_audits_switches_s_trough5'====== Args={'value': 2, 'prev_value': None, 'change': True}
2024-11-09 15:20:33,002 : INFO : EventManager : Event: ======'machine_var_audits_switches_s_trough6'====== Args={'value': 1, 'prev_value': None, 'change': True}
2024-11-09 15:20:33,002 : INFO : EventManager : Event: ======'machine_var_audits_switches_s_trough_jam'====== Args={'value': 5, 'prev_value': None, 'change': True}
2024-11-09 15:20:33,002 : INFO : EventManager : Event: ======'init_phase_5'====== Args={}
2024-11-09 15:20:33,005 : INFO : EventManager : Event: ======'init_done'====== Args={}
2024-11-09 15:20:33,005 : INFO : EventManager : Event: ======'machine_reset_phase_1'====== Args={}
2024-11-09 15:20:33,009 : INFO : EventManager : Event: ======'machine_reset_phase_2'====== Args={}
2024-11-09 15:20:33,010 : INFO : EventManager : Event: ======'machine_reset_phase_3'====== Args={}
2024-11-09 15:20:33,010 : INFO : drop_target_bank.strickland_bank : All targets are already up. Will not reset bank.
2024-11-09 15:20:33,010 : INFO : EventManager : Event: ======'reset_complete'====== Args={}
2024-11-09 15:20:33,010 : INFO : EventManager : Event: ======'mode_attract_will_start'====== Args={}
2024-11-09 15:20:33,010 : INFO : Timer.attract_switch : Starting Timer.
2024-11-09 15:20:33,010 : INFO : EventManager : Event: ======'timer_attract_switch_started'====== Args={'ticks': 0, 'ticks_remaining': 46}
2024-11-09 15:20:33,010 : INFO : EventManager : Event: ======'timer_attract_switch_tick'====== Args={'ticks': 0, 'ticks_remaining': 46}
2024-11-09 15:20:33,011 : INFO : EventManager : Event: ======'mode_attract_starting'====== Args={}
2024-11-09 15:20:33,011 : INFO : Mode.attract : Started. Priority: 10
2024-11-09 15:20:33,011 : INFO : EventManager : Event: ======'modes_active_modes_changed'====== Args={}
2024-11-09 15:20:33,011 : INFO : EventManager : Event: ======'mode_attract_started'====== Args={}
2024-11-09 15:20:33,011 : INFO : EventManager : Event: ======'collecting_balls_complete'====== Args={}
2024-11-09 15:20:33,011 : INFO : Machine : Starting the main run loop.
2024-11-09 15:20:33,506 : INFO : BcpServer : New client connected.
2024-11-09 15:20:33,588 : INFO : SwitchController : <<<<<<< 's_start' active >>>>>>>
2024-11-09 15:20:33,588 : INFO : EventManager : Event: ======'s_start_active'====== Args={}
2024-11-09 15:20:33,589 : INFO : EventManager : Event: ======'sw_add_player'====== Args={'priority': 0}
2024-11-09 15:20:33,695 : INFO : SwitchController : <<<<<<< 's_start' inactive >>>>>>>
2024-11-09 15:20:33,695 : INFO : EventManager : Event: ======'request_to_start_game'====== Args={}
2024-11-09 15:20:33,696 : INFO : EventManager : Event: ======'game_start'====== Args={'buttons': [], 'hold_time': 0.10692012500000003}
2024-11-09 15:20:33,696 : INFO : EventManager : Event: ======'mode_game_will_start'====== Args={'buttons': [], 'hold_time': 0.10692012500000003}
2024-11-09 15:20:33,696 : INFO : EventManager : Event: ======'mode_game_starting'====== Args={'buttons': [], 'hold_time': 0.10692012500000003}
2024-11-09 15:20:33,696 : INFO : EventManager : Event: ======'mode_attract_will_stop'====== Args={}
2024-11-09 15:20:33,696 : INFO : EventManager : Event: ======'mode_attract_stopping'====== Args={}
2024-11-09 15:20:33,697 : INFO : Mode.attract : Stopped.
2024-11-09 15:20:33,697 : INFO : EventManager : Event: ======'modes_active_modes_changed'====== Args={}
2024-11-09 15:20:33,697 : INFO : EventManager : Event: ======'mode_attract_stopped'====== Args={}
2024-11-09 15:20:33,698 : INFO : EventManager : Event: ======'clear'====== Args={'key': 'attract'}
2024-11-09 15:20:33,698 : INFO : Timer.attract_switch : Stopping Timer
2024-11-09 15:20:33,699 : INFO : EventManager : Event: ======'timer_attract_switch_stopped'====== Args={'ticks': 0, 'ticks_remaining': 46}
2024-11-09 15:20:33,699 : INFO : Mode.game : Started. Priority: 20
2024-11-09 15:20:33,699 : INFO : EventManager : Event: ======'modes_active_modes_changed'====== Args={}
2024-11-09 15:20:33,699 : INFO : EventManager : Event: ======'mode_game_started'====== Args={'buttons': [], 'hold_time': 0.10692012500000003}
2024-11-09 15:20:33,700 : INFO : EventManager : Event: ======'game_will_start'====== Args={}
2024-11-09 15:20:33,701 : INFO : EventManager : Event: ======'game_starting'====== Args={'game': <Mode.game>}
2024-11-09 15:20:33,703 : INFO : EventManager : Unordered handler for class <Auditor> on event game_ended with priority 1. Handlers: [RegisteredHandler(callback=<bound method Auditor.disable of <Auditor>>, priority=1, kwargs={}, key=UUID('d8c9f9fa-511c-463c-8a63-6a9b3decb63f'), condition=None, blocking_facility=None), RegisteredHandler(callback=<bound method Auditor._save_audits of <Auditor>>, priority=1, kwargs={}, key=UUID('b7cc0c2f-d139-4d30-af6e-8eb6d9af63c0'), condition=None, blocking_facility=None)]. The order of those handlers is not defined and they will be executed in random order. This might lead to race conditions and potential bugs.
2024-11-09 15:20:33,703 : INFO : EventManager : Event: ======'player_add_request'====== Args={}
2024-11-09 15:20:33,703 : INFO : EventManager : Event: ======'player_will_add'====== Args={'number': 1}
2024-11-09 15:20:33,703 : INFO : EventManager : Event: ======'player_adding'====== Args={'player': <Player 1>, 'number': 1}
2024-11-09 15:20:33,703 : INFO : EventManager : Event: ======'player_added'====== Args={'player': <Player 1>, 'num': 1}
2024-11-09 15:20:33,704 : INFO : Mode.game : Player added successfully. Total players: 1
2024-11-09 15:20:33,704 : INFO : EventManager : Event: ======'player_index'====== Args={'value': 0, 'prev_value': 0, 'change': 0, 'player_num': 1}
2024-11-09 15:20:33,704 : INFO : EventManager : Event: ======'player_number'====== Args={'value': 1, 'prev_value': 1, 'change': 0, 'player_num': 1}
2024-11-09 15:20:33,704 : INFO : EventManager : Event: ======'player_score'====== Args={'value': 0, 'prev_value': 0, 'change': 0, 'player_num': 1}
2024-11-09 15:20:33,704 : INFO : EventManager : Event: ======'game_started'====== Args={}
2024-11-09 15:20:33,705 : INFO : EventManager : Event: ======'player_turn_will_start'====== Args={'player': <Player 1>, 'number': 1}
2024-11-09 15:20:33,705 : INFO : EventManager : Event: ======'player_turn_starting'====== Args={'player': <Player 1>, 'number': 1}
2024-11-09 15:20:33,705 : INFO : EventManager : Event: ======'player_ball'====== Args={'value': 1, 'prev_value': 0, 'change': 1, 'player_num': 1}
2024-11-09 15:20:33,705 : INFO : EventManager : Event: ======'player_turn_started'====== Args={'player': <Player 1>, 'number': 1}
2024-11-09 15:20:33,705 : INFO : EventManager : Event: ======'ball_will_start'====== Args={'player': 1, 'ball': 1, 'balls_remaining': 2, 'is_extra_ball': False}
2024-11-09 15:20:33,708 : INFO : EventManager : Event: ======'ball_starting'====== Args={'player': 1, 'ball': 1, 'balls_remaining': 2, 'is_extra_ball': False}
2024-11-09 15:20:33,709 : INFO : EventManager : Event: ======'mode_rainey_multiball_will_start'====== Args={'queue': <QueuedEvent>, 'player': 1, 'ball': 1, 'balls_remaining': 2, 'is_extra_ball': False}
2024-11-09 15:20:33,709 : INFO : EventManager : Event: ======'mode_rainey_multiball_starting'====== Args={'queue': <QueuedEvent>, 'player': 1, 'ball': 1, 'balls_remaining': 2, 'is_extra_ball': False}
2024-11-09 15:20:33,710 : INFO : EventManager : Event: ======'mode_skillshot_will_start'====== Args={'queue': <QueuedEvent>, 'player': 1, 'ball': 1, 'balls_remaining': 2, 'is_extra_ball': False}
2024-11-09 15:20:33,710 : INFO : EventManager : Event: ======'skillshot_complete'====== Args={'state': 'None'}
2024-11-09 15:20:33,710 : INFO : EventManager : Event: ======'skillshot_None_complete'====== Args={}
2024-11-09 15:20:33,710 : INFO : EventManager : Event: ======'player_shot_skillshot_p_target_enabled'====== Args={'value': True, 'prev_value': 0, 'change': 1, 'player_num': 1}
2024-11-09 15:20:33,710 : INFO : EventManager : Event: ======'player_shot_skillshot_r_target_enabled'====== Args={'value': True, 'prev_value': 0, 'change': 1, 'player_num': 1}
2024-11-09 15:20:33,711 : INFO : EventManager : Event: ======'player_shot_skillshot_o_target_enabled'====== Args={'value': True, 'prev_value': 0, 'change': 1, 'player_num': 1}
2024-11-09 15:20:33,711 : INFO : EventManager : Event: ======'player_shot_skillshot_p2_target_enabled'====== Args={'value': True, 'prev_value': 0, 'change': 1, 'player_num': 1}
2024-11-09 15:20:33,711 : INFO : EventManager : Event: ======'player_shot_skillshot_a_target_enabled'====== Args={'value': True, 'prev_value': 0, 'change': 1, 'player_num': 1}
2024-11-09 15:20:33,711 : INFO : EventManager : Event: ======'player_shot_skillshot_n_target_enabled'====== Args={'value': True, 'prev_value': 0, 'change': 1, 'player_num': 1}
2024-11-09 15:20:33,711 : INFO : EventManager : Event: ======'player_shot_skillshot_e_target_enabled'====== Args={'value': True, 'prev_value': 0, 'change': 1, 'player_num': 1}
2024-11-09 15:20:33,712 : INFO : EventManager : Event: ======'player_skillshot_skillshot_rotate_tick'====== Args={'value': 0, 'prev_value': 0, 'change': 0, 'player_num': 1}
2024-11-09 15:20:33,712 : INFO : Timer.skillshot_rotate : Starting Timer.
2024-11-09 15:20:33,712 : INFO : EventManager : Event: ======'timer_skillshot_rotate_started'====== Args={'ticks': 0, 'ticks_remaining': 0}
2024-11-09 15:20:33,712 : INFO : EventManager : Event: ======'timer_skillshot_rotate_tick'====== Args={'ticks': 0, 'ticks_remaining': 0}
2024-11-09 15:20:33,713 : INFO : EventManager : Event: ======'mode_skillshot_starting'====== Args={'queue': <QueuedEvent>, 'player': 1, 'ball': 1, 'balls_remaining': 2, 'is_extra_ball': False}
2024-11-09 15:20:33,713 : INFO : EventManager : Event: ======'mode_base_will_start'====== Args={'queue': <QueuedEvent>, 'player': 1, 'ball': 1, 'balls_remaining': 2, 'is_extra_ball': False}
2024-11-09 15:20:33,713 : INFO : EventManager : Event: ======'player_shot_qualify_p_target_enabled'====== Args={'value': False, 'prev_value': 0, 'change': 0, 'player_num': 1}
2024-11-09 15:20:33,714 : INFO : EventManager : Event: ======'player_shot_qualify_r_target_enabled'====== Args={'value': False, 'prev_value': 0, 'change': 0, 'player_num': 1}
2024-11-09 15:20:33,714 : INFO : EventManager : Event: ======'player_shot_qualify_o_target_enabled'====== Args={'value': False, 'prev_value': 0, 'change': 0, 'player_num': 1}
2024-11-09 15:20:33,714 : INFO : EventManager : Event: ======'player_shot_mode_scoop_enabled'====== Args={'value': False, 'prev_value': 0, 'change': 0, 'player_num': 1}
2024-11-09 15:20:33,714 : INFO : EventManager : Event: ======'player_shot_rainey_multiball_ball_lock_p2_target_enabled'====== Args={'value': True, 'prev_value': 0, 'change': 1, 'player_num': 1}
2024-11-09 15:20:33,714 : INFO : EventManager : Event: ======'player_shot_rainey_multiball_ball_lock_a_target_enabled'====== Args={'value': True, 'prev_value': 0, 'change': 1, 'player_num': 1}
2024-11-09 15:20:33,714 : INFO : EventManager : Event: ======'player_shot_rainey_multiball_ball_lock_n_target_enabled'====== Args={'value': True, 'prev_value': 0, 'change': 1, 'player_num': 1}
2024-11-09 15:20:33,715 : INFO : EventManager : Event: ======'player_shot_rainey_multiball_ball_lock_e_target_enabled'====== Args={'value': True, 'prev_value': 0, 'change': 1, 'player_num': 1}
2024-11-09 15:20:33,715 : INFO : EventManager : Event: ======'player_shot_bottom_inline_drop_enabled'====== Args={'value': True, 'prev_value': 0, 'change': 1, 'player_num': 1}
2024-11-09 15:20:33,715 : INFO : EventManager : Event: ======'player_shot_middle_inline_drop_enabled'====== Args={'value': True, 'prev_value': 0, 'change': 1, 'player_num': 1}
2024-11-09 15:20:33,715 : INFO : EventManager : Event: ======'player_shot_top_inline_drop_enabled'====== Args={'value': True, 'prev_value': 0, 'change': 1, 'player_num': 1}
2024-11-09 15:20:33,716 : INFO : EventManager : Event: ======'qualify_mission_complete'====== Args={'state': 'unlit'}
2024-11-09 15:20:33,716 : INFO : EventManager : Event: ======'qualify_mission_unlit_complete'====== Args={}
2024-11-09 15:20:33,716 : INFO : EventManager : Event: ======'light_rainey_multiball_ball_lock_complete'====== Args={'state': 'unlit'}
2024-11-09 15:20:33,716 : INFO : EventManager : Event: ======'light_rainey_multiball_ball_lock_unlit_complete'====== Args={}
2024-11-09 15:20:33,716 : INFO : EventManager : Event: ======'strickland_drops_complete'====== Args={'state': 'unlit'}
2024-11-09 15:20:33,716 : INFO : EventManager : Event: ======'strickland_drops_unlit_complete'====== Args={}
2024-11-09 15:20:33,717 : INFO : EventManager : Event: ======'achievement_bill_bulk_and_the_body_buddies_changed_state'====== Args={'restore': False, 'state': 'enabled', 'selected': False}
2024-11-09 15:20:33,717 : INFO : EventManager : Event: ======'achievement_bill_bulk_and_the_body_buddies_state_enabled'====== Args={'restore': False, 'state': 'enabled', 'selected': False}
2024-11-09 15:20:33,719 : INFO : EventManager : Event: ======'mode_base_starting'====== Args={'queue': <QueuedEvent>, 'player': 1, 'ball': 1, 'balls_remaining': 2, 'is_extra_ball': False}
2024-11-09 15:20:33,720 : INFO : drop_target_bank.strickland_bank : All targets are already up. Will not reset bank.
2024-11-09 15:20:33,720 : INFO : EventManager : Event: ======'cmd_flippers_enable'====== Args={'priority': 0}
2024-11-09 15:20:33,720 : INFO : EventManager : Event: ======'cmd_autofire_coils_enable'====== Args={'priority': 0}
2024-11-09 15:20:33,720 : INFO : EventManager : Event: ======'cmd_drop_targets_reset'====== Args={'priority': 0}
2024-11-09 15:20:33,720 : INFO : EventManager : Event: ======'mode_strickland_multiball_will_start'====== Args={'state': 'unlit'}
2024-11-09 15:20:33,720 : INFO : EventManager : Event: ======'mode_strickland_multiball_starting'====== Args={'state': 'unlit'}
2024-11-09 15:20:33,720 : INFO : Mode.strickland_multiball : Started. Priority: 250
2024-11-09 15:20:33,720 : INFO : EventManager : Event: ======'modes_active_modes_changed'====== Args={}
2024-11-09 15:20:33,720 : INFO : EventManager : Event: ======'mode_strickland_multiball_started'====== Args={'state': 'unlit'}
2024-11-09 15:20:33,721 : INFO : Mode.skillshot : Started. Priority: 200
2024-11-09 15:20:33,721 : INFO : EventManager : Event: ======'modes_active_modes_changed'====== Args={}
2024-11-09 15:20:33,721 : INFO : EventManager : Event: ======'mode_skillshot_started'====== Args={'queue': <QueuedEvent>, 'player': 1, 'ball': 1, 'balls_remaining': 2, 'is_extra_ball': False}
2024-11-09 15:20:33,721 : INFO : EventManager : Event: ======'player_shot_skillshot_p_target'====== Args={'value': 1, 'prev_value': 0, 'change': 1, 'player_num': 1}
2024-11-09 15:20:33,721 : INFO : EventManager : Event: ======'balls_in_play'====== Args={'balls': 1}
2024-11-09 15:20:33,721 : INFO : EventManager : Event: ======'ball_started'====== Args={'player': 1, 'ball': 1, 'balls_remaining': 2, 'is_extra_ball': False}
2024-11-09 15:20:33,721 : INFO : EventManager : Event: ======'logicblock_mb_counter_updated'====== Args={'value': 0, 'enabled': False}
2024-11-09 15:20:33,721 : INFO : Mode.rainey_multiball : Started. Priority: 250
2024-11-09 15:20:33,722 : INFO : EventManager : Event: ======'modes_active_modes_changed'====== Args={}
2024-11-09 15:20:33,722 : INFO : EventManager : Event: ======'mode_rainey_multiball_started'====== Args={'queue': <QueuedEvent>, 'player': 1, 'ball': 1, 'balls_remaining': 2, 'is_extra_ball': False}
2024-11-09 15:20:33,722 : INFO : EventManager : Event: ======'mode_extra_ball_will_start'====== Args={'player': 1, 'ball': 1, 'balls_remaining': 2, 'is_extra_ball': False}
2024-11-09 15:20:33,722 : INFO : EventManager : Event: ======'player_extra_ball_score_one_num_awarded'====== Args={'value': 0, 'prev_value': 0, 'change': 0, 'player_num': 1}
2024-11-09 15:20:33,722 : INFO : EventManager : Event: ======'player_extra_ball_score_two_num_awarded'====== Args={'value': 0, 'prev_value': 0, 'change': 0, 'player_num': 1}
2024-11-09 15:20:33,722 : INFO : EventManager : Event: ======'player_extra_ball_score_three_num_awarded'====== Args={'value': 0, 'prev_value': 0, 'change': 0, 'player_num': 1}
2024-11-09 15:20:33,722 : INFO : EventManager : Event: ======'mode_extra_ball_starting'====== Args={'player': 1, 'ball': 1, 'balls_remaining': 2, 'is_extra_ball': False}
2024-11-09 15:20:33,722 : INFO : EventManager : Event: ======'mode_BBQ_rollover_will_start'====== Args={'player': 1, 'ball': 1, 'balls_remaining': 2, 'is_extra_ball': False}
2024-11-09 15:20:33,723 : INFO : EventManager : Event: ======'player_shot_left_rollover_lane_enabled'====== Args={'value': True, 'prev_value': 0, 'change': 1, 'player_num': 1}
2024-11-09 15:20:33,723 : INFO : EventManager : Event: ======'player_shot_middle_rollover_lane_enabled'====== Args={'value': True, 'prev_value': 0, 'change': 1, 'player_num': 1}
2024-11-09 15:20:33,723 : INFO : EventManager : Event: ======'player_shot_right_rollover_lane_enabled'====== Args={'value': True, 'prev_value': 0, 'change': 1, 'player_num': 1}
2024-11-09 15:20:33,723 : INFO : EventManager : Event: ======'BBQ_lanes_complete'====== Args={'state': 'unlit'}
2024-11-09 15:20:33,723 : INFO : EventManager : Event: ======'BBQ_lanes_unlit_complete'====== Args={}
2024-11-09 15:20:33,724 : INFO : EventManager : Event: ======'mode_BBQ_rollover_starting'====== Args={'player': 1, 'ball': 1, 'balls_remaining': 2, 'is_extra_ball': False}
2024-11-09 15:20:33,724 : INFO : EventManager : Event: ======'mode_hank_rollover_will_start'====== Args={'player': 1, 'ball': 1, 'balls_remaining': 2, 'is_extra_ball': False}
2024-11-09 15:20:33,724 : INFO : EventManager : Event: ======'player_shot_h_rollover_lane_enabled'====== Args={'value': True, 'prev_value': 0, 'change': 1, 'player_num': 1}
2024-11-09 15:20:33,724 : INFO : EventManager : Event: ======'player_shot_a_rollover_lane_enabled'====== Args={'value': True, 'prev_value': 0, 'change': 1, 'player_num': 1}
2024-11-09 15:20:33,725 : INFO : EventManager : Event: ======'player_shot_n_rollover_lane_enabled'====== Args={'value': True, 'prev_value': 0, 'change': 1, 'player_num': 1}
2024-11-09 15:20:33,725 : INFO : EventManager : Event: ======'player_shot_k_rollover_lane_enabled'====== Args={'value': True, 'prev_value': 0, 'change': 1, 'player_num': 1}
2024-11-09 15:20:33,725 : INFO : EventManager : Event: ======'hank_lanes_complete'====== Args={'state': 'unlit'}
2024-11-09 15:20:33,725 : INFO : EventManager : Event: ======'hank_lanes_unlit_complete'====== Args={}
2024-11-09 15:20:33,726 : INFO : EventManager : Event: ======'mode_hank_rollover_starting'====== Args={'player': 1, 'ball': 1, 'balls_remaining': 2, 'is_extra_ball': False}
2024-11-09 15:20:33,726 : INFO : EventManager : Event: ======'player_shot_qualify_p_target_enabled'====== Args={'value': True, 'prev_value': False, 'change': 1, 'player_num': 1}
2024-11-09 15:20:33,726 : INFO : EventManager : Event: ======'player_shot_qualify_r_target_enabled'====== Args={'value': True, 'prev_value': False, 'change': 1, 'player_num': 1}
2024-11-09 15:20:33,726 : INFO : EventManager : Event: ======'player_shot_qualify_o_target_enabled'====== Args={'value': True, 'prev_value': False, 'change': 1, 'player_num': 1}
2024-11-09 15:20:33,727 : INFO : Mode.extra_ball : Started. Priority: 900
2024-11-09 15:20:33,727 : INFO : EventManager : Event: ======'modes_active_modes_changed'====== Args={}
2024-11-09 15:20:33,727 : INFO : EventManager : Event: ======'mode_extra_ball_started'====== Args={'player': 1, 'ball': 1, 'balls_remaining': 2, 'is_extra_ball': False}
2024-11-09 15:20:33,727 : INFO : EventManager : Event: ======'logicblock_bill_mini_wizard_updated'====== Args={'value': [False, False], 'enabled': True}
2024-11-09 15:20:33,727 : INFO : EventManager : Event: ======'logicblock_dale_mini_wizard_updated'====== Args={'value': [False, False], 'enabled': True}
2024-11-09 15:20:33,727 : INFO : EventManager : Event: ======'logicblock_hank_mini_wizard_updated'====== Args={'value': [False, False], 'enabled': True}
2024-11-09 15:20:33,727 : INFO : EventManager : Event: ======'logicblock_boom_mini_wizard_updated'====== Args={'value': [False, False], 'enabled': True}
2024-11-09 15:20:33,727 : INFO : EventManager : Event: ======'logicblock_wizard_mode_updated'====== Args={'value': [False, False, False, False], 'enabled': True}
2024-11-09 15:20:33,727 : INFO : EventManager : Event: ======'logicblock_bill_mini_wizard_updated'====== Args={'value': [False, False], 'enabled': True}
2024-11-09 15:20:33,727 : INFO : EventManager : Event: ======'logicblock_dale_mini_wizard_updated'====== Args={'value': [False, False], 'enabled': True}
2024-11-09 15:20:33,727 : INFO : EventManager : Event: ======'logicblock_hank_mini_wizard_updated'====== Args={'value': [False, False], 'enabled': True}
2024-11-09 15:20:33,727 : INFO : EventManager : Event: ======'logicblock_boom_mini_wizard_updated'====== Args={'value': [False, False], 'enabled': True}
2024-11-09 15:20:33,727 : INFO : EventManager : Event: ======'logicblock_wizard_mode_updated'====== Args={'value': [False, False, False, False], 'enabled': True}
2024-11-09 15:20:33,728 : INFO : Mode.base : Started. Priority: 100
2024-11-09 15:20:33,728 : INFO : EventManager : Event: ======'modes_active_modes_changed'====== Args={}
2024-11-09 15:20:33,728 : INFO : EventManager : Event: ======'mode_base_started'====== Args={'queue': <QueuedEvent>, 'player': 1, 'ball': 1, 'balls_remaining': 2, 'is_extra_ball': False}
2024-11-09 15:20:33,728 : INFO : EventManager : Event: ======'ball_save_default_enabled'====== Args={}
2024-11-09 15:20:33,728 : INFO : EventManager : Event: ======'slide__removed'====== Args={'_from_bcp': True}
2024-11-09 15:20:33,728 : INFO : EventManager : Event: ======'logicblock_lb_BBQ_complete_count_updated'====== Args={'value': 1, 'enabled': True}
2024-11-09 15:20:33,728 : INFO : EventManager : Event: ======'logicblock_lb_BBQ_complete_count_updated'====== Args={'value': 1, 'enabled': True}
2024-11-09 15:20:33,728 : INFO : Mode.BBQ_rollover : Started. Priority: 200
2024-11-09 15:20:33,729 : INFO : EventManager : Event: ======'modes_active_modes_changed'====== Args={}
2024-11-09 15:20:33,729 : INFO : EventManager : Event: ======'mode_BBQ_rollover_started'====== Args={'player': 1, 'ball': 1, 'balls_remaining': 2, 'is_extra_ball': False}
2024-11-09 15:20:33,729 : INFO : EventManager : Event: ======'logicblock_lb_hank_complete_count_updated'====== Args={'value': 1, 'enabled': True}
2024-11-09 15:20:33,729 : INFO : EventManager : Event: ======'logicblock_lb_hank_complete_count_updated'====== Args={'value': 1, 'enabled': True}
2024-11-09 15:20:33,729 : INFO : Mode.hank_rollover : Started. Priority: 200
2024-11-09 15:20:33,729 : INFO : EventManager : Event: ======'modes_active_modes_changed'====== Args={}
2024-11-09 15:20:33,729 : INFO : EventManager : Event: ======'mode_hank_rollover_started'====== Args={'player': 1, 'ball': 1, 'balls_remaining': 2, 'is_extra_ball': False}
2024-11-09 15:20:33,729 : INFO : EventManager : Event: ======'player_bonus_multiplier'====== Args={'value': 1, 'prev_value': 0, 'change': 1, 'player_num': 1, 'source': 'BBQ_rollover'}
2024-11-09 15:20:33,729 : INFO : EventManager : Event: ======'single_player_ball_started'====== Args={}
2024-11-09 15:20:33,729 : INFO : EventManager : Event: ======'ball_start_target'====== Args={'target': 'playfield'}
2024-11-09 15:20:33,729 : INFO : ball_device.bd_plunger : Setting up player-controlled eject. Balls: 1, Target: <playfield.playfield>, player_controlled_eject_event: s_launch_button_inactive
2024-11-09 15:20:33,730 : INFO : EventManager : Event: ======'balldevice_balls_available'====== Args={}
2024-11-09 15:20:33,730 : INFO : ball_device.bd_trough : State: waiting_for_target_ready
2024-11-09 15:20:33,730 : INFO : EventManager : Event: ======'balldevice_bd_trough_ball_eject_attempt'====== Args={'balls': 1, 'target': <ball_device.bd_plunger>, 'source': <ball_device.bd_trough>, 'mechanical_eject': True, 'num_attempts': 0}
2024-11-09 15:20:33,730 : INFO : ball_device.bd_plunger : State: waiting_for_ball
2024-11-09 15:20:33,730 : INFO : ball_device.bd_trough : State: ejecting
2024-11-09 15:20:33,730 : INFO : ball_device.bd_trough : Ejecting ball to <ball_device.bd_plunger>
2024-11-09 15:20:33,730 : INFO : EventManager : Event: ======'balldevice_bd_trough_ejecting_ball'====== Args={'balls': 1, 'target': <ball_device.bd_plunger>, 'source': <ball_device.bd_trough>, 'mechanical_eject': True, 'num_attempts': 0}
2024-11-09 15:20:33,731 : INFO : ball_device.bd_trough : Wait for ball to leave device
2024-11-09 15:20:33,731 : INFO : coil.c_trough_eject : Pulsing Driver for 20ms (1.0 pulse_power)
2024-11-09 15:20:33,731 : INFO : SwitchController : <<<<<<< 's_trough1' inactive >>>>>>>
2024-11-09 15:20:33,734 : INFO : ball_device.bd_trough : State: ball_left
2024-11-09 15:20:33,734 : INFO : ball_device.bd_trough : Ball left
2024-11-09 15:20:33,734 : INFO : ball_device.bd_trough : Wait for confirm with timeout 3.0
2024-11-09 15:20:33,763 : INFO : EventManager : Event: ======'slide_arlen_intro_created'====== Args={'_from_bcp': True}
2024-11-09 15:20:33,763 : INFO : EventManager : Event: ======'slide_arlen_intro_active'====== Args={'original_context': 'skillshot', 'original_calling_context': 'mode_skillshot_started{ball==1}', 'priority': 200.0, 'queue': '<QueuedEvent>', 'player': 1.0, 'ball': 1.0, 'balls_remaining': 2.0, 'is_extra_ball': False, 'cmd': 'slides_play', '_from_bcp': True}
2024-11-09 15:20:33,768 : INFO : EventManager : Event: ======'slide_base_created'====== Args={'_from_bcp': True}
2024-11-09 15:20:33,832 : INFO : SwitchController : <<<<<<< 's_plunger' active >>>>>>>
2024-11-09 15:20:33,832 : INFO : EventManager : Event: ======'machine_var_audits_switches_s_plunger'====== Args={'value': 1712, 'prev_value': 1711, 'change': 1}
2024-11-09 15:20:33,878 : WARNING : SwitchController : Received duplicate switch state 1 for switch s_plunger from the platform interface. Log Code: Log-SwitchController-1 (https://missionpinball.org/logs)
2024-11-09 15:20:33,978 : INFO : SwitchController : <<<<<<< 's_plunger' inactive >>>>>>>
2024-11-09 15:20:34,213 : INFO : EventManager : Event: ======'player_skillshot_skillshot_rotate_tick'====== Args={'value': 1, 'prev_value': 0, 'change': 1, 'player_num': 1}
2024-11-09 15:20:34,215 : INFO : EventManager : Event: ======'timer_skillshot_rotate_tick'====== Args={'ticks': 1, 'ticks_remaining': 0}
2024-11-09 15:20:34,215 : INFO : EventManager : Event: ======'player_shot_skillshot_p_target'====== Args={'value': 0, 'prev_value': 1, 'change': -1, 'player_num': 1}
2024-11-09 15:20:34,217 : INFO : EventManager : Event: ======'player_shot_skillshot_r_target'====== Args={'value': 1, 'prev_value': 0, 'change': 1, 'player_num': 1}
2024-11-09 15:20:34,712 : INFO : EventManager : Event: ======'player_skillshot_skillshot_rotate_tick'====== Args={'value': 2, 'prev_value': 1, 'change': 1, 'player_num': 1}
2024-11-09 15:20:34,713 : INFO : EventManager : Event: ======'timer_skillshot_rotate_tick'====== Args={'ticks': 2, 'ticks_remaining': 0}
2024-11-09 15:20:34,714 : INFO : EventManager : Event: ======'player_shot_skillshot_r_target'====== Args={'value': 0, 'prev_value': 1, 'change': -1, 'player_num': 1}
2024-11-09 15:20:34,715 : INFO : EventManager : Event: ======'player_shot_skillshot_o_target'====== Args={'value': 1, 'prev_value': 0, 'change': 1, 'player_num': 1}
2024-11-09 15:20:35,213 : INFO : EventManager : Event: ======'player_skillshot_skillshot_rotate_tick'====== Args={'value': 3, 'prev_value': 2, 'change': 1, 'player_num': 1}
2024-11-09 15:20:35,214 : INFO : EventManager : Event: ======'timer_skillshot_rotate_tick'====== Args={'ticks': 3, 'ticks_remaining': 0}
2024-11-09 15:20:35,214 : INFO : EventManager : Event: ======'player_shot_skillshot_o_target'====== Args={'value': 0, 'prev_value': 1, 'change': -1, 'player_num': 1}
2024-11-09 15:20:35,215 : INFO : EventManager : Event: ======'player_shot_skillshot_p2_target'====== Args={'value': 1, 'prev_value': 0, 'change': 1, 'player_num': 1}
2024-11-09 15:20:35,519 : INFO : SwitchController : <<<<<<< 's_plunger_lane_exit' active >>>>>>>
2024-11-09 15:20:35,519 : INFO : EventManager : Event: ======'s_plunger_lane_exit_active'====== Args={}
2024-11-09 15:20:35,520 : INFO : EventManager : Event: ======'sw_playfield_active'====== Args={}
2024-11-09 15:20:35,520 : INFO : EventManager : Event: ======'machine_var_audits_switches_s_plunger_lane_exit'====== Args={'value': 1374, 'prev_value': 1373, 'change': 1}
2024-11-09 15:20:35,521 : INFO : EventManager : Event: ======'ball_save_default_timer_start'====== Args={}
2024-11-09 15:20:35,522 : INFO : EventManager : Event: ======'playfield_active'====== Args={}
2024-11-09 15:20:35,522 : INFO : EventManager : Event: ======'unexpected_ball_on_playfield'====== Args={}
2024-11-09 15:20:35,531 : INFO : EventManager : Event: ======'ball_save_default_hurry_up'====== Args={}
2024-11-09 15:20:35,537 : INFO : EventManager : Event: ======'slide_arlen_intro_inactive'====== Args={'is_removing': True, '_from_bcp': True}
2024-11-09 15:20:35,538 : INFO : EventManager : Event: ======'slide_base_active'====== Args={'_from_bcp': True}
2024-11-09 15:20:35,538 : INFO : EventManager : Event: ======'slide_arlen_intro_removed'====== Args={'_from_bcp': True}
2024-11-09 15:20:35,549 : INFO : EventManager : Event: ======'slide_skillshot_created'====== Args={'_from_bcp': True}
2024-11-09 15:20:35,550 : INFO : EventManager : Event: ======'slide_arlen_intro_removed'====== Args={'_from_bcp': True}
2024-11-09 15:20:35,550 : INFO : EventManager : Event: ======'slide_base_inactive'====== Args={'is_removing': False, '_from_bcp': True}
2024-11-09 15:20:35,550 : INFO : EventManager : Event: ======'slide_skillshot_active'====== Args={'original_context': 'skillshot', 'original_calling_context': 'slide_arlen_intro_inactive', 'priority': 200.0, 'is_removing': True, 'cmd': 'slides_play', '_from_bcp': True}
2024-11-09 15:20:35,550 : INFO : EventManager : Event: ======'player_shot_qualify_p_target_enabled'====== Args={'value': False, 'prev_value': True, 'change': -1, 'player_num': 1}
2024-11-09 15:20:35,551 : INFO : EventManager : Event: ======'player_shot_qualify_r_target_enabled'====== Args={'value': False, 'prev_value': True, 'change': -1, 'player_num': 1}
2024-11-09 15:20:35,551 : INFO : EventManager : Event: ======'player_shot_qualify_o_target_enabled'====== Args={'value': False, 'prev_value': True, 'change': -1, 'player_num': 1}
2024-11-09 15:20:35,630 : INFO : SwitchController : <<<<<<< 's_plunger_lane_exit' inactive >>>>>>>
2024-11-09 15:20:35,630 : INFO : EventManager : Event: ======'s_plunger_lane_exit_inactive'====== Args={}
2024-11-09 15:20:35,630 : INFO : Timer.skillshot_rotate : Stopping Timer
2024-11-09 15:20:35,631 : INFO : EventManager : Event: ======'timer_skillshot_rotate_stopped'====== Args={'ticks': 3, 'ticks_remaining': 0}
2024-11-09 15:20:35,631 : INFO : EventManager : Event: ======'advance_skillshot_4'====== Args={'priority': 0}
2024-11-09 15:20:35,631 : INFO : EventManager : Event: ======'player_shot_skillshot_p2_target'====== Args={'value': 2, 'prev_value': 1, 'change': 1, 'player_num': 1}
2024-11-09 15:20:36,301 : INFO : EventManager : Event: ======'slide_arlen_intro_removed'====== Args={'_from_bcp': True}
2024-11-09 15:20:36,685 : INFO : SwitchController : <<<<<<< 's_p_target' active >>>>>>>
2024-11-09 15:20:36,685 : INFO : EventManager : Event: ======'playfield_active'====== Args={}
2024-11-09 15:20:36,685 : INFO : EventManager : Event: ======'unexpected_ball_on_playfield'====== Args={}
2024-11-09 15:20:36,686 : INFO : EventManager : Event: ======'playfield_active'====== Args={}
2024-11-09 15:20:36,686 : INFO : EventManager : Event: ======'unexpected_ball_on_playfield'====== Args={}
2024-11-09 15:20:36,687 : INFO : EventManager : Event: ======'s_p_target_active'====== Args={}
2024-11-09 15:20:36,687 : INFO : EventManager : Event: ======'machine_var_audits_switches_s_p_target'====== Args={'value': 915, 'prev_value': 914, 'change': 1}
2024-11-09 15:20:36,689 : INFO : EventManager : Event: ======'machine_var_audits_shots_skillshot_p_target'====== Args={'value': 202, 'prev_value': 201, 'change': 1}
2024-11-09 15:20:36,698 : INFO : EventManager : Event: ======'skillshot_p_target_hit'====== Args={'profile': 'skillshot_profile', 'state': 'off', 'advancing': False}
2024-11-09 15:20:36,699 : INFO : EventManager : Event: ======'skillshot_p_target_skillshot_profile_hit'====== Args={'profile': 'skillshot_profile', 'state': 'off', 'advancing': False}
2024-11-09 15:20:36,699 : INFO : EventManager : Event: ======'skillshot_p_target_skillshot_profile_off_hit'====== Args={'profile': 'skillshot_profile', 'state': 'off', 'advancing': False}
2024-11-09 15:20:36,699 : INFO : EventManager : Event: ======'skillshot_p_target_off_hit'====== Args={'profile': 'skillshot_profile', 'state': 'off', 'advancing': False}
2024-11-09 15:20:36,699 : INFO : EventManager : Event: ======'player_score'====== Args={'value': 50, 'prev_value': 0, 'change': 50, 'player_num': 1, 'source': 'base'}
2024-11-09 15:20:36,699 : INFO : EventManager : Event: ======'skillshot_hit'====== Args={'shot': 'skillshot_p_target'}
2024-11-09 15:20:36,700 : INFO : EventManager : Event: ======'skillshot_off_hit'====== Args={'shot': 'skillshot_p_target'}
2024-11-09 15:20:36,700 : INFO : EventManager : Event: ======'stop_mode_skillshot'====== Args={'priority': 0}
2024-11-09 15:20:36,700 : INFO : EventManager : Event: ======'mode_skillshot_will_stop'====== Args={}
2024-11-09 15:20:36,700 : INFO : EventManager : Event: ======'mode_skillshot_stopping'====== Args={}
2024-11-09 15:20:36,702 : INFO : Mode.skillshot : Stopped.
2024-11-09 15:20:36,702 : INFO : EventManager : Event: ======'modes_active_modes_changed'====== Args={}
2024-11-09 15:20:36,703 : INFO : EventManager : Event: ======'mode_skillshot_stopped'====== Args={}
2024-11-09 15:20:36,703 : INFO : EventManager : Event: ======'clear'====== Args={'key': 'skillshot'}
2024-11-09 15:20:36,704 : INFO : Timer.skillshot_rotate : Stopping Timer
2024-11-09 15:20:36,704 : INFO : EventManager : Event: ======'timer_skillshot_rotate_stopped'====== Args={'ticks': 3, 'ticks_remaining': 0}
2024-11-09 15:20:36,715 : INFO : EventManager : Event: ======'widget_skillshot_missed_active'====== Args={'original_context': 'base', 'original_calling_context': 'skillshot_off_hit', 'priority': 100.0, 'shot': 'skillshot_p_target', 'cmd': 'widgets_play', '_from_bcp': True}
2024-11-09 15:20:36,716 : INFO : EventManager : Event: ======'slide_skillshot_inactive'====== Args={'is_removing': True, '_from_bcp': True}
2024-11-09 15:20:36,716 : INFO : EventManager : Event: ======'slide_base_active'====== Args={'_from_bcp': True}
2024-11-09 15:20:36,716 : INFO : EventManager : Event: ======'slide_skillshot_removed'====== Args={'_from_bcp': True}
2024-11-09 15:20:36,716 : INFO : EventManager : Event: ======'player_shot_qualify_p_target_enabled'====== Args={'value': True, 'prev_value': False, 'change': 1, 'player_num': 1}
2024-11-09 15:20:36,717 : INFO : EventManager : Event: ======'player_shot_qualify_r_target_enabled'====== Args={'value': True, 'prev_value': False, 'change': 1, 'player_num': 1}
2024-11-09 15:20:36,717 : INFO : EventManager : Event: ======'player_shot_qualify_o_target_enabled'====== Args={'value': True, 'prev_value': False, 'change': 1, 'player_num': 1}
2024-11-09 15:20:36,734 : INFO : ball_device.bd_trough : State: failed_confirm
2024-11-09 15:20:36,734 : INFO : ball_device.bd_trough : Got timeout (3.0s) before confirm from <ball_device.bd_plunger>
2024-11-09 15:20:36,734 : INFO : ball_device.bd_plunger : Expecting incoming ball which may skip the device.
2024-11-09 15:20:36,734 : INFO : EventManager : Event: ======'balldevice_bd_plunger_ejecting_ball'====== Args={'balls': 1, 'target': <playfield.playfield>, 'source': <ball_device.bd_plunger>, 'mechanical_eject': False, 'num_attempts': 1}
2024-11-09 15:20:36,801 : INFO : SwitchController : <<<<<<< 's_p_target' inactive >>>>>>>
2024-11-09 15:20:36,833 : INFO : SwitchController : <<<<<<< 's_p_target' active >>>>>>>
2024-11-09 15:20:36,833 : INFO : EventManager : Event: ======'playfield_active'====== Args={}
2024-11-09 15:20:36,833 : INFO : EventManager : Event: ======'playfield_active'====== Args={}
2024-11-09 15:20:36,833 : INFO : EventManager : Event: ======'s_p_target_active'====== Args={}
2024-11-09 15:20:36,833 : INFO : EventManager : Event: ======'machine_var_audits_switches_s_p_target'====== Args={'value': 916, 'prev_value': 915, 'change': 1}
2024-11-09 15:20:36,833 : INFO : EventManager : Event: ======'player_shot_qualify_p_target'====== Args={'value': 1, 'prev_value': 0, 'change': 1, 'player_num': 1}
2024-11-09 15:20:36,834 : INFO : EventManager : Event: ======'machine_var_audits_shots_qualify_p_target'====== Args={'value': 577, 'prev_value': 576, 'change': 1}
2024-11-09 15:20:36,834 : INFO : EventManager : Event: ======'qualify_p_target_hit'====== Args={'profile': 'mission_qualify', 'state': 'unlit', 'advancing': True}
2024-11-09 15:20:36,834 : INFO : EventManager : Event: ======'qualify_p_target_mission_qualify_hit'====== Args={'profile': 'mission_qualify', 'state': 'unlit', 'advancing': True}
2024-11-09 15:20:36,834 : INFO : EventManager : Event: ======'qualify_p_target_mission_qualify_unlit_hit'====== Args={'profile': 'mission_qualify', 'state': 'unlit', 'advancing': True}
2024-11-09 15:20:36,835 : INFO : EventManager : Event: ======'qualify_p_target_unlit_hit'====== Args={'profile': 'mission_qualify', 'state': 'unlit', 'advancing': True}
2024-11-09 15:20:36,835 : INFO : EventManager : Event: ======'player_score'====== Args={'value': 100, 'prev_value': 50, 'change': 50, 'player_num': 1, 'source': 'base'}
2024-11-09 15:20:36,835 : INFO : EventManager : Event: ======'qualify_mission_hit'====== Args={'shot': 'qualify_p_target'}
2024-11-09 15:20:36,835 : INFO : EventManager : Event: ======'qualify_mission_unlit_hit'====== Args={'shot': 'qualify_p_target'}
2024-11-09 15:20:36,870 : INFO : EventManager : Event: ======'widget_propane_widget_p_active'====== Args={'original_context': 'base', 'original_calling_context': 'qualify_p_target_hit', 'priority': 100.0, 'profile': 'mission_qualify', 'state': 'unlit', 'advancing': True, 'cmd': 'widgets_play', '_from_bcp': True}
2024-11-09 15:20:36,920 : INFO : SwitchController : <<<<<<< 's_p_target' inactive >>>>>>>
2024-11-09 15:20:37,267 : INFO : SwitchController : <<<<<<< 's_r_target' active >>>>>>>
2024-11-09 15:20:37,267 : INFO : EventManager : Event: ======'playfield_active'====== Args={}
2024-11-09 15:20:37,267 : INFO : EventManager : Event: ======'playfield_active'====== Args={}
2024-11-09 15:20:37,268 : INFO : EventManager : Event: ======'s_r_target_active'====== Args={}
2024-11-09 15:20:37,268 : INFO : EventManager : Event: ======'machine_var_audits_switches_s_r_target'====== Args={'value': 676, 'prev_value': 675, 'change': 1}
2024-11-09 15:20:37,270 : INFO : EventManager : Event: ======'player_shot_qualify_r_target'====== Args={'value': 1, 'prev_value': 0, 'change': 1, 'player_num': 1}
2024-11-09 15:20:37,271 : INFO : EventManager : Event: ======'machine_var_audits_shots_qualify_r_target'====== Args={'value': 614, 'prev_value': 613, 'change': 1}
2024-11-09 15:20:37,272 : INFO : EventManager : Event: ======'qualify_r_target_hit'====== Args={'profile': 'mission_qualify', 'state': 'unlit', 'advancing': True}
2024-11-09 15:20:37,273 : INFO : EventManager : Event: ======'qualify_r_target_mission_qualify_hit'====== Args={'profile': 'mission_qualify', 'state': 'unlit', 'advancing': True}
2024-11-09 15:20:37,273 : INFO : EventManager : Event: ======'qualify_r_target_mission_qualify_unlit_hit'====== Args={'profile': 'mission_qualify', 'state': 'unlit', 'advancing': True}
2024-11-09 15:20:37,274 : INFO : EventManager : Event: ======'qualify_r_target_unlit_hit'====== Args={'profile': 'mission_qualify', 'state': 'unlit', 'advancing': True}
2024-11-09 15:20:37,274 : INFO : EventManager : Event: ======'player_score'====== Args={'value': 150, 'prev_value': 100, 'change': 50, 'player_num': 1, 'source': 'base'}
2024-11-09 15:20:37,275 : INFO : EventManager : Event: ======'qualify_mission_hit'====== Args={'shot': 'qualify_r_target'}
2024-11-09 15:20:37,275 : INFO : EventManager : Event: ======'qualify_mission_unlit_hit'====== Args={'shot': 'qualify_r_target'}
2024-11-09 15:20:37,286 : INFO : EventManager : Event: ======'widget_propane_widget_r_active'====== Args={'original_context': 'base', 'original_calling_context': 'qualify_r_target_hit', 'priority': 100.0, 'profile': 'mission_qualify', 'state': 'unlit', 'advancing': True, 'cmd': 'widgets_play', '_from_bcp': True}
2024-11-09 15:20:37,388 : INFO : SwitchController : <<<<<<< 's_r_target' inactive >>>>>>>
2024-11-09 15:20:37,522 : INFO : EventManager : Event: ======'ball_save_default_grace_period'====== Args={}
2024-11-09 15:20:38,269 : INFO : SwitchController : <<<<<<< 's_o_target' active >>>>>>>
2024-11-09 15:20:38,270 : INFO : EventManager : Event: ======'playfield_active'====== Args={}
2024-11-09 15:20:38,270 : INFO : EventManager : Event: ======'playfield_active'====== Args={}
2024-11-09 15:20:38,270 : INFO : EventManager : Event: ======'s_o_target_active'====== Args={}
2024-11-09 15:20:38,271 : INFO : EventManager : Event: ======'machine_var_audits_switches_s_o_target'====== Args={'value': 667, 'prev_value': 666, 'change': 1}
2024-11-09 15:20:38,273 : INFO : EventManager : Event: ======'player_shot_qualify_o_target'====== Args={'value': 1, 'prev_value': 0, 'change': 1, 'player_num': 1}
2024-11-09 15:20:38,274 : INFO : EventManager : Event: ======'machine_var_audits_shots_qualify_o_target'====== Args={'value': 604, 'prev_value': 603, 'change': 1}
2024-11-09 15:20:38,276 : INFO : EventManager : Event: ======'qualify_o_target_hit'====== Args={'profile': 'mission_qualify', 'state': 'unlit', 'advancing': True}
2024-11-09 15:20:38,276 : INFO : EventManager : Event: ======'qualify_o_target_mission_qualify_hit'====== Args={'profile': 'mission_qualify', 'state': 'unlit', 'advancing': True}
2024-11-09 15:20:38,276 : INFO : EventManager : Event: ======'qualify_o_target_mission_qualify_unlit_hit'====== Args={'profile': 'mission_qualify', 'state': 'unlit', 'advancing': True}
2024-11-09 15:20:38,276 : INFO : EventManager : Event: ======'qualify_o_target_unlit_hit'====== Args={'profile': 'mission_qualify', 'state': 'unlit', 'advancing': True}
2024-11-09 15:20:38,277 : INFO : EventManager : Event: ======'player_score'====== Args={'value': 200, 'prev_value': 150, 'change': 50, 'player_num': 1, 'source': 'base'}
2024-11-09 15:20:38,277 : INFO : EventManager : Event: ======'qualify_mission_complete'====== Args={'state': 'lit'}
2024-11-09 15:20:38,277 : INFO : EventManager : Event: ======'qualify_mission_lit_complete'====== Args={}
2024-11-09 15:20:38,278 : INFO : EventManager : Event: ======'player_shot_mode_scoop_enabled'====== Args={'value': True, 'prev_value': False, 'change': 1, 'player_num': 1}
2024-11-09 15:20:38,281 : INFO : EventManager : Event: ======'qualify_mission_hit'====== Args={'shot': 'qualify_o_target'}
2024-11-09 15:20:38,281 : INFO : EventManager : Event: ======'qualify_mission_unlit_hit'====== Args={'shot': 'qualify_o_target'}
2024-11-09 15:20:38,298 : INFO : EventManager : Event: ======'widget_propane_widget_o_active'====== Args={'original_context': 'base', 'original_calling_context': 'qualify_o_target_hit', 'priority': 100.0, 'profile': 'mission_qualify', 'state': 'unlit', 'advancing': True, 'cmd': 'widgets_play', '_from_bcp': True}
2024-11-09 15:20:38,388 : INFO : SwitchController : <<<<<<< 's_o_target' inactive >>>>>>>
2024-11-09 15:20:38,713 : INFO : EventManager : Event: ======'widget_MPFWidget_removed'====== Args={'_from_bcp': True}
2024-11-09 15:20:38,780 : INFO : EventManager : Event: ======'player_shot_qualify_p_target'====== Args={'value': 0, 'prev_value': 1, 'change': -1, 'player_num': 1}
2024-11-09 15:20:38,780 : INFO : EventManager : Event: ======'player_shot_qualify_r_target'====== Args={'value': 0, 'prev_value': 1, 'change': -1, 'player_num': 1}
2024-11-09 15:20:38,781 : INFO : EventManager : Event: ======'player_shot_qualify_o_target'====== Args={'value': 0, 'prev_value': 1, 'change': -1, 'player_num': 1}
2024-11-09 15:20:38,781 : INFO : EventManager : Event: ======'qualify_mission_complete'====== Args={'state': 'unlit'}
2024-11-09 15:20:38,781 : INFO : EventManager : Event: ======'qualify_mission_unlit_complete'====== Args={}
2024-11-09 15:20:39,524 : INFO : EventManager : Event: ======'ball_save_default_disabled'====== Args={}
2024-11-09 15:20:39,735 : INFO : ball_device.bd_plunger : Got confirm for skipping ball.
2024-11-09 15:20:39,735 : INFO : ball_device.bd_plunger : Eject successful
2024-11-09 15:20:39,735 : INFO : EventManager : Event: ======'balldevice_bd_plunger_ball_eject_success'====== Args={'balls': 1, 'target': <playfield.playfield>}
2024-11-09 15:20:39,735 : INFO : EventManager : Event: ======'balldevice_playfield_ball_enter'====== Args={'new_balls': 1, 'unclaimed_balls': 1, 'device': <playfield.playfield>}
2024-11-09 15:20:39,736 : INFO : EventManager : Event: ======'playfield_ball_count_change'====== Args={'balls': 1, 'change': 1}
2024-11-09 15:20:39,736 : INFO : ball_device.bd_plunger : State: idle
2024-11-09 15:20:39,737 : INFO : ball_device.bd_trough : Eject successful
2024-11-09 15:20:39,737 : INFO : EventManager : Event: ======'balldevice_bd_trough_ball_eject_success'====== Args={'balls': 1, 'target': <ball_device.bd_plunger>}
2024-11-09 15:20:39,737 : INFO : EventManager : Event: ======'balldevice_bd_trough_ball_count_changed'====== Args={'balls': 5}
2024-11-09 15:20:39,738 : INFO : ball_device.bd_trough : State: idle
2024-11-09 15:20:40,150 : INFO : SwitchController : <<<<<<< 's_scoop' active >>>>>>>
2024-11-09 15:20:40,150 : INFO : EventManager : Event: ======'s_scoop_active'====== Args={}
2024-11-09 15:20:40,151 : INFO : EventManager : Event: ======'machine_var_audits_switches_s_scoop'====== Args={'value': 1112, 'prev_value': 1111, 'change': 1}
2024-11-09 15:20:40,153 : INFO : EventManager : Event: ======'player_shot_mode_scoop'====== Args={'value': 1, 'prev_value': 0, 'change': 1, 'player_num': 1}
2024-11-09 15:20:40,154 : INFO : EventManager : Event: ======'machine_var_audits_shots_mode_scoop'====== Args={'value': 221, 'prev_value': 220, 'change': 1}
2024-11-09 15:20:40,166 : INFO : EventManager : Event: ======'mode_scoop_hit'====== Args={'profile': 'default', 'state': 'unlit', 'advancing': True}
2024-11-09 15:20:40,166 : INFO : EventManager : Event: ======'mode_scoop_default_hit'====== Args={'profile': 'default', 'state': 'unlit', 'advancing': True}
2024-11-09 15:20:40,166 : INFO : EventManager : Event: ======'mode_scoop_default_unlit_hit'====== Args={'profile': 'default', 'state': 'unlit', 'advancing': True}
2024-11-09 15:20:40,166 : INFO : EventManager : Event: ======'mode_scoop_unlit_hit'====== Args={'profile': 'default', 'state': 'unlit', 'advancing': True}
2024-11-09 15:20:40,167 : INFO : EventManager : Event: ======'mode_mission_select_will_start'====== Args={'profile': 'default', 'state': 'unlit', 'advancing': True}
2024-11-09 15:20:40,169 : INFO : EventManager : Event: ======'mode_mission_select_starting'====== Args={'profile': 'default', 'state': 'unlit', 'advancing': True}
2024-11-09 15:20:40,169 : INFO : Mode.mission_select : Started. Priority: 300
2024-11-09 15:20:40,169 : INFO : EventManager : Event: ======'modes_active_modes_changed'====== Args={}
2024-11-09 15:20:40,169 : INFO : EventManager : Event: ======'mode_mission_select_started'====== Args={'profile': 'default', 'state': 'unlit', 'advancing': True}
2024-11-09 15:20:40,170 : INFO : EventManager : Event: ======'player_shot_mode_scoop_enabled'====== Args={'value': False, 'prev_value': True, 'change': -1, 'player_num': 1}
2024-11-09 15:20:40,172 : INFO : EventManager : Event: ======'item_highlighted'====== Args={'carousel': 'mission_select', 'direction': None, 'item': 'beat_the_surfer'}
2024-11-09 15:20:40,270 : INFO : SwitchController : <<<<<<< 's_scoop' inactive >>>>>>>
2024-11-09 15:20:40,304 : INFO : EventManager : Event: ======'slide_mission_select_created'====== Args={'_from_bcp': True}
2024-11-09 15:20:40,304 : INFO : EventManager : Event: ======'slide_base_inactive'====== Args={'is_removing': False, '_from_bcp': True}
2024-11-09 15:20:40,304 : INFO : EventManager : Event: ======'slide_mission_select_active'====== Args={'original_context': 'mission_select', 'original_calling_context': 'mode_mission_select_started', 'priority': 300.0, 'profile': 'default', 'state': 'unlit', 'advancing': True, 'cmd': 'slides_play', '_from_bcp': True}
2024-11-09 15:20:40,304 : INFO : EventManager : Event: ======'widget_propane_widget_p_removed'====== Args={'_from_bcp': True}
2024-11-09 15:20:40,304 : INFO : EventManager : Event: ======'widget_propane_widget_r_removed'====== Args={'_from_bcp': True}
2024-11-09 15:20:40,304 : INFO : EventManager : Event: ======'widget_propane_widget_o_removed'====== Args={'_from_bcp': True}
2024-11-09 15:20:40,523 : INFO : EventManager : Event: ======'stop_mode_skillshot'====== Args={'priority': 0}
2024-11-09 15:20:41,690 : INFO : EventManager : Event: ======'stop_mode_skillshot'====== Args={'priority': 0}
2024-11-09 15:20:41,690 : INFO : EventManager : Event: ======'stop_mode_skillshot'====== Args={'priority': 0}
2024-11-09 15:20:42,150 : INFO : SwitchController : <<<<<<< 's_left_flipper' active >>>>>>>
2024-11-09 15:20:42,150 : INFO : EventManager : Event: ======'s_left_flipper_active'====== Args={}
2024-11-09 15:20:42,151 : INFO : EventManager : Event: ======'machine_var_audits_switches_s_left_flipper'====== Args={'value': 692, 'prev_value': 691, 'change': 1}
2024-11-09 15:20:42,152 : INFO : EventManager : Event: ======'item_highlighted'====== Args={'carousel': 'mission_select', 'direction': 'backwards', 'item': 'the_heat_waver'}
2024-11-09 15:20:42,260 : INFO : SwitchController : <<<<<<< 's_left_flipper' inactive >>>>>>>
2024-11-09 15:20:43,048 : INFO : SwitchController : <<<<<<< 's_start' active >>>>>>>
2024-11-09 15:20:43,048 : INFO : EventManager : Event: ======'s_start_active'====== Args={}
2024-11-09 15:20:43,049 : INFO : EventManager : Event: ======'machine_var_audits_switches_s_start'====== Args={'value': 956, 'prev_value': 955, 'change': 1}
2024-11-09 15:20:43,051 : INFO : EventManager : Event: ======'sw_add_player'====== Args={'priority': 0}
2024-11-09 15:20:43,052 : INFO : EventManager : Event: ======'sw_add_player'====== Args={'priority': 0}
2024-11-09 15:20:43,052 : INFO : EventManager : Event: ======'player_add_request'====== Args={}
2024-11-09 15:20:43,052 : INFO : EventManager : Event: ======'player_add_request'====== Args={}
2024-11-09 15:20:43,053 : INFO : EventManager : Event: ======'player_will_add'====== Args={'number': 2}
2024-11-09 15:20:43,053 : INFO : EventManager : Event: ======'player_adding'====== Args={'player': <Player 2>, 'number': 2}
2024-11-09 15:20:43,054 : INFO : EventManager : Event: ======'player_added'====== Args={'player': <Player 2>, 'num': 2}
2024-11-09 15:20:43,054 : INFO : Mode.game : Player added successfully. Total players: 2
2024-11-09 15:20:43,054 : INFO : EventManager : Event: ======'multiplayer_game'====== Args={}
2024-11-09 15:20:43,055 : INFO : EventManager : Event: ======'player_index'====== Args={'value': 1, 'prev_value': 1, 'change': 0, 'player_num': 2}
2024-11-09 15:20:43,055 : INFO : EventManager : Event: ======'player_number'====== Args={'value': 2, 'prev_value': 2, 'change': 0, 'player_num': 2}
2024-11-09 15:20:43,056 : INFO : EventManager : Event: ======'player_score'====== Args={'value': 0, 'prev_value': 0, 'change': 0, 'player_num': 2}
2024-11-09 15:20:43,067 : INFO : EventManager : Event: ======'player_will_add'====== Args={'number': 3}
2024-11-09 15:20:43,068 : INFO : EventManager : Event: ======'player_adding'====== Args={'player': <Player 3>, 'number': 3}
2024-11-09 15:20:43,069 : INFO : EventManager : Event: ======'player_added'====== Args={'player': <Player 3>, 'num': 3}
2024-11-09 15:20:43,069 : INFO : Mode.game : Player added successfully. Total players: 3
2024-11-09 15:20:43,069 : INFO : EventManager : Event: ======'player_index'====== Args={'value': 2, 'prev_value': 2, 'change': 0, 'player_num': 3}
2024-11-09 15:20:43,070 : INFO : EventManager : Event: ======'player_number'====== Args={'value': 3, 'prev_value': 3, 'change': 0, 'player_num': 3}
2024-11-09 15:20:43,071 : INFO : EventManager : Event: ======'player_score'====== Args={'value': 0, 'prev_value': 0, 'change': 0, 'player_num': 3}
2024-11-09 15:20:43,128 : INFO : SwitchController : <<<<<<< 's_start' inactive >>>>>>>
2024-11-09 15:20:43,128 : INFO : EventManager : Event: ======'s_start_inactive'====== Args={}
2024-11-09 15:20:43,128 : INFO : EventManager : Event: ======'mission_select_the_heat_waver_selected'====== Args={}
2024-11-09 15:20:43,129 : INFO : EventManager : Event: ======'mission_select_item_selected'====== Args={}
2024-11-09 15:20:43,129 : INFO : EventManager : Event: ======'player_selected_mission'====== Args={'value': 'the heat waver', 'prev_value': 0, 'change': True, 'player_num': 1, 'source': 'mission_select'}
2024-11-09 15:20:43,129 : INFO : EventManager : Event: ======'mode_the_heat_waver_will_start'====== Args={}
2024-11-09 15:20:43,129 : INFO : EventManager : Event: ======'player_the_heat_waver_the_heat_waver_mode_countdown_tick'====== Args={'value': 46, 'prev_value': 0, 'change': 46, 'player_num': 1}
2024-11-09 15:20:43,129 : INFO : EventManager : Event: ======'player_the_heat_waver_shot_timer_start_tick'====== Args={'value': 30, 'prev_value': 0, 'change': 30, 'player_num': 1}
2024-11-09 15:20:43,130 : INFO : EventManager : Event: ======'player_state_machine_the_heat_waver'====== Args={'value': 'start', 'prev_value': 0, 'change': True, 'player_num': 1}
2024-11-09 15:20:43,130 : INFO : EventManager : Event: ======'player_shot_shot_left_orbit_heat_enabled'====== Args={'value': True, 'prev_value': 0, 'change': 1, 'player_num': 1}
2024-11-09 15:20:43,130 : INFO : EventManager : Event: ======'player_shot_shot_left_ramp_heat_enabled'====== Args={'value': True, 'prev_value': 0, 'change': 1, 'player_num': 1}
2024-11-09 15:20:43,130 : INFO : EventManager : Event: ======'player_shot_shot_center_spinner_heat_enabled'====== Args={'value': True, 'prev_value': 0, 'change': 1, 'player_num': 1}
2024-11-09 15:20:43,131 : INFO : EventManager : Event: ======'player_shot_shot_right_ramp_heat_enabled'====== Args={'value': True, 'prev_value': 0, 'change': 1, 'player_num': 1}
2024-11-09 15:20:43,131 : INFO : EventManager : Event: ======'player_shot_shot_right_orbit_heat_enabled'====== Args={'value': True, 'prev_value': 0, 'change': 1, 'player_num': 1}
2024-11-09 15:20:43,131 : ERROR : asyncio : Exception in callback EventManager.process_event_queue()
handle: <Handle EventManager.process_event_queue()>
Traceback (most recent call last):
  File "/Users/nicktaseris/mpfenv/lib/python3.9/site-packages/mpf/core/events.py", line 103, in get_event_and_condition_from_string
    additional_priority = int(event_string[priority_start + 1:])
ValueError: invalid literal for int() with base 10: 'timers.shot_timer_start.ticks_remaining=<30'

During handling of the above exception, another exception occurred:

Traceback (most recent call last):
  File "/Users/nicktaseris/mpfenv/lib/python3.9/site-packages/mpf/core/events.py", line 755, in _run_handlers
    result = handler.callback(**merged_kwargs)
  File "/Users/nicktaseris/mpfenv/lib/python3.9/site-packages/mpf/core/mode.py", line 218, in start
    result = item.method(config=self.config.get(item.config_section, self.config),
  File "/Users/nicktaseris/mpfenv/lib/python3.9/site-packages/mpf/core/config_player.py", line 221, in mode_start
    event_keys = self.register_player_events(config, mode, priority)
  File "/Users/nicktaseris/mpfenv/lib/python3.9/site-packages/mpf/core/config_player.py", line 315, in register_player_events
    self.machine.events.add_handler(
  File "/Users/nicktaseris/mpfenv/lib/python3.9/site-packages/mpf/core/events.py", line 235, in add_handler
    event, condition, additional_priority = self.get_event_and_condition_from_string(event)
  File "/Users/nicktaseris/mpfenv/lib/python3.9/site-packages/mpf/core/events.py", line 105, in get_event_and_condition_from_string
    raise ValueError('Failed to parse priority in event name, '
ValueError: Failed to parse priority in event name, please remedy "device.timers.shot_timer_start.ticks_remaining=<30". Does your event name contain a dot?

The above exception was the direct cause of the following exception:

Traceback (most recent call last):
  File "/Library/Frameworks/Python.framework/Versions/3.9/lib/python3.9/asyncio/events.py", line 80, in _run
    self._context.run(self._callback, *self._args)
  File "/Users/nicktaseris/mpfenv/lib/python3.9/site-packages/mpf/core/events.py", line 846, in process_event_queue
    self._process_event(event=event[0],
  File "/Users/nicktaseris/mpfenv/lib/python3.9/site-packages/mpf/core/events.py", line 808, in _process_event
    result = self._run_handlers(event, ev_type, kwargs)
  File "/Users/nicktaseris/mpfenv/lib/python3.9/site-packages/mpf/core/events.py", line 757, in _run_handlers
    raise EventHandlerException(
mpf.core.events.EventHandlerException: Exception while processing RegisteredHandler(callback=<bound method Mode.start of <Mode.the_heat_waver>>, priority=130, kwargs={}, key=UUID('7573a439-e408-4d40-8168-0bc688a61d0a'), condition=None, blocking_facility=None) for event mission_select_the_heat_waver_selected. Failed to parse priority in event name, please remedy "device.timers.shot_timer_start.ticks_remaining=<30". Does your event name contain a dot?
2024-11-09 15:20:43,134 : INFO : EventManager : Event: ======'mode_mission_select_will_stop'====== Args={}
2024-11-09 15:20:43,134 : INFO : EventManager : Event: ======'mode_mission_select_stopping'====== Args={}
2024-11-09 15:20:43,134 : INFO : Timer.shot_timer_start : Starting Timer.
2024-11-09 15:20:43,134 : INFO : EventManager : Event: ======'timer_shot_timer_start_started'====== Args={'ticks': 30, 'ticks_remaining': 30}
2024-11-09 15:20:43,135 : INFO : EventManager : Event: ======'timer_shot_timer_start_tick'====== Args={'ticks': 30, 'ticks_remaining': 30}
2024-11-09 15:20:43,135 : INFO : Mode.mission_select : Stopped.
2024-11-09 15:20:43,135 : INFO : EventManager : Event: ======'modes_active_modes_changed'====== Args={}
2024-11-09 15:20:43,135 : INFO : EventManager : Event: ======'mode_mission_select_stopped'====== Args={}
2024-11-09 15:20:43,135 : INFO : EventManager : Event: ======'clear'====== Args={'key': 'mission_select'}
2024-11-09 15:20:43,135 : INFO : Machine : Shutting down...
2024-11-09 15:20:43,135 : INFO : EventManager : Event: ======'shutdown'====== Args={}
2024-11-09 15:20:43,136 : INFO : EventManager : Event: ======'mode_game_will_stop'====== Args={}
2024-11-09 15:20:43,136 : INFO : EventManager : Event: ======'mode_game_stopping'====== Args={}
2024-11-09 15:20:43,136 : INFO : EventManager : Event: ======'mode_BBQ_rollover_will_stop'====== Args={}
2024-11-09 15:20:43,136 : INFO : EventManager : Event: ======'mode_BBQ_rollover_stopping'====== Args={}
2024-11-09 15:20:43,136 : INFO : EventManager : Event: ======'mode_extra_ball_will_stop'====== Args={}
2024-11-09 15:20:43,136 : INFO : EventManager : Event: ======'mode_extra_ball_stopping'====== Args={}
2024-11-09 15:20:43,137 : INFO : EventManager : Event: ======'mode_rainey_multiball_will_stop'====== Args={}
2024-11-09 15:20:43,137 : INFO : EventManager : Event: ======'mode_rainey_multiball_stopping'====== Args={}
2024-11-09 15:20:43,137 : INFO : EventManager : Event: ======'mode_strickland_multiball_will_stop'====== Args={}
2024-11-09 15:20:43,137 : INFO : EventManager : Event: ======'mode_strickland_multiball_stopping'====== Args={}
2024-11-09 15:20:43,137 : INFO : EventManager : Event: ======'mode_hank_rollover_will_stop'====== Args={}
2024-11-09 15:20:43,137 : INFO : EventManager : Event: ======'mode_hank_rollover_stopping'====== Args={}
2024-11-09 15:20:43,137 : INFO : EventManager : Event: ======'mode_base_will_stop'====== Args={}
2024-11-09 15:20:43,137 : INFO : EventManager : Event: ======'mode_base_stopping'====== Args={}
2024-11-09 15:20:43,137 : INFO : Mode.base : Stopped.
2024-11-09 15:20:43,137 : INFO : EventManager : Event: ======'modes_active_modes_changed'====== Args={}
2024-11-09 15:20:43,137 : INFO : EventManager : Event: ======'mode_base_stopped'====== Args={}
2024-11-09 15:20:43,138 : INFO : EventManager : Event: ======'clear'====== Args={'key': 'base'}
2024-11-09 15:20:43,138 : INFO : Mode.hank_rollover : Stopped.
2024-11-09 15:20:43,138 : INFO : EventManager : Event: ======'modes_active_modes_changed'====== Args={}
2024-11-09 15:20:43,139 : INFO : EventManager : Event: ======'mode_hank_rollover_stopped'====== Args={}
2024-11-09 15:20:43,139 : INFO : EventManager : Event: ======'clear'====== Args={'key': 'hank_rollover'}
2024-11-09 15:20:43,139 : INFO : Mode.strickland_multiball : Stopped.
2024-11-09 15:20:43,139 : INFO : EventManager : Event: ======'modes_active_modes_changed'====== Args={}
2024-11-09 15:20:43,139 : INFO : EventManager : Event: ======'mode_strickland_multiball_stopped'====== Args={}
2024-11-09 15:20:43,139 : INFO : EventManager : Event: ======'clear'====== Args={'key': 'strickland_multiball'}
2024-11-09 15:20:43,139 : INFO : Mode.rainey_multiball : Stopped.
2024-11-09 15:20:43,139 : INFO : EventManager : Event: ======'modes_active_modes_changed'====== Args={}
2024-11-09 15:20:43,140 : INFO : EventManager : Event: ======'mode_rainey_multiball_stopped'====== Args={}
2024-11-09 15:20:43,140 : INFO : EventManager : Event: ======'clear'====== Args={'key': 'rainey_multiball'}
2024-11-09 15:20:43,140 : INFO : Mode.extra_ball : Stopped.
2024-11-09 15:20:43,140 : INFO : EventManager : Event: ======'modes_active_modes_changed'====== Args={}
2024-11-09 15:20:43,140 : INFO : EventManager : Event: ======'mode_extra_ball_stopped'====== Args={}
2024-11-09 15:20:43,140 : INFO : EventManager : Event: ======'clear'====== Args={'key': 'extra_ball'}
2024-11-09 15:20:43,140 : INFO : Mode.BBQ_rollover : Stopped.
2024-11-09 15:20:43,140 : INFO : EventManager : Event: ======'modes_active_modes_changed'====== Args={}
2024-11-09 15:20:43,140 : INFO : EventManager : Event: ======'mode_BBQ_rollover_stopped'====== Args={}
2024-11-09 15:20:43,140 : INFO : EventManager : Event: ======'clear'====== Args={'key': 'BBQ_rollover'}
2024-11-09 15:20:43,141 : INFO : Mode.game : Stopped.
2024-11-09 15:20:43,141 : INFO : EventManager : Event: ======'modes_active_modes_changed'====== Args={}
2024-11-09 15:20:43,141 : INFO : EventManager : Event: ======'mode_game_stopped'====== Args={}
2024-11-09 15:20:43,141 : INFO : EventManager : Event: ======'clear'====== Args={'key': 'game'}
2024-11-09 15:20:43,147 : ERROR : Machine : Runtime Exception
Traceback (most recent call last):
  File "/Users/nicktaseris/mpfenv/lib/python3.9/site-packages/mpf/core/events.py", line 103, in get_event_and_condition_from_string
    additional_priority = int(event_string[priority_start + 1:])
ValueError: invalid literal for int() with base 10: 'timers.shot_timer_start.ticks_remaining=<30'

During handling of the above exception, another exception occurred:

Traceback (most recent call last):
  File "/Users/nicktaseris/mpfenv/lib/python3.9/site-packages/mpf/core/events.py", line 755, in _run_handlers
    result = handler.callback(**merged_kwargs)
  File "/Users/nicktaseris/mpfenv/lib/python3.9/site-packages/mpf/core/mode.py", line 218, in start
    result = item.method(config=self.config.get(item.config_section, self.config),
  File "/Users/nicktaseris/mpfenv/lib/python3.9/site-packages/mpf/core/config_player.py", line 221, in mode_start
    event_keys = self.register_player_events(config, mode, priority)
  File "/Users/nicktaseris/mpfenv/lib/python3.9/site-packages/mpf/core/config_player.py", line 315, in register_player_events
    self.machine.events.add_handler(
  File "/Users/nicktaseris/mpfenv/lib/python3.9/site-packages/mpf/core/events.py", line 235, in add_handler
    event, condition, additional_priority = self.get_event_and_condition_from_string(event)
  File "/Users/nicktaseris/mpfenv/lib/python3.9/site-packages/mpf/core/events.py", line 105, in get_event_and_condition_from_string
    raise ValueError('Failed to parse priority in event name, '
ValueError: Failed to parse priority in event name, please remedy "device.timers.shot_timer_start.ticks_remaining=<30". Does your event name contain a dot?

The above exception was the direct cause of the following exception:

Traceback (most recent call last):
  File "/Users/nicktaseris/mpfenv/lib/python3.9/site-packages/mpf/core/machine.py", line 793, in _run_loop
    raise self._exception['exception']
  File "/Library/Frameworks/Python.framework/Versions/3.9/lib/python3.9/asyncio/events.py", line 80, in _run
    self._context.run(self._callback, *self._args)
  File "/Users/nicktaseris/mpfenv/lib/python3.9/site-packages/mpf/core/events.py", line 846, in process_event_queue
    self._process_event(event=event[0],
  File "/Users/nicktaseris/mpfenv/lib/python3.9/site-packages/mpf/core/events.py", line 808, in _process_event
    result = self._run_handlers(event, ev_type, kwargs)
  File "/Users/nicktaseris/mpfenv/lib/python3.9/site-packages/mpf/core/events.py", line 757, in _run_handlers
    raise EventHandlerException(
mpf.core.events.EventHandlerException: Exception while processing RegisteredHandler(callback=<bound method Mode.start of <Mode.the_heat_waver>>, priority=130, kwargs={}, key=UUID('7573a439-e408-4d40-8168-0bc688a61d0a'), condition=None, blocking_facility=None) for event mission_select_the_heat_waver_selected. Failed to parse priority in event name, please remedy "device.timers.shot_timer_start.ticks_remaining=<30". Does your event name contain a dot?
2024-11-09 15:20:43,181 : INFO : crash_reporter : Will not report crash as "report_crashes" mode is "never"
2024-11-09 15:20:43,181 : INFO : root : MPF run loop ended.
