2024-07-17 13:30:36,576 : INFO : root : Loading config.
2024-07-17 13:30:36,578 : INFO : YamlMultifileConfigLoader : Machine config file #1: config.yaml
2024-07-17 13:30:36,578 : WARNING : ConfigProcessor : Config file in cache changed: /Users/nicktaseris/Desktop/Pinball/KOTH/config/config.yaml
2024-07-17 13:30:36,578 : INFO : ConfigProcessor : Loading config from file /Users/nicktaseris/mpfenv/lib/python3.9/site-packages/mpf/mpfconfig.yaml.
2024-07-17 13:30:36,584 : INFO : ConfigProcessor : Loading config: /Users/nicktaseris/mpfenv/lib/python3.9/site-packages/mpf/mpfconfig.yaml
2024-07-17 13:30:36,585 : INFO : ConfigProcessor : Loading config from file /Users/nicktaseris/Desktop/Pinball/KOTH/config/config.yaml.
2024-07-17 13:30:36,589 : INFO : ConfigProcessor : Loading config: /Users/nicktaseris/Desktop/Pinball/KOTH/config/config.yaml
2024-07-17 13:30:36,590 : INFO : ConfigProcessor : Config file cache created: /var/folders/sv/d29kcl5x50v7vt1n6xb5jsd40000gn/T/c166cef8060ffee16a35821bf698da85.mpf_cache
2024-07-17 13:30:36,624 : INFO : ConfigProcessor : Loading config from cache: /var/folders/sv/d29kcl5x50v7vt1n6xb5jsd40000gn/T/6b31c5ac6ecbad948994a8204ea6b05b.mpf_cache
2024-07-17 13:30:36,624 : INFO : ConfigProcessor : Loading config from cache: /var/folders/sv/d29kcl5x50v7vt1n6xb5jsd40000gn/T/fe612d1e66c8a96c19ba449d3748eeac.mpf_cache
2024-07-17 13:30:36,625 : INFO : ConfigProcessor : Loading config from cache: /var/folders/sv/d29kcl5x50v7vt1n6xb5jsd40000gn/T/6b31c5ac6ecbad948994a8204ea6b05b.mpf_cache
2024-07-17 13:30:36,625 : INFO : ConfigProcessor : Loading config from cache: /var/folders/sv/d29kcl5x50v7vt1n6xb5jsd40000gn/T/8765227693ecd961e0504502a81255e0.mpf_cache
2024-07-17 13:30:36,625 : INFO : ConfigProcessor : Loading config from cache: /var/folders/sv/d29kcl5x50v7vt1n6xb5jsd40000gn/T/b247728c74b4d81bcb2825e2b07062a7.mpf_cache
2024-07-17 13:30:36,625 : INFO : ConfigProcessor : Loading config from cache: /var/folders/sv/d29kcl5x50v7vt1n6xb5jsd40000gn/T/f240f94f0b5d0f37ec4fd7571275a101.mpf_cache
2024-07-17 13:30:36,626 : INFO : ConfigProcessor : Loading config from cache: /var/folders/sv/d29kcl5x50v7vt1n6xb5jsd40000gn/T/c4409acfdf3ec94666e0adef48d55400.mpf_cache
2024-07-17 13:30:36,626 : INFO : ConfigProcessor : Loading config from cache: /var/folders/sv/d29kcl5x50v7vt1n6xb5jsd40000gn/T/6a2f50ed892485825cc04dc0a68eab9f.mpf_cache
2024-07-17 13:30:36,626 : INFO : ConfigProcessor : Loading config from cache: /var/folders/sv/d29kcl5x50v7vt1n6xb5jsd40000gn/T/d58c58eb9fd1a2dc27f8acd255fb3761.mpf_cache
2024-07-17 13:30:36,626 : INFO : ConfigProcessor : Loading config from cache: /var/folders/sv/d29kcl5x50v7vt1n6xb5jsd40000gn/T/07adfd310b3ef0e03c5cbc91527abb6c.mpf_cache
2024-07-17 13:30:36,626 : INFO : ConfigProcessor : Loading config from cache: /var/folders/sv/d29kcl5x50v7vt1n6xb5jsd40000gn/T/12bd5247c3bf989b919364bdb7829769.mpf_cache
2024-07-17 13:30:36,627 : INFO : ConfigProcessor : Loading config from cache: /var/folders/sv/d29kcl5x50v7vt1n6xb5jsd40000gn/T/362e08f51a1a1b7a0809dd52f9c83f83.mpf_cache
2024-07-17 13:30:36,627 : INFO : ConfigProcessor : Loading config from cache: /var/folders/sv/d29kcl5x50v7vt1n6xb5jsd40000gn/T/e45e3bd39557ed8d0881194a7afab8f7.mpf_cache
2024-07-17 13:30:36,627 : INFO : ConfigProcessor : Loading config from cache: /var/folders/sv/d29kcl5x50v7vt1n6xb5jsd40000gn/T/331d8d1a1bc190cae8c13495e1db372f.mpf_cache
2024-07-17 13:30:36,627 : INFO : ConfigProcessor : Loading config from cache: /var/folders/sv/d29kcl5x50v7vt1n6xb5jsd40000gn/T/d17a9ff77386e6f1439d0802ace1de07.mpf_cache
2024-07-17 13:30:36,628 : INFO : ConfigProcessor : Loading config from cache: /var/folders/sv/d29kcl5x50v7vt1n6xb5jsd40000gn/T/280fd64455d0d243a54ab4db98fbccbd.mpf_cache
2024-07-17 13:30:36,628 : INFO : ConfigProcessor : Loading config from cache: /var/folders/sv/d29kcl5x50v7vt1n6xb5jsd40000gn/T/0c0596ed8fbb40b6113901d21bdc0a39.mpf_cache
2024-07-17 13:30:36,628 : INFO : ConfigProcessor : Loading config from cache: /var/folders/sv/d29kcl5x50v7vt1n6xb5jsd40000gn/T/2982e2d98506102244e9fa0f437a9fca.mpf_cache
2024-07-17 13:30:36,629 : INFO : ConfigProcessor : Loading config from file /Users/nicktaseris/Desktop/Pinball/KOTH/modes/hank_rollover/config/hank_rollover.yaml.
2024-07-17 13:30:36,629 : INFO : ConfigProcessor : Loading config: /Users/nicktaseris/Desktop/Pinball/KOTH/modes/hank_rollover/config/hank_rollover.yaml
2024-07-17 13:30:36,629 : INFO : ConfigProcessor : Config file cache created: /var/folders/sv/d29kcl5x50v7vt1n6xb5jsd40000gn/T/0fedc249e142fba0aaf46d9adc7061fa.mpf_cache
2024-07-17 13:30:36,630 : INFO : ConfigProcessor : Loading config from cache: /var/folders/sv/d29kcl5x50v7vt1n6xb5jsd40000gn/T/3048ed2d7ea14eee3db896f6760aa474.mpf_cache
2024-07-17 13:30:36,630 : INFO : Machine : Mission Pinball Framework Core Engine v0.80.0.dev1
2024-07-17 13:30:36,630 : INFO : Machine : Command line arguments: {'no_load_cache': False, 'create_config_cache': True, 'bcp': True, 'configfile': ['config.yaml'], 'force_assets_load': False, 'platform_integration_test': False, 'jsonlogging': False, 'logfile': 'logs/2024-07-17-13-30-36-mpf-Nicks-Air.lan.log', 'pause': False, 'production': False, 'text_ui': True, 'loglevel': 15, 'consoleloglevel': 20, 'force_platform': None, 'syslog_address': None, 'mc_file_name': None, 'no_sound': False, 'full_logfile_path': '/Users/nicktaseris/Desktop/Pinball/KOTH/logs/2024-07-17-13-30-36-mpf-Nicks-Air.lan.log'}
2024-07-17 13:30:36,630 : INFO : Machine : MPF path: /Users/nicktaseris/mpfenv/lib/python3.9/site-packages/mpf
2024-07-17 13:30:36,630 : INFO : Machine : Machine path: /Users/nicktaseris/Desktop/Pinball/KOTH
2024-07-17 13:30:36,630 : INFO : Machine : Platform: darwin
2024-07-17 13:30:36,630 : INFO : Machine : Python executable location: /Users/nicktaseris/mpfenv/bin/python3
2024-07-17 13:30:36,630 : INFO : Machine : Python version: 3.9.13 (64-bit)
2024-07-17 13:30:36,630 : INFO : Machine : Initializing MPF...
2024-07-17 13:30:36,665 : INFO : EventManager : Event: ======'machine_var_credits_string'====== Args={'value': 'FREE PLAY', 'prev_value': None, 'change': True}
2024-07-17 13:30:36,671 : INFO : EventManager : Event: ======'machine_var_master_volume'====== Args={'value': 0.5, 'prev_value': None, 'change': True}
2024-07-17 13:30:36,671 : INFO : EventManager : Event: ======'machine_var_player1_score'====== Args={'value': 175300, 'prev_value': None, 'change': True}
2024-07-17 13:30:36,671 : INFO : EventManager : Event: ======'machine_var_mpf_version'====== Args={'value': 'Mission Pinball Framework v0.80.0.dev1', 'prev_value': None, 'change': True}
2024-07-17 13:30:36,671 : INFO : EventManager : Event: ======'machine_var_mpf_extended_version'====== Args={'value': 'Mission Pinball Framework v0.80.0.dev1, Config version:6, Show version: 6, BCP version:1.1', 'prev_value': None, 'change': True}
2024-07-17 13:30:36,671 : INFO : EventManager : Event: ======'machine_var_python_version'====== Args={'value': '3.9.13', 'prev_value': None, 'change': True}
2024-07-17 13:30:36,680 : INFO : EventManager : Event: ======'machine_var_platform'====== Args={'value': 'macOS-12.1-arm64-arm-64bit', 'prev_value': None, 'change': True}
2024-07-17 13:30:36,680 : INFO : EventManager : Event: ======'machine_var_platform_system'====== Args={'value': 'Darwin', 'prev_value': None, 'change': True}
2024-07-17 13:30:36,680 : INFO : EventManager : Event: ======'machine_var_platform_release'====== Args={'value': '21.2.0', 'prev_value': None, 'change': True}
2024-07-17 13:30:36,680 : INFO : EventManager : Event: ======'machine_var_platform_version'====== Args={'value': 'Darwin Kernel Version 21.2.0: Sun Nov 28 20:29:10 PST 2021; root:xnu-8019.61.5~1/RELEASE_ARM64_T8101', 'prev_value': None, 'change': True}
2024-07-17 13:30:36,680 : INFO : EventManager : Event: ======'machine_var_platform_machine'====== Args={'value': 'arm64', 'prev_value': None, 'change': True}
2024-07-17 13:30:36,680 : INFO : EventManager : Event: ======'machine_var_log_file_path'====== Args={'value': '/Users/nicktaseris/Desktop/Pinball/KOTH/logs/2024-07-17-13-30-36-mpf-Nicks-Air.lan.log', 'prev_value': None, 'change': True}
2024-07-17 13:30:36,681 : INFO : EventManager : Event: ======'init_phase_1'====== Args={}
2024-07-17 13:30:36,699 : INFO : EventManager : Event: ======'drop_target_bank_strickland_bank_up'====== Args={}
2024-07-17 13:30:36,700 : INFO : EventManager : Event: ======'init_phase_2'====== Args={}
2024-07-17 13:30:36,700 : INFO : SwitchController : Found active switch: ('39', <Platform.SmartVirtual>) <switch.s_trough1>
2024-07-17 13:30:36,700 : INFO : SwitchController : Found active switch: ('40', <Platform.SmartVirtual>) <switch.s_trough2>
2024-07-17 13:30:36,700 : INFO : SwitchController : Found active switch: ('41', <Platform.SmartVirtual>) <switch.s_trough3>
2024-07-17 13:30:36,700 : INFO : SwitchController : Found active switch: ('42', <Platform.SmartVirtual>) <switch.s_trough4>
2024-07-17 13:30:36,700 : INFO : SwitchController : Found active switch: ('43', <Platform.SmartVirtual>) <switch.s_trough5>
2024-07-17 13:30:36,700 : INFO : SwitchController : Found active switch: ('44', <Platform.SmartVirtual>) <switch.s_trough6>
2024-07-17 13:30:36,703 : INFO : EventManager : Event: ======'machine_var_score1_label'====== Args={'value': 'GRAND CHAMPION', 'prev_value': None, 'change': True}
2024-07-17 13:30:36,703 : INFO : EventManager : Event: ======'machine_var_score1_name'====== Args={'value': 'BRI', 'prev_value': None, 'change': True}
2024-07-17 13:30:36,703 : INFO : EventManager : Event: ======'machine_var_score1_value'====== Args={'value': 4242, 'prev_value': None, 'change': True}
2024-07-17 13:30:36,703 : INFO : EventManager : Event: ======'machine_var_score2_label'====== Args={'value': 'HIGH SCORE 1', 'prev_value': None, 'change': True}
2024-07-17 13:30:36,704 : INFO : EventManager : Event: ======'machine_var_score2_name'====== Args={'value': 'GHK', 'prev_value': None, 'change': True}
2024-07-17 13:30:36,704 : INFO : EventManager : Event: ======'machine_var_score2_value'====== Args={'value': 2323, 'prev_value': None, 'change': True}
2024-07-17 13:30:36,704 : INFO : EventManager : Event: ======'machine_var_score3_label'====== Args={'value': 'HIGH SCORE 2', 'prev_value': None, 'change': True}
2024-07-17 13:30:36,704 : INFO : EventManager : Event: ======'machine_var_score3_name'====== Args={'value': 'JK', 'prev_value': None, 'change': True}
2024-07-17 13:30:36,704 : INFO : EventManager : Event: ======'machine_var_score3_value'====== Args={'value': 1337, 'prev_value': None, 'change': True}
2024-07-17 13:30:36,704 : INFO : EventManager : Event: ======'machine_var_score4_label'====== Args={'value': 'HIGH SCORE 3', 'prev_value': None, 'change': True}
2024-07-17 13:30:36,704 : INFO : EventManager : Event: ======'machine_var_score4_name'====== Args={'value': 'QC', 'prev_value': None, 'change': True}
2024-07-17 13:30:36,704 : INFO : EventManager : Event: ======'machine_var_score4_value'====== Args={'value': 42, 'prev_value': None, 'change': True}
2024-07-17 13:30:36,704 : INFO : EventManager : Event: ======'machine_var_score5_label'====== Args={'value': 'HIGH SCORE 4', 'prev_value': None, 'change': True}
2024-07-17 13:30:36,704 : INFO : EventManager : Event: ======'machine_var_score5_name'====== Args={'value': 'MPF', 'prev_value': None, 'change': True}
2024-07-17 13:30:36,704 : INFO : EventManager : Event: ======'machine_var_score5_value'====== Args={'value': 23, 'prev_value': None, 'change': True}
2024-07-17 13:30:36,704 : INFO : EventManager : Event: ======'bcp_connection_attempt'====== Args={'name': 'local_display', 'host': 'localhost', 'port': 5050}
2024-07-17 13:30:36,705 : INFO : BCPClientSocket : Connecting BCP to 'local_display' at localhost:5050...
2024-07-17 13:30:36,708 : INFO : BCPClientSocket : Connected BCP to 'local_display' localhost:5050
2024-07-17 13:30:36,708 : INFO : EventManager : Event: ======'bcp_clients_connected'====== Args={}
2024-07-17 13:30:36,709 : INFO : ball_device.bd_trough : BCH: Initial count: 6
2024-07-17 13:30:36,709 : INFO : ball_device.bd_trough : State: idle
2024-07-17 13:30:36,709 : INFO : ball_device.bd_plunger : BCH: Initial count: 0
2024-07-17 13:30:36,709 : INFO : ball_device.bd_plunger : State: idle
2024-07-17 13:30:36,710 : INFO : ball_device.bd_scoop : BCH: Initial count: 0
2024-07-17 13:30:36,710 : INFO : ball_device.bd_scoop : State: idle
2024-07-17 13:30:36,714 : INFO : EventManager : Event: ======'init_phase_3'====== Args={}
2024-07-17 13:30:36,719 : INFO : EventManager : Event: ======'init_phase_4'====== Args={}
2024-07-17 13:30:36,720 : INFO : BallController : Initial balls found: 6
2024-07-17 13:30:36,720 : INFO : EventManager : Event: ======'machine_var_audits_events_game_ended'====== Args={'value': 4, 'prev_value': None, 'change': True}
2024-07-17 13:30:36,720 : INFO : EventManager : Event: ======'machine_var_audits_events_game_started'====== Args={'value': 433, 'prev_value': None, 'change': True}
2024-07-17 13:30:36,720 : INFO : EventManager : Event: ======'machine_var_audits_missing_switches_s_a_target'====== Args={'value': 1, 'prev_value': None, 'change': True}
2024-07-17 13:30:36,720 : INFO : EventManager : Event: ======'machine_var_audits_missing_switches_s_bottom_inline_drop'====== Args={'value': 1, 'prev_value': None, 'change': True}
2024-07-17 13:30:36,720 : INFO : EventManager : Event: ======'machine_var_audits_missing_switches_s_bottom_pop_bumper'====== Args={'value': 115, 'prev_value': None, 'change': True}
2024-07-17 13:30:36,720 : INFO : EventManager : Event: ======'machine_var_audits_missing_switches_s_center_spinner'====== Args={'value': 180, 'prev_value': None, 'change': True}
2024-07-17 13:30:36,720 : INFO : EventManager : Event: ======'machine_var_audits_missing_switches_s_e_target'====== Args={'value': 9, 'prev_value': None, 'change': True}
2024-07-17 13:30:36,721 : INFO : EventManager : Event: ======'machine_var_audits_missing_switches_s_left_flipper'====== Args={'value': 12, 'prev_value': None, 'change': True}
2024-07-17 13:30:36,721 : INFO : EventManager : Event: ======'machine_var_audits_missing_switches_s_left_inner_horseshoe'====== Args={'value': 67, 'prev_value': None, 'change': True}
2024-07-17 13:30:36,721 : INFO : EventManager : Event: ======'machine_var_audits_missing_switches_s_left_orbit_enter'====== Args={'value': 1, 'prev_value': None, 'change': True}
2024-07-17 13:30:36,721 : INFO : EventManager : Event: ======'machine_var_audits_missing_switches_s_left_orbit_exit'====== Args={'value': 189, 'prev_value': None, 'change': True}
2024-07-17 13:30:36,721 : INFO : EventManager : Event: ======'machine_var_audits_missing_switches_s_left_pop_bumper'====== Args={'value': 67, 'prev_value': None, 'change': True}
2024-07-17 13:30:36,721 : INFO : EventManager : Event: ======'machine_var_audits_missing_switches_s_left_ramp_enter'====== Args={'value': 25, 'prev_value': None, 'change': True}
2024-07-17 13:30:36,721 : INFO : EventManager : Event: ======'machine_var_audits_missing_switches_s_left_ramp_exit'====== Args={'value': 311, 'prev_value': None, 'change': True}
2024-07-17 13:30:36,721 : INFO : EventManager : Event: ======'machine_var_audits_missing_switches_s_left_sling'====== Args={'value': 83, 'prev_value': None, 'change': True}
2024-07-17 13:30:36,721 : INFO : EventManager : Event: ======'machine_var_audits_missing_switches_s_left_spinner'====== Args={'value': 1, 'prev_value': None, 'change': True}
2024-07-17 13:30:36,721 : INFO : EventManager : Event: ======'machine_var_audits_missing_switches_s_middle_inline_drop'====== Args={'value': 1, 'prev_value': None, 'change': True}
2024-07-17 13:30:36,721 : INFO : EventManager : Event: ======'machine_var_audits_missing_switches_s_n_target'====== Args={'value': 2, 'prev_value': None, 'change': True}
2024-07-17 13:30:36,721 : INFO : EventManager : Event: ======'machine_var_audits_missing_switches_s_o_target'====== Args={'value': 3, 'prev_value': None, 'change': True}
2024-07-17 13:30:36,721 : INFO : EventManager : Event: ======'machine_var_audits_missing_switches_s_p_target'====== Args={'value': 3, 'prev_value': None, 'change': True}
2024-07-17 13:30:36,721 : INFO : EventManager : Event: ======'machine_var_audits_missing_switches_s_r_target'====== Args={'value': 3, 'prev_value': None, 'change': True}
2024-07-17 13:30:36,722 : INFO : EventManager : Event: ======'machine_var_audits_missing_switches_s_right_flipper'====== Args={'value': 1, 'prev_value': None, 'change': True}
2024-07-17 13:30:36,722 : INFO : EventManager : Event: ======'machine_var_audits_missing_switches_s_right_inlane'====== Args={'value': 384, 'prev_value': None, 'change': True}
2024-07-17 13:30:36,722 : INFO : EventManager : Event: ======'machine_var_audits_missing_switches_s_right_inner_horseshoe'====== Args={'value': 74, 'prev_value': None, 'change': True}
2024-07-17 13:30:36,722 : INFO : EventManager : Event: ======'machine_var_audits_missing_switches_s_right_orbit_exit'====== Args={'value': 176, 'prev_value': None, 'change': True}
2024-07-17 13:30:36,722 : INFO : EventManager : Event: ======'machine_var_audits_missing_switches_s_right_outlane'====== Args={'value': 81, 'prev_value': None, 'change': True}
2024-07-17 13:30:36,722 : INFO : EventManager : Event: ======'machine_var_audits_missing_switches_s_right_pop_bumper'====== Args={'value': 94, 'prev_value': None, 'change': True}
2024-07-17 13:30:36,722 : INFO : EventManager : Event: ======'machine_var_audits_missing_switches_s_right_ramp_enter'====== Args={'value': 138, 'prev_value': None, 'change': True}
2024-07-17 13:30:36,722 : INFO : EventManager : Event: ======'machine_var_audits_missing_switches_s_right_ramp_exit'====== Args={'value': 138, 'prev_value': None, 'change': True}
2024-07-17 13:30:36,722 : INFO : EventManager : Event: ======'machine_var_audits_missing_switches_s_right_ramp_standup'====== Args={'value': 51, 'prev_value': None, 'change': True}
2024-07-17 13:30:36,722 : INFO : EventManager : Event: ======'machine_var_audits_missing_switches_s_right_sling'====== Args={'value': 384, 'prev_value': None, 'change': True}
2024-07-17 13:30:36,722 : INFO : EventManager : Event: ======'machine_var_audits_missing_switches_s_scoop'====== Args={'value': 1, 'prev_value': None, 'change': True}
2024-07-17 13:30:36,722 : INFO : EventManager : Event: ======'machine_var_audits_missing_switches_s_start'====== Args={'value': 1, 'prev_value': None, 'change': True}
2024-07-17 13:30:36,722 : INFO : EventManager : Event: ======'machine_var_audits_missing_switches_s_top_inline_drop'====== Args={'value': 67, 'prev_value': None, 'change': True}
2024-07-17 13:30:36,723 : INFO : EventManager : Event: ======'machine_var_audits_missing_switches_s_trough1'====== Args={'value': 1, 'prev_value': None, 'change': True}
2024-07-17 13:30:36,723 : INFO : EventManager : Event: ======'machine_var_audits_missing_switches_s_trough2'====== Args={'value': 60, 'prev_value': None, 'change': True}
2024-07-17 13:30:36,723 : INFO : EventManager : Event: ======'machine_var_audits_missing_switches_s_trough3'====== Args={'value': 60, 'prev_value': None, 'change': True}
2024-07-17 13:30:36,723 : INFO : EventManager : Event: ======'machine_var_audits_missing_switches_s_trough4'====== Args={'value': 388, 'prev_value': None, 'change': True}
2024-07-17 13:30:36,723 : INFO : EventManager : Event: ======'machine_var_audits_missing_switches_s_trough5'====== Args={'value': 388, 'prev_value': None, 'change': True}
2024-07-17 13:30:36,723 : INFO : EventManager : Event: ======'machine_var_audits_missing_switches_s_trough6'====== Args={'value': 388, 'prev_value': None, 'change': True}
2024-07-17 13:30:36,723 : INFO : EventManager : Event: ======'machine_var_audits_missing_switches_s_trough_jam'====== Args={'value': 321, 'prev_value': None, 'change': True}
2024-07-17 13:30:36,723 : INFO : EventManager : Event: ======'machine_var_audits_player_score'====== Args={'value': {'average': 109379, 'top': [370600, 175300, 400, 300, 250], 'total': 5}, 'prev_value': None, 'change': True}
2024-07-17 13:30:36,723 : INFO : EventManager : Event: ======'machine_var_audits_shots_a_target'====== Args={'value': 7, 'prev_value': None, 'change': True}
2024-07-17 13:30:36,723 : INFO : EventManager : Event: ======'machine_var_audits_shots_e_target'====== Args={'value': 3, 'prev_value': None, 'change': True}
2024-07-17 13:30:36,724 : INFO : EventManager : Event: ======'machine_var_audits_shots_left_rollover_lane'====== Args={'value': 165, 'prev_value': None, 'change': True}
2024-07-17 13:30:36,724 : INFO : EventManager : Event: ======'machine_var_audits_shots_middle_rollover_lane'====== Args={'value': 160, 'prev_value': None, 'change': True}
2024-07-17 13:30:36,724 : INFO : EventManager : Event: ======'machine_var_audits_shots_n_target'====== Args={'value': 9, 'prev_value': None, 'change': True}
2024-07-17 13:30:36,724 : INFO : EventManager : Event: ======'machine_var_audits_shots_o_target'====== Args={'value': 4, 'prev_value': None, 'change': True}
2024-07-17 13:30:36,724 : INFO : EventManager : Event: ======'machine_var_audits_shots_p2_target'====== Args={'value': 5, 'prev_value': None, 'change': True}
2024-07-17 13:30:36,724 : INFO : EventManager : Event: ======'machine_var_audits_shots_p_target'====== Args={'value': 8, 'prev_value': None, 'change': True}
2024-07-17 13:30:36,724 : INFO : EventManager : Event: ======'machine_var_audits_shots_qualify_o_target'====== Args={'value': 65, 'prev_value': None, 'change': True}
2024-07-17 13:30:36,724 : INFO : EventManager : Event: ======'machine_var_audits_shots_qualify_p_target'====== Args={'value': 69, 'prev_value': None, 'change': True}
2024-07-17 13:30:36,724 : INFO : EventManager : Event: ======'machine_var_audits_shots_qualify_r_target'====== Args={'value': 89, 'prev_value': None, 'change': True}
2024-07-17 13:30:36,725 : INFO : EventManager : Event: ======'machine_var_audits_shots_r_target'====== Args={'value': 14, 'prev_value': None, 'change': True}
2024-07-17 13:30:36,725 : INFO : EventManager : Event: ======'machine_var_audits_shots_right_rollover_lane'====== Args={'value': 164, 'prev_value': None, 'change': True}
2024-07-17 13:30:36,725 : INFO : EventManager : Event: ======'machine_var_audits_shots_skillshot_a_target'====== Args={'value': 50, 'prev_value': None, 'change': True}
2024-07-17 13:30:36,725 : INFO : EventManager : Event: ======'machine_var_audits_shots_skillshot_e_target'====== Args={'value': 42, 'prev_value': None, 'change': True}
2024-07-17 13:30:36,725 : INFO : EventManager : Event: ======'machine_var_audits_shots_skillshot_n_target'====== Args={'value': 36, 'prev_value': None, 'change': True}
2024-07-17 13:30:36,725 : INFO : EventManager : Event: ======'machine_var_audits_shots_skillshot_o_target'====== Args={'value': 17, 'prev_value': None, 'change': True}
2024-07-17 13:30:36,725 : INFO : EventManager : Event: ======'machine_var_audits_shots_skillshot_p2_target'====== Args={'value': 13, 'prev_value': None, 'change': True}
2024-07-17 13:30:36,725 : INFO : EventManager : Event: ======'machine_var_audits_shots_skillshot_p_target'====== Args={'value': 26, 'prev_value': None, 'change': True}
2024-07-17 13:30:36,725 : INFO : EventManager : Event: ======'machine_var_audits_shots_skillshot_r_target'====== Args={'value': 15, 'prev_value': None, 'change': True}
2024-07-17 13:30:36,726 : INFO : EventManager : Event: ======'machine_var_audits_switches_s_a_target'====== Args={'value': 97, 'prev_value': None, 'change': True}
2024-07-17 13:30:36,726 : INFO : EventManager : Event: ======'machine_var_audits_switches_s_bottom_inline_drop'====== Args={'value': 467, 'prev_value': None, 'change': True}
2024-07-17 13:30:36,726 : INFO : EventManager : Event: ======'machine_var_audits_switches_s_bottom_pop_bumper'====== Args={'value': 9, 'prev_value': None, 'change': True}
2024-07-17 13:30:36,726 : INFO : EventManager : Event: ======'machine_var_audits_switches_s_center_spinner'====== Args={'value': 3, 'prev_value': None, 'change': True}
2024-07-17 13:30:36,726 : INFO : EventManager : Event: ======'machine_var_audits_switches_s_e_target'====== Args={'value': 106, 'prev_value': None, 'change': True}
2024-07-17 13:30:36,726 : INFO : EventManager : Event: ======'machine_var_audits_switches_s_left_flipper'====== Args={'value': 197, 'prev_value': None, 'change': True}
2024-07-17 13:30:36,727 : INFO : EventManager : Event: ======'machine_var_audits_switches_s_left_inlane'====== Args={'value': 11, 'prev_value': None, 'change': True}
2024-07-17 13:30:36,727 : INFO : EventManager : Event: ======'machine_var_audits_switches_s_left_inner_horseshoe'====== Args={'value': 15, 'prev_value': None, 'change': True}
2024-07-17 13:30:36,727 : INFO : EventManager : Event: ======'machine_var_audits_switches_s_left_orbit_enter'====== Args={'value': 22, 'prev_value': None, 'change': True}
2024-07-17 13:30:36,727 : INFO : EventManager : Event: ======'machine_var_audits_switches_s_left_orbit_exit'====== Args={'value': 13, 'prev_value': None, 'change': True}
2024-07-17 13:30:36,727 : INFO : EventManager : Event: ======'machine_var_audits_switches_s_left_outlane'====== Args={'value': 26, 'prev_value': None, 'change': True}
2024-07-17 13:30:36,727 : INFO : EventManager : Event: ======'machine_var_audits_switches_s_left_pop_bumper'====== Args={'value': 4, 'prev_value': None, 'change': True}
2024-07-17 13:30:36,727 : INFO : EventManager : Event: ======'machine_var_audits_switches_s_left_ramp_enter'====== Args={'value': 18, 'prev_value': None, 'change': True}
2024-07-17 13:30:36,727 : INFO : EventManager : Event: ======'machine_var_audits_switches_s_left_ramp_exit'====== Args={'value': 3, 'prev_value': None, 'change': True}
2024-07-17 13:30:36,728 : INFO : EventManager : Event: ======'machine_var_audits_switches_s_left_ramp_standup'====== Args={'value': 694, 'prev_value': None, 'change': True}
2024-07-17 13:30:36,728 : INFO : EventManager : Event: ======'machine_var_audits_switches_s_left_rollover_lane'====== Args={'value': 170, 'prev_value': None, 'change': True}
2024-07-17 13:30:36,728 : INFO : EventManager : Event: ======'machine_var_audits_switches_s_left_sling'====== Args={'value': 12, 'prev_value': None, 'change': True}
2024-07-17 13:30:36,728 : INFO : EventManager : Event: ======'machine_var_audits_switches_s_left_spinner'====== Args={'value': 116, 'prev_value': None, 'change': True}
2024-07-17 13:30:36,728 : INFO : EventManager : Event: ======'machine_var_audits_switches_s_middle_inline_drop'====== Args={'value': 464, 'prev_value': None, 'change': True}
2024-07-17 13:30:36,728 : INFO : EventManager : Event: ======'machine_var_audits_switches_s_middle_rollover_lane'====== Args={'value': 163, 'prev_value': None, 'change': True}
2024-07-17 13:30:36,728 : INFO : EventManager : Event: ======'machine_var_audits_switches_s_n_target'====== Args={'value': 95, 'prev_value': None, 'change': True}
2024-07-17 13:30:36,729 : INFO : EventManager : Event: ======'machine_var_audits_switches_s_o_target'====== Args={'value': 112, 'prev_value': None, 'change': True}
2024-07-17 13:30:36,729 : INFO : EventManager : Event: ======'machine_var_audits_switches_s_p2_target'====== Args={'value': 38, 'prev_value': None, 'change': True}
2024-07-17 13:30:36,729 : INFO : EventManager : Event: ======'machine_var_audits_switches_s_p_target'====== Args={'value': 290, 'prev_value': None, 'change': True}
2024-07-17 13:30:36,729 : INFO : EventManager : Event: ======'machine_var_audits_switches_s_plunger'====== Args={'value': 520, 'prev_value': None, 'change': True}
2024-07-17 13:30:36,729 : INFO : EventManager : Event: ======'machine_var_audits_switches_s_plunger_lane'====== Args={'value': 39, 'prev_value': None, 'change': True}
2024-07-17 13:30:36,729 : INFO : EventManager : Event: ======'machine_var_audits_switches_s_plunger_lane_exit'====== Args={'value': 317, 'prev_value': None, 'change': True}
2024-07-17 13:30:36,729 : INFO : EventManager : Event: ======'machine_var_audits_switches_s_r_target'====== Args={'value': 129, 'prev_value': None, 'change': True}
2024-07-17 13:30:36,730 : INFO : EventManager : Event: ======'machine_var_audits_switches_s_right_flipper'====== Args={'value': 473, 'prev_value': None, 'change': True}
2024-07-17 13:30:36,730 : INFO : EventManager : Event: ======'machine_var_audits_switches_s_right_inlane'====== Args={'value': 9, 'prev_value': None, 'change': True}
2024-07-17 13:30:36,730 : INFO : EventManager : Event: ======'machine_var_audits_switches_s_right_inner_horseshoe'====== Args={'value': 8, 'prev_value': None, 'change': True}
2024-07-17 13:30:36,730 : INFO : EventManager : Event: ======'machine_var_audits_switches_s_right_orbit_exit'====== Args={'value': 33, 'prev_value': None, 'change': True}
2024-07-17 13:30:36,730 : INFO : EventManager : Event: ======'machine_var_audits_switches_s_right_outlane'====== Args={'value': 8, 'prev_value': None, 'change': True}
2024-07-17 13:30:36,730 : INFO : EventManager : Event: ======'machine_var_audits_switches_s_right_pop_bumper'====== Args={'value': 16, 'prev_value': None, 'change': True}
2024-07-17 13:30:36,730 : INFO : EventManager : Event: ======'machine_var_audits_switches_s_right_ramp_enter'====== Args={'value': 1, 'prev_value': None, 'change': True}
2024-07-17 13:30:36,731 : INFO : EventManager : Event: ======'machine_var_audits_switches_s_right_ramp_exit'====== Args={'value': 1, 'prev_value': None, 'change': True}
2024-07-17 13:30:36,731 : INFO : EventManager : Event: ======'machine_var_audits_switches_s_right_ramp_standup'====== Args={'value': 184, 'prev_value': None, 'change': True}
2024-07-17 13:30:36,731 : INFO : EventManager : Event: ======'machine_var_audits_switches_s_right_rollover_lane'====== Args={'value': 178, 'prev_value': None, 'change': True}
2024-07-17 13:30:36,731 : INFO : EventManager : Event: ======'machine_var_audits_switches_s_right_sling'====== Args={'value': 1, 'prev_value': None, 'change': True}
2024-07-17 13:30:36,731 : INFO : EventManager : Event: ======'machine_var_audits_switches_s_scoop'====== Args={'value': 91, 'prev_value': None, 'change': True}
2024-07-17 13:30:36,732 : INFO : EventManager : Event: ======'machine_var_audits_switches_s_start'====== Args={'value': 298, 'prev_value': None, 'change': True}
2024-07-17 13:30:36,732 : INFO : EventManager : Event: ======'machine_var_audits_switches_s_top_inline_drop'====== Args={'value': 36, 'prev_value': None, 'change': True}
2024-07-17 13:30:36,732 : INFO : EventManager : Event: ======'machine_var_audits_switches_s_trough1'====== Args={'value': 329, 'prev_value': None, 'change': True}
2024-07-17 13:30:36,732 : INFO : EventManager : Event: ======'machine_var_audits_switches_s_trough2'====== Args={'value': 25, 'prev_value': None, 'change': True}
2024-07-17 13:30:36,732 : INFO : EventManager : Event: ======'machine_var_audits_switches_s_trough3'====== Args={'value': 5, 'prev_value': None, 'change': True}
2024-07-17 13:30:36,732 : INFO : EventManager : Event: ======'machine_var_audits_switches_s_trough4'====== Args={'value': 2, 'prev_value': None, 'change': True}
2024-07-17 13:30:36,733 : INFO : EventManager : Event: ======'machine_var_audits_switches_s_trough5'====== Args={'value': 2, 'prev_value': None, 'change': True}
2024-07-17 13:30:36,733 : INFO : EventManager : Event: ======'machine_var_audits_switches_s_trough6'====== Args={'value': 1, 'prev_value': None, 'change': True}
2024-07-17 13:30:36,733 : INFO : EventManager : Event: ======'machine_var_audits_switches_s_trough_jam'====== Args={'value': 5, 'prev_value': None, 'change': True}
2024-07-17 13:30:36,733 : INFO : EventManager : Event: ======'init_phase_5'====== Args={}
2024-07-17 13:30:36,736 : INFO : EventManager : Event: ======'init_done'====== Args={}
2024-07-17 13:30:36,736 : INFO : EventManager : Event: ======'machine_reset_phase_1'====== Args={}
2024-07-17 13:30:36,740 : INFO : EventManager : Event: ======'machine_reset_phase_2'====== Args={}
2024-07-17 13:30:36,742 : INFO : EventManager : Event: ======'machine_reset_phase_3'====== Args={}
2024-07-17 13:30:36,742 : INFO : drop_target_bank.strickland_bank : All targets are already up. Will not reset bank.
2024-07-17 13:30:36,742 : INFO : EventManager : Event: ======'reset_complete'====== Args={}
2024-07-17 13:30:36,742 : INFO : EventManager : Event: ======'mode_attract_will_start'====== Args={}
2024-07-17 13:30:36,742 : INFO : Timer.attract_switch : Starting Timer.
2024-07-17 13:30:36,742 : INFO : EventManager : Event: ======'timer_attract_switch_started'====== Args={'ticks': 0, 'ticks_remaining': 45}
2024-07-17 13:30:36,742 : INFO : EventManager : Event: ======'timer_attract_switch_tick'====== Args={'ticks': 0, 'ticks_remaining': 45}
2024-07-17 13:30:36,742 : INFO : EventManager : Event: ======'mode_attract_starting'====== Args={}
2024-07-17 13:30:36,743 : INFO : Mode.attract : Started. Priority: 10
2024-07-17 13:30:36,743 : INFO : EventManager : Event: ======'modes_active_modes_changed'====== Args={}
2024-07-17 13:30:36,743 : INFO : EventManager : Event: ======'mode_attract_started'====== Args={}
2024-07-17 13:30:36,743 : INFO : EventManager : Event: ======'collecting_balls_complete'====== Args={}
2024-07-17 13:30:36,743 : INFO : Machine : Starting the main run loop.
2024-07-17 13:30:36,834 : INFO : BcpServer : New client connected.
2024-07-17 13:30:37,744 : INFO : EventManager : Event: ======'timer_attract_switch_tick'====== Args={'ticks': 1, 'ticks_remaining': 44}
2024-07-17 13:30:37,760 : INFO : EventManager : Event: ======'slide__removed'====== Args={'_from_bcp': True}
2024-07-17 13:30:37,786 : INFO : EventManager : Event: ======'slide_dtp_logo_attract_created'====== Args={'_from_bcp': True}
2024-07-17 13:30:37,786 : INFO : EventManager : Event: ======'slide_dtp_logo_attract_active'====== Args={'original_context': 'attract', 'original_calling_context': 'timer_attract_switch_tick{ticks==1}', 'cmd': 'slides_play', '_from_bcp': True}
2024-07-17 13:30:38,287 : INFO : SwitchController : <<<<<<< 's_start' active >>>>>>>
2024-07-17 13:30:38,411 : INFO : SwitchController : <<<<<<< 's_start' inactive >>>>>>>
2024-07-17 13:30:38,412 : INFO : EventManager : Event: ======'request_to_start_game'====== Args={}
2024-07-17 13:30:38,413 : INFO : EventManager : Event: ======'game_start'====== Args={'buttons': [], 'hold_time': 0.12464625000000007}
2024-07-17 13:30:38,413 : INFO : EventManager : Event: ======'mode_game_will_start'====== Args={'buttons': [], 'hold_time': 0.12464625000000007}
2024-07-17 13:30:38,414 : INFO : EventManager : Event: ======'mode_game_starting'====== Args={'buttons': [], 'hold_time': 0.12464625000000007}
2024-07-17 13:30:38,415 : INFO : EventManager : Event: ======'mode_attract_will_stop'====== Args={}
2024-07-17 13:30:38,415 : INFO : EventManager : Event: ======'mode_attract_stopping'====== Args={}
2024-07-17 13:30:38,416 : INFO : Mode.attract : Stopped.
2024-07-17 13:30:38,416 : INFO : EventManager : Event: ======'modes_active_modes_changed'====== Args={}
2024-07-17 13:30:38,417 : INFO : EventManager : Event: ======'mode_attract_stopped'====== Args={}
2024-07-17 13:30:38,417 : INFO : EventManager : Event: ======'clear'====== Args={'key': 'attract'}
2024-07-17 13:30:38,418 : INFO : Timer.attract_switch : Stopping Timer
2024-07-17 13:30:38,418 : INFO : EventManager : Event: ======'timer_attract_switch_stopped'====== Args={'ticks': 1, 'ticks_remaining': 44}
2024-07-17 13:30:38,419 : INFO : Mode.game : Started. Priority: 20
2024-07-17 13:30:38,419 : INFO : EventManager : Event: ======'modes_active_modes_changed'====== Args={}
2024-07-17 13:30:38,419 : INFO : EventManager : Event: ======'mode_game_started'====== Args={'buttons': [], 'hold_time': 0.12464625000000007}
2024-07-17 13:30:38,421 : INFO : EventManager : Event: ======'game_will_start'====== Args={}
2024-07-17 13:30:38,421 : INFO : EventManager : Event: ======'game_starting'====== Args={'game': <Mode.game>}
2024-07-17 13:30:38,423 : INFO : EventManager : Unordered handler for class <Auditor> on event game_ended with priority 1. Handlers: [RegisteredHandler(callback=<bound method Auditor.disable of <Auditor>>, priority=1, kwargs={}, key=UUID('90700812-5329-485e-8e4b-5ca7bd278bff'), condition=None, blocking_facility=None), RegisteredHandler(callback=<bound method Auditor._save_audits of <Auditor>>, priority=1, kwargs={}, key=UUID('4f20e583-8630-4b29-943d-e647ec5791d2'), condition=None, blocking_facility=None)]. The order of those handlers is not defined and they will be executed in random order. This might lead to race conditions and potential bugs.
2024-07-17 13:30:38,423 : INFO : EventManager : Event: ======'player_add_request'====== Args={}
2024-07-17 13:30:38,436 : INFO : EventManager : Event: ======'player_will_add'====== Args={'number': 1}
2024-07-17 13:30:38,436 : INFO : EventManager : Event: ======'player_adding'====== Args={'player': <Player 1>, 'number': 1}
2024-07-17 13:30:38,437 : INFO : EventManager : Event: ======'player_added'====== Args={'player': <Player 1>, 'num': 1}
2024-07-17 13:30:38,437 : INFO : Mode.game : Player added successfully. Total players: 1
2024-07-17 13:30:38,437 : INFO : EventManager : Event: ======'player_index'====== Args={'value': 0, 'prev_value': 0, 'change': 0, 'player_num': 1}
2024-07-17 13:30:38,438 : INFO : EventManager : Event: ======'player_number'====== Args={'value': 1, 'prev_value': 1, 'change': 0, 'player_num': 1}
2024-07-17 13:30:38,438 : INFO : EventManager : Event: ======'player_score'====== Args={'value': 0, 'prev_value': 0, 'change': 0, 'player_num': 1}
2024-07-17 13:30:38,439 : INFO : EventManager : Event: ======'game_started'====== Args={}
2024-07-17 13:30:38,440 : INFO : EventManager : Event: ======'player_turn_will_start'====== Args={'player': <Player 1>, 'number': 1}
2024-07-17 13:30:38,448 : INFO : EventManager : Event: ======'player_turn_starting'====== Args={'player': <Player 1>, 'number': 1}
2024-07-17 13:30:38,455 : INFO : EventManager : Event: ======'player_ball'====== Args={'value': 1, 'prev_value': 0, 'change': 1, 'player_num': 1}
2024-07-17 13:30:38,455 : INFO : EventManager : Event: ======'player_turn_started'====== Args={'player': <Player 1>, 'number': 1}
2024-07-17 13:30:38,456 : INFO : EventManager : Event: ======'ball_will_start'====== Args={'player': 1, 'ball': 1, 'balls_remaining': 2, 'is_extra_ball': False}
2024-07-17 13:30:38,456 : INFO : EventManager : Event: ======'ball_starting'====== Args={'player': 1, 'ball': 1, 'balls_remaining': 2, 'is_extra_ball': False}
2024-07-17 13:30:38,457 : INFO : EventManager : Event: ======'mode_skillshot_will_start'====== Args={'queue': <QueuedEvent>, 'player': 1, 'ball': 1, 'balls_remaining': 2, 'is_extra_ball': False}
2024-07-17 13:30:38,457 : INFO : EventManager : Event: ======'skillshot_complete'====== Args={'state': 'None'}
2024-07-17 13:30:38,457 : INFO : EventManager : Event: ======'skillshot_None_complete'====== Args={}
2024-07-17 13:30:38,458 : INFO : EventManager : Event: ======'player_shot_skillshot_p_target_enabled'====== Args={'value': True, 'prev_value': 0, 'change': 1, 'player_num': 1}
2024-07-17 13:30:38,458 : INFO : EventManager : Event: ======'player_shot_skillshot_r_target_enabled'====== Args={'value': True, 'prev_value': 0, 'change': 1, 'player_num': 1}
2024-07-17 13:30:38,458 : INFO : EventManager : Event: ======'player_shot_skillshot_o_target_enabled'====== Args={'value': True, 'prev_value': 0, 'change': 1, 'player_num': 1}
2024-07-17 13:30:38,459 : INFO : EventManager : Event: ======'player_shot_skillshot_p2_target_enabled'====== Args={'value': True, 'prev_value': 0, 'change': 1, 'player_num': 1}
2024-07-17 13:30:38,459 : INFO : EventManager : Event: ======'player_shot_skillshot_a_target_enabled'====== Args={'value': True, 'prev_value': 0, 'change': 1, 'player_num': 1}
2024-07-17 13:30:38,460 : INFO : EventManager : Event: ======'player_shot_skillshot_n_target_enabled'====== Args={'value': True, 'prev_value': 0, 'change': 1, 'player_num': 1}
2024-07-17 13:30:38,460 : INFO : EventManager : Event: ======'player_shot_skillshot_e_target_enabled'====== Args={'value': True, 'prev_value': 0, 'change': 1, 'player_num': 1}
2024-07-17 13:30:38,460 : INFO : EventManager : Event: ======'player_skillshot_skillshot_rotate_tick'====== Args={'value': 0, 'prev_value': 0, 'change': 0, 'player_num': 1}
2024-07-17 13:30:38,461 : INFO : Timer.skillshot_rotate : Starting Timer.
2024-07-17 13:30:38,461 : INFO : EventManager : Event: ======'timer_skillshot_rotate_started'====== Args={'ticks': 0, 'ticks_remaining': 0}
2024-07-17 13:30:38,461 : INFO : EventManager : Event: ======'timer_skillshot_rotate_tick'====== Args={'ticks': 0, 'ticks_remaining': 0}
2024-07-17 13:30:38,462 : INFO : EventManager : Event: ======'mode_skillshot_starting'====== Args={'queue': <QueuedEvent>, 'player': 1, 'ball': 1, 'balls_remaining': 2, 'is_extra_ball': False}
2024-07-17 13:30:38,462 : INFO : drop_target_bank.strickland_bank : All targets are already up. Will not reset bank.
2024-07-17 13:30:38,462 : INFO : EventManager : Event: ======'cmd_flippers_enable'====== Args={'priority': 0}
2024-07-17 13:30:38,462 : INFO : EventManager : Event: ======'cmd_autofire_coils_enable'====== Args={'priority': 0}
2024-07-17 13:30:38,462 : INFO : EventManager : Event: ======'cmd_drop_targets_reset'====== Args={'priority': 0}
2024-07-17 13:30:38,463 : INFO : Mode.skillshot : Started. Priority: 200
2024-07-17 13:30:38,463 : INFO : EventManager : Event: ======'modes_active_modes_changed'====== Args={}
2024-07-17 13:30:38,463 : INFO : EventManager : Event: ======'mode_skillshot_started'====== Args={'queue': <QueuedEvent>, 'player': 1, 'ball': 1, 'balls_remaining': 2, 'is_extra_ball': False}
2024-07-17 13:30:38,464 : INFO : EventManager : Event: ======'player_shot_skillshot_p_target'====== Args={'value': 1, 'prev_value': 0, 'change': 1, 'player_num': 1}
2024-07-17 13:30:38,465 : INFO : EventManager : Event: ======'balls_in_play'====== Args={'balls': 1}
2024-07-17 13:30:38,465 : INFO : EventManager : Event: ======'ball_started'====== Args={'player': 1, 'ball': 1, 'balls_remaining': 2, 'is_extra_ball': False}
2024-07-17 13:30:38,465 : INFO : EventManager : Event: ======'mode_BBQ_rollover_will_start'====== Args={'player': 1, 'ball': 1, 'balls_remaining': 2, 'is_extra_ball': False}
2024-07-17 13:30:38,465 : INFO : EventManager : Event: ======'player_shot_left_rollover_lane_enabled'====== Args={'value': True, 'prev_value': 0, 'change': 1, 'player_num': 1}
2024-07-17 13:30:38,466 : INFO : EventManager : Event: ======'player_shot_middle_rollover_lane_enabled'====== Args={'value': True, 'prev_value': 0, 'change': 1, 'player_num': 1}
2024-07-17 13:30:38,466 : INFO : EventManager : Event: ======'player_shot_right_rollover_lane_enabled'====== Args={'value': True, 'prev_value': 0, 'change': 1, 'player_num': 1}
2024-07-17 13:30:38,466 : INFO : EventManager : Event: ======'BBQ_lanes_complete'====== Args={'state': 'unlit'}
2024-07-17 13:30:38,467 : INFO : EventManager : Event: ======'BBQ_lanes_unlit_complete'====== Args={}
2024-07-17 13:30:38,468 : INFO : EventManager : Event: ======'mode_BBQ_rollover_starting'====== Args={'player': 1, 'ball': 1, 'balls_remaining': 2, 'is_extra_ball': False}
2024-07-17 13:30:38,468 : INFO : EventManager : Event: ======'mode_hank_rollover_will_start'====== Args={'player': 1, 'ball': 1, 'balls_remaining': 2, 'is_extra_ball': False}
2024-07-17 13:30:38,468 : INFO : EventManager : Event: ======'player_shot_h_rollover_lane_enabled'====== Args={'value': True, 'prev_value': 0, 'change': 1, 'player_num': 1}
2024-07-17 13:30:38,468 : ERROR : asyncio : Exception in callback EventManager.process_event_queue()
handle: <Handle EventManager.process_event_queue()>
Traceback (most recent call last):
  File "/Users/nicktaseris/mpfenv/lib/python3.9/site-packages/mpf/core/events.py", line 755, in _run_handlers
    result = handler.callback(**merged_kwargs)
  File "/Users/nicktaseris/mpfenv/lib/python3.9/site-packages/mpf/core/mode.py", line 198, in start
    self._add_mode_devices()
  File "/Users/nicktaseris/mpfenv/lib/python3.9/site-packages/mpf/core/mode.py", line 408, in _add_mode_devices
    device.device_loaded_in_mode(mode=self, player=self.player)
  File "/Users/nicktaseris/mpfenv/lib/python3.9/site-packages/mpf/devices/shot.py", line 68, in device_loaded_in_mode
    self._update_show()
  File "/Users/nicktaseris/mpfenv/lib/python3.9/site-packages/mpf/devices/shot.py", line 207, in _update_show
    self._play_show(settings=state_settings)
  File "/Users/nicktaseris/mpfenv/lib/python3.9/site-packages/mpf/devices/shot.py", line 261, in _play_show
    self.running_show = self.machine.show_controller.replace_or_advance_show(self.running_show, show_config,
  File "/Users/nicktaseris/mpfenv/lib/python3.9/site-packages/mpf/core/show_controller.py", line 135, in replace_or_advance_show
    return show_obj.play_with_config(
  File "/Users/nicktaseris/mpfenv/lib/python3.9/site-packages/mpf/assets/show.py", line 291, in play_with_config
    running_show = RunningShow(machine=self.machine,
  File "/Users/nicktaseris/mpfenv/lib/python3.9/site-packages/mpf/assets/show.py", line 518, in __init__
    self.show_steps = self.show.get_show_steps_with_token(self.show_config.show_tokens)
  File "/Users/nicktaseris/mpfenv/lib/python3.9/site-packages/mpf/assets/show.py", line 424, in get_show_steps_with_token
    step[key] = self.machine.show_controller.show_players[key].expand_config_entry(value)
  File "/Users/nicktaseris/mpfenv/lib/python3.9/site-packages/mpf/config_players/device_config_player.py", line 27, in expand_config_entry
    devices = self._expand_device(device)
  File "/Users/nicktaseris/mpfenv/lib/python3.9/site-packages/mpf/config_players/device_config_player.py", line 114, in _expand_device
    return self.raise_config_error(
  File "/Users/nicktaseris/mpfenv/lib/python3.9/site-packages/mpf/core/logging.py", line 174, in raise_config_error
    raise ConfigFileError(msg, error_no, self.log.name if self.log else "", context, self._url_base) \
mpf.exceptions.config_file_error.ConfigFileError: Config File Error in light_player: Could not find a lights device with name or tag l_left_outlane, from list ['l_left_outlane'] Error Code: CFE-light_player-101 (https://missionpinball.org/logs)

The above exception was the direct cause of the following exception:

Traceback (most recent call last):
  File "/Library/Frameworks/Python.framework/Versions/3.9/lib/python3.9/asyncio/events.py", line 80, in _run
    self._context.run(self._callback, *self._args)
  File "/Users/nicktaseris/mpfenv/lib/python3.9/site-packages/mpf/core/events.py", line 846, in process_event_queue
    self._process_event(event=event[0],
  File "/Users/nicktaseris/mpfenv/lib/python3.9/site-packages/mpf/core/events.py", line 808, in _process_event
    result = self._run_handlers(event, ev_type, kwargs)
  File "/Users/nicktaseris/mpfenv/lib/python3.9/site-packages/mpf/core/events.py", line 757, in _run_handlers
    raise EventHandlerException(
mpf.core.events.EventHandlerException: Exception while processing RegisteredHandler(callback=<bound method Mode.start of <Mode.hank_rollover>>, priority=200, kwargs={}, key=UUID('c0e2b647-4865-427b-a054-b12b4a78123a'), condition=None, blocking_facility=None) for event ball_started. Config File Error in light_player: Could not find a lights device with name or tag l_left_outlane, from list ['l_left_outlane'] Error Code: CFE-light_player-101 (https://missionpinball.org/logs)
2024-07-17 13:30:38,472 : INFO : EventManager : Event: ======'logicblock_lb_BBQ_complete_count_updated'====== Args={'value': 1, 'enabled': True}
2024-07-17 13:30:38,472 : INFO : EventManager : Event: ======'logicblock_lb_BBQ_complete_count_updated'====== Args={'value': 1, 'enabled': True}
2024-07-17 13:30:38,473 : INFO : Mode.BBQ_rollover : Will not start because machine is shutting down.
2024-07-17 13:30:38,477 : INFO : Machine : Shutting down...
2024-07-17 13:30:38,477 : INFO : EventManager : Event: ======'shutdown'====== Args={}
2024-07-17 13:30:38,478 : INFO : EventManager : Event: ======'mode_game_will_stop'====== Args={}
2024-07-17 13:30:38,478 : INFO : EventManager : Event: ======'mode_game_stopping'====== Args={}
2024-07-17 13:30:38,478 : INFO : EventManager : Event: ======'mode_skillshot_will_stop'====== Args={}
2024-07-17 13:30:38,478 : INFO : EventManager : Event: ======'mode_skillshot_stopping'====== Args={}
2024-07-17 13:30:38,478 : INFO : Mode.skillshot : Stopped.
2024-07-17 13:30:38,478 : INFO : EventManager : Event: ======'modes_active_modes_changed'====== Args={}
2024-07-17 13:30:38,478 : INFO : EventManager : Event: ======'mode_skillshot_stopped'====== Args={}
2024-07-17 13:30:38,478 : INFO : EventManager : Event: ======'clear'====== Args={'key': 'skillshot'}
2024-07-17 13:30:38,479 : INFO : Timer.skillshot_rotate : Stopping Timer
2024-07-17 13:30:38,479 : INFO : EventManager : Event: ======'timer_skillshot_rotate_stopped'====== Args={'ticks': 0, 'ticks_remaining': 0}
2024-07-17 13:30:38,479 : INFO : Mode.game : Stopped.
2024-07-17 13:30:38,480 : INFO : EventManager : Event: ======'modes_active_modes_changed'====== Args={}
2024-07-17 13:30:38,480 : INFO : EventManager : Event: ======'mode_game_stopped'====== Args={}
2024-07-17 13:30:38,480 : INFO : EventManager : Event: ======'clear'====== Args={'key': 'game'}
2024-07-17 13:30:38,480 : ERROR : Machine : Runtime Exception
Traceback (most recent call last):
  File "/Users/nicktaseris/mpfenv/lib/python3.9/site-packages/mpf/core/events.py", line 755, in _run_handlers
    result = handler.callback(**merged_kwargs)
  File "/Users/nicktaseris/mpfenv/lib/python3.9/site-packages/mpf/core/mode.py", line 198, in start
    self._add_mode_devices()
  File "/Users/nicktaseris/mpfenv/lib/python3.9/site-packages/mpf/core/mode.py", line 408, in _add_mode_devices
    device.device_loaded_in_mode(mode=self, player=self.player)
  File "/Users/nicktaseris/mpfenv/lib/python3.9/site-packages/mpf/devices/shot.py", line 68, in device_loaded_in_mode
    self._update_show()
  File "/Users/nicktaseris/mpfenv/lib/python3.9/site-packages/mpf/devices/shot.py", line 207, in _update_show
    self._play_show(settings=state_settings)
  File "/Users/nicktaseris/mpfenv/lib/python3.9/site-packages/mpf/devices/shot.py", line 261, in _play_show
    self.running_show = self.machine.show_controller.replace_or_advance_show(self.running_show, show_config,
  File "/Users/nicktaseris/mpfenv/lib/python3.9/site-packages/mpf/core/show_controller.py", line 135, in replace_or_advance_show
    return show_obj.play_with_config(
  File "/Users/nicktaseris/mpfenv/lib/python3.9/site-packages/mpf/assets/show.py", line 291, in play_with_config
    running_show = RunningShow(machine=self.machine,
  File "/Users/nicktaseris/mpfenv/lib/python3.9/site-packages/mpf/assets/show.py", line 518, in __init__
    self.show_steps = self.show.get_show_steps_with_token(self.show_config.show_tokens)
  File "/Users/nicktaseris/mpfenv/lib/python3.9/site-packages/mpf/assets/show.py", line 424, in get_show_steps_with_token
    step[key] = self.machine.show_controller.show_players[key].expand_config_entry(value)
  File "/Users/nicktaseris/mpfenv/lib/python3.9/site-packages/mpf/config_players/device_config_player.py", line 27, in expand_config_entry
    devices = self._expand_device(device)
  File "/Users/nicktaseris/mpfenv/lib/python3.9/site-packages/mpf/config_players/device_config_player.py", line 114, in _expand_device
    return self.raise_config_error(
  File "/Users/nicktaseris/mpfenv/lib/python3.9/site-packages/mpf/core/logging.py", line 174, in raise_config_error
    raise ConfigFileError(msg, error_no, self.log.name if self.log else "", context, self._url_base) \
mpf.exceptions.config_file_error.ConfigFileError: Config File Error in light_player: Could not find a lights device with name or tag l_left_outlane, from list ['l_left_outlane'] Error Code: CFE-light_player-101 (https://missionpinball.org/logs)

The above exception was the direct cause of the following exception:

Traceback (most recent call last):
  File "/Users/nicktaseris/mpfenv/lib/python3.9/site-packages/mpf/core/machine.py", line 793, in _run_loop
    raise self._exception['exception']
  File "/Library/Frameworks/Python.framework/Versions/3.9/lib/python3.9/asyncio/events.py", line 80, in _run
    self._context.run(self._callback, *self._args)
  File "/Users/nicktaseris/mpfenv/lib/python3.9/site-packages/mpf/core/events.py", line 846, in process_event_queue
    self._process_event(event=event[0],
  File "/Users/nicktaseris/mpfenv/lib/python3.9/site-packages/mpf/core/events.py", line 808, in _process_event
    result = self._run_handlers(event, ev_type, kwargs)
  File "/Users/nicktaseris/mpfenv/lib/python3.9/site-packages/mpf/core/events.py", line 757, in _run_handlers
    raise EventHandlerException(
mpf.core.events.EventHandlerException: Exception while processing RegisteredHandler(callback=<bound method Mode.start of <Mode.hank_rollover>>, priority=200, kwargs={}, key=UUID('c0e2b647-4865-427b-a054-b12b4a78123a'), condition=None, blocking_facility=None) for event ball_started. Config File Error in light_player: Could not find a lights device with name or tag l_left_outlane, from list ['l_left_outlane'] Error Code: CFE-light_player-101 (https://missionpinball.org/logs)
2024-07-17 13:30:38,520 : INFO : crash_reporter : Will not report crash as "report_crashes" mode is "never"
2024-07-17 13:30:38,520 : INFO : root : MPF run loop ended.
