2024-07-16 10:40:12,234 : INFO : root : Loading config.
2024-07-16 10:40:12,236 : INFO : YamlMultifileConfigLoader : Machine config file #1: config.yaml
2024-07-16 10:40:12,236 : INFO : ConfigProcessor : Loading config from cache: /var/folders/sv/d29kcl5x50v7vt1n6xb5jsd40000gn/T/c166cef8060ffee16a35821bf698da85.mpf_cache
2024-07-16 10:40:12,270 : INFO : ConfigProcessor : Loading config from cache: /var/folders/sv/d29kcl5x50v7vt1n6xb5jsd40000gn/T/6b31c5ac6ecbad948994a8204ea6b05b.mpf_cache
2024-07-16 10:40:12,271 : INFO : ConfigProcessor : Loading config from cache: /var/folders/sv/d29kcl5x50v7vt1n6xb5jsd40000gn/T/fe612d1e66c8a96c19ba449d3748eeac.mpf_cache
2024-07-16 10:40:12,271 : INFO : ConfigProcessor : Loading config from cache: /var/folders/sv/d29kcl5x50v7vt1n6xb5jsd40000gn/T/6b31c5ac6ecbad948994a8204ea6b05b.mpf_cache
2024-07-16 10:40:12,271 : INFO : ConfigProcessor : Loading config from cache: /var/folders/sv/d29kcl5x50v7vt1n6xb5jsd40000gn/T/8765227693ecd961e0504502a81255e0.mpf_cache
2024-07-16 10:40:12,271 : INFO : ConfigProcessor : Loading config from cache: /var/folders/sv/d29kcl5x50v7vt1n6xb5jsd40000gn/T/b247728c74b4d81bcb2825e2b07062a7.mpf_cache
2024-07-16 10:40:12,272 : INFO : ConfigProcessor : Loading config from cache: /var/folders/sv/d29kcl5x50v7vt1n6xb5jsd40000gn/T/f240f94f0b5d0f37ec4fd7571275a101.mpf_cache
2024-07-16 10:40:12,272 : INFO : ConfigProcessor : Loading config from cache: /var/folders/sv/d29kcl5x50v7vt1n6xb5jsd40000gn/T/c4409acfdf3ec94666e0adef48d55400.mpf_cache
2024-07-16 10:40:12,272 : INFO : ConfigProcessor : Loading config from cache: /var/folders/sv/d29kcl5x50v7vt1n6xb5jsd40000gn/T/6a2f50ed892485825cc04dc0a68eab9f.mpf_cache
2024-07-16 10:40:12,273 : INFO : ConfigProcessor : Loading config from cache: /var/folders/sv/d29kcl5x50v7vt1n6xb5jsd40000gn/T/d58c58eb9fd1a2dc27f8acd255fb3761.mpf_cache
2024-07-16 10:40:12,273 : INFO : ConfigProcessor : Loading config from cache: /var/folders/sv/d29kcl5x50v7vt1n6xb5jsd40000gn/T/07adfd310b3ef0e03c5cbc91527abb6c.mpf_cache
2024-07-16 10:40:12,273 : INFO : ConfigProcessor : Loading config from cache: /var/folders/sv/d29kcl5x50v7vt1n6xb5jsd40000gn/T/362e08f51a1a1b7a0809dd52f9c83f83.mpf_cache
2024-07-16 10:40:12,273 : INFO : ConfigProcessor : Loading config from cache: /var/folders/sv/d29kcl5x50v7vt1n6xb5jsd40000gn/T/e45e3bd39557ed8d0881194a7afab8f7.mpf_cache
2024-07-16 10:40:12,273 : INFO : ConfigProcessor : Loading config from cache: /var/folders/sv/d29kcl5x50v7vt1n6xb5jsd40000gn/T/331d8d1a1bc190cae8c13495e1db372f.mpf_cache
2024-07-16 10:40:12,273 : INFO : ConfigProcessor : Loading config from cache: /var/folders/sv/d29kcl5x50v7vt1n6xb5jsd40000gn/T/34853b7ed6df3aedbba239874ade5ac8.mpf_cache
2024-07-16 10:40:12,273 : INFO : ConfigProcessor : Loading config from cache: /var/folders/sv/d29kcl5x50v7vt1n6xb5jsd40000gn/T/280fd64455d0d243a54ab4db98fbccbd.mpf_cache
2024-07-16 10:40:12,274 : INFO : ConfigProcessor : Loading config from cache: /var/folders/sv/d29kcl5x50v7vt1n6xb5jsd40000gn/T/0c0596ed8fbb40b6113901d21bdc0a39.mpf_cache
2024-07-16 10:40:12,274 : INFO : ConfigProcessor : Loading config from cache: /var/folders/sv/d29kcl5x50v7vt1n6xb5jsd40000gn/T/2982e2d98506102244e9fa0f437a9fca.mpf_cache
2024-07-16 10:40:12,275 : INFO : ConfigProcessor : Loading config from cache: /var/folders/sv/d29kcl5x50v7vt1n6xb5jsd40000gn/T/3048ed2d7ea14eee3db896f6760aa474.mpf_cache
2024-07-16 10:40:12,275 : INFO : Machine : Mission Pinball Framework Core Engine v0.80.0.dev1
2024-07-16 10:40:12,275 : INFO : Machine : Command line arguments: {'no_load_cache': False, 'create_config_cache': True, 'bcp': True, 'configfile': ['config.yaml'], 'force_assets_load': False, 'platform_integration_test': False, 'jsonlogging': False, 'logfile': 'logs/2024-07-16-10-40-12-mpf-Nicks-Air.lan.log', 'pause': False, 'production': False, 'text_ui': True, 'loglevel': 15, 'consoleloglevel': 20, 'force_platform': None, 'syslog_address': None, 'mc_file_name': None, 'no_sound': False, 'full_logfile_path': '/Users/nicktaseris/Desktop/Pinball/KOTH/logs/2024-07-16-10-40-12-mpf-Nicks-Air.lan.log'}
2024-07-16 10:40:12,275 : INFO : Machine : MPF path: /Users/nicktaseris/mpfenv/lib/python3.9/site-packages/mpf
2024-07-16 10:40:12,275 : INFO : Machine : Machine path: /Users/nicktaseris/Desktop/Pinball/KOTH
2024-07-16 10:40:12,275 : INFO : Machine : Platform: darwin
2024-07-16 10:40:12,275 : INFO : Machine : Python executable location: /Users/nicktaseris/mpfenv/bin/python3
2024-07-16 10:40:12,275 : INFO : Machine : Python version: 3.9.13 (64-bit)
2024-07-16 10:40:12,275 : INFO : Machine : Initializing MPF...
2024-07-16 10:40:12,304 : INFO : EventManager : Event: ======'machine_var_credits_string'====== Args={'value': 'FREE PLAY', 'prev_value': None, 'change': True}
2024-07-16 10:40:12,310 : INFO : EventManager : Event: ======'machine_var_master_volume'====== Args={'value': 0.5, 'prev_value': None, 'change': True}
2024-07-16 10:40:12,310 : INFO : EventManager : Event: ======'machine_var_player1_score'====== Args={'value': 175300, 'prev_value': None, 'change': True}
2024-07-16 10:40:12,310 : INFO : EventManager : Event: ======'machine_var_mpf_version'====== Args={'value': 'Mission Pinball Framework v0.80.0.dev1', 'prev_value': None, 'change': True}
2024-07-16 10:40:12,310 : INFO : EventManager : Event: ======'machine_var_mpf_extended_version'====== Args={'value': 'Mission Pinball Framework v0.80.0.dev1, Config version:6, Show version: 6, BCP version:1.1', 'prev_value': None, 'change': True}
2024-07-16 10:40:12,310 : INFO : EventManager : Event: ======'machine_var_python_version'====== Args={'value': '3.9.13', 'prev_value': None, 'change': True}
2024-07-16 10:40:12,318 : INFO : EventManager : Event: ======'machine_var_platform'====== Args={'value': 'macOS-12.1-arm64-arm-64bit', 'prev_value': None, 'change': True}
2024-07-16 10:40:12,319 : INFO : EventManager : Event: ======'machine_var_platform_system'====== Args={'value': 'Darwin', 'prev_value': None, 'change': True}
2024-07-16 10:40:12,319 : INFO : EventManager : Event: ======'machine_var_platform_release'====== Args={'value': '21.2.0', 'prev_value': None, 'change': True}
2024-07-16 10:40:12,319 : INFO : EventManager : Event: ======'machine_var_platform_version'====== Args={'value': 'Darwin Kernel Version 21.2.0: Sun Nov 28 20:29:10 PST 2021; root:xnu-8019.61.5~1/RELEASE_ARM64_T8101', 'prev_value': None, 'change': True}
2024-07-16 10:40:12,319 : INFO : EventManager : Event: ======'machine_var_platform_machine'====== Args={'value': 'arm64', 'prev_value': None, 'change': True}
2024-07-16 10:40:12,319 : INFO : EventManager : Event: ======'machine_var_log_file_path'====== Args={'value': '/Users/nicktaseris/Desktop/Pinball/KOTH/logs/2024-07-16-10-40-12-mpf-Nicks-Air.lan.log', 'prev_value': None, 'change': True}
2024-07-16 10:40:12,319 : INFO : EventManager : Event: ======'init_phase_1'====== Args={}
2024-07-16 10:40:12,342 : INFO : EventManager : Event: ======'drop_target_bank_strickland_bank_up'====== Args={}
2024-07-16 10:40:12,343 : INFO : EventManager : Event: ======'init_phase_2'====== Args={}
2024-07-16 10:40:12,343 : INFO : SwitchController : Found active switch: ('39', <Platform.SmartVirtual>) <switch.s_trough1>
2024-07-16 10:40:12,343 : INFO : SwitchController : Found active switch: ('40', <Platform.SmartVirtual>) <switch.s_trough2>
2024-07-16 10:40:12,343 : INFO : SwitchController : Found active switch: ('41', <Platform.SmartVirtual>) <switch.s_trough3>
2024-07-16 10:40:12,343 : INFO : SwitchController : Found active switch: ('42', <Platform.SmartVirtual>) <switch.s_trough4>
2024-07-16 10:40:12,344 : INFO : SwitchController : Found active switch: ('43', <Platform.SmartVirtual>) <switch.s_trough5>
2024-07-16 10:40:12,344 : INFO : SwitchController : Found active switch: ('44', <Platform.SmartVirtual>) <switch.s_trough6>
2024-07-16 10:40:12,347 : INFO : EventManager : Event: ======'machine_var_score1_label'====== Args={'value': 'GRAND CHAMPION', 'prev_value': None, 'change': True}
2024-07-16 10:40:12,347 : INFO : EventManager : Event: ======'machine_var_score1_name'====== Args={'value': 'BRI', 'prev_value': None, 'change': True}
2024-07-16 10:40:12,347 : INFO : EventManager : Event: ======'machine_var_score1_value'====== Args={'value': 4242, 'prev_value': None, 'change': True}
2024-07-16 10:40:12,347 : INFO : EventManager : Event: ======'machine_var_score2_label'====== Args={'value': 'HIGH SCORE 1', 'prev_value': None, 'change': True}
2024-07-16 10:40:12,347 : INFO : EventManager : Event: ======'machine_var_score2_name'====== Args={'value': 'GHK', 'prev_value': None, 'change': True}
2024-07-16 10:40:12,347 : INFO : EventManager : Event: ======'machine_var_score2_value'====== Args={'value': 2323, 'prev_value': None, 'change': True}
2024-07-16 10:40:12,347 : INFO : EventManager : Event: ======'machine_var_score3_label'====== Args={'value': 'HIGH SCORE 2', 'prev_value': None, 'change': True}
2024-07-16 10:40:12,347 : INFO : EventManager : Event: ======'machine_var_score3_name'====== Args={'value': 'JK', 'prev_value': None, 'change': True}
2024-07-16 10:40:12,347 : INFO : EventManager : Event: ======'machine_var_score3_value'====== Args={'value': 1337, 'prev_value': None, 'change': True}
2024-07-16 10:40:12,347 : INFO : EventManager : Event: ======'machine_var_score4_label'====== Args={'value': 'HIGH SCORE 3', 'prev_value': None, 'change': True}
2024-07-16 10:40:12,347 : INFO : EventManager : Event: ======'machine_var_score4_name'====== Args={'value': 'QC', 'prev_value': None, 'change': True}
2024-07-16 10:40:12,347 : INFO : EventManager : Event: ======'machine_var_score4_value'====== Args={'value': 42, 'prev_value': None, 'change': True}
2024-07-16 10:40:12,347 : INFO : EventManager : Event: ======'machine_var_score5_label'====== Args={'value': 'HIGH SCORE 4', 'prev_value': None, 'change': True}
2024-07-16 10:40:12,347 : INFO : EventManager : Event: ======'machine_var_score5_name'====== Args={'value': 'MPF', 'prev_value': None, 'change': True}
2024-07-16 10:40:12,347 : INFO : EventManager : Event: ======'machine_var_score5_value'====== Args={'value': 23, 'prev_value': None, 'change': True}
2024-07-16 10:40:12,348 : INFO : EventManager : Event: ======'bcp_connection_attempt'====== Args={'name': 'local_display', 'host': 'localhost', 'port': 5050}
2024-07-16 10:40:12,348 : INFO : BCPClientSocket : Connecting BCP to 'local_display' at localhost:5050...
2024-07-16 10:40:12,351 : INFO : BCPClientSocket : Connected BCP to 'local_display' localhost:5050
2024-07-16 10:40:12,351 : INFO : EventManager : Event: ======'bcp_clients_connected'====== Args={}
2024-07-16 10:40:12,352 : INFO : ball_device.bd_trough : BCH: Initial count: 6
2024-07-16 10:40:12,352 : INFO : ball_device.bd_trough : State: idle
2024-07-16 10:40:12,353 : INFO : ball_device.bd_plunger : BCH: Initial count: 0
2024-07-16 10:40:12,353 : INFO : ball_device.bd_plunger : State: idle
2024-07-16 10:40:12,353 : INFO : ball_device.bd_scoop : BCH: Initial count: 0
2024-07-16 10:40:12,353 : INFO : ball_device.bd_scoop : State: idle
2024-07-16 10:40:12,357 : INFO : EventManager : Event: ======'init_phase_3'====== Args={}
2024-07-16 10:40:12,362 : INFO : EventManager : Event: ======'init_phase_4'====== Args={}
2024-07-16 10:40:12,363 : INFO : BallController : Initial balls found: 6
2024-07-16 10:40:12,363 : INFO : EventManager : Event: ======'machine_var_audits_events_game_ended'====== Args={'value': 4, 'prev_value': None, 'change': True}
2024-07-16 10:40:12,363 : INFO : EventManager : Event: ======'machine_var_audits_events_game_started'====== Args={'value': 379, 'prev_value': None, 'change': True}
2024-07-16 10:40:12,363 : INFO : EventManager : Event: ======'machine_var_audits_missing_switches_s_a_target'====== Args={'value': 1, 'prev_value': None, 'change': True}
2024-07-16 10:40:12,363 : INFO : EventManager : Event: ======'machine_var_audits_missing_switches_s_bottom_inline_drop'====== Args={'value': 1, 'prev_value': None, 'change': True}
2024-07-16 10:40:12,363 : INFO : EventManager : Event: ======'machine_var_audits_missing_switches_s_bottom_pop_bumper'====== Args={'value': 61, 'prev_value': None, 'change': True}
2024-07-16 10:40:12,363 : INFO : EventManager : Event: ======'machine_var_audits_missing_switches_s_center_spinner'====== Args={'value': 126, 'prev_value': None, 'change': True}
2024-07-16 10:40:12,363 : INFO : EventManager : Event: ======'machine_var_audits_missing_switches_s_e_target'====== Args={'value': 6, 'prev_value': None, 'change': True}
2024-07-16 10:40:12,363 : INFO : EventManager : Event: ======'machine_var_audits_missing_switches_s_left_flipper'====== Args={'value': 4, 'prev_value': None, 'change': True}
2024-07-16 10:40:12,364 : INFO : EventManager : Event: ======'machine_var_audits_missing_switches_s_left_inlane'====== Args={'value': 13, 'prev_value': None, 'change': True}
2024-07-16 10:40:12,364 : INFO : EventManager : Event: ======'machine_var_audits_missing_switches_s_left_inner_horseshoe'====== Args={'value': 13, 'prev_value': None, 'change': True}
2024-07-16 10:40:12,364 : INFO : EventManager : Event: ======'machine_var_audits_missing_switches_s_left_orbit_enter'====== Args={'value': 1, 'prev_value': None, 'change': True}
2024-07-16 10:40:12,364 : INFO : EventManager : Event: ======'machine_var_audits_missing_switches_s_left_orbit_exit'====== Args={'value': 135, 'prev_value': None, 'change': True}
2024-07-16 10:40:12,364 : INFO : EventManager : Event: ======'machine_var_audits_missing_switches_s_left_outlane'====== Args={'value': 15, 'prev_value': None, 'change': True}
2024-07-16 10:40:12,364 : INFO : EventManager : Event: ======'machine_var_audits_missing_switches_s_left_pop_bumper'====== Args={'value': 13, 'prev_value': None, 'change': True}
2024-07-16 10:40:12,364 : INFO : EventManager : Event: ======'machine_var_audits_missing_switches_s_left_ramp_enter'====== Args={'value': 193, 'prev_value': None, 'change': True}
2024-07-16 10:40:12,364 : INFO : EventManager : Event: ======'machine_var_audits_missing_switches_s_left_ramp_exit'====== Args={'value': 257, 'prev_value': None, 'change': True}
2024-07-16 10:40:12,364 : INFO : EventManager : Event: ======'machine_var_audits_missing_switches_s_left_rollover_lane'====== Args={'value': 11, 'prev_value': None, 'change': True}
2024-07-16 10:40:12,364 : INFO : EventManager : Event: ======'machine_var_audits_missing_switches_s_left_sling'====== Args={'value': 29, 'prev_value': None, 'change': True}
2024-07-16 10:40:12,364 : INFO : EventManager : Event: ======'machine_var_audits_missing_switches_s_left_spinner'====== Args={'value': 4, 'prev_value': None, 'change': True}
2024-07-16 10:40:12,364 : INFO : EventManager : Event: ======'machine_var_audits_missing_switches_s_middle_inline_drop'====== Args={'value': 1, 'prev_value': None, 'change': True}
2024-07-16 10:40:12,364 : INFO : EventManager : Event: ======'machine_var_audits_missing_switches_s_middle_rollover_lane'====== Args={'value': 11, 'prev_value': None, 'change': True}
2024-07-16 10:40:12,364 : INFO : EventManager : Event: ======'machine_var_audits_missing_switches_s_o_target'====== Args={'value': 6, 'prev_value': None, 'change': True}
2024-07-16 10:40:12,364 : INFO : EventManager : Event: ======'machine_var_audits_missing_switches_s_p2_target'====== Args={'value': 3, 'prev_value': None, 'change': True}
2024-07-16 10:40:12,365 : INFO : EventManager : Event: ======'machine_var_audits_missing_switches_s_p_target'====== Args={'value': 10, 'prev_value': None, 'change': True}
2024-07-16 10:40:12,365 : INFO : EventManager : Event: ======'machine_var_audits_missing_switches_s_r_target'====== Args={'value': 26, 'prev_value': None, 'change': True}
2024-07-16 10:40:12,365 : INFO : EventManager : Event: ======'machine_var_audits_missing_switches_s_right_flipper'====== Args={'value': 18, 'prev_value': None, 'change': True}
2024-07-16 10:40:12,365 : INFO : EventManager : Event: ======'machine_var_audits_missing_switches_s_right_inlane'====== Args={'value': 330, 'prev_value': None, 'change': True}
2024-07-16 10:40:12,365 : INFO : EventManager : Event: ======'machine_var_audits_missing_switches_s_right_inner_horseshoe'====== Args={'value': 20, 'prev_value': None, 'change': True}
2024-07-16 10:40:12,365 : INFO : EventManager : Event: ======'machine_var_audits_missing_switches_s_right_orbit_exit'====== Args={'value': 122, 'prev_value': None, 'change': True}
2024-07-16 10:40:12,365 : INFO : EventManager : Event: ======'machine_var_audits_missing_switches_s_right_outlane'====== Args={'value': 27, 'prev_value': None, 'change': True}
2024-07-16 10:40:12,365 : INFO : EventManager : Event: ======'machine_var_audits_missing_switches_s_right_pop_bumper'====== Args={'value': 40, 'prev_value': None, 'change': True}
2024-07-16 10:40:12,365 : INFO : EventManager : Event: ======'machine_var_audits_missing_switches_s_right_ramp_enter'====== Args={'value': 84, 'prev_value': None, 'change': True}
2024-07-16 10:40:12,365 : INFO : EventManager : Event: ======'machine_var_audits_missing_switches_s_right_ramp_exit'====== Args={'value': 84, 'prev_value': None, 'change': True}
2024-07-16 10:40:12,365 : INFO : EventManager : Event: ======'machine_var_audits_missing_switches_s_right_rollover_lane'====== Args={'value': 11, 'prev_value': None, 'change': True}
2024-07-16 10:40:12,365 : INFO : EventManager : Event: ======'machine_var_audits_missing_switches_s_right_sling'====== Args={'value': 330, 'prev_value': None, 'change': True}
2024-07-16 10:40:12,366 : INFO : EventManager : Event: ======'machine_var_audits_missing_switches_s_scoop'====== Args={'value': 20, 'prev_value': None, 'change': True}
2024-07-16 10:40:12,366 : INFO : EventManager : Event: ======'machine_var_audits_missing_switches_s_start'====== Args={'value': 18, 'prev_value': None, 'change': True}
2024-07-16 10:40:12,366 : INFO : EventManager : Event: ======'machine_var_audits_missing_switches_s_top_inline_drop'====== Args={'value': 13, 'prev_value': None, 'change': True}
2024-07-16 10:40:12,366 : INFO : EventManager : Event: ======'machine_var_audits_missing_switches_s_trough1'====== Args={'value': 6, 'prev_value': None, 'change': True}
2024-07-16 10:40:12,366 : INFO : EventManager : Event: ======'machine_var_audits_missing_switches_s_trough2'====== Args={'value': 6, 'prev_value': None, 'change': True}
2024-07-16 10:40:12,366 : INFO : EventManager : Event: ======'machine_var_audits_missing_switches_s_trough3'====== Args={'value': 6, 'prev_value': None, 'change': True}
2024-07-16 10:40:12,366 : INFO : EventManager : Event: ======'machine_var_audits_missing_switches_s_trough4'====== Args={'value': 334, 'prev_value': None, 'change': True}
2024-07-16 10:40:12,366 : INFO : EventManager : Event: ======'machine_var_audits_missing_switches_s_trough5'====== Args={'value': 334, 'prev_value': None, 'change': True}
2024-07-16 10:40:12,366 : INFO : EventManager : Event: ======'machine_var_audits_missing_switches_s_trough6'====== Args={'value': 334, 'prev_value': None, 'change': True}
2024-07-16 10:40:12,366 : INFO : EventManager : Event: ======'machine_var_audits_missing_switches_s_trough_jam'====== Args={'value': 267, 'prev_value': None, 'change': True}
2024-07-16 10:40:12,367 : INFO : EventManager : Event: ======'machine_var_audits_player_score'====== Args={'value': {'average': 109379, 'top': [370600, 175300, 400, 300, 250], 'total': 5}, 'prev_value': None, 'change': True}
2024-07-16 10:40:12,367 : INFO : EventManager : Event: ======'machine_var_audits_shots_a_target'====== Args={'value': 7, 'prev_value': None, 'change': True}
2024-07-16 10:40:12,367 : INFO : EventManager : Event: ======'machine_var_audits_shots_e_target'====== Args={'value': 3, 'prev_value': None, 'change': True}
2024-07-16 10:40:12,367 : INFO : EventManager : Event: ======'machine_var_audits_shots_left_rollover_lane'====== Args={'value': 152, 'prev_value': None, 'change': True}
2024-07-16 10:40:12,367 : INFO : EventManager : Event: ======'machine_var_audits_shots_middle_rollover_lane'====== Args={'value': 149, 'prev_value': None, 'change': True}
2024-07-16 10:40:12,367 : INFO : EventManager : Event: ======'machine_var_audits_shots_n_target'====== Args={'value': 9, 'prev_value': None, 'change': True}
2024-07-16 10:40:12,367 : INFO : EventManager : Event: ======'machine_var_audits_shots_o_target'====== Args={'value': 4, 'prev_value': None, 'change': True}
2024-07-16 10:40:12,367 : INFO : EventManager : Event: ======'machine_var_audits_shots_p2_target'====== Args={'value': 5, 'prev_value': None, 'change': True}
2024-07-16 10:40:12,367 : INFO : EventManager : Event: ======'machine_var_audits_shots_p_target'====== Args={'value': 8, 'prev_value': None, 'change': True}
2024-07-16 10:40:12,368 : INFO : EventManager : Event: ======'machine_var_audits_shots_qualify_o_target'====== Args={'value': 53, 'prev_value': None, 'change': True}
2024-07-16 10:40:12,368 : INFO : EventManager : Event: ======'machine_var_audits_shots_qualify_p_target'====== Args={'value': 60, 'prev_value': None, 'change': True}
2024-07-16 10:40:12,368 : INFO : EventManager : Event: ======'machine_var_audits_shots_qualify_r_target'====== Args={'value': 80, 'prev_value': None, 'change': True}
2024-07-16 10:40:12,368 : INFO : EventManager : Event: ======'machine_var_audits_shots_r_target'====== Args={'value': 14, 'prev_value': None, 'change': True}
2024-07-16 10:40:12,368 : INFO : EventManager : Event: ======'machine_var_audits_shots_right_rollover_lane'====== Args={'value': 152, 'prev_value': None, 'change': True}
2024-07-16 10:40:12,368 : INFO : EventManager : Event: ======'machine_var_audits_shots_skillshot_a_target'====== Args={'value': 43, 'prev_value': None, 'change': True}
2024-07-16 10:40:12,368 : INFO : EventManager : Event: ======'machine_var_audits_shots_skillshot_e_target'====== Args={'value': 32, 'prev_value': None, 'change': True}
2024-07-16 10:40:12,368 : INFO : EventManager : Event: ======'machine_var_audits_shots_skillshot_n_target'====== Args={'value': 30, 'prev_value': None, 'change': True}
2024-07-16 10:40:12,368 : INFO : EventManager : Event: ======'machine_var_audits_shots_skillshot_o_target'====== Args={'value': 11, 'prev_value': None, 'change': True}
2024-07-16 10:40:12,369 : INFO : EventManager : Event: ======'machine_var_audits_shots_skillshot_p2_target'====== Args={'value': 5, 'prev_value': None, 'change': True}
2024-07-16 10:40:12,369 : INFO : EventManager : Event: ======'machine_var_audits_shots_skillshot_p_target'====== Args={'value': 23, 'prev_value': None, 'change': True}
2024-07-16 10:40:12,369 : INFO : EventManager : Event: ======'machine_var_audits_shots_skillshot_r_target'====== Args={'value': 13, 'prev_value': None, 'change': True}
2024-07-16 10:40:12,369 : INFO : EventManager : Event: ======'machine_var_audits_switches_s_a_target'====== Args={'value': 88, 'prev_value': None, 'change': True}
2024-07-16 10:40:12,369 : INFO : EventManager : Event: ======'machine_var_audits_switches_s_bottom_inline_drop'====== Args={'value': 232, 'prev_value': None, 'change': True}
2024-07-16 10:40:12,370 : INFO : EventManager : Event: ======'machine_var_audits_switches_s_bottom_pop_bumper'====== Args={'value': 9, 'prev_value': None, 'change': True}
2024-07-16 10:40:12,370 : INFO : EventManager : Event: ======'machine_var_audits_switches_s_center_spinner'====== Args={'value': 3, 'prev_value': None, 'change': True}
2024-07-16 10:40:12,370 : INFO : EventManager : Event: ======'machine_var_audits_switches_s_e_target'====== Args={'value': 95, 'prev_value': None, 'change': True}
2024-07-16 10:40:12,370 : INFO : EventManager : Event: ======'machine_var_audits_switches_s_left_flipper'====== Args={'value': 131, 'prev_value': None, 'change': True}
2024-07-16 10:40:12,370 : INFO : EventManager : Event: ======'machine_var_audits_switches_s_left_inlane'====== Args={'value': 10, 'prev_value': None, 'change': True}
2024-07-16 10:40:12,370 : INFO : EventManager : Event: ======'machine_var_audits_switches_s_left_inner_horseshoe'====== Args={'value': 15, 'prev_value': None, 'change': True}
2024-07-16 10:40:12,370 : INFO : EventManager : Event: ======'machine_var_audits_switches_s_left_orbit_enter'====== Args={'value': 16, 'prev_value': None, 'change': True}
2024-07-16 10:40:12,370 : INFO : EventManager : Event: ======'machine_var_audits_switches_s_left_orbit_exit'====== Args={'value': 13, 'prev_value': None, 'change': True}
2024-07-16 10:40:12,371 : INFO : EventManager : Event: ======'machine_var_audits_switches_s_left_outlane'====== Args={'value': 25, 'prev_value': None, 'change': True}
2024-07-16 10:40:12,371 : INFO : EventManager : Event: ======'machine_var_audits_switches_s_left_pop_bumper'====== Args={'value': 4, 'prev_value': None, 'change': True}
2024-07-16 10:40:12,371 : INFO : EventManager : Event: ======'machine_var_audits_switches_s_left_ramp_enter'====== Args={'value': 9, 'prev_value': None, 'change': True}
2024-07-16 10:40:12,371 : INFO : EventManager : Event: ======'machine_var_audits_switches_s_left_ramp_exit'====== Args={'value': 3, 'prev_value': None, 'change': True}
2024-07-16 10:40:12,371 : INFO : EventManager : Event: ======'machine_var_audits_switches_s_left_ramp_standup'====== Args={'value': 616, 'prev_value': None, 'change': True}
2024-07-16 10:40:12,371 : INFO : EventManager : Event: ======'machine_var_audits_switches_s_left_rollover_lane'====== Args={'value': 157, 'prev_value': None, 'change': True}
2024-07-16 10:40:12,371 : INFO : EventManager : Event: ======'machine_var_audits_switches_s_left_sling'====== Args={'value': 12, 'prev_value': None, 'change': True}
2024-07-16 10:40:12,372 : INFO : EventManager : Event: ======'machine_var_audits_switches_s_left_spinner'====== Args={'value': 47, 'prev_value': None, 'change': True}
2024-07-16 10:40:12,372 : INFO : EventManager : Event: ======'machine_var_audits_switches_s_middle_inline_drop'====== Args={'value': 210, 'prev_value': None, 'change': True}
2024-07-16 10:40:12,372 : INFO : EventManager : Event: ======'machine_var_audits_switches_s_middle_rollover_lane'====== Args={'value': 152, 'prev_value': None, 'change': True}
2024-07-16 10:40:12,372 : INFO : EventManager : Event: ======'machine_var_audits_switches_s_n_target'====== Args={'value': 86, 'prev_value': None, 'change': True}
2024-07-16 10:40:12,372 : INFO : EventManager : Event: ======'machine_var_audits_switches_s_o_target'====== Args={'value': 98, 'prev_value': None, 'change': True}
2024-07-16 10:40:12,372 : INFO : EventManager : Event: ======'machine_var_audits_switches_s_p2_target'====== Args={'value': 27, 'prev_value': None, 'change': True}
2024-07-16 10:40:12,372 : INFO : EventManager : Event: ======'machine_var_audits_switches_s_p_target'====== Args={'value': 275, 'prev_value': None, 'change': True}
2024-07-16 10:40:12,373 : INFO : EventManager : Event: ======'machine_var_audits_switches_s_plunger'====== Args={'value': 465, 'prev_value': None, 'change': True}
2024-07-16 10:40:12,373 : INFO : EventManager : Event: ======'machine_var_audits_switches_s_plunger_lane'====== Args={'value': 39, 'prev_value': None, 'change': True}
2024-07-16 10:40:12,373 : INFO : EventManager : Event: ======'machine_var_audits_switches_s_plunger_lane_exit'====== Args={'value': 265, 'prev_value': None, 'change': True}
2024-07-16 10:40:12,373 : INFO : EventManager : Event: ======'machine_var_audits_switches_s_r_target'====== Args={'value': 119, 'prev_value': None, 'change': True}
2024-07-16 10:40:12,373 : INFO : EventManager : Event: ======'machine_var_audits_switches_s_right_flipper'====== Args={'value': 144, 'prev_value': None, 'change': True}
2024-07-16 10:40:12,373 : INFO : EventManager : Event: ======'machine_var_audits_switches_s_right_inlane'====== Args={'value': 9, 'prev_value': None, 'change': True}
2024-07-16 10:40:12,374 : INFO : EventManager : Event: ======'machine_var_audits_switches_s_right_inner_horseshoe'====== Args={'value': 8, 'prev_value': None, 'change': True}
2024-07-16 10:40:12,374 : INFO : EventManager : Event: ======'machine_var_audits_switches_s_right_orbit_exit'====== Args={'value': 33, 'prev_value': None, 'change': True}
2024-07-16 10:40:12,374 : INFO : EventManager : Event: ======'machine_var_audits_switches_s_right_outlane'====== Args={'value': 8, 'prev_value': None, 'change': True}
2024-07-16 10:40:12,374 : INFO : EventManager : Event: ======'machine_var_audits_switches_s_right_pop_bumper'====== Args={'value': 16, 'prev_value': None, 'change': True}
2024-07-16 10:40:12,374 : INFO : EventManager : Event: ======'machine_var_audits_switches_s_right_ramp_enter'====== Args={'value': 1, 'prev_value': None, 'change': True}
2024-07-16 10:40:12,374 : INFO : EventManager : Event: ======'machine_var_audits_switches_s_right_ramp_exit'====== Args={'value': 1, 'prev_value': None, 'change': True}
2024-07-16 10:40:12,375 : INFO : EventManager : Event: ======'machine_var_audits_switches_s_right_ramp_standup'====== Args={'value': 179, 'prev_value': None, 'change': True}
2024-07-16 10:40:12,375 : INFO : EventManager : Event: ======'machine_var_audits_switches_s_right_rollover_lane'====== Args={'value': 166, 'prev_value': None, 'change': True}
2024-07-16 10:40:12,375 : INFO : EventManager : Event: ======'machine_var_audits_switches_s_right_sling'====== Args={'value': 1, 'prev_value': None, 'change': True}
2024-07-16 10:40:12,375 : INFO : EventManager : Event: ======'machine_var_audits_switches_s_scoop'====== Args={'value': 69, 'prev_value': None, 'change': True}
2024-07-16 10:40:12,375 : INFO : EventManager : Event: ======'machine_var_audits_switches_s_start'====== Args={'value': 270, 'prev_value': None, 'change': True}
2024-07-16 10:40:12,375 : INFO : EventManager : Event: ======'machine_var_audits_switches_s_top_inline_drop'====== Args={'value': 36, 'prev_value': None, 'change': True}
2024-07-16 10:40:12,376 : INFO : EventManager : Event: ======'machine_var_audits_switches_s_trough1'====== Args={'value': 323, 'prev_value': None, 'change': True}
2024-07-16 10:40:12,376 : INFO : EventManager : Event: ======'machine_var_audits_switches_s_trough2'====== Args={'value': 25, 'prev_value': None, 'change': True}
2024-07-16 10:40:12,376 : INFO : EventManager : Event: ======'machine_var_audits_switches_s_trough3'====== Args={'value': 5, 'prev_value': None, 'change': True}
2024-07-16 10:40:12,376 : INFO : EventManager : Event: ======'machine_var_audits_switches_s_trough4'====== Args={'value': 2, 'prev_value': None, 'change': True}
2024-07-16 10:40:12,376 : INFO : EventManager : Event: ======'machine_var_audits_switches_s_trough5'====== Args={'value': 2, 'prev_value': None, 'change': True}
2024-07-16 10:40:12,377 : INFO : EventManager : Event: ======'machine_var_audits_switches_s_trough6'====== Args={'value': 1, 'prev_value': None, 'change': True}
2024-07-16 10:40:12,377 : INFO : EventManager : Event: ======'machine_var_audits_switches_s_trough_jam'====== Args={'value': 5, 'prev_value': None, 'change': True}
2024-07-16 10:40:12,377 : INFO : EventManager : Event: ======'init_phase_5'====== Args={}
2024-07-16 10:40:12,379 : INFO : EventManager : Event: ======'init_done'====== Args={}
2024-07-16 10:40:12,380 : INFO : EventManager : Event: ======'machine_reset_phase_1'====== Args={}
2024-07-16 10:40:12,384 : INFO : EventManager : Event: ======'machine_reset_phase_2'====== Args={}
2024-07-16 10:40:12,384 : INFO : EventManager : Event: ======'machine_reset_phase_3'====== Args={}
2024-07-16 10:40:12,386 : INFO : drop_target_bank.strickland_bank : All targets are already up. Will not reset bank.
2024-07-16 10:40:12,386 : INFO : EventManager : Event: ======'reset_complete'====== Args={}
2024-07-16 10:40:12,386 : INFO : EventManager : Event: ======'mode_attract_will_start'====== Args={}
2024-07-16 10:40:12,386 : INFO : Timer.attract_switch : Starting Timer.
2024-07-16 10:40:12,386 : INFO : EventManager : Event: ======'timer_attract_switch_started'====== Args={'ticks': 0, 'ticks_remaining': 45}
2024-07-16 10:40:12,386 : INFO : EventManager : Event: ======'timer_attract_switch_tick'====== Args={'ticks': 0, 'ticks_remaining': 45}
2024-07-16 10:40:12,387 : INFO : EventManager : Event: ======'mode_attract_starting'====== Args={}
2024-07-16 10:40:12,387 : INFO : Mode.attract : Started. Priority: 10
2024-07-16 10:40:12,387 : INFO : EventManager : Event: ======'modes_active_modes_changed'====== Args={}
2024-07-16 10:40:12,387 : INFO : EventManager : Event: ======'mode_attract_started'====== Args={}
2024-07-16 10:40:12,387 : INFO : EventManager : Event: ======'collecting_balls_complete'====== Args={}
2024-07-16 10:40:12,387 : INFO : Machine : Starting the main run loop.
2024-07-16 10:40:12,391 : INFO : BcpServer : New client connected.
2024-07-16 10:40:12,392 : INFO : SwitchController : <<<<<<< 's_plunger_lane_exit' active >>>>>>>
2024-07-16 10:40:12,392 : INFO : EventManager : Event: ======'sw_playfield_active'====== Args={}
2024-07-16 10:40:12,392 : INFO : SwitchController : <<<<<<< 's_plunger_lane_exit' inactive >>>>>>>
2024-07-16 10:40:12,392 : INFO : EventManager : Event: ======'playfield_active'====== Args={}
2024-07-16 10:40:12,392 : INFO : EventManager : Event: ======'unexpected_ball_on_playfield'====== Args={}
2024-07-16 10:40:12,392 : INFO : SwitchController : <<<<<<< 's_p_target' active >>>>>>>
2024-07-16 10:40:12,392 : INFO : EventManager : Event: ======'playfield_active'====== Args={}
2024-07-16 10:40:12,392 : INFO : EventManager : Event: ======'unexpected_ball_on_playfield'====== Args={}
2024-07-16 10:40:12,392 : INFO : EventManager : Event: ======'playfield_active'====== Args={}
2024-07-16 10:40:12,392 : INFO : EventManager : Event: ======'unexpected_ball_on_playfield'====== Args={}
2024-07-16 10:40:12,392 : INFO : SwitchController : <<<<<<< 's_p_target' inactive >>>>>>>
2024-07-16 10:40:12,392 : INFO : SwitchController : <<<<<<< 's_p_target' active >>>>>>>
2024-07-16 10:40:12,392 : INFO : EventManager : Event: ======'playfield_active'====== Args={}
2024-07-16 10:40:12,392 : INFO : EventManager : Event: ======'unexpected_ball_on_playfield'====== Args={}
2024-07-16 10:40:12,392 : INFO : EventManager : Event: ======'playfield_active'====== Args={}
2024-07-16 10:40:12,392 : INFO : EventManager : Event: ======'unexpected_ball_on_playfield'====== Args={}
2024-07-16 10:40:12,392 : INFO : SwitchController : <<<<<<< 's_p_target' inactive >>>>>>>
2024-07-16 10:40:12,392 : INFO : SwitchController : <<<<<<< 's_p_target' active >>>>>>>
2024-07-16 10:40:12,392 : INFO : EventManager : Event: ======'playfield_active'====== Args={}
2024-07-16 10:40:12,392 : INFO : EventManager : Event: ======'unexpected_ball_on_playfield'====== Args={}
2024-07-16 10:40:12,392 : INFO : EventManager : Event: ======'playfield_active'====== Args={}
2024-07-16 10:40:12,392 : INFO : EventManager : Event: ======'unexpected_ball_on_playfield'====== Args={}
2024-07-16 10:40:12,392 : INFO : SwitchController : <<<<<<< 's_p_target' inactive >>>>>>>
2024-07-16 10:40:12,393 : INFO : SwitchController : <<<<<<< 's_r_target' active >>>>>>>
2024-07-16 10:40:12,393 : INFO : EventManager : Event: ======'playfield_active'====== Args={}
2024-07-16 10:40:12,393 : INFO : EventManager : Event: ======'unexpected_ball_on_playfield'====== Args={}
2024-07-16 10:40:12,393 : INFO : EventManager : Event: ======'playfield_active'====== Args={}
2024-07-16 10:40:12,393 : INFO : EventManager : Event: ======'unexpected_ball_on_playfield'====== Args={}
2024-07-16 10:40:12,393 : INFO : SwitchController : <<<<<<< 's_r_target' inactive >>>>>>>
2024-07-16 10:40:12,941 : INFO : SwitchController : <<<<<<< 's_start' active >>>>>>>
2024-07-16 10:40:13,085 : INFO : SwitchController : <<<<<<< 's_start' inactive >>>>>>>
2024-07-16 10:40:13,085 : INFO : EventManager : Event: ======'request_to_start_game'====== Args={}
2024-07-16 10:40:13,086 : INFO : EventManager : Event: ======'game_start'====== Args={'buttons': [], 'hold_time': 0.14336462500000013}
2024-07-16 10:40:13,087 : INFO : EventManager : Event: ======'mode_game_will_start'====== Args={'buttons': [], 'hold_time': 0.14336462500000013}
2024-07-16 10:40:13,089 : INFO : EventManager : Event: ======'mode_game_starting'====== Args={'buttons': [], 'hold_time': 0.14336462500000013}
2024-07-16 10:40:13,089 : INFO : EventManager : Event: ======'mode_attract_will_stop'====== Args={}
2024-07-16 10:40:13,090 : INFO : EventManager : Event: ======'mode_attract_stopping'====== Args={}
2024-07-16 10:40:13,090 : INFO : Mode.attract : Stopped.
2024-07-16 10:40:13,090 : INFO : EventManager : Event: ======'modes_active_modes_changed'====== Args={}
2024-07-16 10:40:13,092 : INFO : EventManager : Event: ======'mode_attract_stopped'====== Args={}
2024-07-16 10:40:13,093 : INFO : EventManager : Event: ======'clear'====== Args={'key': 'attract'}
2024-07-16 10:40:13,093 : INFO : Timer.attract_switch : Stopping Timer
2024-07-16 10:40:13,094 : INFO : EventManager : Event: ======'timer_attract_switch_stopped'====== Args={'ticks': 0, 'ticks_remaining': 45}
2024-07-16 10:40:13,094 : INFO : Mode.game : Started. Priority: 20
2024-07-16 10:40:13,094 : INFO : EventManager : Event: ======'modes_active_modes_changed'====== Args={}
2024-07-16 10:40:13,094 : INFO : EventManager : Event: ======'mode_game_started'====== Args={'buttons': [], 'hold_time': 0.14336462500000013}
2024-07-16 10:40:13,096 : INFO : EventManager : Event: ======'game_will_start'====== Args={}
2024-07-16 10:40:13,096 : INFO : EventManager : Event: ======'game_starting'====== Args={'game': <Mode.game>}
2024-07-16 10:40:13,109 : INFO : EventManager : Unordered handler for class <Auditor> on event game_ended with priority 1. Handlers: [RegisteredHandler(callback=<bound method Auditor.disable of <Auditor>>, priority=1, kwargs={}, key=UUID('bebb9353-cfe1-4972-9735-b2587d191f7e'), condition=None, blocking_facility=None), RegisteredHandler(callback=<bound method Auditor._save_audits of <Auditor>>, priority=1, kwargs={}, key=UUID('4fc34230-72b8-48a2-8da1-d500d35692bb'), condition=None, blocking_facility=None)]. The order of those handlers is not defined and they will be executed in random order. This might lead to race conditions and potential bugs.
2024-07-16 10:40:13,110 : INFO : EventManager : Event: ======'player_add_request'====== Args={}
2024-07-16 10:40:13,110 : INFO : EventManager : Event: ======'slide__removed'====== Args={'_from_bcp': True}
2024-07-16 10:40:13,111 : INFO : EventManager : Event: ======'player_will_add'====== Args={'number': 1}
2024-07-16 10:40:13,111 : INFO : EventManager : Event: ======'player_adding'====== Args={'player': <Player 1>, 'number': 1}
2024-07-16 10:40:13,112 : INFO : EventManager : Event: ======'player_added'====== Args={'player': <Player 1>, 'num': 1}
2024-07-16 10:40:13,112 : INFO : Mode.game : Player added successfully. Total players: 1
2024-07-16 10:40:13,112 : INFO : EventManager : Event: ======'player_index'====== Args={'value': 0, 'prev_value': 0, 'change': 0, 'player_num': 1}
2024-07-16 10:40:13,113 : INFO : EventManager : Event: ======'player_number'====== Args={'value': 1, 'prev_value': 1, 'change': 0, 'player_num': 1}
2024-07-16 10:40:13,113 : INFO : EventManager : Event: ======'player_score'====== Args={'value': 0, 'prev_value': 0, 'change': 0, 'player_num': 1}
2024-07-16 10:40:13,114 : INFO : EventManager : Event: ======'game_started'====== Args={}
2024-07-16 10:40:13,114 : INFO : EventManager : Event: ======'player_turn_will_start'====== Args={'player': <Player 1>, 'number': 1}
2024-07-16 10:40:13,115 : INFO : EventManager : Event: ======'player_turn_starting'====== Args={'player': <Player 1>, 'number': 1}
2024-07-16 10:40:13,115 : INFO : EventManager : Event: ======'player_ball'====== Args={'value': 1, 'prev_value': 0, 'change': 1, 'player_num': 1}
2024-07-16 10:40:13,116 : INFO : EventManager : Event: ======'player_turn_started'====== Args={'player': <Player 1>, 'number': 1}
2024-07-16 10:40:13,116 : INFO : EventManager : Event: ======'ball_will_start'====== Args={'player': 1, 'ball': 1, 'balls_remaining': 2, 'is_extra_ball': False}
2024-07-16 10:40:13,117 : INFO : EventManager : Event: ======'ball_starting'====== Args={'player': 1, 'ball': 1, 'balls_remaining': 2, 'is_extra_ball': False}
2024-07-16 10:40:13,117 : INFO : EventManager : Event: ======'mode_skillshot_will_start'====== Args={'queue': <QueuedEvent>, 'player': 1, 'ball': 1, 'balls_remaining': 2, 'is_extra_ball': False}
2024-07-16 10:40:13,118 : INFO : EventManager : Event: ======'skillshot_complete'====== Args={'state': 'None'}
2024-07-16 10:40:13,118 : INFO : EventManager : Event: ======'skillshot_None_complete'====== Args={}
2024-07-16 10:40:13,119 : INFO : EventManager : Event: ======'player_shot_skillshot_p_target_enabled'====== Args={'value': True, 'prev_value': 0, 'change': 1, 'player_num': 1}
2024-07-16 10:40:13,119 : INFO : EventManager : Event: ======'player_shot_skillshot_r_target_enabled'====== Args={'value': True, 'prev_value': 0, 'change': 1, 'player_num': 1}
2024-07-16 10:40:13,120 : INFO : EventManager : Event: ======'player_shot_skillshot_o_target_enabled'====== Args={'value': True, 'prev_value': 0, 'change': 1, 'player_num': 1}
2024-07-16 10:40:13,121 : INFO : EventManager : Event: ======'player_shot_skillshot_p2_target_enabled'====== Args={'value': True, 'prev_value': 0, 'change': 1, 'player_num': 1}
2024-07-16 10:40:13,121 : INFO : EventManager : Event: ======'player_shot_skillshot_a_target_enabled'====== Args={'value': True, 'prev_value': 0, 'change': 1, 'player_num': 1}
2024-07-16 10:40:13,122 : INFO : EventManager : Event: ======'player_shot_skillshot_n_target_enabled'====== Args={'value': True, 'prev_value': 0, 'change': 1, 'player_num': 1}
2024-07-16 10:40:13,122 : INFO : EventManager : Event: ======'player_shot_skillshot_e_target_enabled'====== Args={'value': True, 'prev_value': 0, 'change': 1, 'player_num': 1}
2024-07-16 10:40:13,123 : INFO : EventManager : Event: ======'player_skillshot_skillshot_rotate_tick'====== Args={'value': 0, 'prev_value': 0, 'change': 0, 'player_num': 1}
2024-07-16 10:40:13,123 : INFO : Timer.skillshot_rotate : Starting Timer.
2024-07-16 10:40:13,123 : INFO : EventManager : Event: ======'timer_skillshot_rotate_started'====== Args={'ticks': 0, 'ticks_remaining': 0}
2024-07-16 10:40:13,123 : INFO : EventManager : Event: ======'timer_skillshot_rotate_tick'====== Args={'ticks': 0, 'ticks_remaining': 0}
2024-07-16 10:40:13,125 : INFO : EventManager : Event: ======'mode_skillshot_starting'====== Args={'queue': <QueuedEvent>, 'player': 1, 'ball': 1, 'balls_remaining': 2, 'is_extra_ball': False}
2024-07-16 10:40:13,125 : INFO : drop_target_bank.strickland_bank : All targets are already up. Will not reset bank.
2024-07-16 10:40:13,125 : INFO : EventManager : Event: ======'cmd_flippers_enable'====== Args={'priority': 0}
2024-07-16 10:40:13,125 : INFO : EventManager : Event: ======'cmd_autofire_coils_enable'====== Args={'priority': 0}
2024-07-16 10:40:13,125 : INFO : EventManager : Event: ======'cmd_drop_targets_reset'====== Args={'priority': 0}
2024-07-16 10:40:13,126 : INFO : Mode.skillshot : Started. Priority: 200
2024-07-16 10:40:13,126 : INFO : EventManager : Event: ======'modes_active_modes_changed'====== Args={}
2024-07-16 10:40:13,126 : INFO : EventManager : Event: ======'mode_skillshot_started'====== Args={'queue': <QueuedEvent>, 'player': 1, 'ball': 1, 'balls_remaining': 2, 'is_extra_ball': False}
2024-07-16 10:40:13,127 : INFO : EventManager : Event: ======'player_shot_skillshot_p_target'====== Args={'value': 1, 'prev_value': 0, 'change': 1, 'player_num': 1}
2024-07-16 10:40:13,128 : INFO : EventManager : Event: ======'balls_in_play'====== Args={'balls': 1}
2024-07-16 10:40:13,128 : INFO : EventManager : Event: ======'ball_started'====== Args={'player': 1, 'ball': 1, 'balls_remaining': 2, 'is_extra_ball': False}
2024-07-16 10:40:13,133 : INFO : EventManager : Event: ======'mode_BBQ_rollover_will_start'====== Args={'player': 1, 'ball': 1, 'balls_remaining': 2, 'is_extra_ball': False}
2024-07-16 10:40:13,134 : INFO : EventManager : Event: ======'player_shot_left_rollover_lane_enabled'====== Args={'value': True, 'prev_value': 0, 'change': 1, 'player_num': 1}
2024-07-16 10:40:13,134 : INFO : EventManager : Event: ======'player_shot_middle_rollover_lane_enabled'====== Args={'value': True, 'prev_value': 0, 'change': 1, 'player_num': 1}
2024-07-16 10:40:13,135 : INFO : EventManager : Event: ======'player_shot_right_rollover_lane_enabled'====== Args={'value': True, 'prev_value': 0, 'change': 1, 'player_num': 1}
2024-07-16 10:40:13,135 : INFO : EventManager : Event: ======'BBQ_lanes_complete'====== Args={'state': 'unlit'}
2024-07-16 10:40:13,135 : INFO : EventManager : Event: ======'BBQ_lanes_unlit_complete'====== Args={}
2024-07-16 10:40:13,137 : INFO : EventManager : Event: ======'mode_BBQ_rollover_starting'====== Args={'player': 1, 'ball': 1, 'balls_remaining': 2, 'is_extra_ball': False}
2024-07-16 10:40:13,137 : INFO : EventManager : Event: ======'mode_base_will_start'====== Args={'player': 1, 'ball': 1, 'balls_remaining': 2, 'is_extra_ball': False}
2024-07-16 10:40:13,137 : INFO : EventManager : Event: ======'player_extra_ball_score_one_num_awarded'====== Args={'value': 0, 'prev_value': 0, 'change': 0, 'player_num': 1}
2024-07-16 10:40:13,138 : INFO : EventManager : Event: ======'player_extra_ball_score_two_num_awarded'====== Args={'value': 0, 'prev_value': 0, 'change': 0, 'player_num': 1}
2024-07-16 10:40:13,138 : INFO : EventManager : Event: ======'player_shot_qualify_p_target_enabled'====== Args={'value': True, 'prev_value': 0, 'change': 1, 'player_num': 1}
2024-07-16 10:40:13,138 : INFO : EventManager : Event: ======'player_shot_qualify_r_target_enabled'====== Args={'value': True, 'prev_value': 0, 'change': 1, 'player_num': 1}
2024-07-16 10:40:13,139 : INFO : EventManager : Event: ======'player_shot_qualify_o_target_enabled'====== Args={'value': True, 'prev_value': 0, 'change': 1, 'player_num': 1}
2024-07-16 10:40:13,139 : INFO : EventManager : Event: ======'qualify_mission_complete'====== Args={'state': 'unlit'}
2024-07-16 10:40:13,139 : INFO : EventManager : Event: ======'qualify_mission_unlit_complete'====== Args={}
2024-07-16 10:40:13,142 : ERROR : asyncio : Exception in callback DelayManager._process_delay_callback('draw_screen', <bound method... 0x102c68170>>)()
handle: <TimerHandle when=1.105416791 DelayManager._process_delay_callback('draw_screen', <bound method... 0x102c68170>>)()>
Traceback (most recent call last):
  File "/Users/nicktaseris/mpfenv/lib/python3.9/site-packages/mpf/core/placeholder_manager.py", line 667, in _parse_template
    return ast.parse(template_str, mode='eval').body
  File "/Library/Frameworks/Python.framework/Versions/3.9/lib/python3.9/ast.py", line 50, in parse
    return compile(source, filename, mode, flags,
  File "<unknown>", line 1
    value=24
         ^
SyntaxError: invalid syntax

During handling of the above exception, another exception occurred:

Traceback (most recent call last):
  File "/Users/nicktaseris/mpfenv/lib/python3.9/site-packages/mpf/core/events.py", line 755, in _run_handlers
    result = handler.callback(**merged_kwargs)
  File "/Users/nicktaseris/mpfenv/lib/python3.9/site-packages/mpf/core/mode.py", line 225, in start
    self._setup_device_control_events()
  File "/Users/nicktaseris/mpfenv/lib/python3.9/site-packages/mpf/core/mode.py", line 476, in _setup_device_control_events
    self.add_mode_event_handler(
  File "/Users/nicktaseris/mpfenv/lib/python3.9/site-packages/mpf/core/mode.py", line 537, in add_mode_event_handler
    key = self.machine.events.add_handler(event, handler, self.priority + priority, mode=self, **kwargs)
  File "/Users/nicktaseris/mpfenv/lib/python3.9/site-packages/mpf/core/events.py", line 235, in add_handler
    event, condition, additional_priority = self.get_event_and_condition_from_string(event)
  File "/Users/nicktaseris/mpfenv/lib/python3.9/site-packages/mpf/core/events.py", line 90, in get_event_and_condition_from_string
    placeholder = self.machine.placeholder_manager.build_bool_template(event_string[first_bracket_pos + 1:-1])
  File "/Users/nicktaseris/mpfenv/lib/python3.9/site-packages/mpf/core/placeholder_manager.py", line 826, in build_bool_template
    return BoolTemplate(self._parse_template(template_str), template_str, self, default_value)
  File "/Users/nicktaseris/mpfenv/lib/python3.9/site-packages/mpf/core/placeholder_manager.py", line 669, in _parse_template
    raise AssertionError('Failed to parse template "{}"'.format(template_str))
AssertionError: Failed to parse template "value=24"

The above exception was the direct cause of the following exception:

Traceback (most recent call last):
  File "/Library/Frameworks/Python.framework/Versions/3.9/lib/python3.9/asyncio/events.py", line 80, in _run
    self._context.run(self._callback, *self._args)
  File "/Users/nicktaseris/mpfenv/lib/python3.9/site-packages/mpf/core/delays.py", line 190, in _process_delay_callback
    self.machine.events.process_event_queue()
  File "/Users/nicktaseris/mpfenv/lib/python3.9/site-packages/mpf/core/events.py", line 846, in process_event_queue
    self._process_event(event=event[0],
  File "/Users/nicktaseris/mpfenv/lib/python3.9/site-packages/mpf/core/events.py", line 808, in _process_event
    result = self._run_handlers(event, ev_type, kwargs)
  File "/Users/nicktaseris/mpfenv/lib/python3.9/site-packages/mpf/core/events.py", line 757, in _run_handlers
    raise EventHandlerException(
mpf.core.events.EventHandlerException: Exception while processing RegisteredHandler(callback=<bound method Mode.start of <Mode.base>>, priority=100, kwargs={}, key=UUID('38fabea3-67d2-4406-abf4-cc5bf5ed55c0'), condition=None, blocking_facility=None) for event ball_started. Failed to parse template "value=24"
2024-07-16 10:40:13,146 : INFO : EventManager : Event: ======'logicblock_lb_BBQ_complete_count_updated'====== Args={'value': 1, 'enabled': True}
2024-07-16 10:40:13,146 : INFO : EventManager : Event: ======'logicblock_lb_BBQ_complete_count_updated'====== Args={'value': 1, 'enabled': True}
2024-07-16 10:40:13,146 : INFO : Mode.BBQ_rollover : Will not start because machine is shutting down.
2024-07-16 10:40:13,146 : INFO : Machine : Shutting down...
2024-07-16 10:40:13,146 : INFO : EventManager : Event: ======'shutdown'====== Args={}
2024-07-16 10:40:13,147 : INFO : EventManager : Event: ======'mode_game_will_stop'====== Args={}
2024-07-16 10:40:13,147 : INFO : EventManager : Event: ======'mode_game_stopping'====== Args={}
2024-07-16 10:40:13,148 : INFO : EventManager : Event: ======'mode_skillshot_will_stop'====== Args={}
2024-07-16 10:40:13,148 : INFO : EventManager : Event: ======'mode_skillshot_stopping'====== Args={}
2024-07-16 10:40:13,148 : INFO : Mode.skillshot : Stopped.
2024-07-16 10:40:13,148 : INFO : EventManager : Event: ======'modes_active_modes_changed'====== Args={}
2024-07-16 10:40:13,148 : INFO : EventManager : Event: ======'mode_skillshot_stopped'====== Args={}
2024-07-16 10:40:13,148 : INFO : EventManager : Event: ======'clear'====== Args={'key': 'skillshot'}
2024-07-16 10:40:13,149 : INFO : Timer.skillshot_rotate : Stopping Timer
2024-07-16 10:40:13,149 : INFO : EventManager : Event: ======'timer_skillshot_rotate_stopped'====== Args={'ticks': 0, 'ticks_remaining': 0}
2024-07-16 10:40:13,149 : INFO : Mode.game : Stopped.
2024-07-16 10:40:13,149 : INFO : EventManager : Event: ======'modes_active_modes_changed'====== Args={}
2024-07-16 10:40:13,149 : INFO : EventManager : Event: ======'mode_game_stopped'====== Args={}
2024-07-16 10:40:13,149 : INFO : EventManager : Event: ======'clear'====== Args={'key': 'game'}
2024-07-16 10:40:13,150 : ERROR : Machine : Runtime Exception
Traceback (most recent call last):
  File "/Users/nicktaseris/mpfenv/lib/python3.9/site-packages/mpf/core/placeholder_manager.py", line 667, in _parse_template
    return ast.parse(template_str, mode='eval').body
  File "/Library/Frameworks/Python.framework/Versions/3.9/lib/python3.9/ast.py", line 50, in parse
    return compile(source, filename, mode, flags,
  File "<unknown>", line 1
    value=24
         ^
SyntaxError: invalid syntax

During handling of the above exception, another exception occurred:

Traceback (most recent call last):
  File "/Users/nicktaseris/mpfenv/lib/python3.9/site-packages/mpf/core/events.py", line 755, in _run_handlers
    result = handler.callback(**merged_kwargs)
  File "/Users/nicktaseris/mpfenv/lib/python3.9/site-packages/mpf/core/mode.py", line 225, in start
    self._setup_device_control_events()
  File "/Users/nicktaseris/mpfenv/lib/python3.9/site-packages/mpf/core/mode.py", line 476, in _setup_device_control_events
    self.add_mode_event_handler(
  File "/Users/nicktaseris/mpfenv/lib/python3.9/site-packages/mpf/core/mode.py", line 537, in add_mode_event_handler
    key = self.machine.events.add_handler(event, handler, self.priority + priority, mode=self, **kwargs)
  File "/Users/nicktaseris/mpfenv/lib/python3.9/site-packages/mpf/core/events.py", line 235, in add_handler
    event, condition, additional_priority = self.get_event_and_condition_from_string(event)
  File "/Users/nicktaseris/mpfenv/lib/python3.9/site-packages/mpf/core/events.py", line 90, in get_event_and_condition_from_string
    placeholder = self.machine.placeholder_manager.build_bool_template(event_string[first_bracket_pos + 1:-1])
  File "/Users/nicktaseris/mpfenv/lib/python3.9/site-packages/mpf/core/placeholder_manager.py", line 826, in build_bool_template
    return BoolTemplate(self._parse_template(template_str), template_str, self, default_value)
  File "/Users/nicktaseris/mpfenv/lib/python3.9/site-packages/mpf/core/placeholder_manager.py", line 669, in _parse_template
    raise AssertionError('Failed to parse template "{}"'.format(template_str))
AssertionError: Failed to parse template "value=24"

The above exception was the direct cause of the following exception:

Traceback (most recent call last):
  File "/Users/nicktaseris/mpfenv/lib/python3.9/site-packages/mpf/core/machine.py", line 793, in _run_loop
    raise self._exception['exception']
  File "/Library/Frameworks/Python.framework/Versions/3.9/lib/python3.9/asyncio/events.py", line 80, in _run
    self._context.run(self._callback, *self._args)
  File "/Users/nicktaseris/mpfenv/lib/python3.9/site-packages/mpf/core/delays.py", line 190, in _process_delay_callback
    self.machine.events.process_event_queue()
  File "/Users/nicktaseris/mpfenv/lib/python3.9/site-packages/mpf/core/events.py", line 846, in process_event_queue
    self._process_event(event=event[0],
  File "/Users/nicktaseris/mpfenv/lib/python3.9/site-packages/mpf/core/events.py", line 808, in _process_event
    result = self._run_handlers(event, ev_type, kwargs)
  File "/Users/nicktaseris/mpfenv/lib/python3.9/site-packages/mpf/core/events.py", line 757, in _run_handlers
    raise EventHandlerException(
mpf.core.events.EventHandlerException: Exception while processing RegisteredHandler(callback=<bound method Mode.start of <Mode.base>>, priority=100, kwargs={}, key=UUID('38fabea3-67d2-4406-abf4-cc5bf5ed55c0'), condition=None, blocking_facility=None) for event ball_started. Failed to parse template "value=24"
2024-07-16 10:40:13,190 : INFO : crash_reporter : Will not report crash as "report_crashes" mode is "never"
2024-07-16 10:40:13,190 : INFO : root : MPF run loop ended.
