2024-08-20 18:35:31,745 : INFO : root : Loading config.
2024-08-20 18:35:31,747 : INFO : YamlMultifileConfigLoader : Machine config file #1: config.yaml
2024-08-20 18:35:31,747 : INFO : ConfigProcessor : Loading config from cache: /var/folders/sv/d29kcl5x50v7vt1n6xb5jsd40000gn/T/c166cef8060ffee16a35821bf698da85.mpf_cache
2024-08-20 18:35:31,775 : INFO : ConfigProcessor : Loading config from cache: /var/folders/sv/d29kcl5x50v7vt1n6xb5jsd40000gn/T/6b31c5ac6ecbad948994a8204ea6b05b.mpf_cache
2024-08-20 18:35:31,775 : INFO : ConfigProcessor : Loading config from cache: /var/folders/sv/d29kcl5x50v7vt1n6xb5jsd40000gn/T/fe612d1e66c8a96c19ba449d3748eeac.mpf_cache
2024-08-20 18:35:31,776 : INFO : ConfigProcessor : Loading config from cache: /var/folders/sv/d29kcl5x50v7vt1n6xb5jsd40000gn/T/6b31c5ac6ecbad948994a8204ea6b05b.mpf_cache
2024-08-20 18:35:31,776 : INFO : ConfigProcessor : Loading config from cache: /var/folders/sv/d29kcl5x50v7vt1n6xb5jsd40000gn/T/8765227693ecd961e0504502a81255e0.mpf_cache
2024-08-20 18:35:31,776 : INFO : ConfigProcessor : Loading config from cache: /var/folders/sv/d29kcl5x50v7vt1n6xb5jsd40000gn/T/b247728c74b4d81bcb2825e2b07062a7.mpf_cache
2024-08-20 18:35:31,776 : INFO : ConfigProcessor : Loading config from cache: /var/folders/sv/d29kcl5x50v7vt1n6xb5jsd40000gn/T/f240f94f0b5d0f37ec4fd7571275a101.mpf_cache
2024-08-20 18:35:31,777 : INFO : ConfigProcessor : Loading config from cache: /var/folders/sv/d29kcl5x50v7vt1n6xb5jsd40000gn/T/c4409acfdf3ec94666e0adef48d55400.mpf_cache
2024-08-20 18:35:31,777 : INFO : ConfigProcessor : Loading config from cache: /var/folders/sv/d29kcl5x50v7vt1n6xb5jsd40000gn/T/6a2f50ed892485825cc04dc0a68eab9f.mpf_cache
2024-08-20 18:35:31,777 : INFO : ConfigProcessor : Loading config from cache: /var/folders/sv/d29kcl5x50v7vt1n6xb5jsd40000gn/T/d58c58eb9fd1a2dc27f8acd255fb3761.mpf_cache
2024-08-20 18:35:31,777 : INFO : ConfigProcessor : Loading config from cache: /var/folders/sv/d29kcl5x50v7vt1n6xb5jsd40000gn/T/07adfd310b3ef0e03c5cbc91527abb6c.mpf_cache
2024-08-20 18:35:31,777 : INFO : ConfigProcessor : Loading config from cache: /var/folders/sv/d29kcl5x50v7vt1n6xb5jsd40000gn/T/12bd5247c3bf989b919364bdb7829769.mpf_cache
2024-08-20 18:35:31,778 : INFO : ConfigProcessor : Loading config from cache: /var/folders/sv/d29kcl5x50v7vt1n6xb5jsd40000gn/T/362e08f51a1a1b7a0809dd52f9c83f83.mpf_cache
2024-08-20 18:35:31,778 : INFO : ConfigProcessor : Loading config from cache: /var/folders/sv/d29kcl5x50v7vt1n6xb5jsd40000gn/T/e45e3bd39557ed8d0881194a7afab8f7.mpf_cache
2024-08-20 18:35:31,778 : INFO : ConfigProcessor : Loading config from cache: /var/folders/sv/d29kcl5x50v7vt1n6xb5jsd40000gn/T/331d8d1a1bc190cae8c13495e1db372f.mpf_cache
2024-08-20 18:35:31,778 : INFO : ConfigProcessor : Loading config from cache: /var/folders/sv/d29kcl5x50v7vt1n6xb5jsd40000gn/T/d17a9ff77386e6f1439d0802ace1de07.mpf_cache
2024-08-20 18:35:31,778 : INFO : ConfigProcessor : Loading config from cache: /var/folders/sv/d29kcl5x50v7vt1n6xb5jsd40000gn/T/280fd64455d0d243a54ab4db98fbccbd.mpf_cache
2024-08-20 18:35:31,779 : INFO : ConfigProcessor : Loading config from cache: /var/folders/sv/d29kcl5x50v7vt1n6xb5jsd40000gn/T/0c0596ed8fbb40b6113901d21bdc0a39.mpf_cache
2024-08-20 18:35:31,779 : INFO : ConfigProcessor : Loading config from cache: /var/folders/sv/d29kcl5x50v7vt1n6xb5jsd40000gn/T/f521a0f834965d73920394ccceaa3c1c.mpf_cache
2024-08-20 18:35:31,779 : INFO : ConfigProcessor : Loading config from cache: /var/folders/sv/d29kcl5x50v7vt1n6xb5jsd40000gn/T/0fedc249e142fba0aaf46d9adc7061fa.mpf_cache
2024-08-20 18:35:31,779 : INFO : ConfigProcessor : Loading config from cache: /var/folders/sv/d29kcl5x50v7vt1n6xb5jsd40000gn/T/c57745b2fe399992c4aedf0209f8acc9.mpf_cache
2024-08-20 18:35:31,780 : INFO : ConfigProcessor : Loading config from cache: /var/folders/sv/d29kcl5x50v7vt1n6xb5jsd40000gn/T/4d7707f845442344c77faa09114dd414.mpf_cache
2024-08-20 18:35:31,780 : INFO : ConfigProcessor : Loading config from cache: /var/folders/sv/d29kcl5x50v7vt1n6xb5jsd40000gn/T/13b622eeb34cc558f4c171e6faf49f20.mpf_cache
2024-08-20 18:35:31,780 : INFO : ConfigProcessor : Loading config from cache: /var/folders/sv/d29kcl5x50v7vt1n6xb5jsd40000gn/T/897ffb6d77163469c302d894201d7081.mpf_cache
2024-08-20 18:35:31,780 : INFO : ConfigProcessor : Loading config from cache: /var/folders/sv/d29kcl5x50v7vt1n6xb5jsd40000gn/T/51caa30b8c50b4dd14ddbf8a263fb4c6.mpf_cache
2024-08-20 18:35:31,780 : INFO : ConfigProcessor : Loading config from cache: /var/folders/sv/d29kcl5x50v7vt1n6xb5jsd40000gn/T/aa4dd12681abd3ba3467de4d4b71c6b2.mpf_cache
2024-08-20 18:35:31,780 : INFO : ConfigProcessor : Loading config from cache: /var/folders/sv/d29kcl5x50v7vt1n6xb5jsd40000gn/T/edf8b775a93855f849af0e2eff0a7bac.mpf_cache
2024-08-20 18:35:31,781 : INFO : ConfigProcessor : Loading config from cache: /var/folders/sv/d29kcl5x50v7vt1n6xb5jsd40000gn/T/3048ed2d7ea14eee3db896f6760aa474.mpf_cache
2024-08-20 18:35:31,781 : INFO : ConfigProcessor : Loading config from cache: /var/folders/sv/d29kcl5x50v7vt1n6xb5jsd40000gn/T/a14a120665a0ee9fd8a6e22274033983.mpf_cache
2024-08-20 18:35:31,781 : INFO : ConfigProcessor : Loading config from cache: /var/folders/sv/d29kcl5x50v7vt1n6xb5jsd40000gn/T/984de704eb69e43ca43e84d7915bfa21.mpf_cache
2024-08-20 18:35:31,782 : INFO : ConfigProcessor : Loading config from cache: /var/folders/sv/d29kcl5x50v7vt1n6xb5jsd40000gn/T/0a9cb7260d26760274024f443d38cc22.mpf_cache
2024-08-20 18:35:31,782 : INFO : ConfigProcessor : Loading config from cache: /var/folders/sv/d29kcl5x50v7vt1n6xb5jsd40000gn/T/deb753c2acdccb3c49ddc8f2a7e04ee6.mpf_cache
2024-08-20 18:35:31,782 : INFO : ConfigProcessor : Loading config from cache: /var/folders/sv/d29kcl5x50v7vt1n6xb5jsd40000gn/T/4a90c06755c4a5beef2ee4c243f54397.mpf_cache
2024-08-20 18:35:31,782 : INFO : Machine : Mission Pinball Framework Core Engine v0.80.0.dev1
2024-08-20 18:35:31,782 : INFO : Machine : Command line arguments: {'no_load_cache': False, 'create_config_cache': True, 'bcp': True, 'configfile': ['config.yaml'], 'force_assets_load': False, 'platform_integration_test': False, 'jsonlogging': False, 'logfile': 'logs/2024-08-20-18-35-31-mpf-Nicks-MacBook-Air.local.log', 'pause': False, 'production': False, 'text_ui': True, 'loglevel': 15, 'consoleloglevel': 20, 'force_platform': None, 'syslog_address': None, 'mc_file_name': None, 'no_sound': False, 'full_logfile_path': '/Users/nicktaseris/Desktop/Pinball/KOTH/logs/2024-08-20-18-35-31-mpf-Nicks-MacBook-Air.local.log'}
2024-08-20 18:35:31,782 : INFO : Machine : MPF path: /Users/nicktaseris/mpfenv/lib/python3.9/site-packages/mpf
2024-08-20 18:35:31,782 : INFO : Machine : Machine path: /Users/nicktaseris/Desktop/Pinball/KOTH
2024-08-20 18:35:31,782 : INFO : Machine : Platform: darwin
2024-08-20 18:35:31,782 : INFO : Machine : Python executable location: /Users/nicktaseris/mpfenv/bin/python3
2024-08-20 18:35:31,782 : INFO : Machine : Python version: 3.9.13 (64-bit)
2024-08-20 18:35:31,783 : INFO : Machine : Initializing MPF...
2024-08-20 18:35:31,809 : INFO : EventManager : Event: ======'machine_var_credits_string'====== Args={'value': 'FREE PLAY', 'prev_value': None, 'change': True}
2024-08-20 18:35:31,815 : INFO : EventManager : Event: ======'machine_var_master_volume'====== Args={'value': 0.5, 'prev_value': None, 'change': True}
2024-08-20 18:35:31,815 : INFO : EventManager : Event: ======'machine_var_player1_score'====== Args={'value': 175300, 'prev_value': None, 'change': True}
2024-08-20 18:35:31,815 : INFO : EventManager : Event: ======'machine_var_mpf_version'====== Args={'value': 'Mission Pinball Framework v0.80.0.dev1', 'prev_value': None, 'change': True}
2024-08-20 18:35:31,815 : INFO : EventManager : Event: ======'machine_var_mpf_extended_version'====== Args={'value': 'Mission Pinball Framework v0.80.0.dev1, Config version:6, Show version: 6, BCP version:1.1', 'prev_value': None, 'change': True}
2024-08-20 18:35:31,815 : INFO : EventManager : Event: ======'machine_var_python_version'====== Args={'value': '3.9.13', 'prev_value': None, 'change': True}
2024-08-20 18:35:31,823 : INFO : EventManager : Event: ======'machine_var_platform'====== Args={'value': 'macOS-12.1-arm64-arm-64bit', 'prev_value': None, 'change': True}
2024-08-20 18:35:31,823 : INFO : EventManager : Event: ======'machine_var_platform_system'====== Args={'value': 'Darwin', 'prev_value': None, 'change': True}
2024-08-20 18:35:31,823 : INFO : EventManager : Event: ======'machine_var_platform_release'====== Args={'value': '21.2.0', 'prev_value': None, 'change': True}
2024-08-20 18:35:31,823 : INFO : EventManager : Event: ======'machine_var_platform_version'====== Args={'value': 'Darwin Kernel Version 21.2.0: Sun Nov 28 20:29:10 PST 2021; root:xnu-8019.61.5~1/RELEASE_ARM64_T8101', 'prev_value': None, 'change': True}
2024-08-20 18:35:31,823 : INFO : EventManager : Event: ======'machine_var_platform_machine'====== Args={'value': 'arm64', 'prev_value': None, 'change': True}
2024-08-20 18:35:31,823 : INFO : EventManager : Event: ======'machine_var_log_file_path'====== Args={'value': '/Users/nicktaseris/Desktop/Pinball/KOTH/logs/2024-08-20-18-35-31-mpf-Nicks-MacBook-Air.local.log', 'prev_value': None, 'change': True}
2024-08-20 18:35:31,823 : INFO : EventManager : Event: ======'init_phase_1'====== Args={}
2024-08-20 18:35:31,850 : INFO : EventManager : Event: ======'drop_target_bank_strickland_bank_up'====== Args={}
2024-08-20 18:35:31,850 : INFO : EventManager : Event: ======'init_phase_2'====== Args={}
2024-08-20 18:35:31,850 : INFO : SwitchController : Found active switch: ('39', <Platform.SmartVirtual>) <switch.s_trough1>
2024-08-20 18:35:31,850 : INFO : SwitchController : Found active switch: ('40', <Platform.SmartVirtual>) <switch.s_trough2>
2024-08-20 18:35:31,850 : INFO : SwitchController : Found active switch: ('41', <Platform.SmartVirtual>) <switch.s_trough3>
2024-08-20 18:35:31,850 : INFO : SwitchController : Found active switch: ('42', <Platform.SmartVirtual>) <switch.s_trough4>
2024-08-20 18:35:31,850 : INFO : SwitchController : Found active switch: ('43', <Platform.SmartVirtual>) <switch.s_trough5>
2024-08-20 18:35:31,851 : INFO : SwitchController : Found active switch: ('44', <Platform.SmartVirtual>) <switch.s_trough6>
2024-08-20 18:35:31,856 : INFO : EventManager : Event: ======'machine_var_score1_label'====== Args={'value': 'GRAND CHAMPION', 'prev_value': None, 'change': True}
2024-08-20 18:35:31,856 : INFO : EventManager : Event: ======'machine_var_score1_name'====== Args={'value': 'BRI', 'prev_value': None, 'change': True}
2024-08-20 18:35:31,856 : INFO : EventManager : Event: ======'machine_var_score1_value'====== Args={'value': 4242, 'prev_value': None, 'change': True}
2024-08-20 18:35:31,856 : INFO : EventManager : Event: ======'machine_var_score2_label'====== Args={'value': 'HIGH SCORE 1', 'prev_value': None, 'change': True}
2024-08-20 18:35:31,856 : INFO : EventManager : Event: ======'machine_var_score2_name'====== Args={'value': 'GHK', 'prev_value': None, 'change': True}
2024-08-20 18:35:31,856 : INFO : EventManager : Event: ======'machine_var_score2_value'====== Args={'value': 2323, 'prev_value': None, 'change': True}
2024-08-20 18:35:31,856 : INFO : EventManager : Event: ======'machine_var_score3_label'====== Args={'value': 'HIGH SCORE 2', 'prev_value': None, 'change': True}
2024-08-20 18:35:31,856 : INFO : EventManager : Event: ======'machine_var_score3_name'====== Args={'value': 'JK', 'prev_value': None, 'change': True}
2024-08-20 18:35:31,856 : INFO : EventManager : Event: ======'machine_var_score3_value'====== Args={'value': 1337, 'prev_value': None, 'change': True}
2024-08-20 18:35:31,856 : INFO : EventManager : Event: ======'machine_var_score4_label'====== Args={'value': 'HIGH SCORE 3', 'prev_value': None, 'change': True}
2024-08-20 18:35:31,856 : INFO : EventManager : Event: ======'machine_var_score4_name'====== Args={'value': 'QC', 'prev_value': None, 'change': True}
2024-08-20 18:35:31,856 : INFO : EventManager : Event: ======'machine_var_score4_value'====== Args={'value': 42, 'prev_value': None, 'change': True}
2024-08-20 18:35:31,856 : INFO : EventManager : Event: ======'machine_var_score5_label'====== Args={'value': 'HIGH SCORE 4', 'prev_value': None, 'change': True}
2024-08-20 18:35:31,856 : INFO : EventManager : Event: ======'machine_var_score5_name'====== Args={'value': 'MPF', 'prev_value': None, 'change': True}
2024-08-20 18:35:31,856 : INFO : EventManager : Event: ======'machine_var_score5_value'====== Args={'value': 23, 'prev_value': None, 'change': True}
2024-08-20 18:35:31,857 : INFO : EventManager : Event: ======'bcp_connection_attempt'====== Args={'name': 'local_display', 'host': 'localhost', 'port': 5050}
2024-08-20 18:35:31,857 : INFO : BCPClientSocket : Connecting BCP to 'local_display' at localhost:5050...
2024-08-20 18:35:38,149 : INFO : BCPClientSocket : Connected BCP to 'local_display' localhost:5050
2024-08-20 18:35:38,151 : INFO : EventManager : Event: ======'bcp_clients_connected'====== Args={}
2024-08-20 18:35:38,153 : INFO : ball_device.bd_trough : BCH: Initial count: 6
2024-08-20 18:35:38,153 : INFO : ball_device.bd_trough : State: idle
2024-08-20 18:35:38,154 : INFO : ball_device.bd_plunger : BCH: Initial count: 0
2024-08-20 18:35:38,154 : INFO : ball_device.bd_plunger : State: idle
2024-08-20 18:35:38,155 : INFO : ball_device.bd_scoop : BCH: Initial count: 0
2024-08-20 18:35:38,156 : INFO : ball_device.bd_scoop : State: idle
2024-08-20 18:35:38,172 : INFO : EventManager : Event: ======'init_phase_3'====== Args={}
2024-08-20 18:35:38,176 : INFO : EventManager : Event: ======'init_phase_4'====== Args={}
2024-08-20 18:35:38,177 : INFO : BallController : Initial balls found: 6
2024-08-20 18:35:38,177 : INFO : EventManager : Event: ======'machine_var_audits_events_game_ended'====== Args={'value': 4, 'prev_value': None, 'change': True}
2024-08-20 18:35:38,177 : INFO : EventManager : Event: ======'machine_var_audits_events_game_started'====== Args={'value': 871, 'prev_value': None, 'change': True}
2024-08-20 18:35:38,178 : INFO : EventManager : Event: ======'machine_var_audits_missing_switches_s_bottom_inline_drop'====== Args={'value': 61, 'prev_value': None, 'change': True}
2024-08-20 18:35:38,178 : INFO : EventManager : Event: ======'machine_var_audits_missing_switches_s_bottom_pop_bumper'====== Args={'value': 430, 'prev_value': None, 'change': True}
2024-08-20 18:35:38,178 : INFO : EventManager : Event: ======'machine_var_audits_missing_switches_s_launch_button'====== Args={'value': 342, 'prev_value': None, 'change': True}
2024-08-20 18:35:38,178 : INFO : EventManager : Event: ======'machine_var_audits_missing_switches_s_left_flipper'====== Args={'value': 1, 'prev_value': None, 'change': True}
2024-08-20 18:35:38,178 : INFO : EventManager : Event: ======'machine_var_audits_missing_switches_s_left_inlane'====== Args={'value': 27, 'prev_value': None, 'change': True}
2024-08-20 18:35:38,178 : INFO : EventManager : Event: ======'machine_var_audits_missing_switches_s_left_inner_horseshoe'====== Args={'value': 61, 'prev_value': None, 'change': True}
2024-08-20 18:35:38,178 : INFO : EventManager : Event: ======'machine_var_audits_missing_switches_s_left_orbit_enter'====== Args={'value': 27, 'prev_value': None, 'change': True}
2024-08-20 18:35:38,178 : INFO : EventManager : Event: ======'machine_var_audits_missing_switches_s_left_orbit_exit'====== Args={'value': 63, 'prev_value': None, 'change': True}
2024-08-20 18:35:38,178 : INFO : EventManager : Event: ======'machine_var_audits_missing_switches_s_left_outlane'====== Args={'value': 27, 'prev_value': None, 'change': True}
2024-08-20 18:35:38,178 : INFO : EventManager : Event: ======'machine_var_audits_missing_switches_s_left_pop_bumper'====== Args={'value': 430, 'prev_value': None, 'change': True}
2024-08-20 18:35:38,178 : INFO : EventManager : Event: ======'machine_var_audits_missing_switches_s_left_ramp_enter'====== Args={'value': 143, 'prev_value': None, 'change': True}
2024-08-20 18:35:38,178 : INFO : EventManager : Event: ======'machine_var_audits_missing_switches_s_left_ramp_exit'====== Args={'value': 143, 'prev_value': None, 'change': True}
2024-08-20 18:35:38,179 : INFO : EventManager : Event: ======'machine_var_audits_missing_switches_s_left_rollover_lane'====== Args={'value': 62, 'prev_value': None, 'change': True}
2024-08-20 18:35:38,179 : INFO : EventManager : Event: ======'machine_var_audits_missing_switches_s_left_sling'====== Args={'value': 521, 'prev_value': None, 'change': True}
2024-08-20 18:35:38,179 : INFO : EventManager : Event: ======'machine_var_audits_missing_switches_s_left_spinner'====== Args={'value': 63, 'prev_value': None, 'change': True}
2024-08-20 18:35:38,179 : INFO : EventManager : Event: ======'machine_var_audits_missing_switches_s_middle_inline_drop'====== Args={'value': 61, 'prev_value': None, 'change': True}
2024-08-20 18:35:38,179 : INFO : EventManager : Event: ======'machine_var_audits_missing_switches_s_middle_rollover_lane'====== Args={'value': 62, 'prev_value': None, 'change': True}
2024-08-20 18:35:38,179 : INFO : EventManager : Event: ======'machine_var_audits_missing_switches_s_o_target'====== Args={'value': 2, 'prev_value': None, 'change': True}
2024-08-20 18:35:38,179 : INFO : EventManager : Event: ======'machine_var_audits_missing_switches_s_right_flipper'====== Args={'value': 1, 'prev_value': None, 'change': True}
2024-08-20 18:35:38,179 : INFO : EventManager : Event: ======'machine_var_audits_missing_switches_s_right_inlane'====== Args={'value': 27, 'prev_value': None, 'change': True}
2024-08-20 18:35:38,179 : INFO : EventManager : Event: ======'machine_var_audits_missing_switches_s_right_inner_horseshoe'====== Args={'value': 61, 'prev_value': None, 'change': True}
2024-08-20 18:35:38,179 : INFO : EventManager : Event: ======'machine_var_audits_missing_switches_s_right_orbit_exit'====== Args={'value': 63, 'prev_value': None, 'change': True}
2024-08-20 18:35:38,180 : INFO : EventManager : Event: ======'machine_var_audits_missing_switches_s_right_outlane'====== Args={'value': 27, 'prev_value': None, 'change': True}
2024-08-20 18:35:38,180 : INFO : EventManager : Event: ======'machine_var_audits_missing_switches_s_right_pop_bumper'====== Args={'value': 61, 'prev_value': None, 'change': True}
2024-08-20 18:35:38,180 : INFO : EventManager : Event: ======'machine_var_audits_missing_switches_s_right_ramp_enter'====== Args={'value': 143, 'prev_value': None, 'change': True}
2024-08-20 18:35:38,180 : INFO : EventManager : Event: ======'machine_var_audits_missing_switches_s_right_ramp_exit'====== Args={'value': 143, 'prev_value': None, 'change': True}
2024-08-20 18:35:38,180 : INFO : EventManager : Event: ======'machine_var_audits_missing_switches_s_right_ramp_standup'====== Args={'value': 221, 'prev_value': None, 'change': True}
2024-08-20 18:35:38,180 : INFO : EventManager : Event: ======'machine_var_audits_missing_switches_s_right_rollover_lane'====== Args={'value': 62, 'prev_value': None, 'change': True}
2024-08-20 18:35:38,180 : INFO : EventManager : Event: ======'machine_var_audits_missing_switches_s_right_sling'====== Args={'value': 822, 'prev_value': None, 'change': True}
2024-08-20 18:35:38,180 : INFO : EventManager : Event: ======'machine_var_audits_missing_switches_s_scoop'====== Args={'value': 1, 'prev_value': None, 'change': True}
2024-08-20 18:35:38,180 : INFO : EventManager : Event: ======'machine_var_audits_missing_switches_s_start'====== Args={'value': 1, 'prev_value': None, 'change': True}
2024-08-20 18:35:38,181 : INFO : EventManager : Event: ======'machine_var_audits_missing_switches_s_top_inline_drop'====== Args={'value': 61, 'prev_value': None, 'change': True}
2024-08-20 18:35:38,181 : INFO : EventManager : Event: ======'machine_var_audits_missing_switches_s_trough1'====== Args={'value': 61, 'prev_value': None, 'change': True}
2024-08-20 18:35:38,181 : INFO : EventManager : Event: ======'machine_var_audits_missing_switches_s_trough2'====== Args={'value': 64, 'prev_value': None, 'change': True}
2024-08-20 18:35:38,181 : INFO : EventManager : Event: ======'machine_var_audits_missing_switches_s_trough4'====== Args={'value': 293, 'prev_value': None, 'change': True}
2024-08-20 18:35:38,181 : INFO : EventManager : Event: ======'machine_var_audits_missing_switches_s_trough5'====== Args={'value': 826, 'prev_value': None, 'change': True}
2024-08-20 18:35:38,181 : INFO : EventManager : Event: ======'machine_var_audits_missing_switches_s_trough6'====== Args={'value': 826, 'prev_value': None, 'change': True}
2024-08-20 18:35:38,181 : INFO : EventManager : Event: ======'machine_var_audits_missing_switches_s_trough_jam'====== Args={'value': 759, 'prev_value': None, 'change': True}
2024-08-20 18:35:38,181 : INFO : EventManager : Event: ======'machine_var_audits_player_score'====== Args={'value': {'average': 109379, 'top': [370600, 175300, 400, 300, 250], 'total': 5}, 'prev_value': None, 'change': True}
2024-08-20 18:35:38,182 : INFO : EventManager : Event: ======'machine_var_audits_shots_a_rollover_lane'====== Args={'value': 17, 'prev_value': None, 'change': True}
2024-08-20 18:35:38,182 : INFO : EventManager : Event: ======'machine_var_audits_shots_a_target'====== Args={'value': 7, 'prev_value': None, 'change': True}
2024-08-20 18:35:38,182 : INFO : EventManager : Event: ======'machine_var_audits_shots_ball_lock_a_target'====== Args={'value': 6, 'prev_value': None, 'change': True}
2024-08-20 18:35:38,182 : INFO : EventManager : Event: ======'machine_var_audits_shots_ball_lock_e_target'====== Args={'value': 5, 'prev_value': None, 'change': True}
2024-08-20 18:35:38,182 : INFO : EventManager : Event: ======'machine_var_audits_shots_ball_lock_n_target'====== Args={'value': 5, 'prev_value': None, 'change': True}
2024-08-20 18:35:38,182 : INFO : EventManager : Event: ======'machine_var_audits_shots_ball_lock_p2_target'====== Args={'value': 9, 'prev_value': None, 'change': True}
2024-08-20 18:35:38,182 : INFO : EventManager : Event: ======'machine_var_audits_shots_e_target'====== Args={'value': 3, 'prev_value': None, 'change': True}
2024-08-20 18:35:38,182 : INFO : EventManager : Event: ======'machine_var_audits_shots_h_rollover_lane'====== Args={'value': 21, 'prev_value': None, 'change': True}
2024-08-20 18:35:38,183 : INFO : EventManager : Event: ======'machine_var_audits_shots_k_rollover_lane'====== Args={'value': 17, 'prev_value': None, 'change': True}
2024-08-20 18:35:38,183 : INFO : EventManager : Event: ======'machine_var_audits_shots_left_rollover_lane'====== Args={'value': 215, 'prev_value': None, 'change': True}
2024-08-20 18:35:38,183 : INFO : EventManager : Event: ======'machine_var_audits_shots_middle_rollover_lane'====== Args={'value': 204, 'prev_value': None, 'change': True}
2024-08-20 18:35:38,183 : INFO : EventManager : Event: ======'machine_var_audits_shots_n_rollover_lane'====== Args={'value': 15, 'prev_value': None, 'change': True}
2024-08-20 18:35:38,183 : INFO : EventManager : Event: ======'machine_var_audits_shots_n_target'====== Args={'value': 9, 'prev_value': None, 'change': True}
2024-08-20 18:35:38,183 : INFO : EventManager : Event: ======'machine_var_audits_shots_o_target'====== Args={'value': 4, 'prev_value': None, 'change': True}
2024-08-20 18:35:38,184 : INFO : EventManager : Event: ======'machine_var_audits_shots_p2_target'====== Args={'value': 5, 'prev_value': None, 'change': True}
2024-08-20 18:35:38,184 : INFO : EventManager : Event: ======'machine_var_audits_shots_p_target'====== Args={'value': 8, 'prev_value': None, 'change': True}
2024-08-20 18:35:38,184 : INFO : EventManager : Event: ======'machine_var_audits_shots_qualify_a_target'====== Args={'value': 7, 'prev_value': None, 'change': True}
2024-08-20 18:35:38,184 : INFO : EventManager : Event: ======'machine_var_audits_shots_qualify_e_target'====== Args={'value': 8, 'prev_value': None, 'change': True}
2024-08-20 18:35:38,184 : INFO : EventManager : Event: ======'machine_var_audits_shots_qualify_n_target'====== Args={'value': 7, 'prev_value': None, 'change': True}
2024-08-20 18:35:38,184 : INFO : EventManager : Event: ======'machine_var_audits_shots_qualify_o_target'====== Args={'value': 283, 'prev_value': None, 'change': True}
2024-08-20 18:35:38,185 : INFO : EventManager : Event: ======'machine_var_audits_shots_qualify_p2_target'====== Args={'value': 9, 'prev_value': None, 'change': True}
2024-08-20 18:35:38,185 : INFO : EventManager : Event: ======'machine_var_audits_shots_qualify_p_target'====== Args={'value': 258, 'prev_value': None, 'change': True}
2024-08-20 18:35:38,185 : INFO : EventManager : Event: ======'machine_var_audits_shots_qualify_r_target'====== Args={'value': 292, 'prev_value': None, 'change': True}
2024-08-20 18:35:38,185 : INFO : EventManager : Event: ======'machine_var_audits_shots_r_target'====== Args={'value': 14, 'prev_value': None, 'change': True}
2024-08-20 18:35:38,185 : INFO : EventManager : Event: ======'machine_var_audits_shots_rainey_multiball_ball_lock_a_target'====== Args={'value': 45, 'prev_value': None, 'change': True}
2024-08-20 18:35:38,185 : INFO : EventManager : Event: ======'machine_var_audits_shots_rainey_multiball_ball_lock_e_target'====== Args={'value': 45, 'prev_value': None, 'change': True}
2024-08-20 18:35:38,186 : INFO : EventManager : Event: ======'machine_var_audits_shots_rainey_multiball_ball_lock_n_target'====== Args={'value': 43, 'prev_value': None, 'change': True}
2024-08-20 18:35:38,186 : INFO : EventManager : Event: ======'machine_var_audits_shots_rainey_multiball_ball_lock_p2_target'====== Args={'value': 84, 'prev_value': None, 'change': True}
2024-08-20 18:35:38,186 : INFO : EventManager : Event: ======'machine_var_audits_shots_right_rollover_lane'====== Args={'value': 209, 'prev_value': None, 'change': True}
2024-08-20 18:35:38,186 : INFO : EventManager : Event: ======'machine_var_audits_shots_scoop'====== Args={'value': 257, 'prev_value': None, 'change': True}
2024-08-20 18:35:38,186 : INFO : EventManager : Event: ======'machine_var_audits_shots_scoop_mission_select'====== Args={'value': 57, 'prev_value': None, 'change': True}
2024-08-20 18:35:38,186 : INFO : EventManager : Event: ======'machine_var_audits_shots_shot_left_ramp'====== Args={'value': 17, 'prev_value': None, 'change': True}
2024-08-20 18:35:38,187 : INFO : EventManager : Event: ======'machine_var_audits_shots_shot_right_ramp'====== Args={'value': 24, 'prev_value': None, 'change': True}
2024-08-20 18:35:38,187 : INFO : EventManager : Event: ======'machine_var_audits_shots_skillshot_a_target'====== Args={'value': 76, 'prev_value': None, 'change': True}
2024-08-20 18:35:38,187 : INFO : EventManager : Event: ======'machine_var_audits_shots_skillshot_e_target'====== Args={'value': 70, 'prev_value': None, 'change': True}
2024-08-20 18:35:38,187 : INFO : EventManager : Event: ======'machine_var_audits_shots_skillshot_n_target'====== Args={'value': 55, 'prev_value': None, 'change': True}
2024-08-20 18:35:38,187 : INFO : EventManager : Event: ======'machine_var_audits_shots_skillshot_o_target'====== Args={'value': 119, 'prev_value': None, 'change': True}
2024-08-20 18:35:38,188 : INFO : EventManager : Event: ======'machine_var_audits_shots_skillshot_p2_target'====== Args={'value': 91, 'prev_value': None, 'change': True}
2024-08-20 18:35:38,188 : INFO : EventManager : Event: ======'machine_var_audits_shots_skillshot_p_target'====== Args={'value': 48, 'prev_value': None, 'change': True}
2024-08-20 18:35:38,188 : INFO : EventManager : Event: ======'machine_var_audits_shots_skillshot_r_target'====== Args={'value': 117, 'prev_value': None, 'change': True}
2024-08-20 18:35:38,188 : INFO : EventManager : Event: ======'machine_var_audits_shots_spinner'====== Args={'value': 10, 'prev_value': None, 'change': True}
2024-08-20 18:35:38,188 : INFO : EventManager : Event: ======'machine_var_audits_switches_s_a_target'====== Args={'value': 173, 'prev_value': None, 'change': True}
2024-08-20 18:35:38,189 : INFO : EventManager : Event: ======'machine_var_audits_switches_s_bottom_inline_drop'====== Args={'value': 1019, 'prev_value': None, 'change': True}
2024-08-20 18:35:38,189 : INFO : EventManager : Event: ======'machine_var_audits_switches_s_bottom_pop_bumper'====== Args={'value': 10, 'prev_value': None, 'change': True}
2024-08-20 18:35:38,189 : INFO : EventManager : Event: ======'machine_var_audits_switches_s_center_spinner'====== Args={'value': 269, 'prev_value': None, 'change': True}
2024-08-20 18:35:38,189 : INFO : EventManager : Event: ======'machine_var_audits_switches_s_e_target'====== Args={'value': 177, 'prev_value': None, 'change': True}
2024-08-20 18:35:38,190 : INFO : EventManager : Event: ======'machine_var_audits_switches_s_launch_button'====== Args={'value': 10, 'prev_value': None, 'change': True}
2024-08-20 18:35:38,190 : INFO : EventManager : Event: ======'machine_var_audits_switches_s_left_flipper'====== Args={'value': 556, 'prev_value': None, 'change': True}
2024-08-20 18:35:38,190 : INFO : EventManager : Event: ======'machine_var_audits_switches_s_left_inlane'====== Args={'value': 28, 'prev_value': None, 'change': True}
2024-08-20 18:35:38,190 : INFO : EventManager : Event: ======'machine_var_audits_switches_s_left_inner_horseshoe'====== Args={'value': 16, 'prev_value': None, 'change': True}
2024-08-20 18:35:38,191 : INFO : EventManager : Event: ======'machine_var_audits_switches_s_left_orbit_enter'====== Args={'value': 73, 'prev_value': None, 'change': True}
2024-08-20 18:35:38,191 : INFO : EventManager : Event: ======'machine_var_audits_switches_s_left_orbit_exit'====== Args={'value': 21, 'prev_value': None, 'change': True}
2024-08-20 18:35:38,191 : INFO : EventManager : Event: ======'machine_var_audits_switches_s_left_outlane'====== Args={'value': 47, 'prev_value': None, 'change': True}
2024-08-20 18:35:38,191 : INFO : EventManager : Event: ======'machine_var_audits_switches_s_left_pop_bumper'====== Args={'value': 9, 'prev_value': None, 'change': True}
2024-08-20 18:35:38,192 : INFO : EventManager : Event: ======'machine_var_audits_switches_s_left_ramp_enter'====== Args={'value': 30, 'prev_value': None, 'change': True}
2024-08-20 18:35:38,192 : INFO : EventManager : Event: ======'machine_var_audits_switches_s_left_ramp_exit'====== Args={'value': 37, 'prev_value': None, 'change': True}
2024-08-20 18:35:38,192 : INFO : EventManager : Event: ======'machine_var_audits_switches_s_left_ramp_standup'====== Args={'value': 1381, 'prev_value': None, 'change': True}
2024-08-20 18:35:38,192 : INFO : EventManager : Event: ======'machine_var_audits_switches_s_left_rollover_lane'====== Args={'value': 220, 'prev_value': None, 'change': True}
2024-08-20 18:35:38,192 : INFO : EventManager : Event: ======'machine_var_audits_switches_s_left_sling'====== Args={'value': 12, 'prev_value': None, 'change': True}
2024-08-20 18:35:38,193 : INFO : EventManager : Event: ======'machine_var_audits_switches_s_left_spinner'====== Args={'value': 143, 'prev_value': None, 'change': True}
2024-08-20 18:35:38,193 : INFO : EventManager : Event: ======'machine_var_audits_switches_s_middle_inline_drop'====== Args={'value': 1001, 'prev_value': None, 'change': True}
2024-08-20 18:35:38,193 : INFO : EventManager : Event: ======'machine_var_audits_switches_s_middle_rollover_lane'====== Args={'value': 207, 'prev_value': None, 'change': True}
2024-08-20 18:35:38,193 : INFO : EventManager : Event: ======'machine_var_audits_switches_s_n_target'====== Args={'value': 163, 'prev_value': None, 'change': True}
2024-08-20 18:35:38,194 : INFO : EventManager : Event: ======'machine_var_audits_switches_s_o_target'====== Args={'value': 330, 'prev_value': None, 'change': True}
2024-08-20 18:35:38,194 : INFO : EventManager : Event: ======'machine_var_audits_switches_s_p2_target'====== Args={'value': 164, 'prev_value': None, 'change': True}
2024-08-20 18:35:38,194 : INFO : EventManager : Event: ======'machine_var_audits_switches_s_p_target'====== Args={'value': 480, 'prev_value': None, 'change': True}
2024-08-20 18:35:38,194 : INFO : EventManager : Event: ======'machine_var_audits_switches_s_plunger'====== Args={'value': 1077, 'prev_value': None, 'change': True}
2024-08-20 18:35:38,195 : INFO : EventManager : Event: ======'machine_var_audits_switches_s_plunger_lane'====== Args={'value': 39, 'prev_value': None, 'change': True}
2024-08-20 18:35:38,195 : INFO : EventManager : Event: ======'machine_var_audits_switches_s_plunger_lane_exit'====== Args={'value': 807, 'prev_value': None, 'change': True}
2024-08-20 18:35:38,195 : INFO : EventManager : Event: ======'machine_var_audits_switches_s_r_target'====== Args={'value': 333, 'prev_value': None, 'change': True}
2024-08-20 18:35:38,196 : INFO : EventManager : Event: ======'machine_var_audits_switches_s_right_flipper'====== Args={'value': 1594, 'prev_value': None, 'change': True}
2024-08-20 18:35:38,196 : INFO : EventManager : Event: ======'machine_var_audits_switches_s_right_inlane'====== Args={'value': 24, 'prev_value': None, 'change': True}
2024-08-20 18:35:38,196 : INFO : EventManager : Event: ======'machine_var_audits_switches_s_right_inner_horseshoe'====== Args={'value': 17, 'prev_value': None, 'change': True}
2024-08-20 18:35:38,196 : INFO : EventManager : Event: ======'machine_var_audits_switches_s_right_orbit_exit'====== Args={'value': 34, 'prev_value': None, 'change': True}
2024-08-20 18:35:38,197 : INFO : EventManager : Event: ======'machine_var_audits_switches_s_right_outlane'====== Args={'value': 25, 'prev_value': None, 'change': True}
2024-08-20 18:35:38,197 : INFO : EventManager : Event: ======'machine_var_audits_switches_s_right_pop_bumper'====== Args={'value': 19, 'prev_value': None, 'change': True}
2024-08-20 18:35:38,197 : INFO : EventManager : Event: ======'machine_var_audits_switches_s_right_ramp_enter'====== Args={'value': 16, 'prev_value': None, 'change': True}
2024-08-20 18:35:38,197 : INFO : EventManager : Event: ======'machine_var_audits_switches_s_right_ramp_exit'====== Args={'value': 26, 'prev_value': None, 'change': True}
2024-08-20 18:35:38,198 : INFO : EventManager : Event: ======'machine_var_audits_switches_s_right_ramp_standup'====== Args={'value': 287, 'prev_value': None, 'change': True}
2024-08-20 18:35:38,198 : INFO : EventManager : Event: ======'machine_var_audits_switches_s_right_rollover_lane'====== Args={'value': 223, 'prev_value': None, 'change': True}
2024-08-20 18:35:38,198 : INFO : EventManager : Event: ======'machine_var_audits_switches_s_right_sling'====== Args={'value': 1, 'prev_value': None, 'change': True}
2024-08-20 18:35:38,198 : INFO : EventManager : Event: ======'machine_var_audits_switches_s_scoop'====== Args={'value': 585, 'prev_value': None, 'change': True}
2024-08-20 18:35:38,199 : INFO : EventManager : Event: ======'machine_var_audits_switches_s_start'====== Args={'value': 659, 'prev_value': None, 'change': True}
2024-08-20 18:35:38,199 : INFO : EventManager : Event: ======'machine_var_audits_switches_s_top_inline_drop'====== Args={'value': 48, 'prev_value': None, 'change': True}
2024-08-20 18:35:38,199 : INFO : EventManager : Event: ======'machine_var_audits_switches_s_trough1'====== Args={'value': 420, 'prev_value': None, 'change': True}
2024-08-20 18:35:38,199 : INFO : EventManager : Event: ======'machine_var_audits_switches_s_trough2'====== Args={'value': 36, 'prev_value': None, 'change': True}
2024-08-20 18:35:38,200 : INFO : EventManager : Event: ======'machine_var_audits_switches_s_trough3'====== Args={'value': 21, 'prev_value': None, 'change': True}
2024-08-20 18:35:38,200 : INFO : EventManager : Event: ======'machine_var_audits_switches_s_trough4'====== Args={'value': 3, 'prev_value': None, 'change': True}
2024-08-20 18:35:38,200 : INFO : EventManager : Event: ======'machine_var_audits_switches_s_trough5'====== Args={'value': 2, 'prev_value': None, 'change': True}
2024-08-20 18:35:38,201 : INFO : EventManager : Event: ======'machine_var_audits_switches_s_trough6'====== Args={'value': 1, 'prev_value': None, 'change': True}
2024-08-20 18:35:38,201 : INFO : EventManager : Event: ======'machine_var_audits_switches_s_trough_jam'====== Args={'value': 5, 'prev_value': None, 'change': True}
2024-08-20 18:35:38,201 : INFO : EventManager : Event: ======'init_phase_5'====== Args={}
2024-08-20 18:35:38,206 : INFO : EventManager : Event: ======'init_done'====== Args={}
2024-08-20 18:35:38,207 : INFO : EventManager : Event: ======'machine_reset_phase_1'====== Args={}
2024-08-20 18:35:38,213 : INFO : BcpServer : New client connected.
2024-08-20 18:35:38,224 : INFO : EventManager : Event: ======'machine_reset_phase_2'====== Args={}
2024-08-20 18:35:38,225 : INFO : EventManager : Event: ======'machine_reset_phase_3'====== Args={}
2024-08-20 18:35:38,225 : INFO : drop_target_bank.strickland_bank : All targets are already up. Will not reset bank.
2024-08-20 18:35:38,225 : INFO : EventManager : Event: ======'reset_complete'====== Args={}
2024-08-20 18:35:38,225 : INFO : EventManager : Event: ======'mode_attract_will_start'====== Args={}
2024-08-20 18:35:38,226 : INFO : Timer.attract_switch : Starting Timer.
2024-08-20 18:35:38,226 : INFO : EventManager : Event: ======'timer_attract_switch_started'====== Args={'ticks': 0, 'ticks_remaining': 46}
2024-08-20 18:35:38,226 : INFO : EventManager : Event: ======'timer_attract_switch_tick'====== Args={'ticks': 0, 'ticks_remaining': 46}
2024-08-20 18:35:38,226 : ERROR : asyncio : Exception in callback EventManager.process_event_queue()
handle: <Handle EventManager.process_event_queue()>
Traceback (most recent call last):
  File "/Users/nicktaseris/mpfenv/lib/python3.9/site-packages/mpf/core/placeholder_manager.py", line 667, in _parse_template
    return ast.parse(template_str, mode='eval').body
  File "/Library/Frameworks/Python.framework/Versions/3.9/lib/python3.9/ast.py", line 50, in parse
    return compile(source, filename, mode, flags,
  File "<unknown>", line 1
    ticks!16
         ^
SyntaxError: invalid syntax

During handling of the above exception, another exception occurred:

Traceback (most recent call last):
  File "/Users/nicktaseris/mpfenv/lib/python3.9/site-packages/mpf/core/events.py", line 755, in _run_handlers
    result = handler.callback(**merged_kwargs)
  File "/Users/nicktaseris/mpfenv/lib/python3.9/site-packages/mpf/core/mode.py", line 218, in start
    result = item.method(config=self.config.get(item.config_section, self.config),
  File "/Users/nicktaseris/mpfenv/lib/python3.9/site-packages/mpf/core/config_player.py", line 221, in mode_start
    event_keys = self.register_player_events(config, mode, priority)
  File "/Users/nicktaseris/mpfenv/lib/python3.9/site-packages/mpf/config_players/plugin_player.py", line 52, in register_player_events
    events = super().register_player_events(config, mode, priority)
  File "/Users/nicktaseris/mpfenv/lib/python3.9/site-packages/mpf/core/config_player.py", line 315, in register_player_events
    self.machine.events.add_handler(
  File "/Users/nicktaseris/mpfenv/lib/python3.9/site-packages/mpf/core/events.py", line 235, in add_handler
    event, condition, additional_priority = self.get_event_and_condition_from_string(event)
  File "/Users/nicktaseris/mpfenv/lib/python3.9/site-packages/mpf/core/events.py", line 90, in get_event_and_condition_from_string
    placeholder = self.machine.placeholder_manager.build_bool_template(event_string[first_bracket_pos + 1:-1])
  File "/Users/nicktaseris/mpfenv/lib/python3.9/site-packages/mpf/core/placeholder_manager.py", line 826, in build_bool_template
    return BoolTemplate(self._parse_template(template_str), template_str, self, default_value)
  File "/Users/nicktaseris/mpfenv/lib/python3.9/site-packages/mpf/core/placeholder_manager.py", line 669, in _parse_template
    raise AssertionError('Failed to parse template "{}"'.format(template_str))
AssertionError: Failed to parse template "ticks!16"

The above exception was the direct cause of the following exception:

Traceback (most recent call last):
  File "/Library/Frameworks/Python.framework/Versions/3.9/lib/python3.9/asyncio/events.py", line 80, in _run
    self._context.run(self._callback, *self._args)
  File "/Users/nicktaseris/mpfenv/lib/python3.9/site-packages/mpf/core/events.py", line 846, in process_event_queue
    self._process_event(event=event[0],
  File "/Users/nicktaseris/mpfenv/lib/python3.9/site-packages/mpf/core/events.py", line 808, in _process_event
    result = self._run_handlers(event, ev_type, kwargs)
  File "/Users/nicktaseris/mpfenv/lib/python3.9/site-packages/mpf/core/events.py", line 757, in _run_handlers
    raise EventHandlerException(
mpf.core.events.EventHandlerException: Exception while processing RegisteredHandler(callback=<bound method Mode.start of <Mode.attract>>, priority=10, kwargs={}, key=UUID('58e5adb9-c00c-4ad1-ab0b-fc54fa84326c'), condition=None, blocking_facility=None) for event reset_complete. Failed to parse template "ticks!16"
2024-08-20 18:35:38,230 : INFO : Machine : Starting the main run loop.
2024-08-20 18:35:38,231 : INFO : Machine : Shutting down...
2024-08-20 18:35:38,231 : INFO : EventManager : Event: ======'shutdown'====== Args={}
2024-08-20 18:35:39,227 : INFO : EventManager : Event: ======'timer_attract_switch_tick'====== Args={'ticks': 1, 'ticks_remaining': 45}
2024-08-20 18:35:39,233 : ERROR : Machine : Runtime Exception
Traceback (most recent call last):
  File "/Users/nicktaseris/mpfenv/lib/python3.9/site-packages/mpf/core/placeholder_manager.py", line 667, in _parse_template
    return ast.parse(template_str, mode='eval').body
  File "/Library/Frameworks/Python.framework/Versions/3.9/lib/python3.9/ast.py", line 50, in parse
    return compile(source, filename, mode, flags,
  File "<unknown>", line 1
    ticks!16
         ^
SyntaxError: invalid syntax

During handling of the above exception, another exception occurred:

Traceback (most recent call last):
  File "/Users/nicktaseris/mpfenv/lib/python3.9/site-packages/mpf/core/events.py", line 755, in _run_handlers
    result = handler.callback(**merged_kwargs)
  File "/Users/nicktaseris/mpfenv/lib/python3.9/site-packages/mpf/core/mode.py", line 218, in start
    result = item.method(config=self.config.get(item.config_section, self.config),
  File "/Users/nicktaseris/mpfenv/lib/python3.9/site-packages/mpf/core/config_player.py", line 221, in mode_start
    event_keys = self.register_player_events(config, mode, priority)
  File "/Users/nicktaseris/mpfenv/lib/python3.9/site-packages/mpf/config_players/plugin_player.py", line 52, in register_player_events
    events = super().register_player_events(config, mode, priority)
  File "/Users/nicktaseris/mpfenv/lib/python3.9/site-packages/mpf/core/config_player.py", line 315, in register_player_events
    self.machine.events.add_handler(
  File "/Users/nicktaseris/mpfenv/lib/python3.9/site-packages/mpf/core/events.py", line 235, in add_handler
    event, condition, additional_priority = self.get_event_and_condition_from_string(event)
  File "/Users/nicktaseris/mpfenv/lib/python3.9/site-packages/mpf/core/events.py", line 90, in get_event_and_condition_from_string
    placeholder = self.machine.placeholder_manager.build_bool_template(event_string[first_bracket_pos + 1:-1])
  File "/Users/nicktaseris/mpfenv/lib/python3.9/site-packages/mpf/core/placeholder_manager.py", line 826, in build_bool_template
    return BoolTemplate(self._parse_template(template_str), template_str, self, default_value)
  File "/Users/nicktaseris/mpfenv/lib/python3.9/site-packages/mpf/core/placeholder_manager.py", line 669, in _parse_template
    raise AssertionError('Failed to parse template "{}"'.format(template_str))
AssertionError: Failed to parse template "ticks!16"

The above exception was the direct cause of the following exception:

Traceback (most recent call last):
  File "/Users/nicktaseris/mpfenv/lib/python3.9/site-packages/mpf/core/machine.py", line 793, in _run_loop
    raise self._exception['exception']
  File "/Library/Frameworks/Python.framework/Versions/3.9/lib/python3.9/asyncio/events.py", line 80, in _run
    self._context.run(self._callback, *self._args)
  File "/Users/nicktaseris/mpfenv/lib/python3.9/site-packages/mpf/core/events.py", line 846, in process_event_queue
    self._process_event(event=event[0],
  File "/Users/nicktaseris/mpfenv/lib/python3.9/site-packages/mpf/core/events.py", line 808, in _process_event
    result = self._run_handlers(event, ev_type, kwargs)
  File "/Users/nicktaseris/mpfenv/lib/python3.9/site-packages/mpf/core/events.py", line 757, in _run_handlers
    raise EventHandlerException(
mpf.core.events.EventHandlerException: Exception while processing RegisteredHandler(callback=<bound method Mode.start of <Mode.attract>>, priority=10, kwargs={}, key=UUID('58e5adb9-c00c-4ad1-ab0b-fc54fa84326c'), condition=None, blocking_facility=None) for event reset_complete. Failed to parse template "ticks!16"
2024-08-20 18:35:39,303 : INFO : crash_reporter : Will not report crash as "report_crashes" mode is "never"
2024-08-20 18:35:39,303 : INFO : root : MPF run loop ended.
