2024-07-29 14:38:13,043 : INFO : root : Loading config.
2024-07-29 14:38:13,044 : INFO : YamlMultifileConfigLoader : Machine config file #1: config.yaml
2024-07-29 14:38:13,045 : INFO : ConfigProcessor : Loading config from cache: /var/folders/sv/d29kcl5x50v7vt1n6xb5jsd40000gn/T/c166cef8060ffee16a35821bf698da85.mpf_cache
2024-07-29 14:38:13,077 : INFO : ConfigProcessor : Loading config from cache: /var/folders/sv/d29kcl5x50v7vt1n6xb5jsd40000gn/T/6b31c5ac6ecbad948994a8204ea6b05b.mpf_cache
2024-07-29 14:38:13,077 : INFO : ConfigProcessor : Loading config from cache: /var/folders/sv/d29kcl5x50v7vt1n6xb5jsd40000gn/T/fe612d1e66c8a96c19ba449d3748eeac.mpf_cache
2024-07-29 14:38:13,077 : INFO : ConfigProcessor : Loading config from cache: /var/folders/sv/d29kcl5x50v7vt1n6xb5jsd40000gn/T/6b31c5ac6ecbad948994a8204ea6b05b.mpf_cache
2024-07-29 14:38:13,077 : INFO : ConfigProcessor : Loading config from cache: /var/folders/sv/d29kcl5x50v7vt1n6xb5jsd40000gn/T/8765227693ecd961e0504502a81255e0.mpf_cache
2024-07-29 14:38:13,078 : WARNING : ConfigProcessor : Config file in cache changed: /Users/nicktaseris/Desktop/Pinball/KOTH/modes/base/config/base.yaml
2024-07-29 14:38:13,078 : INFO : ConfigProcessor : Loading config from file /Users/nicktaseris/Desktop/Pinball/KOTH/modes/base/config/base.yaml.
2024-07-29 14:38:13,081 : INFO : ConfigProcessor : Loading config: /Users/nicktaseris/Desktop/Pinball/KOTH/modes/base/config/base.yaml
2024-07-29 14:38:13,082 : INFO : ConfigProcessor : Config file cache created: /var/folders/sv/d29kcl5x50v7vt1n6xb5jsd40000gn/T/b247728c74b4d81bcb2825e2b07062a7.mpf_cache
2024-07-29 14:38:13,082 : INFO : ConfigProcessor : Loading config from cache: /var/folders/sv/d29kcl5x50v7vt1n6xb5jsd40000gn/T/f240f94f0b5d0f37ec4fd7571275a101.mpf_cache
2024-07-29 14:38:13,082 : INFO : ConfigProcessor : Loading config from cache: /var/folders/sv/d29kcl5x50v7vt1n6xb5jsd40000gn/T/c4409acfdf3ec94666e0adef48d55400.mpf_cache
2024-07-29 14:38:13,082 : INFO : ConfigProcessor : Loading config from cache: /var/folders/sv/d29kcl5x50v7vt1n6xb5jsd40000gn/T/6a2f50ed892485825cc04dc0a68eab9f.mpf_cache
2024-07-29 14:38:13,083 : INFO : ConfigProcessor : Loading config from cache: /var/folders/sv/d29kcl5x50v7vt1n6xb5jsd40000gn/T/d58c58eb9fd1a2dc27f8acd255fb3761.mpf_cache
2024-07-29 14:38:13,083 : INFO : ConfigProcessor : Loading config from cache: /var/folders/sv/d29kcl5x50v7vt1n6xb5jsd40000gn/T/07adfd310b3ef0e03c5cbc91527abb6c.mpf_cache
2024-07-29 14:38:13,083 : INFO : ConfigProcessor : Loading config from cache: /var/folders/sv/d29kcl5x50v7vt1n6xb5jsd40000gn/T/12bd5247c3bf989b919364bdb7829769.mpf_cache
2024-07-29 14:38:13,083 : INFO : ConfigProcessor : Loading config from cache: /var/folders/sv/d29kcl5x50v7vt1n6xb5jsd40000gn/T/362e08f51a1a1b7a0809dd52f9c83f83.mpf_cache
2024-07-29 14:38:13,084 : INFO : ConfigProcessor : Loading config from cache: /var/folders/sv/d29kcl5x50v7vt1n6xb5jsd40000gn/T/e45e3bd39557ed8d0881194a7afab8f7.mpf_cache
2024-07-29 14:38:13,084 : INFO : ConfigProcessor : Loading config from cache: /var/folders/sv/d29kcl5x50v7vt1n6xb5jsd40000gn/T/331d8d1a1bc190cae8c13495e1db372f.mpf_cache
2024-07-29 14:38:13,084 : INFO : ConfigProcessor : Loading config from cache: /var/folders/sv/d29kcl5x50v7vt1n6xb5jsd40000gn/T/d17a9ff77386e6f1439d0802ace1de07.mpf_cache
2024-07-29 14:38:13,084 : INFO : ConfigProcessor : Loading config from cache: /var/folders/sv/d29kcl5x50v7vt1n6xb5jsd40000gn/T/280fd64455d0d243a54ab4db98fbccbd.mpf_cache
2024-07-29 14:38:13,084 : INFO : ConfigProcessor : Loading config from cache: /var/folders/sv/d29kcl5x50v7vt1n6xb5jsd40000gn/T/0c0596ed8fbb40b6113901d21bdc0a39.mpf_cache
2024-07-29 14:38:13,085 : INFO : ConfigProcessor : Loading config from cache: /var/folders/sv/d29kcl5x50v7vt1n6xb5jsd40000gn/T/f521a0f834965d73920394ccceaa3c1c.mpf_cache
2024-07-29 14:38:13,085 : INFO : ConfigProcessor : Loading config from cache: /var/folders/sv/d29kcl5x50v7vt1n6xb5jsd40000gn/T/0fedc249e142fba0aaf46d9adc7061fa.mpf_cache
2024-07-29 14:38:13,085 : INFO : ConfigProcessor : Loading config from cache: /var/folders/sv/d29kcl5x50v7vt1n6xb5jsd40000gn/T/c57745b2fe399992c4aedf0209f8acc9.mpf_cache
2024-07-29 14:38:13,086 : INFO : ConfigProcessor : Loading config from cache: /var/folders/sv/d29kcl5x50v7vt1n6xb5jsd40000gn/T/4d7707f845442344c77faa09114dd414.mpf_cache
2024-07-29 14:38:13,086 : INFO : ConfigProcessor : Loading config from cache: /var/folders/sv/d29kcl5x50v7vt1n6xb5jsd40000gn/T/3048ed2d7ea14eee3db896f6760aa474.mpf_cache
2024-07-29 14:38:13,086 : INFO : ConfigProcessor : Loading config from cache: /var/folders/sv/d29kcl5x50v7vt1n6xb5jsd40000gn/T/984de704eb69e43ca43e84d7915bfa21.mpf_cache
2024-07-29 14:38:13,087 : INFO : ConfigProcessor : Loading config from cache: /var/folders/sv/d29kcl5x50v7vt1n6xb5jsd40000gn/T/0a9cb7260d26760274024f443d38cc22.mpf_cache
2024-07-29 14:38:13,087 : INFO : ConfigProcessor : Loading config from cache: /var/folders/sv/d29kcl5x50v7vt1n6xb5jsd40000gn/T/deb753c2acdccb3c49ddc8f2a7e04ee6.mpf_cache
2024-07-29 14:38:13,088 : INFO : ConfigProcessor : Loading config from cache: /var/folders/sv/d29kcl5x50v7vt1n6xb5jsd40000gn/T/4a90c06755c4a5beef2ee4c243f54397.mpf_cache
2024-07-29 14:38:13,088 : INFO : Machine : Mission Pinball Framework Core Engine v0.80.0.dev1
2024-07-29 14:38:13,088 : INFO : Machine : Command line arguments: {'no_load_cache': False, 'create_config_cache': True, 'bcp': True, 'configfile': ['config.yaml'], 'force_assets_load': False, 'platform_integration_test': False, 'jsonlogging': False, 'logfile': 'logs/2024-07-29-14-38-13-mpf-Nicks-MacBook-Air.local.log', 'pause': False, 'production': False, 'text_ui': True, 'loglevel': 15, 'consoleloglevel': 20, 'force_platform': None, 'syslog_address': None, 'mc_file_name': None, 'no_sound': False, 'full_logfile_path': '/Users/nicktaseris/Desktop/Pinball/KOTH/logs/2024-07-29-14-38-13-mpf-Nicks-MacBook-Air.local.log'}
2024-07-29 14:38:13,088 : INFO : Machine : MPF path: /Users/nicktaseris/mpfenv/lib/python3.9/site-packages/mpf
2024-07-29 14:38:13,088 : INFO : Machine : Machine path: /Users/nicktaseris/Desktop/Pinball/KOTH
2024-07-29 14:38:13,088 : INFO : Machine : Platform: darwin
2024-07-29 14:38:13,088 : INFO : Machine : Python executable location: /Users/nicktaseris/mpfenv/bin/python3
2024-07-29 14:38:13,088 : INFO : Machine : Python version: 3.9.13 (64-bit)
2024-07-29 14:38:13,088 : INFO : Machine : Initializing MPF...
2024-07-29 14:38:13,117 : INFO : EventManager : Event: ======'machine_var_credits_string'====== Args={'value': 'FREE PLAY', 'prev_value': None, 'change': True}
2024-07-29 14:38:13,129 : INFO : EventManager : Event: ======'machine_var_master_volume'====== Args={'value': 0.5, 'prev_value': None, 'change': True}
2024-07-29 14:38:13,129 : INFO : EventManager : Event: ======'machine_var_player1_score'====== Args={'value': 175300, 'prev_value': None, 'change': True}
2024-07-29 14:38:13,129 : INFO : EventManager : Event: ======'machine_var_mpf_version'====== Args={'value': 'Mission Pinball Framework v0.80.0.dev1', 'prev_value': None, 'change': True}
2024-07-29 14:38:13,129 : INFO : EventManager : Event: ======'machine_var_mpf_extended_version'====== Args={'value': 'Mission Pinball Framework v0.80.0.dev1, Config version:6, Show version: 6, BCP version:1.1', 'prev_value': None, 'change': True}
2024-07-29 14:38:13,129 : INFO : EventManager : Event: ======'machine_var_python_version'====== Args={'value': '3.9.13', 'prev_value': None, 'change': True}
2024-07-29 14:38:13,137 : INFO : EventManager : Event: ======'machine_var_platform'====== Args={'value': 'macOS-12.1-arm64-arm-64bit', 'prev_value': None, 'change': True}
2024-07-29 14:38:13,138 : INFO : EventManager : Event: ======'machine_var_platform_system'====== Args={'value': 'Darwin', 'prev_value': None, 'change': True}
2024-07-29 14:38:13,138 : INFO : EventManager : Event: ======'machine_var_platform_release'====== Args={'value': '21.2.0', 'prev_value': None, 'change': True}
2024-07-29 14:38:13,138 : INFO : EventManager : Event: ======'machine_var_platform_version'====== Args={'value': 'Darwin Kernel Version 21.2.0: Sun Nov 28 20:29:10 PST 2021; root:xnu-8019.61.5~1/RELEASE_ARM64_T8101', 'prev_value': None, 'change': True}
2024-07-29 14:38:13,138 : INFO : EventManager : Event: ======'machine_var_platform_machine'====== Args={'value': 'arm64', 'prev_value': None, 'change': True}
2024-07-29 14:38:13,138 : INFO : EventManager : Event: ======'machine_var_log_file_path'====== Args={'value': '/Users/nicktaseris/Desktop/Pinball/KOTH/logs/2024-07-29-14-38-13-mpf-Nicks-MacBook-Air.local.log', 'prev_value': None, 'change': True}
2024-07-29 14:38:13,138 : INFO : EventManager : Event: ======'init_phase_1'====== Args={}
2024-07-29 14:38:13,158 : INFO : EventManager : Event: ======'drop_target_bank_strickland_bank_up'====== Args={}
2024-07-29 14:38:13,158 : INFO : EventManager : Event: ======'init_phase_2'====== Args={}
2024-07-29 14:38:13,158 : INFO : SwitchController : Found active switch: ('39', <Platform.SmartVirtual>) <switch.s_trough1>
2024-07-29 14:38:13,158 : INFO : SwitchController : Found active switch: ('40', <Platform.SmartVirtual>) <switch.s_trough2>
2024-07-29 14:38:13,158 : INFO : SwitchController : Found active switch: ('41', <Platform.SmartVirtual>) <switch.s_trough3>
2024-07-29 14:38:13,159 : INFO : SwitchController : Found active switch: ('42', <Platform.SmartVirtual>) <switch.s_trough4>
2024-07-29 14:38:13,159 : INFO : SwitchController : Found active switch: ('43', <Platform.SmartVirtual>) <switch.s_trough5>
2024-07-29 14:38:13,159 : INFO : SwitchController : Found active switch: ('44', <Platform.SmartVirtual>) <switch.s_trough6>
2024-07-29 14:38:13,163 : INFO : EventManager : Event: ======'machine_var_score1_label'====== Args={'value': 'GRAND CHAMPION', 'prev_value': None, 'change': True}
2024-07-29 14:38:13,163 : INFO : EventManager : Event: ======'machine_var_score1_name'====== Args={'value': 'BRI', 'prev_value': None, 'change': True}
2024-07-29 14:38:13,163 : INFO : EventManager : Event: ======'machine_var_score1_value'====== Args={'value': 4242, 'prev_value': None, 'change': True}
2024-07-29 14:38:13,163 : INFO : EventManager : Event: ======'machine_var_score2_label'====== Args={'value': 'HIGH SCORE 1', 'prev_value': None, 'change': True}
2024-07-29 14:38:13,163 : INFO : EventManager : Event: ======'machine_var_score2_name'====== Args={'value': 'GHK', 'prev_value': None, 'change': True}
2024-07-29 14:38:13,163 : INFO : EventManager : Event: ======'machine_var_score2_value'====== Args={'value': 2323, 'prev_value': None, 'change': True}
2024-07-29 14:38:13,163 : INFO : EventManager : Event: ======'machine_var_score3_label'====== Args={'value': 'HIGH SCORE 2', 'prev_value': None, 'change': True}
2024-07-29 14:38:13,164 : INFO : EventManager : Event: ======'machine_var_score3_name'====== Args={'value': 'JK', 'prev_value': None, 'change': True}
2024-07-29 14:38:13,164 : INFO : EventManager : Event: ======'machine_var_score3_value'====== Args={'value': 1337, 'prev_value': None, 'change': True}
2024-07-29 14:38:13,164 : INFO : EventManager : Event: ======'machine_var_score4_label'====== Args={'value': 'HIGH SCORE 3', 'prev_value': None, 'change': True}
2024-07-29 14:38:13,164 : INFO : EventManager : Event: ======'machine_var_score4_name'====== Args={'value': 'QC', 'prev_value': None, 'change': True}
2024-07-29 14:38:13,164 : INFO : EventManager : Event: ======'machine_var_score4_value'====== Args={'value': 42, 'prev_value': None, 'change': True}
2024-07-29 14:38:13,164 : INFO : EventManager : Event: ======'machine_var_score5_label'====== Args={'value': 'HIGH SCORE 4', 'prev_value': None, 'change': True}
2024-07-29 14:38:13,164 : INFO : EventManager : Event: ======'machine_var_score5_name'====== Args={'value': 'MPF', 'prev_value': None, 'change': True}
2024-07-29 14:38:13,164 : INFO : EventManager : Event: ======'machine_var_score5_value'====== Args={'value': 23, 'prev_value': None, 'change': True}
2024-07-29 14:38:13,164 : INFO : EventManager : Event: ======'bcp_connection_attempt'====== Args={'name': 'local_display', 'host': 'localhost', 'port': 5050}
2024-07-29 14:38:13,165 : INFO : BCPClientSocket : Connecting BCP to 'local_display' at localhost:5050...
2024-07-29 14:38:13,168 : INFO : BCPClientSocket : Connected BCP to 'local_display' localhost:5050
2024-07-29 14:38:13,168 : INFO : EventManager : Event: ======'bcp_clients_connected'====== Args={}
2024-07-29 14:38:13,169 : INFO : ball_device.bd_trough : BCH: Initial count: 6
2024-07-29 14:38:13,169 : INFO : ball_device.bd_trough : State: idle
2024-07-29 14:38:13,169 : INFO : ball_device.bd_plunger : BCH: Initial count: 0
2024-07-29 14:38:13,169 : INFO : ball_device.bd_plunger : State: idle
2024-07-29 14:38:13,169 : INFO : ball_device.bd_scoop : BCH: Initial count: 0
2024-07-29 14:38:13,169 : INFO : ball_device.bd_scoop : State: idle
2024-07-29 14:38:13,174 : INFO : EventManager : Event: ======'init_phase_3'====== Args={}
2024-07-29 14:38:13,179 : INFO : EventManager : Event: ======'init_phase_4'====== Args={}
2024-07-29 14:38:13,180 : INFO : BallController : Initial balls found: 6
2024-07-29 14:38:13,180 : INFO : EventManager : Event: ======'machine_var_audits_events_game_ended'====== Args={'value': 4, 'prev_value': None, 'change': True}
2024-07-29 14:38:13,180 : INFO : EventManager : Event: ======'machine_var_audits_events_game_started'====== Args={'value': 673, 'prev_value': None, 'change': True}
2024-07-29 14:38:13,180 : INFO : EventManager : Event: ======'machine_var_audits_missing_switches_s_a_target'====== Args={'value': 19, 'prev_value': None, 'change': True}
2024-07-29 14:38:13,180 : INFO : EventManager : Event: ======'machine_var_audits_missing_switches_s_bottom_inline_drop'====== Args={'value': 20, 'prev_value': None, 'change': True}
2024-07-29 14:38:13,180 : INFO : EventManager : Event: ======'machine_var_audits_missing_switches_s_bottom_pop_bumper'====== Args={'value': 232, 'prev_value': None, 'change': True}
2024-07-29 14:38:13,180 : INFO : EventManager : Event: ======'machine_var_audits_missing_switches_s_center_spinner'====== Args={'value': 22, 'prev_value': None, 'change': True}
2024-07-29 14:38:13,180 : INFO : EventManager : Event: ======'machine_var_audits_missing_switches_s_e_target'====== Args={'value': 19, 'prev_value': None, 'change': True}
2024-07-29 14:38:13,180 : INFO : EventManager : Event: ======'machine_var_audits_missing_switches_s_launch_button'====== Args={'value': 144, 'prev_value': None, 'change': True}
2024-07-29 14:38:13,181 : INFO : EventManager : Event: ======'machine_var_audits_missing_switches_s_left_flipper'====== Args={'value': 11, 'prev_value': None, 'change': True}
2024-07-29 14:38:13,181 : INFO : EventManager : Event: ======'machine_var_audits_missing_switches_s_left_inlane'====== Args={'value': 28, 'prev_value': None, 'change': True}
2024-07-29 14:38:13,181 : INFO : EventManager : Event: ======'machine_var_audits_missing_switches_s_left_inner_horseshoe'====== Args={'value': 307, 'prev_value': None, 'change': True}
2024-07-29 14:38:13,181 : INFO : EventManager : Event: ======'machine_var_audits_missing_switches_s_left_orbit_enter'====== Args={'value': 23, 'prev_value': None, 'change': True}
2024-07-29 14:38:13,181 : INFO : EventManager : Event: ======'machine_var_audits_missing_switches_s_left_orbit_exit'====== Args={'value': 23, 'prev_value': None, 'change': True}
2024-07-29 14:38:13,181 : INFO : EventManager : Event: ======'machine_var_audits_missing_switches_s_left_outlane'====== Args={'value': 23, 'prev_value': None, 'change': True}
2024-07-29 14:38:13,181 : INFO : EventManager : Event: ======'machine_var_audits_missing_switches_s_left_pop_bumper'====== Args={'value': 232, 'prev_value': None, 'change': True}
2024-07-29 14:38:13,181 : INFO : EventManager : Event: ======'machine_var_audits_missing_switches_s_left_ramp_enter'====== Args={'value': 29, 'prev_value': None, 'change': True}
2024-07-29 14:38:13,181 : INFO : EventManager : Event: ======'machine_var_audits_missing_switches_s_left_ramp_exit'====== Args={'value': 29, 'prev_value': None, 'change': True}
2024-07-29 14:38:13,181 : INFO : EventManager : Event: ======'machine_var_audits_missing_switches_s_left_ramp_standup'====== Args={'value': 9, 'prev_value': None, 'change': True}
2024-07-29 14:38:13,181 : INFO : EventManager : Event: ======'machine_var_audits_missing_switches_s_left_rollover_lane'====== Args={'value': 23, 'prev_value': None, 'change': True}
2024-07-29 14:38:13,181 : INFO : EventManager : Event: ======'machine_var_audits_missing_switches_s_left_sling'====== Args={'value': 323, 'prev_value': None, 'change': True}
2024-07-29 14:38:13,181 : INFO : EventManager : Event: ======'machine_var_audits_missing_switches_s_left_spinner'====== Args={'value': 28, 'prev_value': None, 'change': True}
2024-07-29 14:38:13,181 : INFO : EventManager : Event: ======'machine_var_audits_missing_switches_s_middle_inline_drop'====== Args={'value': 20, 'prev_value': None, 'change': True}
2024-07-29 14:38:13,181 : INFO : EventManager : Event: ======'machine_var_audits_missing_switches_s_middle_rollover_lane'====== Args={'value': 23, 'prev_value': None, 'change': True}
2024-07-29 14:38:13,182 : INFO : EventManager : Event: ======'machine_var_audits_missing_switches_s_n_target'====== Args={'value': 18, 'prev_value': None, 'change': True}
2024-07-29 14:38:13,182 : INFO : EventManager : Event: ======'machine_var_audits_missing_switches_s_p2_target'====== Args={'value': 14, 'prev_value': None, 'change': True}
2024-07-29 14:38:13,182 : INFO : EventManager : Event: ======'machine_var_audits_missing_switches_s_p_target'====== Args={'value': 1, 'prev_value': None, 'change': True}
2024-07-29 14:38:13,182 : INFO : EventManager : Event: ======'machine_var_audits_missing_switches_s_r_target'====== Args={'value': 1, 'prev_value': None, 'change': True}
2024-07-29 14:38:13,182 : INFO : EventManager : Event: ======'machine_var_audits_missing_switches_s_right_flipper'====== Args={'value': 3, 'prev_value': None, 'change': True}
2024-07-29 14:38:13,182 : INFO : EventManager : Event: ======'machine_var_audits_missing_switches_s_right_inlane'====== Args={'value': 23, 'prev_value': None, 'change': True}
2024-07-29 14:38:13,182 : INFO : EventManager : Event: ======'machine_var_audits_missing_switches_s_right_inner_horseshoe'====== Args={'value': 23, 'prev_value': None, 'change': True}
2024-07-29 14:38:13,182 : INFO : EventManager : Event: ======'machine_var_audits_missing_switches_s_right_orbit_exit'====== Args={'value': 416, 'prev_value': None, 'change': True}
2024-07-29 14:38:13,182 : INFO : EventManager : Event: ======'machine_var_audits_missing_switches_s_right_outlane'====== Args={'value': 23, 'prev_value': None, 'change': True}
2024-07-29 14:38:13,182 : INFO : EventManager : Event: ======'machine_var_audits_missing_switches_s_right_pop_bumper'====== Args={'value': 232, 'prev_value': None, 'change': True}
2024-07-29 14:38:13,182 : INFO : EventManager : Event: ======'machine_var_audits_missing_switches_s_right_ramp_enter'====== Args={'value': 32, 'prev_value': None, 'change': True}
2024-07-29 14:38:13,182 : INFO : EventManager : Event: ======'machine_var_audits_missing_switches_s_right_ramp_exit'====== Args={'value': 30, 'prev_value': None, 'change': True}
2024-07-29 14:38:13,183 : INFO : EventManager : Event: ======'machine_var_audits_missing_switches_s_right_ramp_standup'====== Args={'value': 23, 'prev_value': None, 'change': True}
2024-07-29 14:38:13,183 : INFO : EventManager : Event: ======'machine_var_audits_missing_switches_s_right_rollover_lane'====== Args={'value': 23, 'prev_value': None, 'change': True}
2024-07-29 14:38:13,183 : INFO : EventManager : Event: ======'machine_var_audits_missing_switches_s_right_sling'====== Args={'value': 624, 'prev_value': None, 'change': True}
2024-07-29 14:38:13,183 : INFO : EventManager : Event: ======'machine_var_audits_missing_switches_s_start'====== Args={'value': 3, 'prev_value': None, 'change': True}
2024-07-29 14:38:13,183 : INFO : EventManager : Event: ======'machine_var_audits_missing_switches_s_top_inline_drop'====== Args={'value': 20, 'prev_value': None, 'change': True}
2024-07-29 14:38:13,183 : INFO : EventManager : Event: ======'machine_var_audits_missing_switches_s_trough1'====== Args={'value': 18, 'prev_value': None, 'change': True}
2024-07-29 14:38:13,183 : INFO : EventManager : Event: ======'machine_var_audits_missing_switches_s_trough2'====== Args={'value': 23, 'prev_value': None, 'change': True}
2024-07-29 14:38:13,183 : INFO : EventManager : Event: ======'machine_var_audits_missing_switches_s_trough3'====== Args={'value': 23, 'prev_value': None, 'change': True}
2024-07-29 14:38:13,183 : INFO : EventManager : Event: ======'machine_var_audits_missing_switches_s_trough4'====== Args={'value': 95, 'prev_value': None, 'change': True}
2024-07-29 14:38:13,183 : INFO : EventManager : Event: ======'machine_var_audits_missing_switches_s_trough5'====== Args={'value': 628, 'prev_value': None, 'change': True}
2024-07-29 14:38:13,183 : INFO : EventManager : Event: ======'machine_var_audits_missing_switches_s_trough6'====== Args={'value': 628, 'prev_value': None, 'change': True}
2024-07-29 14:38:13,184 : INFO : EventManager : Event: ======'machine_var_audits_missing_switches_s_trough_jam'====== Args={'value': 561, 'prev_value': None, 'change': True}
2024-07-29 14:38:13,184 : INFO : EventManager : Event: ======'machine_var_audits_player_score'====== Args={'value': {'average': 109379, 'top': [370600, 175300, 400, 300, 250], 'total': 5}, 'prev_value': None, 'change': True}
2024-07-29 14:38:13,184 : INFO : EventManager : Event: ======'machine_var_audits_shots_a_rollover_lane'====== Args={'value': 11, 'prev_value': None, 'change': True}
2024-07-29 14:38:13,184 : INFO : EventManager : Event: ======'machine_var_audits_shots_a_target'====== Args={'value': 7, 'prev_value': None, 'change': True}
2024-07-29 14:38:13,184 : INFO : EventManager : Event: ======'machine_var_audits_shots_ball_lock_a_target'====== Args={'value': 6, 'prev_value': None, 'change': True}
2024-07-29 14:38:13,184 : INFO : EventManager : Event: ======'machine_var_audits_shots_ball_lock_e_target'====== Args={'value': 5, 'prev_value': None, 'change': True}
2024-07-29 14:38:13,184 : INFO : EventManager : Event: ======'machine_var_audits_shots_ball_lock_n_target'====== Args={'value': 5, 'prev_value': None, 'change': True}
2024-07-29 14:38:13,184 : INFO : EventManager : Event: ======'machine_var_audits_shots_ball_lock_p2_target'====== Args={'value': 9, 'prev_value': None, 'change': True}
2024-07-29 14:38:13,184 : INFO : EventManager : Event: ======'machine_var_audits_shots_e_target'====== Args={'value': 3, 'prev_value': None, 'change': True}
2024-07-29 14:38:13,185 : INFO : EventManager : Event: ======'machine_var_audits_shots_h_rollover_lane'====== Args={'value': 15, 'prev_value': None, 'change': True}
2024-07-29 14:38:13,185 : INFO : EventManager : Event: ======'machine_var_audits_shots_k_rollover_lane'====== Args={'value': 12, 'prev_value': None, 'change': True}
2024-07-29 14:38:13,185 : INFO : EventManager : Event: ======'machine_var_audits_shots_left_rollover_lane'====== Args={'value': 205, 'prev_value': None, 'change': True}
2024-07-29 14:38:13,185 : INFO : EventManager : Event: ======'machine_var_audits_shots_middle_rollover_lane'====== Args={'value': 196, 'prev_value': None, 'change': True}
2024-07-29 14:38:13,185 : INFO : EventManager : Event: ======'machine_var_audits_shots_n_rollover_lane'====== Args={'value': 10, 'prev_value': None, 'change': True}
2024-07-29 14:38:13,185 : INFO : EventManager : Event: ======'machine_var_audits_shots_n_target'====== Args={'value': 9, 'prev_value': None, 'change': True}
2024-07-29 14:38:13,185 : INFO : EventManager : Event: ======'machine_var_audits_shots_o_target'====== Args={'value': 4, 'prev_value': None, 'change': True}
2024-07-29 14:38:13,185 : INFO : EventManager : Event: ======'machine_var_audits_shots_p2_target'====== Args={'value': 5, 'prev_value': None, 'change': True}
2024-07-29 14:38:13,185 : INFO : EventManager : Event: ======'machine_var_audits_shots_p_target'====== Args={'value': 8, 'prev_value': None, 'change': True}
2024-07-29 14:38:13,186 : INFO : EventManager : Event: ======'machine_var_audits_shots_qualify_a_target'====== Args={'value': 7, 'prev_value': None, 'change': True}
2024-07-29 14:38:13,186 : INFO : EventManager : Event: ======'machine_var_audits_shots_qualify_e_target'====== Args={'value': 8, 'prev_value': None, 'change': True}
2024-07-29 14:38:13,186 : INFO : EventManager : Event: ======'machine_var_audits_shots_qualify_n_target'====== Args={'value': 7, 'prev_value': None, 'change': True}
2024-07-29 14:38:13,186 : INFO : EventManager : Event: ======'machine_var_audits_shots_qualify_o_target'====== Args={'value': 237, 'prev_value': None, 'change': True}
2024-07-29 14:38:13,186 : INFO : EventManager : Event: ======'machine_var_audits_shots_qualify_p2_target'====== Args={'value': 9, 'prev_value': None, 'change': True}
2024-07-29 14:38:13,186 : INFO : EventManager : Event: ======'machine_var_audits_shots_qualify_p_target'====== Args={'value': 187, 'prev_value': None, 'change': True}
2024-07-29 14:38:13,187 : INFO : EventManager : Event: ======'machine_var_audits_shots_qualify_r_target'====== Args={'value': 217, 'prev_value': None, 'change': True}
2024-07-29 14:38:13,187 : INFO : EventManager : Event: ======'machine_var_audits_shots_r_target'====== Args={'value': 14, 'prev_value': None, 'change': True}
2024-07-29 14:38:13,187 : INFO : EventManager : Event: ======'machine_var_audits_shots_rainey_multiball_ball_lock_a_target'====== Args={'value': 17, 'prev_value': None, 'change': True}
2024-07-29 14:38:13,187 : INFO : EventManager : Event: ======'machine_var_audits_shots_rainey_multiball_ball_lock_e_target'====== Args={'value': 19, 'prev_value': None, 'change': True}
2024-07-29 14:38:13,187 : INFO : EventManager : Event: ======'machine_var_audits_shots_rainey_multiball_ball_lock_n_target'====== Args={'value': 21, 'prev_value': None, 'change': True}
2024-07-29 14:38:13,187 : INFO : EventManager : Event: ======'machine_var_audits_shots_rainey_multiball_ball_lock_p2_target'====== Args={'value': 24, 'prev_value': None, 'change': True}
2024-07-29 14:38:13,187 : INFO : EventManager : Event: ======'machine_var_audits_shots_right_rollover_lane'====== Args={'value': 200, 'prev_value': None, 'change': True}
2024-07-29 14:38:13,187 : INFO : EventManager : Event: ======'machine_var_audits_shots_scoop_mission_select'====== Args={'value': 5, 'prev_value': None, 'change': True}
2024-07-29 14:38:13,188 : INFO : EventManager : Event: ======'machine_var_audits_shots_shot_left_ramp'====== Args={'value': 8, 'prev_value': None, 'change': True}
2024-07-29 14:38:13,188 : INFO : EventManager : Event: ======'machine_var_audits_shots_shot_right_ramp'====== Args={'value': 16, 'prev_value': None, 'change': True}
2024-07-29 14:38:13,188 : INFO : EventManager : Event: ======'machine_var_audits_shots_skillshot_a_target'====== Args={'value': 71, 'prev_value': None, 'change': True}
2024-07-29 14:38:13,188 : INFO : EventManager : Event: ======'machine_var_audits_shots_skillshot_e_target'====== Args={'value': 56, 'prev_value': None, 'change': True}
2024-07-29 14:38:13,188 : INFO : EventManager : Event: ======'machine_var_audits_shots_skillshot_n_target'====== Args={'value': 53, 'prev_value': None, 'change': True}
2024-07-29 14:38:13,188 : INFO : EventManager : Event: ======'machine_var_audits_shots_skillshot_o_target'====== Args={'value': 104, 'prev_value': None, 'change': True}
2024-07-29 14:38:13,188 : INFO : EventManager : Event: ======'machine_var_audits_shots_skillshot_p2_target'====== Args={'value': 51, 'prev_value': None, 'change': True}
2024-07-29 14:38:13,189 : INFO : EventManager : Event: ======'machine_var_audits_shots_skillshot_p_target'====== Args={'value': 44, 'prev_value': None, 'change': True}
2024-07-29 14:38:13,189 : INFO : EventManager : Event: ======'machine_var_audits_shots_skillshot_r_target'====== Args={'value': 73, 'prev_value': None, 'change': True}
2024-07-29 14:38:13,189 : INFO : EventManager : Event: ======'machine_var_audits_switches_s_a_target'====== Args={'value': 145, 'prev_value': None, 'change': True}
2024-07-29 14:38:13,189 : INFO : EventManager : Event: ======'machine_var_audits_switches_s_bottom_inline_drop'====== Args={'value': 938, 'prev_value': None, 'change': True}
2024-07-29 14:38:13,189 : INFO : EventManager : Event: ======'machine_var_audits_switches_s_bottom_pop_bumper'====== Args={'value': 10, 'prev_value': None, 'change': True}
2024-07-29 14:38:13,189 : INFO : EventManager : Event: ======'machine_var_audits_switches_s_center_spinner'====== Args={'value': 176, 'prev_value': None, 'change': True}
2024-07-29 14:38:13,189 : INFO : EventManager : Event: ======'machine_var_audits_switches_s_e_target'====== Args={'value': 151, 'prev_value': None, 'change': True}
2024-07-29 14:38:13,190 : INFO : EventManager : Event: ======'machine_var_audits_switches_s_launch_button'====== Args={'value': 10, 'prev_value': None, 'change': True}
2024-07-29 14:38:13,190 : INFO : EventManager : Event: ======'machine_var_audits_switches_s_left_flipper'====== Args={'value': 216, 'prev_value': None, 'change': True}
2024-07-29 14:38:13,190 : INFO : EventManager : Event: ======'machine_var_audits_switches_s_left_inlane'====== Args={'value': 22, 'prev_value': None, 'change': True}
2024-07-29 14:38:13,190 : INFO : EventManager : Event: ======'machine_var_audits_switches_s_left_inner_horseshoe'====== Args={'value': 15, 'prev_value': None, 'change': True}
2024-07-29 14:38:13,190 : INFO : EventManager : Event: ======'machine_var_audits_switches_s_left_orbit_enter'====== Args={'value': 41, 'prev_value': None, 'change': True}
2024-07-29 14:38:13,190 : INFO : EventManager : Event: ======'machine_var_audits_switches_s_left_orbit_exit'====== Args={'value': 20, 'prev_value': None, 'change': True}
2024-07-29 14:38:13,190 : INFO : EventManager : Event: ======'machine_var_audits_switches_s_left_outlane'====== Args={'value': 41, 'prev_value': None, 'change': True}
2024-07-29 14:38:13,191 : INFO : EventManager : Event: ======'machine_var_audits_switches_s_left_pop_bumper'====== Args={'value': 9, 'prev_value': None, 'change': True}
2024-07-29 14:38:13,191 : INFO : EventManager : Event: ======'machine_var_audits_switches_s_left_ramp_enter'====== Args={'value': 27, 'prev_value': None, 'change': True}
2024-07-29 14:38:13,191 : INFO : EventManager : Event: ======'machine_var_audits_switches_s_left_ramp_exit'====== Args={'value': 28, 'prev_value': None, 'change': True}
2024-07-29 14:38:13,191 : INFO : EventManager : Event: ======'machine_var_audits_switches_s_left_ramp_standup'====== Args={'value': 1062, 'prev_value': None, 'change': True}
2024-07-29 14:38:13,191 : INFO : EventManager : Event: ======'machine_var_audits_switches_s_left_rollover_lane'====== Args={'value': 210, 'prev_value': None, 'change': True}
2024-07-29 14:38:13,191 : INFO : EventManager : Event: ======'machine_var_audits_switches_s_left_sling'====== Args={'value': 12, 'prev_value': None, 'change': True}
2024-07-29 14:38:13,192 : INFO : EventManager : Event: ======'machine_var_audits_switches_s_left_spinner'====== Args={'value': 133, 'prev_value': None, 'change': True}
2024-07-29 14:38:13,192 : INFO : EventManager : Event: ======'machine_var_audits_switches_s_middle_inline_drop'====== Args={'value': 937, 'prev_value': None, 'change': True}
2024-07-29 14:38:13,192 : INFO : EventManager : Event: ======'machine_var_audits_switches_s_middle_rollover_lane'====== Args={'value': 199, 'prev_value': None, 'change': True}
2024-07-29 14:38:13,192 : INFO : EventManager : Event: ======'machine_var_audits_switches_s_n_target'====== Args={'value': 141, 'prev_value': None, 'change': True}
2024-07-29 14:38:13,193 : INFO : EventManager : Event: ======'machine_var_audits_switches_s_o_target'====== Args={'value': 284, 'prev_value': None, 'change': True}
2024-07-29 14:38:13,193 : INFO : EventManager : Event: ======'machine_var_audits_switches_s_p2_target'====== Args={'value': 104, 'prev_value': None, 'change': True}
2024-07-29 14:38:13,193 : INFO : EventManager : Event: ======'machine_var_audits_switches_s_p_target'====== Args={'value': 408, 'prev_value': None, 'change': True}
2024-07-29 14:38:13,193 : INFO : EventManager : Event: ======'machine_var_audits_switches_s_plunger'====== Args={'value': 836, 'prev_value': None, 'change': True}
2024-07-29 14:38:13,193 : INFO : EventManager : Event: ======'machine_var_audits_switches_s_plunger_lane'====== Args={'value': 39, 'prev_value': None, 'change': True}
2024-07-29 14:38:13,193 : INFO : EventManager : Event: ======'machine_var_audits_switches_s_plunger_lane_exit'====== Args={'value': 592, 'prev_value': None, 'change': True}
2024-07-29 14:38:13,194 : INFO : EventManager : Event: ======'machine_var_audits_switches_s_r_target'====== Args={'value': 257, 'prev_value': None, 'change': True}
2024-07-29 14:38:13,194 : INFO : EventManager : Event: ======'machine_var_audits_switches_s_right_flipper'====== Args={'value': 833, 'prev_value': None, 'change': True}
2024-07-29 14:38:13,194 : INFO : EventManager : Event: ======'machine_var_audits_switches_s_right_inlane'====== Args={'value': 19, 'prev_value': None, 'change': True}
2024-07-29 14:38:13,194 : INFO : EventManager : Event: ======'machine_var_audits_switches_s_right_inner_horseshoe'====== Args={'value': 16, 'prev_value': None, 'change': True}
2024-07-29 14:38:13,194 : INFO : EventManager : Event: ======'machine_var_audits_switches_s_right_orbit_exit'====== Args={'value': 33, 'prev_value': None, 'change': True}
2024-07-29 14:38:13,194 : INFO : EventManager : Event: ======'machine_var_audits_switches_s_right_outlane'====== Args={'value': 20, 'prev_value': None, 'change': True}
2024-07-29 14:38:13,195 : INFO : EventManager : Event: ======'machine_var_audits_switches_s_right_pop_bumper'====== Args={'value': 17, 'prev_value': None, 'change': True}
2024-07-29 14:38:13,195 : INFO : EventManager : Event: ======'machine_var_audits_switches_s_right_ramp_enter'====== Args={'value': 14, 'prev_value': None, 'change': True}
2024-07-29 14:38:13,195 : INFO : EventManager : Event: ======'machine_var_audits_switches_s_right_ramp_exit'====== Args={'value': 18, 'prev_value': None, 'change': True}
2024-07-29 14:38:13,195 : INFO : EventManager : Event: ======'machine_var_audits_switches_s_right_ramp_standup'====== Args={'value': 287, 'prev_value': None, 'change': True}
2024-07-29 14:38:13,195 : INFO : EventManager : Event: ======'machine_var_audits_switches_s_right_rollover_lane'====== Args={'value': 214, 'prev_value': None, 'change': True}
2024-07-29 14:38:13,196 : INFO : EventManager : Event: ======'machine_var_audits_switches_s_right_sling'====== Args={'value': 1, 'prev_value': None, 'change': True}
2024-07-29 14:38:13,196 : INFO : EventManager : Event: ======'machine_var_audits_switches_s_scoop'====== Args={'value': 266, 'prev_value': None, 'change': True}
2024-07-29 14:38:13,196 : INFO : EventManager : Event: ======'machine_var_audits_switches_s_start'====== Args={'value': 421, 'prev_value': None, 'change': True}
2024-07-29 14:38:13,196 : INFO : EventManager : Event: ======'machine_var_audits_switches_s_top_inline_drop'====== Args={'value': 45, 'prev_value': None, 'change': True}
2024-07-29 14:38:13,196 : INFO : EventManager : Event: ======'machine_var_audits_switches_s_trough1'====== Args={'value': 404, 'prev_value': None, 'change': True}
2024-07-29 14:38:13,197 : INFO : EventManager : Event: ======'machine_var_audits_switches_s_trough2'====== Args={'value': 30, 'prev_value': None, 'change': True}
2024-07-29 14:38:13,197 : INFO : EventManager : Event: ======'machine_var_audits_switches_s_trough3'====== Args={'value': 9, 'prev_value': None, 'change': True}
2024-07-29 14:38:13,197 : INFO : EventManager : Event: ======'machine_var_audits_switches_s_trough4'====== Args={'value': 3, 'prev_value': None, 'change': True}
2024-07-29 14:38:13,197 : INFO : EventManager : Event: ======'machine_var_audits_switches_s_trough5'====== Args={'value': 2, 'prev_value': None, 'change': True}
2024-07-29 14:38:13,197 : INFO : EventManager : Event: ======'machine_var_audits_switches_s_trough6'====== Args={'value': 1, 'prev_value': None, 'change': True}
2024-07-29 14:38:13,198 : INFO : EventManager : Event: ======'machine_var_audits_switches_s_trough_jam'====== Args={'value': 5, 'prev_value': None, 'change': True}
2024-07-29 14:38:13,198 : INFO : EventManager : Event: ======'init_phase_5'====== Args={}
2024-07-29 14:38:13,201 : INFO : EventManager : Event: ======'init_done'====== Args={}
2024-07-29 14:38:13,201 : INFO : EventManager : Event: ======'machine_reset_phase_1'====== Args={}
2024-07-29 14:38:13,212 : INFO : EventManager : Event: ======'machine_reset_phase_2'====== Args={}
2024-07-29 14:38:13,212 : INFO : EventManager : Event: ======'machine_reset_phase_3'====== Args={}
2024-07-29 14:38:13,212 : INFO : drop_target_bank.strickland_bank : All targets are already up. Will not reset bank.
2024-07-29 14:38:13,212 : INFO : EventManager : Event: ======'reset_complete'====== Args={}
2024-07-29 14:38:13,212 : INFO : EventManager : Event: ======'mode_attract_will_start'====== Args={}
2024-07-29 14:38:13,212 : INFO : Timer.attract_switch : Starting Timer.
2024-07-29 14:38:13,212 : INFO : EventManager : Event: ======'timer_attract_switch_started'====== Args={'ticks': 0, 'ticks_remaining': 45}
2024-07-29 14:38:13,212 : INFO : EventManager : Event: ======'timer_attract_switch_tick'====== Args={'ticks': 0, 'ticks_remaining': 45}
2024-07-29 14:38:13,213 : INFO : EventManager : Event: ======'mode_attract_starting'====== Args={}
2024-07-29 14:38:13,213 : INFO : Mode.attract : Started. Priority: 10
2024-07-29 14:38:13,213 : INFO : EventManager : Event: ======'modes_active_modes_changed'====== Args={}
2024-07-29 14:38:13,213 : INFO : EventManager : Event: ======'mode_attract_started'====== Args={}
2024-07-29 14:38:13,213 : INFO : EventManager : Event: ======'collecting_balls_complete'====== Args={}
2024-07-29 14:38:13,213 : INFO : Machine : Starting the main run loop.
2024-07-29 14:38:13,955 : INFO : BcpServer : New client connected.
2024-07-29 14:38:14,214 : INFO : EventManager : Event: ======'timer_attract_switch_tick'====== Args={'ticks': 1, 'ticks_remaining': 44}
2024-07-29 14:38:14,223 : INFO : EventManager : Event: ======'slide__removed'====== Args={'_from_bcp': True}
2024-07-29 14:38:14,248 : INFO : EventManager : Event: ======'slide_dtp_logo_attract_created'====== Args={'_from_bcp': True}
2024-07-29 14:38:14,249 : INFO : EventManager : Event: ======'slide_dtp_logo_attract_active'====== Args={'original_context': 'attract', 'original_calling_context': 'timer_attract_switch_tick{ticks==1}', 'cmd': 'slides_play', '_from_bcp': True}
2024-07-29 14:38:14,356 : INFO : SwitchController : <<<<<<< 's_start' active >>>>>>>
2024-07-29 14:38:14,356 : INFO : EventManager : Event: ======'s_start_active'====== Args={}
2024-07-29 14:38:14,357 : INFO : EventManager : Event: ======'sw_add_player'====== Args={'priority': 0}
2024-07-29 14:38:14,473 : INFO : SwitchController : <<<<<<< 's_start' inactive >>>>>>>
2024-07-29 14:38:14,473 : INFO : EventManager : Event: ======'request_to_start_game'====== Args={}
2024-07-29 14:38:14,473 : INFO : EventManager : Event: ======'game_start'====== Args={'buttons': [], 'hold_time': 0.11626425000000018}
2024-07-29 14:38:14,473 : INFO : EventManager : Event: ======'mode_game_will_start'====== Args={'buttons': [], 'hold_time': 0.11626425000000018}
2024-07-29 14:38:14,474 : INFO : EventManager : Event: ======'mode_game_starting'====== Args={'buttons': [], 'hold_time': 0.11626425000000018}
2024-07-29 14:38:14,474 : INFO : EventManager : Event: ======'mode_attract_will_stop'====== Args={}
2024-07-29 14:38:14,474 : INFO : EventManager : Event: ======'mode_attract_stopping'====== Args={}
2024-07-29 14:38:14,474 : INFO : Mode.attract : Stopped.
2024-07-29 14:38:14,474 : INFO : EventManager : Event: ======'modes_active_modes_changed'====== Args={}
2024-07-29 14:38:14,474 : INFO : EventManager : Event: ======'mode_attract_stopped'====== Args={}
2024-07-29 14:38:14,475 : INFO : EventManager : Event: ======'clear'====== Args={'key': 'attract'}
2024-07-29 14:38:14,475 : INFO : Timer.attract_switch : Stopping Timer
2024-07-29 14:38:14,475 : INFO : EventManager : Event: ======'timer_attract_switch_stopped'====== Args={'ticks': 1, 'ticks_remaining': 44}
2024-07-29 14:38:14,475 : INFO : Mode.game : Started. Priority: 20
2024-07-29 14:38:14,475 : INFO : EventManager : Event: ======'modes_active_modes_changed'====== Args={}
2024-07-29 14:38:14,475 : INFO : EventManager : Event: ======'mode_game_started'====== Args={'buttons': [], 'hold_time': 0.11626425000000018}
2024-07-29 14:38:14,475 : INFO : EventManager : Event: ======'game_will_start'====== Args={}
2024-07-29 14:38:14,476 : INFO : EventManager : Event: ======'game_starting'====== Args={'game': <Mode.game>}
2024-07-29 14:38:14,476 : INFO : EventManager : Unordered handler for class <Auditor> on event game_ended with priority 1. Handlers: [RegisteredHandler(callback=<bound method Auditor.disable of <Auditor>>, priority=1, kwargs={}, key=UUID('4d52c3d6-4919-401c-ae3f-15443107fa0e'), condition=None, blocking_facility=None), RegisteredHandler(callback=<bound method Auditor._save_audits of <Auditor>>, priority=1, kwargs={}, key=UUID('dbcd56fe-f2b8-44a6-a65c-306ba87e943e'), condition=None, blocking_facility=None)]. The order of those handlers is not defined and they will be executed in random order. This might lead to race conditions and potential bugs.
2024-07-29 14:38:14,476 : INFO : EventManager : Event: ======'player_add_request'====== Args={}
2024-07-29 14:38:14,476 : INFO : EventManager : Event: ======'player_will_add'====== Args={'number': 1}
2024-07-29 14:38:14,476 : INFO : EventManager : Event: ======'player_adding'====== Args={'player': <Player 1>, 'number': 1}
2024-07-29 14:38:14,476 : INFO : EventManager : Event: ======'player_added'====== Args={'player': <Player 1>, 'num': 1}
2024-07-29 14:38:14,477 : INFO : Mode.game : Player added successfully. Total players: 1
2024-07-29 14:38:14,477 : INFO : EventManager : Event: ======'player_index'====== Args={'value': 0, 'prev_value': 0, 'change': 0, 'player_num': 1}
2024-07-29 14:38:14,477 : INFO : EventManager : Event: ======'player_number'====== Args={'value': 1, 'prev_value': 1, 'change': 0, 'player_num': 1}
2024-07-29 14:38:14,477 : INFO : EventManager : Event: ======'player_score'====== Args={'value': 0, 'prev_value': 0, 'change': 0, 'player_num': 1}
2024-07-29 14:38:14,477 : INFO : EventManager : Event: ======'game_started'====== Args={}
2024-07-29 14:38:14,478 : INFO : EventManager : Event: ======'player_turn_will_start'====== Args={'player': <Player 1>, 'number': 1}
2024-07-29 14:38:14,482 : INFO : EventManager : Event: ======'player_turn_starting'====== Args={'player': <Player 1>, 'number': 1}
2024-07-29 14:38:14,483 : INFO : EventManager : Event: ======'player_ball'====== Args={'value': 1, 'prev_value': 0, 'change': 1, 'player_num': 1}
2024-07-29 14:38:14,483 : INFO : EventManager : Event: ======'player_turn_started'====== Args={'player': <Player 1>, 'number': 1}
2024-07-29 14:38:14,483 : INFO : EventManager : Event: ======'ball_will_start'====== Args={'player': 1, 'ball': 1, 'balls_remaining': 2, 'is_extra_ball': False}
2024-07-29 14:38:14,486 : INFO : EventManager : Event: ======'ball_starting'====== Args={'player': 1, 'ball': 1, 'balls_remaining': 2, 'is_extra_ball': False}
2024-07-29 14:38:14,487 : INFO : EventManager : Event: ======'mode_skillshot_will_start'====== Args={'queue': <QueuedEvent>, 'player': 1, 'ball': 1, 'balls_remaining': 2, 'is_extra_ball': False}
2024-07-29 14:38:14,487 : INFO : EventManager : Event: ======'skillshot_complete'====== Args={'state': 'None'}
2024-07-29 14:38:14,487 : INFO : EventManager : Event: ======'skillshot_None_complete'====== Args={}
2024-07-29 14:38:14,487 : INFO : EventManager : Event: ======'player_shot_skillshot_p_target_enabled'====== Args={'value': True, 'prev_value': 0, 'change': 1, 'player_num': 1}
2024-07-29 14:38:14,488 : INFO : EventManager : Event: ======'player_shot_skillshot_r_target_enabled'====== Args={'value': True, 'prev_value': 0, 'change': 1, 'player_num': 1}
2024-07-29 14:38:14,488 : INFO : EventManager : Event: ======'player_shot_skillshot_o_target_enabled'====== Args={'value': True, 'prev_value': 0, 'change': 1, 'player_num': 1}
2024-07-29 14:38:14,488 : INFO : EventManager : Event: ======'player_shot_skillshot_p2_target_enabled'====== Args={'value': True, 'prev_value': 0, 'change': 1, 'player_num': 1}
2024-07-29 14:38:14,488 : INFO : EventManager : Event: ======'player_shot_skillshot_a_target_enabled'====== Args={'value': True, 'prev_value': 0, 'change': 1, 'player_num': 1}
2024-07-29 14:38:14,489 : INFO : EventManager : Event: ======'player_shot_skillshot_n_target_enabled'====== Args={'value': True, 'prev_value': 0, 'change': 1, 'player_num': 1}
2024-07-29 14:38:14,489 : INFO : EventManager : Event: ======'player_shot_skillshot_e_target_enabled'====== Args={'value': True, 'prev_value': 0, 'change': 1, 'player_num': 1}
2024-07-29 14:38:14,489 : INFO : EventManager : Event: ======'player_skillshot_skillshot_rotate_tick'====== Args={'value': 0, 'prev_value': 0, 'change': 0, 'player_num': 1}
2024-07-29 14:38:14,489 : INFO : Timer.skillshot_rotate : Starting Timer.
2024-07-29 14:38:14,489 : INFO : EventManager : Event: ======'timer_skillshot_rotate_started'====== Args={'ticks': 0, 'ticks_remaining': 0}
2024-07-29 14:38:14,489 : INFO : EventManager : Event: ======'timer_skillshot_rotate_tick'====== Args={'ticks': 0, 'ticks_remaining': 0}
2024-07-29 14:38:14,490 : INFO : EventManager : Event: ======'mode_skillshot_starting'====== Args={'queue': <QueuedEvent>, 'player': 1, 'ball': 1, 'balls_remaining': 2, 'is_extra_ball': False}
2024-07-29 14:38:14,490 : INFO : drop_target_bank.strickland_bank : All targets are already up. Will not reset bank.
2024-07-29 14:38:14,490 : INFO : EventManager : Event: ======'cmd_flippers_enable'====== Args={'priority': 0}
2024-07-29 14:38:14,490 : INFO : EventManager : Event: ======'cmd_autofire_coils_enable'====== Args={'priority': 0}
2024-07-29 14:38:14,490 : INFO : EventManager : Event: ======'cmd_drop_targets_reset'====== Args={'priority': 0}
2024-07-29 14:38:14,491 : INFO : Mode.skillshot : Started. Priority: 200
2024-07-29 14:38:14,491 : INFO : EventManager : Event: ======'modes_active_modes_changed'====== Args={}
2024-07-29 14:38:14,491 : INFO : EventManager : Event: ======'mode_skillshot_started'====== Args={'queue': <QueuedEvent>, 'player': 1, 'ball': 1, 'balls_remaining': 2, 'is_extra_ball': False}
2024-07-29 14:38:14,491 : INFO : EventManager : Event: ======'player_shot_skillshot_p_target'====== Args={'value': 1, 'prev_value': 0, 'change': 1, 'player_num': 1}
2024-07-29 14:38:14,491 : INFO : EventManager : Event: ======'balls_in_play'====== Args={'balls': 1}
2024-07-29 14:38:14,492 : INFO : EventManager : Event: ======'ball_started'====== Args={'player': 1, 'ball': 1, 'balls_remaining': 2, 'is_extra_ball': False}
2024-07-29 14:38:14,492 : INFO : EventManager : Event: ======'mode_extra_ball_will_start'====== Args={'player': 1, 'ball': 1, 'balls_remaining': 2, 'is_extra_ball': False}
2024-07-29 14:38:14,492 : INFO : EventManager : Event: ======'player_extra_ball_score_one_num_awarded'====== Args={'value': 0, 'prev_value': 0, 'change': 0, 'player_num': 1}
2024-07-29 14:38:14,492 : INFO : EventManager : Event: ======'player_extra_ball_score_two_num_awarded'====== Args={'value': 0, 'prev_value': 0, 'change': 0, 'player_num': 1}
2024-07-29 14:38:14,492 : INFO : EventManager : Event: ======'mode_extra_ball_starting'====== Args={'player': 1, 'ball': 1, 'balls_remaining': 2, 'is_extra_ball': False}
2024-07-29 14:38:14,492 : INFO : EventManager : Event: ======'mode_rainey_multiball_will_start'====== Args={'player': 1, 'ball': 1, 'balls_remaining': 2, 'is_extra_ball': False}
2024-07-29 14:38:14,492 : INFO : EventManager : Event: ======'player_shot_rainey_multiball_ball_lock_p2_target_enabled'====== Args={'value': True, 'prev_value': 0, 'change': 1, 'player_num': 1}
2024-07-29 14:38:14,493 : INFO : EventManager : Event: ======'player_shot_rainey_multiball_ball_lock_a_target_enabled'====== Args={'value': True, 'prev_value': 0, 'change': 1, 'player_num': 1}
2024-07-29 14:38:14,493 : INFO : EventManager : Event: ======'player_shot_rainey_multiball_ball_lock_n_target_enabled'====== Args={'value': True, 'prev_value': 0, 'change': 1, 'player_num': 1}
2024-07-29 14:38:14,493 : INFO : EventManager : Event: ======'player_shot_rainey_multiball_ball_lock_e_target_enabled'====== Args={'value': True, 'prev_value': 0, 'change': 1, 'player_num': 1}
2024-07-29 14:38:14,493 : INFO : EventManager : Event: ======'light_rainey_multiball_ball_lock_complete'====== Args={'state': 'unlit'}
2024-07-29 14:38:14,493 : INFO : EventManager : Event: ======'light_rainey_multiball_ball_lock_unlit_complete'====== Args={}
2024-07-29 14:38:14,494 : INFO : EventManager : Event: ======'mode_rainey_multiball_starting'====== Args={'player': 1, 'ball': 1, 'balls_remaining': 2, 'is_extra_ball': False}
2024-07-29 14:38:14,494 : INFO : EventManager : Event: ======'mode_hank_rollover_will_start'====== Args={'player': 1, 'ball': 1, 'balls_remaining': 2, 'is_extra_ball': False}
2024-07-29 14:38:14,494 : INFO : EventManager : Event: ======'player_shot_h_rollover_lane_enabled'====== Args={'value': True, 'prev_value': 0, 'change': 1, 'player_num': 1}
2024-07-29 14:38:14,494 : INFO : EventManager : Event: ======'player_shot_a_rollover_lane_enabled'====== Args={'value': True, 'prev_value': 0, 'change': 1, 'player_num': 1}
2024-07-29 14:38:14,495 : INFO : EventManager : Event: ======'player_shot_n_rollover_lane_enabled'====== Args={'value': True, 'prev_value': 0, 'change': 1, 'player_num': 1}
2024-07-29 14:38:14,495 : INFO : EventManager : Event: ======'player_shot_k_rollover_lane_enabled'====== Args={'value': True, 'prev_value': 0, 'change': 1, 'player_num': 1}
2024-07-29 14:38:14,495 : INFO : EventManager : Event: ======'hank_lanes_complete'====== Args={'state': 'unlit'}
2024-07-29 14:38:14,495 : INFO : EventManager : Event: ======'hank_lanes_unlit_complete'====== Args={}
2024-07-29 14:38:14,496 : INFO : EventManager : Event: ======'mode_hank_rollover_starting'====== Args={'player': 1, 'ball': 1, 'balls_remaining': 2, 'is_extra_ball': False}
2024-07-29 14:38:14,496 : INFO : EventManager : Event: ======'mode_BBQ_rollover_will_start'====== Args={'player': 1, 'ball': 1, 'balls_remaining': 2, 'is_extra_ball': False}
2024-07-29 14:38:14,496 : INFO : EventManager : Event: ======'player_shot_left_rollover_lane_enabled'====== Args={'value': True, 'prev_value': 0, 'change': 1, 'player_num': 1}
2024-07-29 14:38:14,496 : INFO : EventManager : Event: ======'player_shot_middle_rollover_lane_enabled'====== Args={'value': True, 'prev_value': 0, 'change': 1, 'player_num': 1}
2024-07-29 14:38:14,496 : INFO : EventManager : Event: ======'player_shot_right_rollover_lane_enabled'====== Args={'value': True, 'prev_value': 0, 'change': 1, 'player_num': 1}
2024-07-29 14:38:14,497 : INFO : EventManager : Event: ======'BBQ_lanes_complete'====== Args={'state': 'unlit'}
2024-07-29 14:38:14,497 : INFO : EventManager : Event: ======'BBQ_lanes_unlit_complete'====== Args={}
2024-07-29 14:38:14,498 : INFO : EventManager : Event: ======'mode_BBQ_rollover_starting'====== Args={'player': 1, 'ball': 1, 'balls_remaining': 2, 'is_extra_ball': False}
2024-07-29 14:38:14,498 : INFO : EventManager : Event: ======'mode_base_will_start'====== Args={'player': 1, 'ball': 1, 'balls_remaining': 2, 'is_extra_ball': False}
2024-07-29 14:38:14,498 : INFO : EventManager : Event: ======'player_shot_qualify_p_target_enabled'====== Args={'value': True, 'prev_value': 0, 'change': 1, 'player_num': 1}
2024-07-29 14:38:14,498 : INFO : EventManager : Event: ======'player_shot_qualify_r_target_enabled'====== Args={'value': True, 'prev_value': 0, 'change': 1, 'player_num': 1}
2024-07-29 14:38:14,499 : INFO : EventManager : Event: ======'player_shot_qualify_o_target_enabled'====== Args={'value': True, 'prev_value': 0, 'change': 1, 'player_num': 1}
2024-07-29 14:38:14,499 : INFO : EventManager : Event: ======'player_shot_scoop_mission_select_enabled'====== Args={'value': True, 'prev_value': 0, 'change': 1, 'player_num': 1}
2024-07-29 14:38:14,499 : ERROR : asyncio : Exception in callback EventManager.process_event_queue()
handle: <Handle EventManager.process_event_queue()>
Traceback (most recent call last):
  File "/Users/nicktaseris/mpfenv/lib/python3.9/site-packages/mpf/core/placeholder_manager.py", line 250, in format_field
    return super().format_field(value, format_spec)
  File "/Library/Frameworks/Python.framework/Versions/3.9/lib/python3.9/string.py", line 235, in format_field
    return format(value, format_spec)
ValueError: Invalid format specifier

The above exception was the direct cause of the following exception:

Traceback (most recent call last):
  File "/Users/nicktaseris/mpfenv/lib/python3.9/site-packages/mpf/core/placeholder_manager.py", line 271, in evaluate
    return f.format(self.text)
  File "/Library/Frameworks/Python.framework/Versions/3.9/lib/python3.9/string.py", line 161, in format
    return self.vformat(format_string, args, kwargs)
  File "/Library/Frameworks/Python.framework/Versions/3.9/lib/python3.9/string.py", line 165, in vformat
    result, _ = self._vformat(format_string, args, kwargs, used_args, 2)
  File "/Library/Frameworks/Python.framework/Versions/3.9/lib/python3.9/string.py", line 218, in _vformat
    result.append(self.format_field(obj, format_spec))
  File "/Users/nicktaseris/mpfenv/lib/python3.9/site-packages/mpf/core/placeholder_manager.py", line 252, in format_field
    raise AssertionError("Could not format {} with {}".format(format_spec, value)) from e
AssertionError: Could not format  None, 'color': 'orange' with l_scoop

The above exception was the direct cause of the following exception:

Traceback (most recent call last):
  File "/Users/nicktaseris/mpfenv/lib/python3.9/site-packages/mpf/core/events.py", line 755, in _run_handlers
    result = handler.callback(**merged_kwargs)
  File "/Users/nicktaseris/mpfenv/lib/python3.9/site-packages/mpf/core/mode.py", line 198, in start
    self._add_mode_devices()
  File "/Users/nicktaseris/mpfenv/lib/python3.9/site-packages/mpf/core/mode.py", line 408, in _add_mode_devices
    device.device_loaded_in_mode(mode=self, player=self.player)
  File "/Users/nicktaseris/mpfenv/lib/python3.9/site-packages/mpf/devices/shot.py", line 68, in device_loaded_in_mode
    self._update_show()
  File "/Users/nicktaseris/mpfenv/lib/python3.9/site-packages/mpf/devices/shot.py", line 207, in _update_show
    self._play_show(settings=state_settings)
  File "/Users/nicktaseris/mpfenv/lib/python3.9/site-packages/mpf/devices/shot.py", line 240, in _play_show
    show_tokens = {k: v.evaluate({})
  File "/Users/nicktaseris/mpfenv/lib/python3.9/site-packages/mpf/devices/shot.py", line 240, in <dictcomp>
    show_tokens = {k: v.evaluate({})
  File "/Users/nicktaseris/mpfenv/lib/python3.9/site-packages/mpf/core/placeholder_manager.py", line 273, in evaluate
    raise AssertionError("Failed to format {} with {}".format(self.text, parameters)) from e
AssertionError: Failed to format {'l_scoop': None, 'color': 'orange'} with {}

The above exception was the direct cause of the following exception:

Traceback (most recent call last):
  File "/Library/Frameworks/Python.framework/Versions/3.9/lib/python3.9/asyncio/events.py", line 80, in _run
    self._context.run(self._callback, *self._args)
  File "/Users/nicktaseris/mpfenv/lib/python3.9/site-packages/mpf/core/events.py", line 846, in process_event_queue
    self._process_event(event=event[0],
  File "/Users/nicktaseris/mpfenv/lib/python3.9/site-packages/mpf/core/events.py", line 808, in _process_event
    result = self._run_handlers(event, ev_type, kwargs)
  File "/Users/nicktaseris/mpfenv/lib/python3.9/site-packages/mpf/core/events.py", line 757, in _run_handlers
    raise EventHandlerException(
mpf.core.events.EventHandlerException: Exception while processing RegisteredHandler(callback=<bound method Mode.start of <Mode.base>>, priority=100, kwargs={}, key=UUID('3bc59df8-3024-4d50-9e76-bcddf232191b'), condition=None, blocking_facility=None) for event ball_started. Failed to format {'l_scoop': None, 'color': 'orange'} with {}
2024-07-29 14:38:14,501 : INFO : Mode.extra_ball : Will not start because machine is shutting down.
2024-07-29 14:38:14,501 : INFO : EventManager : Event: ======'logicblock_mb_counter_updated'====== Args={'value': 0, 'enabled': False}
2024-07-29 14:38:14,501 : INFO : Mode.rainey_multiball : Will not start because machine is shutting down.
2024-07-29 14:38:14,502 : INFO : EventManager : Event: ======'logicblock_lb_hank_complete_count_updated'====== Args={'value': 1, 'enabled': True}
2024-07-29 14:38:14,502 : INFO : EventManager : Event: ======'logicblock_lb_hank_complete_count_updated'====== Args={'value': 1, 'enabled': True}
2024-07-29 14:38:14,502 : INFO : Mode.hank_rollover : Will not start because machine is shutting down.
2024-07-29 14:38:14,502 : INFO : EventManager : Event: ======'logicblock_lb_BBQ_complete_count_updated'====== Args={'value': 1, 'enabled': True}
2024-07-29 14:38:14,502 : INFO : EventManager : Event: ======'logicblock_lb_BBQ_complete_count_updated'====== Args={'value': 1, 'enabled': True}
2024-07-29 14:38:14,502 : INFO : Mode.BBQ_rollover : Will not start because machine is shutting down.
2024-07-29 14:38:14,505 : INFO : Machine : Shutting down...
2024-07-29 14:38:14,505 : INFO : EventManager : Event: ======'shutdown'====== Args={}
2024-07-29 14:38:14,505 : INFO : EventManager : Event: ======'mode_game_will_stop'====== Args={}
2024-07-29 14:38:14,505 : INFO : EventManager : Event: ======'mode_game_stopping'====== Args={}
2024-07-29 14:38:14,505 : INFO : EventManager : Event: ======'mode_skillshot_will_stop'====== Args={}
2024-07-29 14:38:14,505 : INFO : EventManager : Event: ======'mode_skillshot_stopping'====== Args={}
2024-07-29 14:38:14,506 : INFO : Mode.skillshot : Stopped.
2024-07-29 14:38:14,506 : INFO : EventManager : Event: ======'modes_active_modes_changed'====== Args={}
2024-07-29 14:38:14,506 : INFO : EventManager : Event: ======'mode_skillshot_stopped'====== Args={}
2024-07-29 14:38:14,506 : INFO : EventManager : Event: ======'clear'====== Args={'key': 'skillshot'}
2024-07-29 14:38:14,506 : INFO : Timer.skillshot_rotate : Stopping Timer
2024-07-29 14:38:14,506 : INFO : EventManager : Event: ======'timer_skillshot_rotate_stopped'====== Args={'ticks': 0, 'ticks_remaining': 0}
2024-07-29 14:38:14,506 : INFO : Mode.game : Stopped.
2024-07-29 14:38:14,506 : INFO : EventManager : Event: ======'modes_active_modes_changed'====== Args={}
2024-07-29 14:38:14,506 : INFO : EventManager : Event: ======'mode_game_stopped'====== Args={}
2024-07-29 14:38:14,506 : INFO : EventManager : Event: ======'clear'====== Args={'key': 'game'}
2024-07-29 14:38:14,507 : ERROR : Machine : Runtime Exception
Traceback (most recent call last):
  File "/Users/nicktaseris/mpfenv/lib/python3.9/site-packages/mpf/core/placeholder_manager.py", line 250, in format_field
    return super().format_field(value, format_spec)
  File "/Library/Frameworks/Python.framework/Versions/3.9/lib/python3.9/string.py", line 235, in format_field
    return format(value, format_spec)
ValueError: Invalid format specifier

The above exception was the direct cause of the following exception:

Traceback (most recent call last):
  File "/Users/nicktaseris/mpfenv/lib/python3.9/site-packages/mpf/core/placeholder_manager.py", line 271, in evaluate
    return f.format(self.text)
  File "/Library/Frameworks/Python.framework/Versions/3.9/lib/python3.9/string.py", line 161, in format
    return self.vformat(format_string, args, kwargs)
  File "/Library/Frameworks/Python.framework/Versions/3.9/lib/python3.9/string.py", line 165, in vformat
    result, _ = self._vformat(format_string, args, kwargs, used_args, 2)
  File "/Library/Frameworks/Python.framework/Versions/3.9/lib/python3.9/string.py", line 218, in _vformat
    result.append(self.format_field(obj, format_spec))
  File "/Users/nicktaseris/mpfenv/lib/python3.9/site-packages/mpf/core/placeholder_manager.py", line 252, in format_field
    raise AssertionError("Could not format {} with {}".format(format_spec, value)) from e
AssertionError: Could not format  None, 'color': 'orange' with l_scoop

The above exception was the direct cause of the following exception:

Traceback (most recent call last):
  File "/Users/nicktaseris/mpfenv/lib/python3.9/site-packages/mpf/core/events.py", line 755, in _run_handlers
    result = handler.callback(**merged_kwargs)
  File "/Users/nicktaseris/mpfenv/lib/python3.9/site-packages/mpf/core/mode.py", line 198, in start
    self._add_mode_devices()
  File "/Users/nicktaseris/mpfenv/lib/python3.9/site-packages/mpf/core/mode.py", line 408, in _add_mode_devices
    device.device_loaded_in_mode(mode=self, player=self.player)
  File "/Users/nicktaseris/mpfenv/lib/python3.9/site-packages/mpf/devices/shot.py", line 68, in device_loaded_in_mode
    self._update_show()
  File "/Users/nicktaseris/mpfenv/lib/python3.9/site-packages/mpf/devices/shot.py", line 207, in _update_show
    self._play_show(settings=state_settings)
  File "/Users/nicktaseris/mpfenv/lib/python3.9/site-packages/mpf/devices/shot.py", line 240, in _play_show
    show_tokens = {k: v.evaluate({})
  File "/Users/nicktaseris/mpfenv/lib/python3.9/site-packages/mpf/devices/shot.py", line 240, in <dictcomp>
    show_tokens = {k: v.evaluate({})
  File "/Users/nicktaseris/mpfenv/lib/python3.9/site-packages/mpf/core/placeholder_manager.py", line 273, in evaluate
    raise AssertionError("Failed to format {} with {}".format(self.text, parameters)) from e
AssertionError: Failed to format {'l_scoop': None, 'color': 'orange'} with {}

The above exception was the direct cause of the following exception:

Traceback (most recent call last):
  File "/Users/nicktaseris/mpfenv/lib/python3.9/site-packages/mpf/core/machine.py", line 793, in _run_loop
    raise self._exception['exception']
  File "/Library/Frameworks/Python.framework/Versions/3.9/lib/python3.9/asyncio/events.py", line 80, in _run
    self._context.run(self._callback, *self._args)
  File "/Users/nicktaseris/mpfenv/lib/python3.9/site-packages/mpf/core/events.py", line 846, in process_event_queue
    self._process_event(event=event[0],
  File "/Users/nicktaseris/mpfenv/lib/python3.9/site-packages/mpf/core/events.py", line 808, in _process_event
    result = self._run_handlers(event, ev_type, kwargs)
  File "/Users/nicktaseris/mpfenv/lib/python3.9/site-packages/mpf/core/events.py", line 757, in _run_handlers
    raise EventHandlerException(
mpf.core.events.EventHandlerException: Exception while processing RegisteredHandler(callback=<bound method Mode.start of <Mode.base>>, priority=100, kwargs={}, key=UUID('3bc59df8-3024-4d50-9e76-bcddf232191b'), condition=None, blocking_facility=None) for event ball_started. Failed to format {'l_scoop': None, 'color': 'orange'} with {}
2024-07-29 14:38:14,551 : INFO : crash_reporter : Will not report crash as "report_crashes" mode is "never"
2024-07-29 14:38:14,552 : INFO : root : MPF run loop ended.
