2024-11-07 21:12:32,406 : INFO : root : Loading config.
2024-11-07 21:12:32,407 : INFO : YamlMultifileConfigLoader : Machine config file #1: config.yaml
2024-11-07 21:12:32,408 : INFO : ConfigProcessor : Loading config from cache: /var/folders/sv/d29kcl5x50v7vt1n6xb5jsd40000gn/T/c166cef8060ffee16a35821bf698da85.mpf_cache
2024-11-07 21:12:32,442 : INFO : ConfigProcessor : Loading config from cache: /var/folders/sv/d29kcl5x50v7vt1n6xb5jsd40000gn/T/6b31c5ac6ecbad948994a8204ea6b05b.mpf_cache
2024-11-07 21:12:32,442 : INFO : ConfigProcessor : Loading config from cache: /var/folders/sv/d29kcl5x50v7vt1n6xb5jsd40000gn/T/fe612d1e66c8a96c19ba449d3748eeac.mpf_cache
2024-11-07 21:12:32,442 : INFO : ConfigProcessor : Loading config from cache: /var/folders/sv/d29kcl5x50v7vt1n6xb5jsd40000gn/T/6b31c5ac6ecbad948994a8204ea6b05b.mpf_cache
2024-11-07 21:12:32,443 : INFO : ConfigProcessor : Loading config from cache: /var/folders/sv/d29kcl5x50v7vt1n6xb5jsd40000gn/T/8765227693ecd961e0504502a81255e0.mpf_cache
2024-11-07 21:12:32,443 : INFO : ConfigProcessor : Loading config from cache: /var/folders/sv/d29kcl5x50v7vt1n6xb5jsd40000gn/T/b247728c74b4d81bcb2825e2b07062a7.mpf_cache
2024-11-07 21:12:32,443 : INFO : ConfigProcessor : Loading config from cache: /var/folders/sv/d29kcl5x50v7vt1n6xb5jsd40000gn/T/f240f94f0b5d0f37ec4fd7571275a101.mpf_cache
2024-11-07 21:12:32,443 : INFO : ConfigProcessor : Loading config from cache: /var/folders/sv/d29kcl5x50v7vt1n6xb5jsd40000gn/T/6a2f50ed892485825cc04dc0a68eab9f.mpf_cache
2024-11-07 21:12:32,443 : INFO : ConfigProcessor : Loading config from cache: /var/folders/sv/d29kcl5x50v7vt1n6xb5jsd40000gn/T/d58c58eb9fd1a2dc27f8acd255fb3761.mpf_cache
2024-11-07 21:12:32,443 : INFO : ConfigProcessor : Loading config from cache: /var/folders/sv/d29kcl5x50v7vt1n6xb5jsd40000gn/T/07adfd310b3ef0e03c5cbc91527abb6c.mpf_cache
2024-11-07 21:12:32,444 : WARNING : ConfigProcessor : Config file in cache changed: /Users/nicktaseris/Desktop/Pinball/KOTH/modes/bill_bulk_and_the_body_buddies/config/bill_bulk_and_the_body_buddies.yaml
2024-11-07 21:12:32,444 : INFO : ConfigProcessor : Loading config from file /Users/nicktaseris/Desktop/Pinball/KOTH/modes/bill_bulk_and_the_body_buddies/config/bill_bulk_and_the_body_buddies.yaml.
2024-11-07 21:12:32,447 : INFO : ConfigProcessor : Loading config: /Users/nicktaseris/Desktop/Pinball/KOTH/modes/bill_bulk_and_the_body_buddies/config/bill_bulk_and_the_body_buddies.yaml
2024-11-07 21:12:32,447 : INFO : ConfigProcessor : Config file cache created: /var/folders/sv/d29kcl5x50v7vt1n6xb5jsd40000gn/T/12bd5247c3bf989b919364bdb7829769.mpf_cache
2024-11-07 21:12:32,447 : INFO : ConfigProcessor : Loading config from cache: /var/folders/sv/d29kcl5x50v7vt1n6xb5jsd40000gn/T/362e08f51a1a1b7a0809dd52f9c83f83.mpf_cache
2024-11-07 21:12:32,447 : INFO : ConfigProcessor : Loading config from cache: /var/folders/sv/d29kcl5x50v7vt1n6xb5jsd40000gn/T/e0db17dd068fe6304aabdbeff00fac0d.mpf_cache
2024-11-07 21:12:32,448 : INFO : ConfigProcessor : Loading config from cache: /var/folders/sv/d29kcl5x50v7vt1n6xb5jsd40000gn/T/331d8d1a1bc190cae8c13495e1db372f.mpf_cache
2024-11-07 21:12:32,448 : INFO : ConfigProcessor : Loading config from cache: /var/folders/sv/d29kcl5x50v7vt1n6xb5jsd40000gn/T/d17a9ff77386e6f1439d0802ace1de07.mpf_cache
2024-11-07 21:12:32,448 : INFO : ConfigProcessor : Loading config from cache: /var/folders/sv/d29kcl5x50v7vt1n6xb5jsd40000gn/T/280fd64455d0d243a54ab4db98fbccbd.mpf_cache
2024-11-07 21:12:32,448 : INFO : ConfigProcessor : Loading config from cache: /var/folders/sv/d29kcl5x50v7vt1n6xb5jsd40000gn/T/0c0596ed8fbb40b6113901d21bdc0a39.mpf_cache
2024-11-07 21:12:32,448 : INFO : ConfigProcessor : Loading config from cache: /var/folders/sv/d29kcl5x50v7vt1n6xb5jsd40000gn/T/f521a0f834965d73920394ccceaa3c1c.mpf_cache
2024-11-07 21:12:32,448 : INFO : ConfigProcessor : Loading config from cache: /var/folders/sv/d29kcl5x50v7vt1n6xb5jsd40000gn/T/0fedc249e142fba0aaf46d9adc7061fa.mpf_cache
2024-11-07 21:12:32,448 : INFO : ConfigProcessor : Loading config from cache: /var/folders/sv/d29kcl5x50v7vt1n6xb5jsd40000gn/T/c57745b2fe399992c4aedf0209f8acc9.mpf_cache
2024-11-07 21:12:32,449 : INFO : ConfigProcessor : Loading config from cache: /var/folders/sv/d29kcl5x50v7vt1n6xb5jsd40000gn/T/4d7707f845442344c77faa09114dd414.mpf_cache
2024-11-07 21:12:32,449 : INFO : ConfigProcessor : Loading config from cache: /var/folders/sv/d29kcl5x50v7vt1n6xb5jsd40000gn/T/13b622eeb34cc558f4c171e6faf49f20.mpf_cache
2024-11-07 21:12:32,449 : INFO : ConfigProcessor : Loading config from cache: /var/folders/sv/d29kcl5x50v7vt1n6xb5jsd40000gn/T/897ffb6d77163469c302d894201d7081.mpf_cache
2024-11-07 21:12:32,449 : INFO : ConfigProcessor : Loading config from cache: /var/folders/sv/d29kcl5x50v7vt1n6xb5jsd40000gn/T/51caa30b8c50b4dd14ddbf8a263fb4c6.mpf_cache
2024-11-07 21:12:32,449 : INFO : ConfigProcessor : Loading config from cache: /var/folders/sv/d29kcl5x50v7vt1n6xb5jsd40000gn/T/aa4dd12681abd3ba3467de4d4b71c6b2.mpf_cache
2024-11-07 21:12:32,449 : INFO : ConfigProcessor : Loading config from cache: /var/folders/sv/d29kcl5x50v7vt1n6xb5jsd40000gn/T/edf8b775a93855f849af0e2eff0a7bac.mpf_cache
2024-11-07 21:12:32,449 : INFO : ConfigProcessor : Loading config from cache: /var/folders/sv/d29kcl5x50v7vt1n6xb5jsd40000gn/T/a8808f7c3567c8d62dc12e9ad7d55d7c.mpf_cache
2024-11-07 21:12:32,450 : INFO : ConfigProcessor : Loading config from cache: /var/folders/sv/d29kcl5x50v7vt1n6xb5jsd40000gn/T/9437faed8d9c330c56f3b67b3f9b149d.mpf_cache
2024-11-07 21:12:32,450 : INFO : ConfigProcessor : Loading config from cache: /var/folders/sv/d29kcl5x50v7vt1n6xb5jsd40000gn/T/4bb31ac09fad15f35aa3bae4975f2b4d.mpf_cache
2024-11-07 21:12:32,450 : INFO : ConfigProcessor : Loading config from cache: /var/folders/sv/d29kcl5x50v7vt1n6xb5jsd40000gn/T/3048ed2d7ea14eee3db896f6760aa474.mpf_cache
2024-11-07 21:12:32,450 : INFO : ConfigProcessor : Loading config from cache: /var/folders/sv/d29kcl5x50v7vt1n6xb5jsd40000gn/T/a14a120665a0ee9fd8a6e22274033983.mpf_cache
2024-11-07 21:12:32,450 : INFO : ConfigProcessor : Loading config from cache: /var/folders/sv/d29kcl5x50v7vt1n6xb5jsd40000gn/T/984de704eb69e43ca43e84d7915bfa21.mpf_cache
2024-11-07 21:12:32,451 : INFO : ConfigProcessor : Loading config from cache: /var/folders/sv/d29kcl5x50v7vt1n6xb5jsd40000gn/T/e151291736403f63db558dae8f86b9a6.mpf_cache
2024-11-07 21:12:32,451 : INFO : ConfigProcessor : Loading config from cache: /var/folders/sv/d29kcl5x50v7vt1n6xb5jsd40000gn/T/81ffe1796583077c7101a9635dd90e73.mpf_cache
2024-11-07 21:12:32,451 : INFO : ConfigProcessor : Loading config from cache: /var/folders/sv/d29kcl5x50v7vt1n6xb5jsd40000gn/T/0a9cb7260d26760274024f443d38cc22.mpf_cache
2024-11-07 21:12:32,451 : INFO : ConfigProcessor : Loading config from cache: /var/folders/sv/d29kcl5x50v7vt1n6xb5jsd40000gn/T/deb753c2acdccb3c49ddc8f2a7e04ee6.mpf_cache
2024-11-07 21:12:32,452 : INFO : ConfigProcessor : Loading config from cache: /var/folders/sv/d29kcl5x50v7vt1n6xb5jsd40000gn/T/4a90c06755c4a5beef2ee4c243f54397.mpf_cache
2024-11-07 21:12:32,452 : INFO : Machine : Mission Pinball Framework Core Engine v0.80.0.dev1
2024-11-07 21:12:32,452 : INFO : Machine : Command line arguments: {'no_load_cache': False, 'create_config_cache': True, 'bcp': True, 'configfile': ['config.yaml'], 'force_assets_load': False, 'platform_integration_test': False, 'jsonlogging': False, 'logfile': 'logs/2024-11-07-21-12-32-mpf-Nicks-Air.lan.log', 'pause': False, 'production': False, 'text_ui': True, 'loglevel': 15, 'consoleloglevel': 20, 'force_platform': None, 'syslog_address': None, 'mc_file_name': None, 'no_sound': False, 'full_logfile_path': '/Users/nicktaseris/Desktop/Pinball/KOTH/logs/2024-11-07-21-12-32-mpf-Nicks-Air.lan.log'}
2024-11-07 21:12:32,452 : INFO : Machine : MPF path: /Users/nicktaseris/mpfenv/lib/python3.9/site-packages/mpf
2024-11-07 21:12:32,452 : INFO : Machine : Machine path: /Users/nicktaseris/Desktop/Pinball/KOTH
2024-11-07 21:12:32,452 : INFO : Machine : Platform: darwin
2024-11-07 21:12:32,452 : INFO : Machine : Python executable location: /Users/nicktaseris/mpfenv/bin/python3
2024-11-07 21:12:32,452 : INFO : Machine : Python version: 3.9.13 (64-bit)
2024-11-07 21:12:32,452 : INFO : Machine : Initializing MPF...
2024-11-07 21:12:32,488 : INFO : EventManager : Event: ======'machine_var_credits_string'====== Args={'value': 'FREE PLAY', 'prev_value': None, 'change': True}
2024-11-07 21:12:32,500 : INFO : EventManager : Event: ======'machine_var_master_volume'====== Args={'value': 0.5, 'prev_value': None, 'change': True}
2024-11-07 21:12:32,500 : INFO : EventManager : Event: ======'machine_var_player1_score'====== Args={'value': 48340150, 'prev_value': None, 'change': True}
2024-11-07 21:12:32,500 : INFO : EventManager : Event: ======'machine_var_mpf_version'====== Args={'value': 'Mission Pinball Framework v0.80.0.dev1', 'prev_value': None, 'change': True}
2024-11-07 21:12:32,500 : INFO : EventManager : Event: ======'machine_var_mpf_extended_version'====== Args={'value': 'Mission Pinball Framework v0.80.0.dev1, Config version:6, Show version: 6, BCP version:1.1', 'prev_value': None, 'change': True}
2024-11-07 21:12:32,501 : INFO : EventManager : Event: ======'machine_var_python_version'====== Args={'value': '3.9.13', 'prev_value': None, 'change': True}
2024-11-07 21:12:32,511 : INFO : EventManager : Event: ======'machine_var_platform'====== Args={'value': 'macOS-12.1-arm64-arm-64bit', 'prev_value': None, 'change': True}
2024-11-07 21:12:32,511 : INFO : EventManager : Event: ======'machine_var_platform_system'====== Args={'value': 'Darwin', 'prev_value': None, 'change': True}
2024-11-07 21:12:32,511 : INFO : EventManager : Event: ======'machine_var_platform_release'====== Args={'value': '21.2.0', 'prev_value': None, 'change': True}
2024-11-07 21:12:32,511 : INFO : EventManager : Event: ======'machine_var_platform_version'====== Args={'value': 'Darwin Kernel Version 21.2.0: Sun Nov 28 20:29:10 PST 2021; root:xnu-8019.61.5~1/RELEASE_ARM64_T8101', 'prev_value': None, 'change': True}
2024-11-07 21:12:32,511 : INFO : EventManager : Event: ======'machine_var_platform_machine'====== Args={'value': 'arm64', 'prev_value': None, 'change': True}
2024-11-07 21:12:32,511 : INFO : EventManager : Event: ======'machine_var_log_file_path'====== Args={'value': '/Users/nicktaseris/Desktop/Pinball/KOTH/logs/2024-11-07-21-12-32-mpf-Nicks-Air.lan.log', 'prev_value': None, 'change': True}
2024-11-07 21:12:32,511 : INFO : EventManager : Event: ======'init_phase_1'====== Args={}
2024-11-07 21:12:32,534 : INFO : EventManager : Event: ======'drop_target_bank_strickland_bank_up'====== Args={}
2024-11-07 21:12:32,535 : INFO : EventManager : Event: ======'init_phase_2'====== Args={}
2024-11-07 21:12:32,535 : INFO : SwitchController : Found active switch: ('39', <Platform.SmartVirtual>) <switch.s_trough1>
2024-11-07 21:12:32,535 : INFO : SwitchController : Found active switch: ('40', <Platform.SmartVirtual>) <switch.s_trough2>
2024-11-07 21:12:32,535 : INFO : SwitchController : Found active switch: ('41', <Platform.SmartVirtual>) <switch.s_trough3>
2024-11-07 21:12:32,535 : INFO : SwitchController : Found active switch: ('42', <Platform.SmartVirtual>) <switch.s_trough4>
2024-11-07 21:12:32,535 : INFO : SwitchController : Found active switch: ('43', <Platform.SmartVirtual>) <switch.s_trough5>
2024-11-07 21:12:32,536 : INFO : SwitchController : Found active switch: ('44', <Platform.SmartVirtual>) <switch.s_trough6>
2024-11-07 21:12:32,542 : INFO : EventManager : Event: ======'machine_var_score1_label'====== Args={'value': 'GRAND CHAMPION', 'prev_value': None, 'change': True}
2024-11-07 21:12:32,542 : INFO : EventManager : Event: ======'machine_var_score1_name'====== Args={'value': 'CCC', 'prev_value': None, 'change': True}
2024-11-07 21:12:32,542 : INFO : EventManager : Event: ======'machine_var_score1_value'====== Args={'value': 68340100, 'prev_value': None, 'change': True}
2024-11-07 21:12:32,542 : INFO : EventManager : Event: ======'machine_var_score2_label'====== Args={'value': 'HIGH SCORE 1', 'prev_value': None, 'change': True}
2024-11-07 21:12:32,542 : INFO : EventManager : Event: ======'machine_var_score2_name'====== Args={'value': 'AAAAAAAAAAAAAA', 'prev_value': None, 'change': True}
2024-11-07 21:12:32,542 : INFO : EventManager : Event: ======'machine_var_score2_value'====== Args={'value': 62250100, 'prev_value': None, 'change': True}
2024-11-07 21:12:32,542 : INFO : EventManager : Event: ======'machine_var_score3_label'====== Args={'value': 'HIGH SCORE 2', 'prev_value': None, 'change': True}
2024-11-07 21:12:32,542 : INFO : EventManager : Event: ======'machine_var_score3_name'====== Args={'value': 'DDDD', 'prev_value': None, 'change': True}
2024-11-07 21:12:32,542 : INFO : EventManager : Event: ======'machine_var_score3_value'====== Args={'value': 49430150, 'prev_value': None, 'change': True}
2024-11-07 21:12:32,542 : INFO : EventManager : Event: ======'machine_var_score4_label'====== Args={'value': 'HIGH SCORE 3', 'prev_value': None, 'change': True}
2024-11-07 21:12:32,542 : INFO : EventManager : Event: ======'machine_var_score4_name'====== Args={'value': 'AAAAA', 'prev_value': None, 'change': True}
2024-11-07 21:12:32,542 : INFO : EventManager : Event: ======'machine_var_score4_value'====== Args={'value': 48340150, 'prev_value': None, 'change': True}
2024-11-07 21:12:32,543 : INFO : EventManager : Event: ======'bcp_connection_attempt'====== Args={'name': 'local_display', 'host': 'localhost', 'port': 5050}
2024-11-07 21:12:32,544 : INFO : BCPClientSocket : Connecting BCP to 'local_display' at localhost:5050...
2024-11-07 21:12:35,023 : INFO : BCPClientSocket : Connected BCP to 'local_display' localhost:5050
2024-11-07 21:12:35,024 : INFO : EventManager : Event: ======'bcp_clients_connected'====== Args={}
2024-11-07 21:12:35,028 : INFO : ball_device.bd_trough : BCH: Initial count: 6
2024-11-07 21:12:35,028 : INFO : ball_device.bd_trough : State: idle
2024-11-07 21:12:35,029 : INFO : ball_device.bd_plunger : BCH: Initial count: 0
2024-11-07 21:12:35,030 : INFO : ball_device.bd_plunger : State: idle
2024-11-07 21:12:35,030 : INFO : ball_device.bd_scoop : BCH: Initial count: 0
2024-11-07 21:12:35,030 : INFO : ball_device.bd_scoop : State: idle
2024-11-07 21:12:35,036 : INFO : EventManager : Event: ======'init_phase_3'====== Args={}
2024-11-07 21:12:35,038 : INFO : EventManager : Event: ======'init_phase_4'====== Args={}
2024-11-07 21:12:35,040 : INFO : BallController : Initial balls found: 6
2024-11-07 21:12:35,041 : INFO : EventManager : Event: ======'machine_var_audits_events_game_ended'====== Args={'value': 19, 'prev_value': None, 'change': True}
2024-11-07 21:12:35,041 : INFO : EventManager : Event: ======'machine_var_audits_events_game_started'====== Args={'value': 1295, 'prev_value': None, 'change': True}
2024-11-07 21:12:35,041 : INFO : EventManager : Event: ======'machine_var_audits_missing_switches_s_a_target'====== Args={'value': 17, 'prev_value': None, 'change': True}
2024-11-07 21:12:35,041 : INFO : EventManager : Event: ======'machine_var_audits_missing_switches_s_bottom_inline_drop'====== Args={'value': 95, 'prev_value': None, 'change': True}
2024-11-07 21:12:35,041 : INFO : EventManager : Event: ======'machine_var_audits_missing_switches_s_bottom_pop_bumper'====== Args={'value': 49, 'prev_value': None, 'change': True}
2024-11-07 21:12:35,041 : INFO : EventManager : Event: ======'machine_var_audits_missing_switches_s_center_spinner'====== Args={'value': 48, 'prev_value': None, 'change': True}
2024-11-07 21:12:35,041 : INFO : EventManager : Event: ======'machine_var_audits_missing_switches_s_e_target'====== Args={'value': 45, 'prev_value': None, 'change': True}
2024-11-07 21:12:35,041 : INFO : EventManager : Event: ======'machine_var_audits_missing_switches_s_launch_button'====== Args={'value': 766, 'prev_value': None, 'change': True}
2024-11-07 21:12:35,041 : INFO : EventManager : Event: ======'machine_var_audits_missing_switches_s_left_flipper'====== Args={'value': 25, 'prev_value': None, 'change': True}
2024-11-07 21:12:35,041 : INFO : EventManager : Event: ======'machine_var_audits_missing_switches_s_left_inlane'====== Args={'value': 5, 'prev_value': None, 'change': True}
2024-11-07 21:12:35,041 : INFO : EventManager : Event: ======'machine_var_audits_missing_switches_s_left_inner_horseshoe'====== Args={'value': 45, 'prev_value': None, 'change': True}
2024-11-07 21:12:35,041 : INFO : EventManager : Event: ======'machine_var_audits_missing_switches_s_left_orbit_enter'====== Args={'value': 91, 'prev_value': None, 'change': True}
2024-11-07 21:12:35,041 : INFO : EventManager : Event: ======'machine_var_audits_missing_switches_s_left_orbit_exit'====== Args={'value': 487, 'prev_value': None, 'change': True}
2024-11-07 21:12:35,041 : INFO : EventManager : Event: ======'machine_var_audits_missing_switches_s_left_outlane'====== Args={'value': 18, 'prev_value': None, 'change': True}
2024-11-07 21:12:35,042 : INFO : EventManager : Event: ======'machine_var_audits_missing_switches_s_left_pop_bumper'====== Args={'value': 854, 'prev_value': None, 'change': True}
2024-11-07 21:12:35,042 : INFO : EventManager : Event: ======'machine_var_audits_missing_switches_s_left_ramp_enter'====== Args={'value': 12, 'prev_value': None, 'change': True}
2024-11-07 21:12:35,042 : INFO : EventManager : Event: ======'machine_var_audits_missing_switches_s_left_ramp_exit'====== Args={'value': 4, 'prev_value': None, 'change': True}
2024-11-07 21:12:35,042 : INFO : EventManager : Event: ======'machine_var_audits_missing_switches_s_left_ramp_standup'====== Args={'value': 24, 'prev_value': None, 'change': True}
2024-11-07 21:12:35,042 : INFO : EventManager : Event: ======'machine_var_audits_missing_switches_s_left_rollover_lane'====== Args={'value': 48, 'prev_value': None, 'change': True}
2024-11-07 21:12:35,042 : INFO : EventManager : Event: ======'machine_var_audits_missing_switches_s_left_sling'====== Args={'value': 945, 'prev_value': None, 'change': True}
2024-11-07 21:12:35,042 : INFO : EventManager : Event: ======'machine_var_audits_missing_switches_s_left_spinner'====== Args={'value': 48, 'prev_value': None, 'change': True}
2024-11-07 21:12:35,042 : INFO : EventManager : Event: ======'machine_var_audits_missing_switches_s_middle_inline_drop'====== Args={'value': 95, 'prev_value': None, 'change': True}
2024-11-07 21:12:35,042 : INFO : EventManager : Event: ======'machine_var_audits_missing_switches_s_middle_rollover_lane'====== Args={'value': 48, 'prev_value': None, 'change': True}
2024-11-07 21:12:35,042 : INFO : EventManager : Event: ======'machine_var_audits_missing_switches_s_n_target'====== Args={'value': 12, 'prev_value': None, 'change': True}
2024-11-07 21:12:35,042 : INFO : EventManager : Event: ======'machine_var_audits_missing_switches_s_p2_target'====== Args={'value': 15, 'prev_value': None, 'change': True}
2024-11-07 21:12:35,042 : INFO : EventManager : Event: ======'machine_var_audits_missing_switches_s_right_inlane'====== Args={'value': 12, 'prev_value': None, 'change': True}
2024-11-07 21:12:35,043 : INFO : EventManager : Event: ======'machine_var_audits_missing_switches_s_right_inner_horseshoe'====== Args={'value': 45, 'prev_value': None, 'change': True}
2024-11-07 21:12:35,043 : INFO : EventManager : Event: ======'machine_var_audits_missing_switches_s_right_orbit_exit'====== Args={'value': 487, 'prev_value': None, 'change': True}
2024-11-07 21:12:35,043 : INFO : EventManager : Event: ======'machine_var_audits_missing_switches_s_right_outlane'====== Args={'value': 18, 'prev_value': None, 'change': True}
2024-11-07 21:12:35,043 : INFO : EventManager : Event: ======'machine_var_audits_missing_switches_s_right_pop_bumper'====== Args={'value': 94, 'prev_value': None, 'change': True}
2024-11-07 21:12:35,043 : INFO : EventManager : Event: ======'machine_var_audits_missing_switches_s_right_ramp_enter'====== Args={'value': 16, 'prev_value': None, 'change': True}
2024-11-07 21:12:35,043 : INFO : EventManager : Event: ======'machine_var_audits_missing_switches_s_right_ramp_exit'====== Args={'value': 4, 'prev_value': None, 'change': True}
2024-11-07 21:12:35,043 : INFO : EventManager : Event: ======'machine_var_audits_missing_switches_s_right_ramp_standup'====== Args={'value': 48, 'prev_value': None, 'change': True}
2024-11-07 21:12:35,043 : INFO : EventManager : Event: ======'machine_var_audits_missing_switches_s_right_rollover_lane'====== Args={'value': 48, 'prev_value': None, 'change': True}
2024-11-07 21:12:35,043 : INFO : EventManager : Event: ======'machine_var_audits_missing_switches_s_right_sling'====== Args={'value': 45, 'prev_value': None, 'change': True}
2024-11-07 21:12:35,043 : INFO : EventManager : Event: ======'machine_var_audits_missing_switches_s_start'====== Args={'value': 3, 'prev_value': None, 'change': True}
2024-11-07 21:12:35,043 : INFO : EventManager : Event: ======'machine_var_audits_missing_switches_s_top_inline_drop'====== Args={'value': 278, 'prev_value': None, 'change': True}
2024-11-07 21:12:35,044 : INFO : EventManager : Event: ======'machine_var_audits_missing_switches_s_trough1'====== Args={'value': 48, 'prev_value': None, 'change': True}
2024-11-07 21:12:35,044 : INFO : EventManager : Event: ======'machine_var_audits_missing_switches_s_trough2'====== Args={'value': 93, 'prev_value': None, 'change': True}
2024-11-07 21:12:35,044 : INFO : EventManager : Event: ======'machine_var_audits_missing_switches_s_trough3'====== Args={'value': 93, 'prev_value': None, 'change': True}
2024-11-07 21:12:35,044 : INFO : EventManager : Event: ======'machine_var_audits_missing_switches_s_trough4'====== Args={'value': 717, 'prev_value': None, 'change': True}
2024-11-07 21:12:35,044 : INFO : EventManager : Event: ======'machine_var_audits_missing_switches_s_trough5'====== Args={'value': 1250, 'prev_value': None, 'change': True}
2024-11-07 21:12:35,044 : INFO : EventManager : Event: ======'machine_var_audits_missing_switches_s_trough6'====== Args={'value': 1250, 'prev_value': None, 'change': True}
2024-11-07 21:12:35,044 : INFO : EventManager : Event: ======'machine_var_audits_missing_switches_s_trough_jam'====== Args={'value': 1183, 'prev_value': None, 'change': True}
2024-11-07 21:12:35,044 : INFO : EventManager : Event: ======'machine_var_audits_player_score'====== Args={'value': {'average': 25651308, 'top': [68340100, 62250100, 49430150, 48340150, 40340150, 36245050, 36245050, 35245050, 34335100, 34245100], 'total': 21}, 'prev_value': None, 'change': True}
2024-11-07 21:12:35,044 : INFO : EventManager : Event: ======'machine_var_audits_shots_a_rollover_lane'====== Args={'value': 237, 'prev_value': None, 'change': True}
2024-11-07 21:12:35,044 : INFO : EventManager : Event: ======'machine_var_audits_shots_a_target'====== Args={'value': 7, 'prev_value': None, 'change': True}
2024-11-07 21:12:35,045 : INFO : EventManager : Event: ======'machine_var_audits_shots_ball_lock_a_target'====== Args={'value': 6, 'prev_value': None, 'change': True}
2024-11-07 21:12:35,045 : INFO : EventManager : Event: ======'machine_var_audits_shots_ball_lock_e_target'====== Args={'value': 5, 'prev_value': None, 'change': True}
2024-11-07 21:12:35,045 : INFO : EventManager : Event: ======'machine_var_audits_shots_ball_lock_n_target'====== Args={'value': 5, 'prev_value': None, 'change': True}
2024-11-07 21:12:35,045 : INFO : EventManager : Event: ======'machine_var_audits_shots_ball_lock_p2_target'====== Args={'value': 9, 'prev_value': None, 'change': True}
2024-11-07 21:12:35,045 : INFO : EventManager : Event: ======'machine_var_audits_shots_bottom_inline_drop'====== Args={'value': 50, 'prev_value': None, 'change': True}
2024-11-07 21:12:35,045 : INFO : EventManager : Event: ======'machine_var_audits_shots_e_target'====== Args={'value': 3, 'prev_value': None, 'change': True}
2024-11-07 21:12:35,045 : INFO : EventManager : Event: ======'machine_var_audits_shots_h_rollover_lane'====== Args={'value': 219, 'prev_value': None, 'change': True}
2024-11-07 21:12:35,045 : INFO : EventManager : Event: ======'machine_var_audits_shots_k_rollover_lane'====== Args={'value': 214, 'prev_value': None, 'change': True}
2024-11-07 21:12:35,045 : INFO : EventManager : Event: ======'machine_var_audits_shots_left_rollover_lane'====== Args={'value': 224, 'prev_value': None, 'change': True}
2024-11-07 21:12:35,046 : INFO : EventManager : Event: ======'machine_var_audits_shots_middle_inline_drop'====== Args={'value': 49, 'prev_value': None, 'change': True}
2024-11-07 21:12:35,046 : INFO : EventManager : Event: ======'machine_var_audits_shots_middle_rollover_lane'====== Args={'value': 213, 'prev_value': None, 'change': True}
2024-11-07 21:12:35,046 : INFO : EventManager : Event: ======'machine_var_audits_shots_mode_scoop'====== Args={'value': 159, 'prev_value': None, 'change': True}
2024-11-07 21:12:35,046 : INFO : EventManager : Event: ======'machine_var_audits_shots_n_rollover_lane'====== Args={'value': 223, 'prev_value': None, 'change': True}
2024-11-07 21:12:35,046 : INFO : EventManager : Event: ======'machine_var_audits_shots_n_target'====== Args={'value': 9, 'prev_value': None, 'change': True}
2024-11-07 21:12:35,046 : INFO : EventManager : Event: ======'machine_var_audits_shots_o_target'====== Args={'value': 4, 'prev_value': None, 'change': True}
2024-11-07 21:12:35,046 : INFO : EventManager : Event: ======'machine_var_audits_shots_p2_target'====== Args={'value': 5, 'prev_value': None, 'change': True}
2024-11-07 21:12:35,047 : INFO : EventManager : Event: ======'machine_var_audits_shots_p_target'====== Args={'value': 8, 'prev_value': None, 'change': True}
2024-11-07 21:12:35,047 : INFO : EventManager : Event: ======'machine_var_audits_shots_qualify_a_target'====== Args={'value': 7, 'prev_value': None, 'change': True}
2024-11-07 21:12:35,047 : INFO : EventManager : Event: ======'machine_var_audits_shots_qualify_e_target'====== Args={'value': 8, 'prev_value': None, 'change': True}
2024-11-07 21:12:35,047 : INFO : EventManager : Event: ======'machine_var_audits_shots_qualify_n_target'====== Args={'value': 7, 'prev_value': None, 'change': True}
2024-11-07 21:12:35,047 : INFO : EventManager : Event: ======'machine_var_audits_shots_qualify_o_target'====== Args={'value': 541, 'prev_value': None, 'change': True}
2024-11-07 21:12:35,047 : INFO : EventManager : Event: ======'machine_var_audits_shots_qualify_p2_target'====== Args={'value': 9, 'prev_value': None, 'change': True}
2024-11-07 21:12:35,047 : INFO : EventManager : Event: ======'machine_var_audits_shots_qualify_p_target'====== Args={'value': 514, 'prev_value': None, 'change': True}
2024-11-07 21:12:35,047 : INFO : EventManager : Event: ======'machine_var_audits_shots_qualify_r_target'====== Args={'value': 550, 'prev_value': None, 'change': True}
2024-11-07 21:12:35,048 : INFO : EventManager : Event: ======'machine_var_audits_shots_r_target'====== Args={'value': 14, 'prev_value': None, 'change': True}
2024-11-07 21:12:35,048 : INFO : EventManager : Event: ======'machine_var_audits_shots_rainey_multiball_ball_lock_a_target'====== Args={'value': 151, 'prev_value': None, 'change': True}
2024-11-07 21:12:35,048 : INFO : EventManager : Event: ======'machine_var_audits_shots_rainey_multiball_ball_lock_e_target'====== Args={'value': 128, 'prev_value': None, 'change': True}
2024-11-07 21:12:35,048 : INFO : EventManager : Event: ======'machine_var_audits_shots_rainey_multiball_ball_lock_n_target'====== Args={'value': 129, 'prev_value': None, 'change': True}
2024-11-07 21:12:35,048 : INFO : EventManager : Event: ======'machine_var_audits_shots_rainey_multiball_ball_lock_p2_target'====== Args={'value': 250, 'prev_value': None, 'change': True}
2024-11-07 21:12:35,048 : INFO : EventManager : Event: ======'machine_var_audits_shots_right_rollover_lane'====== Args={'value': 216, 'prev_value': None, 'change': True}
2024-11-07 21:12:35,048 : INFO : EventManager : Event: ======'machine_var_audits_shots_scoop'====== Args={'value': 285, 'prev_value': None, 'change': True}
2024-11-07 21:12:35,049 : INFO : EventManager : Event: ======'machine_var_audits_shots_scoop_mission_select'====== Args={'value': 57, 'prev_value': None, 'change': True}
2024-11-07 21:12:35,049 : INFO : EventManager : Event: ======'machine_var_audits_shots_shot_left_ramp'====== Args={'value': 58, 'prev_value': None, 'change': True}
2024-11-07 21:12:35,049 : INFO : EventManager : Event: ======'machine_var_audits_shots_shot_right_ramp'====== Args={'value': 55, 'prev_value': None, 'change': True}
2024-11-07 21:12:35,049 : INFO : EventManager : Event: ======'machine_var_audits_shots_skillshot_a_target'====== Args={'value': 115, 'prev_value': None, 'change': True}
2024-11-07 21:12:35,049 : INFO : EventManager : Event: ======'machine_var_audits_shots_skillshot_e_target'====== Args={'value': 96, 'prev_value': None, 'change': True}
2024-11-07 21:12:35,049 : INFO : EventManager : Event: ======'machine_var_audits_shots_skillshot_n_target'====== Args={'value': 87, 'prev_value': None, 'change': True}
2024-11-07 21:12:35,049 : INFO : EventManager : Event: ======'machine_var_audits_shots_skillshot_o_target'====== Args={'value': 172, 'prev_value': None, 'change': True}
2024-11-07 21:12:35,050 : INFO : EventManager : Event: ======'machine_var_audits_shots_skillshot_p2_target'====== Args={'value': 198, 'prev_value': None, 'change': True}
2024-11-07 21:12:35,050 : INFO : EventManager : Event: ======'machine_var_audits_shots_skillshot_p_target'====== Args={'value': 141, 'prev_value': None, 'change': True}
2024-11-07 21:12:35,050 : INFO : EventManager : Event: ======'machine_var_audits_shots_skillshot_r_target'====== Args={'value': 177, 'prev_value': None, 'change': True}
2024-11-07 21:12:35,050 : INFO : EventManager : Event: ======'machine_var_audits_shots_spinner'====== Args={'value': 11, 'prev_value': None, 'change': True}
2024-11-07 21:12:35,050 : INFO : EventManager : Event: ======'machine_var_audits_shots_top_inline_drop'====== Args={'value': 8, 'prev_value': None, 'change': True}
2024-11-07 21:12:35,050 : INFO : EventManager : Event: ======'machine_var_audits_switches_s_a_target'====== Args={'value': 279, 'prev_value': None, 'change': True}
2024-11-07 21:12:35,051 : INFO : EventManager : Event: ======'machine_var_audits_switches_s_bottom_inline_drop'====== Args={'value': 1072, 'prev_value': None, 'change': True}
2024-11-07 21:12:35,051 : INFO : EventManager : Event: ======'machine_var_audits_switches_s_bottom_pop_bumper'====== Args={'value': 833, 'prev_value': None, 'change': True}
2024-11-07 21:12:35,051 : INFO : EventManager : Event: ======'machine_var_audits_switches_s_center_spinner'====== Args={'value': 354, 'prev_value': None, 'change': True}
2024-11-07 21:12:35,051 : INFO : EventManager : Event: ======'machine_var_audits_switches_s_e_target'====== Args={'value': 261, 'prev_value': None, 'change': True}
2024-11-07 21:12:35,051 : INFO : EventManager : Event: ======'machine_var_audits_switches_s_launch_button'====== Args={'value': 10, 'prev_value': None, 'change': True}
2024-11-07 21:12:35,051 : INFO : EventManager : Event: ======'machine_var_audits_switches_s_left_flipper'====== Args={'value': 685, 'prev_value': None, 'change': True}
2024-11-07 21:12:35,052 : INFO : EventManager : Event: ======'machine_var_audits_switches_s_left_inlane'====== Args={'value': 248, 'prev_value': None, 'change': True}
2024-11-07 21:12:35,052 : INFO : EventManager : Event: ======'machine_var_audits_switches_s_left_inner_horseshoe'====== Args={'value': 20, 'prev_value': None, 'change': True}
2024-11-07 21:12:35,052 : INFO : EventManager : Event: ======'machine_var_audits_switches_s_left_orbit_enter'====== Args={'value': 118, 'prev_value': None, 'change': True}
2024-11-07 21:12:35,052 : INFO : EventManager : Event: ======'machine_var_audits_switches_s_left_orbit_exit'====== Args={'value': 21, 'prev_value': None, 'change': True}
2024-11-07 21:12:35,052 : INFO : EventManager : Event: ======'machine_var_audits_switches_s_left_outlane'====== Args={'value': 245, 'prev_value': None, 'change': True}
2024-11-07 21:12:35,053 : INFO : EventManager : Event: ======'machine_var_audits_switches_s_left_pop_bumper'====== Args={'value': 9, 'prev_value': None, 'change': True}
2024-11-07 21:12:35,053 : INFO : EventManager : Event: ======'machine_var_audits_switches_s_left_ramp_enter'====== Args={'value': 36, 'prev_value': None, 'change': True}
2024-11-07 21:12:35,053 : INFO : EventManager : Event: ======'machine_var_audits_switches_s_left_ramp_exit'====== Args={'value': 81, 'prev_value': None, 'change': True}
2024-11-07 21:12:35,053 : INFO : EventManager : Event: ======'machine_var_audits_switches_s_left_ramp_standup'====== Args={'value': 1586, 'prev_value': None, 'change': True}
2024-11-07 21:12:35,053 : INFO : EventManager : Event: ======'machine_var_audits_switches_s_left_rollover_lane'====== Args={'value': 229, 'prev_value': None, 'change': True}
2024-11-07 21:12:35,053 : INFO : EventManager : Event: ======'machine_var_audits_switches_s_left_sling'====== Args={'value': 12, 'prev_value': None, 'change': True}
2024-11-07 21:12:35,054 : INFO : EventManager : Event: ======'machine_var_audits_switches_s_left_spinner'====== Args={'value': 288, 'prev_value': None, 'change': True}
2024-11-07 21:12:35,054 : INFO : EventManager : Event: ======'machine_var_audits_switches_s_middle_inline_drop'====== Args={'value': 1053, 'prev_value': None, 'change': True}
2024-11-07 21:12:35,054 : INFO : EventManager : Event: ======'machine_var_audits_switches_s_middle_rollover_lane'====== Args={'value': 216, 'prev_value': None, 'change': True}
2024-11-07 21:12:35,054 : INFO : EventManager : Event: ======'machine_var_audits_switches_s_n_target'====== Args={'value': 251, 'prev_value': None, 'change': True}
2024-11-07 21:12:35,054 : INFO : EventManager : Event: ======'machine_var_audits_switches_s_o_target'====== Args={'value': 604, 'prev_value': None, 'change': True}
2024-11-07 21:12:35,054 : INFO : EventManager : Event: ======'machine_var_audits_switches_s_p2_target'====== Args={'value': 335, 'prev_value': None, 'change': True}
2024-11-07 21:12:35,055 : INFO : EventManager : Event: ======'machine_var_audits_switches_s_p_target'====== Args={'value': 792, 'prev_value': None, 'change': True}
2024-11-07 21:12:35,055 : INFO : EventManager : Event: ======'machine_var_audits_switches_s_plunger'====== Args={'value': 1647, 'prev_value': None, 'change': True}
2024-11-07 21:12:35,055 : INFO : EventManager : Event: ======'machine_var_audits_switches_s_plunger_lane'====== Args={'value': 39, 'prev_value': None, 'change': True}
2024-11-07 21:12:35,055 : INFO : EventManager : Event: ======'machine_var_audits_switches_s_plunger_lane_exit'====== Args={'value': 1310, 'prev_value': None, 'change': True}
2024-11-07 21:12:35,055 : INFO : EventManager : Event: ======'machine_var_audits_switches_s_r_target'====== Args={'value': 610, 'prev_value': None, 'change': True}
2024-11-07 21:12:35,056 : INFO : EventManager : Event: ======'machine_var_audits_switches_s_right_flipper'====== Args={'value': 2411, 'prev_value': None, 'change': True}
2024-11-07 21:12:35,056 : INFO : EventManager : Event: ======'machine_var_audits_switches_s_right_inlane'====== Args={'value': 232, 'prev_value': None, 'change': True}
2024-11-07 21:12:35,056 : INFO : EventManager : Event: ======'machine_var_audits_switches_s_right_inner_horseshoe'====== Args={'value': 30, 'prev_value': None, 'change': True}
2024-11-07 21:12:35,056 : INFO : EventManager : Event: ======'machine_var_audits_switches_s_right_orbit_exit'====== Args={'value': 34, 'prev_value': None, 'change': True}
2024-11-07 21:12:35,056 : INFO : EventManager : Event: ======'machine_var_audits_switches_s_right_outlane'====== Args={'value': 222, 'prev_value': None, 'change': True}
2024-11-07 21:12:35,057 : INFO : EventManager : Event: ======'machine_var_audits_switches_s_right_pop_bumper'====== Args={'value': 25, 'prev_value': None, 'change': True}
2024-11-07 21:12:35,057 : INFO : EventManager : Event: ======'machine_var_audits_switches_s_right_ramp_enter'====== Args={'value': 17, 'prev_value': None, 'change': True}
2024-11-07 21:12:35,057 : INFO : EventManager : Event: ======'machine_var_audits_switches_s_right_ramp_exit'====== Args={'value': 59, 'prev_value': None, 'change': True}
2024-11-07 21:12:35,057 : INFO : EventManager : Event: ======'machine_var_audits_switches_s_right_ramp_standup'====== Args={'value': 320, 'prev_value': None, 'change': True}
2024-11-07 21:12:35,057 : INFO : EventManager : Event: ======'machine_var_audits_switches_s_right_rollover_lane'====== Args={'value': 230, 'prev_value': None, 'change': True}
2024-11-07 21:12:35,058 : INFO : EventManager : Event: ======'machine_var_audits_switches_s_right_sling'====== Args={'value': 22, 'prev_value': None, 'change': True}
2024-11-07 21:12:35,058 : INFO : EventManager : Event: ======'machine_var_audits_switches_s_scoop'====== Args={'value': 1050, 'prev_value': None, 'change': True}
2024-11-07 21:12:35,058 : INFO : EventManager : Event: ======'machine_var_audits_switches_s_start'====== Args={'value': 899, 'prev_value': None, 'change': True}
2024-11-07 21:12:35,058 : INFO : EventManager : Event: ======'machine_var_audits_switches_s_top_inline_drop'====== Args={'value': 58, 'prev_value': None, 'change': True}
2024-11-07 21:12:35,058 : INFO : EventManager : Event: ======'machine_var_audits_switches_s_trough1'====== Args={'value': 574, 'prev_value': None, 'change': True}
2024-11-07 21:12:35,059 : INFO : EventManager : Event: ======'machine_var_audits_switches_s_trough2'====== Args={'value': 37, 'prev_value': None, 'change': True}
2024-11-07 21:12:35,059 : INFO : EventManager : Event: ======'machine_var_audits_switches_s_trough3'====== Args={'value': 22, 'prev_value': None, 'change': True}
2024-11-07 21:12:35,059 : INFO : EventManager : Event: ======'machine_var_audits_switches_s_trough4'====== Args={'value': 3, 'prev_value': None, 'change': True}
2024-11-07 21:12:35,059 : INFO : EventManager : Event: ======'machine_var_audits_switches_s_trough5'====== Args={'value': 2, 'prev_value': None, 'change': True}
2024-11-07 21:12:35,060 : INFO : EventManager : Event: ======'machine_var_audits_switches_s_trough6'====== Args={'value': 1, 'prev_value': None, 'change': True}
2024-11-07 21:12:35,060 : INFO : EventManager : Event: ======'machine_var_audits_switches_s_trough_jam'====== Args={'value': 5, 'prev_value': None, 'change': True}
2024-11-07 21:12:35,060 : INFO : EventManager : Event: ======'init_phase_5'====== Args={}
2024-11-07 21:12:35,065 : INFO : EventManager : Event: ======'init_done'====== Args={}
2024-11-07 21:12:35,065 : INFO : EventManager : Event: ======'machine_reset_phase_1'====== Args={}
2024-11-07 21:12:35,078 : INFO : EventManager : Event: ======'machine_reset_phase_2'====== Args={}
2024-11-07 21:12:35,078 : INFO : EventManager : Event: ======'machine_reset_phase_3'====== Args={}
2024-11-07 21:12:35,078 : INFO : drop_target_bank.strickland_bank : All targets are already up. Will not reset bank.
2024-11-07 21:12:35,078 : INFO : EventManager : Event: ======'reset_complete'====== Args={}
2024-11-07 21:12:35,078 : INFO : EventManager : Event: ======'mode_attract_will_start'====== Args={}
2024-11-07 21:12:35,078 : INFO : Timer.attract_switch : Starting Timer.
2024-11-07 21:12:35,078 : INFO : EventManager : Event: ======'timer_attract_switch_started'====== Args={'ticks': 0, 'ticks_remaining': 46}
2024-11-07 21:12:35,078 : INFO : EventManager : Event: ======'timer_attract_switch_tick'====== Args={'ticks': 0, 'ticks_remaining': 46}
2024-11-07 21:12:35,079 : INFO : EventManager : Event: ======'mode_attract_starting'====== Args={}
2024-11-07 21:12:35,079 : INFO : Mode.attract : Started. Priority: 10
2024-11-07 21:12:35,079 : INFO : EventManager : Event: ======'modes_active_modes_changed'====== Args={}
2024-11-07 21:12:35,079 : INFO : EventManager : Event: ======'mode_attract_started'====== Args={}
2024-11-07 21:12:35,079 : INFO : EventManager : Event: ======'collecting_balls_complete'====== Args={}
2024-11-07 21:12:35,079 : INFO : Machine : Starting the main run loop.
2024-11-07 21:12:35,701 : INFO : SwitchController : <<<<<<< 's_start' active >>>>>>>
2024-11-07 21:12:35,701 : INFO : EventManager : Event: ======'s_start_active'====== Args={}
2024-11-07 21:12:35,701 : INFO : EventManager : Event: ======'sw_add_player'====== Args={'priority': 0}
2024-11-07 21:12:35,822 : INFO : SwitchController : <<<<<<< 's_start' inactive >>>>>>>
2024-11-07 21:12:35,823 : INFO : EventManager : Event: ======'request_to_start_game'====== Args={}
2024-11-07 21:12:35,824 : INFO : EventManager : Event: ======'game_start'====== Args={'buttons': [], 'hold_time': 0.12165912500000031}
2024-11-07 21:12:35,824 : INFO : EventManager : Event: ======'mode_game_will_start'====== Args={'buttons': [], 'hold_time': 0.12165912500000031}
2024-11-07 21:12:35,825 : INFO : EventManager : Event: ======'mode_game_starting'====== Args={'buttons': [], 'hold_time': 0.12165912500000031}
2024-11-07 21:12:35,825 : INFO : EventManager : Event: ======'mode_attract_will_stop'====== Args={}
2024-11-07 21:12:35,826 : INFO : EventManager : Event: ======'mode_attract_stopping'====== Args={}
2024-11-07 21:12:35,826 : INFO : Mode.attract : Stopped.
2024-11-07 21:12:35,826 : INFO : EventManager : Event: ======'modes_active_modes_changed'====== Args={}
2024-11-07 21:12:35,827 : INFO : EventManager : Event: ======'mode_attract_stopped'====== Args={}
2024-11-07 21:12:35,828 : INFO : EventManager : Event: ======'clear'====== Args={'key': 'attract'}
2024-11-07 21:12:35,828 : INFO : Timer.attract_switch : Stopping Timer
2024-11-07 21:12:35,828 : INFO : EventManager : Event: ======'timer_attract_switch_stopped'====== Args={'ticks': 0, 'ticks_remaining': 46}
2024-11-07 21:12:35,829 : INFO : Mode.game : Started. Priority: 20
2024-11-07 21:12:35,829 : INFO : EventManager : Event: ======'modes_active_modes_changed'====== Args={}
2024-11-07 21:12:35,829 : INFO : EventManager : Event: ======'mode_game_started'====== Args={'buttons': [], 'hold_time': 0.12165912500000031}
2024-11-07 21:12:35,830 : INFO : EventManager : Event: ======'game_will_start'====== Args={}
2024-11-07 21:12:35,831 : INFO : EventManager : Event: ======'game_starting'====== Args={'game': <Mode.game>}
2024-11-07 21:12:35,832 : INFO : EventManager : Unordered handler for class <Auditor> on event game_ended with priority 1. Handlers: [RegisteredHandler(callback=<bound method Auditor.disable of <Auditor>>, priority=1, kwargs={}, key=UUID('048067ea-346b-4f6f-87e7-62bfb06d9eef'), condition=None, blocking_facility=None), RegisteredHandler(callback=<bound method Auditor._save_audits of <Auditor>>, priority=1, kwargs={}, key=UUID('b1b69289-39b8-4e36-933a-110b1dfbe95a'), condition=None, blocking_facility=None)]. The order of those handlers is not defined and they will be executed in random order. This might lead to race conditions and potential bugs.
2024-11-07 21:12:35,832 : INFO : EventManager : Event: ======'player_add_request'====== Args={}
2024-11-07 21:12:35,832 : INFO : EventManager : Event: ======'player_will_add'====== Args={'number': 1}
2024-11-07 21:12:35,833 : INFO : EventManager : Event: ======'player_adding'====== Args={'player': <Player 1>, 'number': 1}
2024-11-07 21:12:35,833 : INFO : EventManager : Event: ======'player_added'====== Args={'player': <Player 1>, 'num': 1}
2024-11-07 21:12:35,833 : INFO : Mode.game : Player added successfully. Total players: 1
2024-11-07 21:12:35,833 : INFO : EventManager : Event: ======'player_index'====== Args={'value': 0, 'prev_value': 0, 'change': 0, 'player_num': 1}
2024-11-07 21:12:35,834 : INFO : EventManager : Event: ======'player_number'====== Args={'value': 1, 'prev_value': 1, 'change': 0, 'player_num': 1}
2024-11-07 21:12:35,834 : INFO : EventManager : Event: ======'player_score'====== Args={'value': 0, 'prev_value': 0, 'change': 0, 'player_num': 1}
2024-11-07 21:12:35,835 : INFO : EventManager : Event: ======'game_started'====== Args={}
2024-11-07 21:12:35,847 : INFO : EventManager : Event: ======'player_turn_will_start'====== Args={'player': <Player 1>, 'number': 1}
2024-11-07 21:12:35,848 : INFO : EventManager : Event: ======'slide__removed'====== Args={'_from_bcp': True}
2024-11-07 21:12:35,848 : INFO : EventManager : Event: ======'player_turn_starting'====== Args={'player': <Player 1>, 'number': 1}
2024-11-07 21:12:35,849 : INFO : EventManager : Event: ======'player_ball'====== Args={'value': 1, 'prev_value': 0, 'change': 1, 'player_num': 1}
2024-11-07 21:12:35,849 : INFO : EventManager : Event: ======'player_turn_started'====== Args={'player': <Player 1>, 'number': 1}
2024-11-07 21:12:35,850 : INFO : EventManager : Event: ======'ball_will_start'====== Args={'player': 1, 'ball': 1, 'balls_remaining': 2, 'is_extra_ball': False}
2024-11-07 21:12:35,850 : INFO : EventManager : Event: ======'ball_starting'====== Args={'player': 1, 'ball': 1, 'balls_remaining': 2, 'is_extra_ball': False}
2024-11-07 21:12:35,851 : INFO : EventManager : Event: ======'mode_rainey_multiball_will_start'====== Args={'queue': <QueuedEvent>, 'player': 1, 'ball': 1, 'balls_remaining': 2, 'is_extra_ball': False}
2024-11-07 21:12:35,853 : INFO : EventManager : Event: ======'mode_rainey_multiball_starting'====== Args={'queue': <QueuedEvent>, 'player': 1, 'ball': 1, 'balls_remaining': 2, 'is_extra_ball': False}
2024-11-07 21:12:35,853 : INFO : EventManager : Event: ======'mode_skillshot_will_start'====== Args={'queue': <QueuedEvent>, 'player': 1, 'ball': 1, 'balls_remaining': 2, 'is_extra_ball': False}
2024-11-07 21:12:35,853 : INFO : EventManager : Event: ======'skillshot_complete'====== Args={'state': 'None'}
2024-11-07 21:12:35,853 : INFO : EventManager : Event: ======'skillshot_None_complete'====== Args={}
2024-11-07 21:12:35,855 : INFO : EventManager : Event: ======'player_shot_skillshot_p_target_enabled'====== Args={'value': True, 'prev_value': 0, 'change': 1, 'player_num': 1}
2024-11-07 21:12:35,856 : INFO : EventManager : Event: ======'player_shot_skillshot_r_target_enabled'====== Args={'value': True, 'prev_value': 0, 'change': 1, 'player_num': 1}
2024-11-07 21:12:35,856 : INFO : EventManager : Event: ======'player_shot_skillshot_o_target_enabled'====== Args={'value': True, 'prev_value': 0, 'change': 1, 'player_num': 1}
2024-11-07 21:12:35,856 : INFO : EventManager : Event: ======'player_shot_skillshot_p2_target_enabled'====== Args={'value': True, 'prev_value': 0, 'change': 1, 'player_num': 1}
2024-11-07 21:12:35,857 : INFO : EventManager : Event: ======'player_shot_skillshot_a_target_enabled'====== Args={'value': True, 'prev_value': 0, 'change': 1, 'player_num': 1}
2024-11-07 21:12:35,857 : INFO : EventManager : Event: ======'player_shot_skillshot_n_target_enabled'====== Args={'value': True, 'prev_value': 0, 'change': 1, 'player_num': 1}
2024-11-07 21:12:35,858 : INFO : EventManager : Event: ======'player_shot_skillshot_e_target_enabled'====== Args={'value': True, 'prev_value': 0, 'change': 1, 'player_num': 1}
2024-11-07 21:12:35,858 : INFO : EventManager : Event: ======'player_skillshot_skillshot_rotate_tick'====== Args={'value': 0, 'prev_value': 0, 'change': 0, 'player_num': 1}
2024-11-07 21:12:35,858 : INFO : Timer.skillshot_rotate : Starting Timer.
2024-11-07 21:12:35,858 : INFO : EventManager : Event: ======'timer_skillshot_rotate_started'====== Args={'ticks': 0, 'ticks_remaining': 0}
2024-11-07 21:12:35,858 : INFO : EventManager : Event: ======'timer_skillshot_rotate_tick'====== Args={'ticks': 0, 'ticks_remaining': 0}
2024-11-07 21:12:35,861 : INFO : EventManager : Event: ======'mode_skillshot_starting'====== Args={'queue': <QueuedEvent>, 'player': 1, 'ball': 1, 'balls_remaining': 2, 'is_extra_ball': False}
2024-11-07 21:12:35,861 : INFO : EventManager : Event: ======'mode_base_will_start'====== Args={'queue': <QueuedEvent>, 'player': 1, 'ball': 1, 'balls_remaining': 2, 'is_extra_ball': False}
2024-11-07 21:12:35,861 : INFO : EventManager : Event: ======'player_shot_qualify_p_target_enabled'====== Args={'value': False, 'prev_value': 0, 'change': 0, 'player_num': 1}
2024-11-07 21:12:35,861 : INFO : EventManager : Event: ======'player_shot_qualify_r_target_enabled'====== Args={'value': False, 'prev_value': 0, 'change': 0, 'player_num': 1}
2024-11-07 21:12:35,861 : INFO : EventManager : Event: ======'player_shot_qualify_o_target_enabled'====== Args={'value': False, 'prev_value': 0, 'change': 0, 'player_num': 1}
2024-11-07 21:12:35,862 : INFO : EventManager : Event: ======'player_shot_mode_scoop_enabled'====== Args={'value': False, 'prev_value': 0, 'change': 0, 'player_num': 1}
2024-11-07 21:12:35,862 : INFO : EventManager : Event: ======'player_shot_rainey_multiball_ball_lock_p2_target_enabled'====== Args={'value': True, 'prev_value': 0, 'change': 1, 'player_num': 1}
2024-11-07 21:12:35,862 : INFO : EventManager : Event: ======'player_shot_rainey_multiball_ball_lock_a_target_enabled'====== Args={'value': True, 'prev_value': 0, 'change': 1, 'player_num': 1}
2024-11-07 21:12:35,863 : INFO : EventManager : Event: ======'player_shot_rainey_multiball_ball_lock_n_target_enabled'====== Args={'value': True, 'prev_value': 0, 'change': 1, 'player_num': 1}
2024-11-07 21:12:35,863 : INFO : EventManager : Event: ======'player_shot_rainey_multiball_ball_lock_e_target_enabled'====== Args={'value': True, 'prev_value': 0, 'change': 1, 'player_num': 1}
2024-11-07 21:12:35,863 : INFO : EventManager : Event: ======'player_shot_bottom_inline_drop_enabled'====== Args={'value': True, 'prev_value': 0, 'change': 1, 'player_num': 1}
2024-11-07 21:12:35,864 : INFO : EventManager : Event: ======'player_shot_middle_inline_drop_enabled'====== Args={'value': True, 'prev_value': 0, 'change': 1, 'player_num': 1}
2024-11-07 21:12:35,864 : INFO : EventManager : Event: ======'player_shot_top_inline_drop_enabled'====== Args={'value': True, 'prev_value': 0, 'change': 1, 'player_num': 1}
2024-11-07 21:12:35,864 : INFO : EventManager : Event: ======'qualify_mission_complete'====== Args={'state': 'unlit'}
2024-11-07 21:12:35,864 : INFO : EventManager : Event: ======'qualify_mission_unlit_complete'====== Args={}
2024-11-07 21:12:35,864 : INFO : EventManager : Event: ======'light_rainey_multiball_ball_lock_complete'====== Args={'state': 'unlit'}
2024-11-07 21:12:35,865 : INFO : EventManager : Event: ======'light_rainey_multiball_ball_lock_unlit_complete'====== Args={}
2024-11-07 21:12:35,865 : INFO : EventManager : Event: ======'strickland_drops_complete'====== Args={'state': 'unlit'}
2024-11-07 21:12:35,865 : INFO : EventManager : Event: ======'strickland_drops_unlit_complete'====== Args={}
2024-11-07 21:12:35,866 : INFO : EventManager : Event: ======'achievement_bill_bulk_and_the_body_buddies_changed_state'====== Args={'restore': False, 'state': 'enabled', 'selected': False}
2024-11-07 21:12:35,866 : INFO : EventManager : Event: ======'achievement_bill_bulk_and_the_body_buddies_state_enabled'====== Args={'restore': False, 'state': 'enabled', 'selected': False}
2024-11-07 21:12:35,871 : INFO : EventManager : Event: ======'mode_base_starting'====== Args={'queue': <QueuedEvent>, 'player': 1, 'ball': 1, 'balls_remaining': 2, 'is_extra_ball': False}
2024-11-07 21:12:35,871 : INFO : drop_target_bank.strickland_bank : All targets are already up. Will not reset bank.
2024-11-07 21:12:35,871 : INFO : EventManager : Event: ======'cmd_flippers_enable'====== Args={'priority': 0}
2024-11-07 21:12:35,871 : INFO : EventManager : Event: ======'cmd_autofire_coils_enable'====== Args={'priority': 0}
2024-11-07 21:12:35,871 : INFO : EventManager : Event: ======'cmd_drop_targets_reset'====== Args={'priority': 0}
2024-11-07 21:12:35,872 : INFO : EventManager : Event: ======'mode_strickland_multiball_will_start'====== Args={'state': 'unlit'}
2024-11-07 21:12:35,873 : INFO : EventManager : Event: ======'mode_strickland_multiball_starting'====== Args={'state': 'unlit'}
2024-11-07 21:12:35,873 : INFO : Mode.strickland_multiball : Started. Priority: 250
2024-11-07 21:12:35,873 : INFO : EventManager : Event: ======'modes_active_modes_changed'====== Args={}
2024-11-07 21:12:35,873 : INFO : EventManager : Event: ======'mode_strickland_multiball_started'====== Args={'state': 'unlit'}
2024-11-07 21:12:35,873 : INFO : Mode.skillshot : Started. Priority: 200
2024-11-07 21:12:35,873 : INFO : EventManager : Event: ======'modes_active_modes_changed'====== Args={}
2024-11-07 21:12:35,873 : INFO : EventManager : Event: ======'mode_skillshot_started'====== Args={'queue': <QueuedEvent>, 'player': 1, 'ball': 1, 'balls_remaining': 2, 'is_extra_ball': False}
2024-11-07 21:12:35,873 : INFO : EventManager : Event: ======'player_shot_skillshot_p_target'====== Args={'value': 1, 'prev_value': 0, 'change': 1, 'player_num': 1}
2024-11-07 21:12:35,874 : INFO : EventManager : Event: ======'balls_in_play'====== Args={'balls': 1}
2024-11-07 21:12:35,874 : INFO : EventManager : Event: ======'ball_started'====== Args={'player': 1, 'ball': 1, 'balls_remaining': 2, 'is_extra_ball': False}
2024-11-07 21:12:35,879 : INFO : EventManager : Event: ======'mode_extra_ball_will_start'====== Args={'player': 1, 'ball': 1, 'balls_remaining': 2, 'is_extra_ball': False}
2024-11-07 21:12:35,880 : INFO : EventManager : Event: ======'player_extra_ball_score_one_num_awarded'====== Args={'value': 0, 'prev_value': 0, 'change': 0, 'player_num': 1}
2024-11-07 21:12:35,880 : INFO : EventManager : Event: ======'player_extra_ball_score_two_num_awarded'====== Args={'value': 0, 'prev_value': 0, 'change': 0, 'player_num': 1}
2024-11-07 21:12:35,880 : INFO : EventManager : Event: ======'player_extra_ball_score_three_num_awarded'====== Args={'value': 0, 'prev_value': 0, 'change': 0, 'player_num': 1}
2024-11-07 21:12:35,880 : INFO : EventManager : Event: ======'mode_extra_ball_starting'====== Args={'player': 1, 'ball': 1, 'balls_remaining': 2, 'is_extra_ball': False}
2024-11-07 21:12:35,881 : INFO : EventManager : Event: ======'mode_BBQ_rollover_will_start'====== Args={'player': 1, 'ball': 1, 'balls_remaining': 2, 'is_extra_ball': False}
2024-11-07 21:12:35,881 : INFO : EventManager : Event: ======'player_shot_left_rollover_lane_enabled'====== Args={'value': True, 'prev_value': 0, 'change': 1, 'player_num': 1}
2024-11-07 21:12:35,881 : INFO : EventManager : Event: ======'player_shot_middle_rollover_lane_enabled'====== Args={'value': True, 'prev_value': 0, 'change': 1, 'player_num': 1}
2024-11-07 21:12:35,881 : INFO : EventManager : Event: ======'player_shot_right_rollover_lane_enabled'====== Args={'value': True, 'prev_value': 0, 'change': 1, 'player_num': 1}
2024-11-07 21:12:35,882 : INFO : EventManager : Event: ======'BBQ_lanes_complete'====== Args={'state': 'unlit'}
2024-11-07 21:12:35,882 : INFO : EventManager : Event: ======'BBQ_lanes_unlit_complete'====== Args={}
2024-11-07 21:12:35,883 : INFO : EventManager : Event: ======'mode_BBQ_rollover_starting'====== Args={'player': 1, 'ball': 1, 'balls_remaining': 2, 'is_extra_ball': False}
2024-11-07 21:12:35,883 : INFO : EventManager : Event: ======'mode_hank_rollover_will_start'====== Args={'player': 1, 'ball': 1, 'balls_remaining': 2, 'is_extra_ball': False}
2024-11-07 21:12:35,884 : INFO : EventManager : Event: ======'player_shot_h_rollover_lane_enabled'====== Args={'value': True, 'prev_value': 0, 'change': 1, 'player_num': 1}
2024-11-07 21:12:35,884 : INFO : EventManager : Event: ======'player_shot_a_rollover_lane_enabled'====== Args={'value': True, 'prev_value': 0, 'change': 1, 'player_num': 1}
2024-11-07 21:12:35,884 : INFO : EventManager : Event: ======'player_shot_n_rollover_lane_enabled'====== Args={'value': True, 'prev_value': 0, 'change': 1, 'player_num': 1}
2024-11-07 21:12:35,885 : INFO : EventManager : Event: ======'player_shot_k_rollover_lane_enabled'====== Args={'value': True, 'prev_value': 0, 'change': 1, 'player_num': 1}
2024-11-07 21:12:35,885 : INFO : EventManager : Event: ======'hank_lanes_complete'====== Args={'state': 'unlit'}
2024-11-07 21:12:35,885 : INFO : EventManager : Event: ======'hank_lanes_unlit_complete'====== Args={}
2024-11-07 21:12:35,886 : INFO : EventManager : Event: ======'mode_hank_rollover_starting'====== Args={'player': 1, 'ball': 1, 'balls_remaining': 2, 'is_extra_ball': False}
2024-11-07 21:12:35,886 : INFO : EventManager : Event: ======'player_shot_qualify_p_target_enabled'====== Args={'value': True, 'prev_value': False, 'change': 1, 'player_num': 1}
2024-11-07 21:12:35,886 : INFO : EventManager : Event: ======'player_shot_qualify_r_target_enabled'====== Args={'value': True, 'prev_value': False, 'change': 1, 'player_num': 1}
2024-11-07 21:12:35,886 : INFO : EventManager : Event: ======'player_shot_qualify_o_target_enabled'====== Args={'value': True, 'prev_value': False, 'change': 1, 'player_num': 1}
2024-11-07 21:12:35,887 : INFO : Mode.extra_ball : Started. Priority: 900
2024-11-07 21:12:35,887 : INFO : EventManager : Event: ======'modes_active_modes_changed'====== Args={}
2024-11-07 21:12:35,887 : INFO : EventManager : Event: ======'mode_extra_ball_started'====== Args={'player': 1, 'ball': 1, 'balls_remaining': 2, 'is_extra_ball': False}
2024-11-07 21:12:35,887 : INFO : EventManager : Event: ======'logicblock_mb_counter_updated'====== Args={'value': 0, 'enabled': False}
2024-11-07 21:12:35,887 : INFO : Mode.rainey_multiball : Started. Priority: 250
2024-11-07 21:12:35,887 : INFO : EventManager : Event: ======'modes_active_modes_changed'====== Args={}
2024-11-07 21:12:35,887 : INFO : EventManager : Event: ======'mode_rainey_multiball_started'====== Args={'queue': <QueuedEvent>, 'player': 1, 'ball': 1, 'balls_remaining': 2, 'is_extra_ball': False}
2024-11-07 21:12:35,887 : INFO : EventManager : Event: ======'logicblock_bill_mini_wizard_updated'====== Args={'value': [False, False], 'enabled': True}
2024-11-07 21:12:35,887 : INFO : EventManager : Event: ======'logicblock_dale_mini_wizard_updated'====== Args={'value': [False, False], 'enabled': True}
2024-11-07 21:12:35,888 : INFO : EventManager : Event: ======'logicblock_hank_mini_wizard_updated'====== Args={'value': [False, False], 'enabled': True}
2024-11-07 21:12:35,888 : INFO : EventManager : Event: ======'logicblock_boom_mini_wizard_updated'====== Args={'value': [False, False], 'enabled': True}
2024-11-07 21:12:35,888 : INFO : EventManager : Event: ======'logicblock_wizard_mode_updated'====== Args={'value': [False, False, False, False], 'enabled': True}
2024-11-07 21:12:35,888 : INFO : EventManager : Event: ======'logicblock_bill_mini_wizard_updated'====== Args={'value': [False, False], 'enabled': True}
2024-11-07 21:12:35,888 : INFO : EventManager : Event: ======'logicblock_dale_mini_wizard_updated'====== Args={'value': [False, False], 'enabled': True}
2024-11-07 21:12:35,888 : INFO : EventManager : Event: ======'logicblock_hank_mini_wizard_updated'====== Args={'value': [False, False], 'enabled': True}
2024-11-07 21:12:35,888 : INFO : EventManager : Event: ======'logicblock_boom_mini_wizard_updated'====== Args={'value': [False, False], 'enabled': True}
2024-11-07 21:12:35,888 : INFO : EventManager : Event: ======'logicblock_wizard_mode_updated'====== Args={'value': [False, False, False, False], 'enabled': True}
2024-11-07 21:12:35,888 : INFO : Mode.base : Started. Priority: 100
2024-11-07 21:12:35,888 : INFO : EventManager : Event: ======'modes_active_modes_changed'====== Args={}
2024-11-07 21:12:35,888 : INFO : EventManager : Event: ======'mode_base_started'====== Args={'queue': <QueuedEvent>, 'player': 1, 'ball': 1, 'balls_remaining': 2, 'is_extra_ball': False}
2024-11-07 21:12:35,888 : INFO : EventManager : Event: ======'ball_save_default_enabled'====== Args={}
2024-11-07 21:12:35,888 : INFO : EventManager : Event: ======'logicblock_lb_BBQ_complete_count_updated'====== Args={'value': 1, 'enabled': True}
2024-11-07 21:12:35,888 : INFO : EventManager : Event: ======'logicblock_lb_BBQ_complete_count_updated'====== Args={'value': 1, 'enabled': True}
2024-11-07 21:12:35,888 : INFO : Mode.BBQ_rollover : Started. Priority: 200
2024-11-07 21:12:35,888 : INFO : EventManager : Event: ======'modes_active_modes_changed'====== Args={}
2024-11-07 21:12:35,888 : INFO : EventManager : Event: ======'mode_BBQ_rollover_started'====== Args={'player': 1, 'ball': 1, 'balls_remaining': 2, 'is_extra_ball': False}
2024-11-07 21:12:35,888 : INFO : EventManager : Event: ======'logicblock_lb_hank_complete_count_updated'====== Args={'value': 1, 'enabled': True}
2024-11-07 21:12:35,888 : INFO : EventManager : Event: ======'logicblock_lb_hank_complete_count_updated'====== Args={'value': 1, 'enabled': True}
2024-11-07 21:12:35,889 : INFO : Mode.hank_rollover : Started. Priority: 200
2024-11-07 21:12:35,889 : INFO : EventManager : Event: ======'modes_active_modes_changed'====== Args={}
2024-11-07 21:12:35,889 : INFO : EventManager : Event: ======'mode_hank_rollover_started'====== Args={'player': 1, 'ball': 1, 'balls_remaining': 2, 'is_extra_ball': False}
2024-11-07 21:12:35,889 : INFO : EventManager : Event: ======'player_bonus_multiplier'====== Args={'value': 1, 'prev_value': 0, 'change': 1, 'player_num': 1, 'source': 'BBQ_rollover'}
2024-11-07 21:12:35,889 : INFO : EventManager : Event: ======'single_player_ball_started'====== Args={}
2024-11-07 21:12:35,890 : INFO : EventManager : Event: ======'ball_start_target'====== Args={'target': 'playfield'}
2024-11-07 21:12:35,890 : INFO : ball_device.bd_plunger : Setting up player-controlled eject. Balls: 1, Target: <playfield.playfield>, player_controlled_eject_event: s_launch_button_inactive
2024-11-07 21:12:35,890 : INFO : EventManager : Event: ======'balldevice_balls_available'====== Args={}
2024-11-07 21:12:35,890 : INFO : ball_device.bd_trough : State: waiting_for_target_ready
2024-11-07 21:12:35,890 : INFO : EventManager : Event: ======'balldevice_bd_trough_ball_eject_attempt'====== Args={'balls': 1, 'target': <ball_device.bd_plunger>, 'source': <ball_device.bd_trough>, 'mechanical_eject': True, 'num_attempts': 0}
2024-11-07 21:12:35,890 : INFO : ball_device.bd_plunger : State: waiting_for_ball
2024-11-07 21:12:35,891 : INFO : ball_device.bd_trough : State: ejecting
2024-11-07 21:12:35,891 : INFO : ball_device.bd_trough : Ejecting ball to <ball_device.bd_plunger>
2024-11-07 21:12:35,891 : INFO : EventManager : Event: ======'balldevice_bd_trough_ejecting_ball'====== Args={'balls': 1, 'target': <ball_device.bd_plunger>, 'source': <ball_device.bd_trough>, 'mechanical_eject': True, 'num_attempts': 0}
2024-11-07 21:12:35,891 : INFO : ball_device.bd_trough : Wait for ball to leave device
2024-11-07 21:12:35,891 : INFO : coil.c_trough_eject : Pulsing Driver for 20ms (1.0 pulse_power)
2024-11-07 21:12:35,891 : INFO : SwitchController : <<<<<<< 's_trough1' inactive >>>>>>>
2024-11-07 21:12:35,892 : INFO : ball_device.bd_trough : State: ball_left
2024-11-07 21:12:35,892 : INFO : ball_device.bd_trough : Ball left
2024-11-07 21:12:35,892 : INFO : ball_device.bd_trough : Wait for confirm with timeout 3.0
2024-11-07 21:12:35,895 : INFO : BcpServer : New client connected.
2024-11-07 21:12:35,908 : INFO : EventManager : Event: ======'slide_arlen_intro_created'====== Args={'_from_bcp': True}
2024-11-07 21:12:35,908 : INFO : EventManager : Event: ======'slide_arlen_intro_active'====== Args={'original_context': 'skillshot', 'original_calling_context': 'mode_skillshot_started{ball==1}', 'priority': 200.0, 'queue': '<QueuedEvent>', 'player': 1.0, 'ball': 1.0, 'balls_remaining': 2.0, 'is_extra_ball': False, 'cmd': 'slides_play', '_from_bcp': True}
2024-11-07 21:12:35,916 : INFO : EventManager : Event: ======'slide_base_created'====== Args={'_from_bcp': True}
2024-11-07 21:12:35,992 : INFO : SwitchController : <<<<<<< 's_plunger' active >>>>>>>
2024-11-07 21:12:35,992 : INFO : EventManager : Event: ======'machine_var_audits_switches_s_plunger'====== Args={'value': 1648, 'prev_value': 1647, 'change': 1}
2024-11-07 21:12:36,359 : INFO : EventManager : Event: ======'player_skillshot_skillshot_rotate_tick'====== Args={'value': 1, 'prev_value': 0, 'change': 1, 'player_num': 1}
2024-11-07 21:12:36,360 : INFO : EventManager : Event: ======'timer_skillshot_rotate_tick'====== Args={'ticks': 1, 'ticks_remaining': 0}
2024-11-07 21:12:36,361 : INFO : EventManager : Event: ======'player_shot_skillshot_p_target'====== Args={'value': 0, 'prev_value': 1, 'change': -1, 'player_num': 1}
2024-11-07 21:12:36,362 : INFO : EventManager : Event: ======'player_shot_skillshot_r_target'====== Args={'value': 1, 'prev_value': 0, 'change': 1, 'player_num': 1}
2024-11-07 21:12:36,509 : INFO : ball_device.bd_plunger : Received ball from <ball_device.bd_trough>
2024-11-07 21:12:36,509 : INFO : EventManager : Event: ======'balldevice_bd_plunger_ball_enter'====== Args={'new_balls': 1, 'unclaimed_balls': 0, 'new_available_balls': 0, 'device': <ball_device.bd_plunger>}
2024-11-07 21:12:36,510 : INFO : EventManager : Event: ======'balldevice_bd_plunger_ball_entered'====== Args={'new_balls': 0, 'device': <ball_device.bd_plunger>}
2024-11-07 21:12:36,512 : INFO : EventManager : Event: ======'balldevice_bd_plunger_ball_count_changed'====== Args={'balls': 1}
2024-11-07 21:12:36,516 : INFO : ball_device.bd_trough : Got eject confirm
2024-11-07 21:12:36,516 : INFO : ball_device.bd_trough : Eject successful
2024-11-07 21:12:36,516 : INFO : EventManager : Event: ======'balldevice_bd_trough_ball_eject_success'====== Args={'balls': 1, 'target': <ball_device.bd_plunger>}
2024-11-07 21:12:36,518 : INFO : EventManager : Event: ======'balldevice_bd_trough_ball_count_changed'====== Args={'balls': 5}
2024-11-07 21:12:36,518 : INFO : ball_device.bd_trough : State: idle
2024-11-07 21:12:36,519 : INFO : ball_device.bd_plunger : State: waiting_for_target_ready
2024-11-07 21:12:36,519 : INFO : EventManager : Event: ======'balldevice_bd_plunger_ball_eject_attempt'====== Args={'balls': 1, 'target': <playfield.playfield>, 'source': <ball_device.bd_plunger>, 'mechanical_eject': True, 'num_attempts': 0}
2024-11-07 21:12:36,520 : INFO : ball_device.bd_plunger : State: ejecting
2024-11-07 21:12:36,520 : INFO : ball_device.bd_plunger : Ejecting ball to <playfield.playfield>
2024-11-07 21:12:36,520 : INFO : EventManager : Event: ======'balldevice_bd_plunger_ejecting_ball'====== Args={'balls': 1, 'target': <playfield.playfield>, 'source': <ball_device.bd_plunger>, 'mechanical_eject': True, 'num_attempts': 0}
2024-11-07 21:12:36,521 : INFO : ball_device.bd_plunger : Wait for ball to leave device
2024-11-07 21:12:36,859 : INFO : EventManager : Event: ======'player_skillshot_skillshot_rotate_tick'====== Args={'value': 2, 'prev_value': 1, 'change': 1, 'player_num': 1}
2024-11-07 21:12:36,861 : INFO : EventManager : Event: ======'timer_skillshot_rotate_tick'====== Args={'ticks': 2, 'ticks_remaining': 0}
2024-11-07 21:12:36,862 : INFO : EventManager : Event: ======'player_shot_skillshot_r_target'====== Args={'value': 0, 'prev_value': 1, 'change': -1, 'player_num': 1}
2024-11-07 21:12:36,864 : INFO : EventManager : Event: ======'player_shot_skillshot_o_target'====== Args={'value': 1, 'prev_value': 0, 'change': 1, 'player_num': 1}
2024-11-07 21:12:37,359 : INFO : EventManager : Event: ======'player_skillshot_skillshot_rotate_tick'====== Args={'value': 3, 'prev_value': 2, 'change': 1, 'player_num': 1}
2024-11-07 21:12:37,360 : INFO : EventManager : Event: ======'timer_skillshot_rotate_tick'====== Args={'ticks': 3, 'ticks_remaining': 0}
2024-11-07 21:12:37,361 : INFO : EventManager : Event: ======'player_shot_skillshot_o_target'====== Args={'value': 0, 'prev_value': 1, 'change': -1, 'player_num': 1}
2024-11-07 21:12:37,362 : INFO : EventManager : Event: ======'player_shot_skillshot_p2_target'====== Args={'value': 1, 'prev_value': 0, 'change': 1, 'player_num': 1}
2024-11-07 21:12:37,859 : INFO : EventManager : Event: ======'player_skillshot_skillshot_rotate_tick'====== Args={'value': 4, 'prev_value': 3, 'change': 1, 'player_num': 1}
2024-11-07 21:12:37,861 : INFO : EventManager : Event: ======'timer_skillshot_rotate_tick'====== Args={'ticks': 4, 'ticks_remaining': 0}
2024-11-07 21:12:37,861 : INFO : EventManager : Event: ======'player_shot_skillshot_p2_target'====== Args={'value': 0, 'prev_value': 1, 'change': -1, 'player_num': 1}
2024-11-07 21:12:37,863 : INFO : EventManager : Event: ======'player_shot_skillshot_a_target'====== Args={'value': 1, 'prev_value': 0, 'change': 1, 'player_num': 1}
2024-11-07 21:12:38,358 : INFO : EventManager : Event: ======'player_skillshot_skillshot_rotate_tick'====== Args={'value': 5, 'prev_value': 4, 'change': 1, 'player_num': 1}
2024-11-07 21:12:38,361 : INFO : EventManager : Event: ======'timer_skillshot_rotate_tick'====== Args={'ticks': 5, 'ticks_remaining': 0}
2024-11-07 21:12:38,362 : INFO : EventManager : Event: ======'player_shot_skillshot_a_target'====== Args={'value': 0, 'prev_value': 1, 'change': -1, 'player_num': 1}
2024-11-07 21:12:38,364 : INFO : EventManager : Event: ======'player_shot_skillshot_n_target'====== Args={'value': 1, 'prev_value': 0, 'change': 1, 'player_num': 1}
2024-11-07 21:12:38,431 : INFO : SwitchController : <<<<<<< 's_plunger_lane_exit' active >>>>>>>
2024-11-07 21:12:38,431 : INFO : EventManager : Event: ======'s_plunger_lane_exit_active'====== Args={}
2024-11-07 21:12:38,431 : INFO : EventManager : Event: ======'sw_playfield_active'====== Args={}
2024-11-07 21:12:38,432 : INFO : EventManager : Event: ======'machine_var_audits_switches_s_plunger_lane_exit'====== Args={'value': 1311, 'prev_value': 1310, 'change': 1}
2024-11-07 21:12:38,432 : INFO : EventManager : Event: ======'ball_save_default_timer_start'====== Args={}
2024-11-07 21:12:38,437 : INFO : EventManager : Event: ======'playfield_active'====== Args={}
2024-11-07 21:12:38,437 : INFO : EventManager : Event: ======'ball_save_default_hurry_up'====== Args={}
2024-11-07 21:12:38,445 : INFO : EventManager : Event: ======'slide_arlen_intro_inactive'====== Args={'is_removing': True, '_from_bcp': True}
2024-11-07 21:12:38,445 : INFO : EventManager : Event: ======'slide_base_active'====== Args={'_from_bcp': True}
2024-11-07 21:12:38,445 : INFO : EventManager : Event: ======'slide_arlen_intro_removed'====== Args={'_from_bcp': True}
2024-11-07 21:12:38,466 : INFO : EventManager : Event: ======'slide_skillshot_created'====== Args={'_from_bcp': True}
2024-11-07 21:12:38,467 : INFO : EventManager : Event: ======'slide_arlen_intro_removed'====== Args={'_from_bcp': True}
2024-11-07 21:12:38,467 : INFO : EventManager : Event: ======'slide_base_inactive'====== Args={'is_removing': False, '_from_bcp': True}
2024-11-07 21:12:38,467 : INFO : EventManager : Event: ======'slide_skillshot_active'====== Args={'original_context': 'skillshot', 'original_calling_context': 'slide_arlen_intro_inactive', 'priority': 200.0, 'is_removing': True, 'cmd': 'slides_play', '_from_bcp': True}
2024-11-07 21:12:38,467 : INFO : EventManager : Event: ======'player_shot_qualify_p_target_enabled'====== Args={'value': False, 'prev_value': True, 'change': -1, 'player_num': 1}
2024-11-07 21:12:38,467 : INFO : EventManager : Event: ======'player_shot_qualify_r_target_enabled'====== Args={'value': False, 'prev_value': True, 'change': -1, 'player_num': 1}
2024-11-07 21:12:38,468 : INFO : EventManager : Event: ======'player_shot_qualify_o_target_enabled'====== Args={'value': False, 'prev_value': True, 'change': -1, 'player_num': 1}
2024-11-07 21:12:38,512 : INFO : SwitchController : <<<<<<< 's_plunger_lane_exit' inactive >>>>>>>
2024-11-07 21:12:38,512 : INFO : EventManager : Event: ======'s_plunger_lane_exit_inactive'====== Args={}
2024-11-07 21:12:38,512 : INFO : Timer.skillshot_rotate : Stopping Timer
2024-11-07 21:12:38,512 : INFO : EventManager : Event: ======'timer_skillshot_rotate_stopped'====== Args={'ticks': 5, 'ticks_remaining': 0}
2024-11-07 21:12:38,512 : INFO : EventManager : Event: ======'advance_skillshot_6'====== Args={'priority': 0}
2024-11-07 21:12:38,513 : INFO : EventManager : Event: ======'player_shot_skillshot_n_target'====== Args={'value': 2, 'prev_value': 1, 'change': 1, 'player_num': 1}
2024-11-07 21:12:39,207 : INFO : EventManager : Event: ======'slide_arlen_intro_removed'====== Args={'_from_bcp': True}
2024-11-07 21:12:39,631 : INFO : SwitchController : <<<<<<< 's_p_target' active >>>>>>>
2024-11-07 21:12:39,632 : INFO : EventManager : Event: ======'playfield_active'====== Args={}
2024-11-07 21:12:39,632 : INFO : EventManager : Event: ======'playfield_active'====== Args={}
2024-11-07 21:12:39,633 : INFO : EventManager : Event: ======'s_p_target_active'====== Args={}
2024-11-07 21:12:39,633 : INFO : EventManager : Event: ======'machine_var_audits_switches_s_p_target'====== Args={'value': 793, 'prev_value': 792, 'change': 1}
2024-11-07 21:12:39,636 : INFO : EventManager : Event: ======'machine_var_audits_shots_skillshot_p_target'====== Args={'value': 142, 'prev_value': 141, 'change': 1}
2024-11-07 21:12:39,642 : INFO : EventManager : Event: ======'skillshot_p_target_hit'====== Args={'profile': 'skillshot_profile', 'state': 'off', 'advancing': False}
2024-11-07 21:12:39,647 : INFO : EventManager : Event: ======'skillshot_p_target_skillshot_profile_hit'====== Args={'profile': 'skillshot_profile', 'state': 'off', 'advancing': False}
2024-11-07 21:12:39,647 : INFO : EventManager : Event: ======'skillshot_p_target_skillshot_profile_off_hit'====== Args={'profile': 'skillshot_profile', 'state': 'off', 'advancing': False}
2024-11-07 21:12:39,647 : INFO : EventManager : Event: ======'skillshot_p_target_off_hit'====== Args={'profile': 'skillshot_profile', 'state': 'off', 'advancing': False}
2024-11-07 21:12:39,648 : INFO : EventManager : Event: ======'player_score'====== Args={'value': 50, 'prev_value': 0, 'change': 50, 'player_num': 1, 'source': 'base'}
2024-11-07 21:12:39,648 : INFO : EventManager : Event: ======'skillshot_hit'====== Args={'shot': 'skillshot_p_target'}
2024-11-07 21:12:39,648 : INFO : EventManager : Event: ======'skillshot_off_hit'====== Args={'shot': 'skillshot_p_target'}
2024-11-07 21:12:39,649 : INFO : EventManager : Event: ======'stop_mode_skillshot'====== Args={'priority': 0}
2024-11-07 21:12:39,649 : INFO : EventManager : Event: ======'mode_skillshot_will_stop'====== Args={}
2024-11-07 21:12:39,649 : INFO : EventManager : Event: ======'mode_skillshot_stopping'====== Args={}
2024-11-07 21:12:39,651 : INFO : Mode.skillshot : Stopped.
2024-11-07 21:12:39,651 : INFO : EventManager : Event: ======'modes_active_modes_changed'====== Args={}
2024-11-07 21:12:39,651 : INFO : EventManager : Event: ======'mode_skillshot_stopped'====== Args={}
2024-11-07 21:12:39,652 : INFO : EventManager : Event: ======'clear'====== Args={'key': 'skillshot'}
2024-11-07 21:12:39,653 : INFO : Timer.skillshot_rotate : Stopping Timer
2024-11-07 21:12:39,653 : INFO : EventManager : Event: ======'timer_skillshot_rotate_stopped'====== Args={'ticks': 5, 'ticks_remaining': 0}
2024-11-07 21:12:39,663 : INFO : EventManager : Event: ======'widget_skillshot_missed_active'====== Args={'original_context': 'base', 'original_calling_context': 'skillshot_off_hit', 'priority': 100.0, 'shot': 'skillshot_p_target', 'cmd': 'widgets_play', '_from_bcp': True}
2024-11-07 21:12:39,664 : INFO : EventManager : Event: ======'slide_skillshot_inactive'====== Args={'is_removing': True, '_from_bcp': True}
2024-11-07 21:12:39,664 : INFO : EventManager : Event: ======'slide_base_active'====== Args={'_from_bcp': True}
2024-11-07 21:12:39,664 : INFO : EventManager : Event: ======'player_shot_qualify_p_target_enabled'====== Args={'value': True, 'prev_value': False, 'change': 1, 'player_num': 1}
2024-11-07 21:12:39,664 : INFO : EventManager : Event: ======'player_shot_qualify_r_target_enabled'====== Args={'value': True, 'prev_value': False, 'change': 1, 'player_num': 1}
2024-11-07 21:12:39,665 : INFO : EventManager : Event: ======'player_shot_qualify_o_target_enabled'====== Args={'value': True, 'prev_value': False, 'change': 1, 'player_num': 1}
2024-11-07 21:12:39,669 : INFO : EventManager : Event: ======'slide_skillshot_removed'====== Args={'_from_bcp': True}
2024-11-07 21:12:39,729 : INFO : SwitchController : <<<<<<< 's_p_target' inactive >>>>>>>
2024-11-07 21:12:40,132 : INFO : SwitchController : <<<<<<< 's_p_target' active >>>>>>>
2024-11-07 21:12:40,132 : INFO : EventManager : Event: ======'playfield_active'====== Args={}
2024-11-07 21:12:40,132 : INFO : EventManager : Event: ======'playfield_active'====== Args={}
2024-11-07 21:12:40,133 : INFO : EventManager : Event: ======'s_p_target_active'====== Args={}
2024-11-07 21:12:40,133 : INFO : EventManager : Event: ======'machine_var_audits_switches_s_p_target'====== Args={'value': 794, 'prev_value': 793, 'change': 1}
2024-11-07 21:12:40,135 : INFO : EventManager : Event: ======'player_shot_qualify_p_target'====== Args={'value': 1, 'prev_value': 0, 'change': 1, 'player_num': 1}
2024-11-07 21:12:40,135 : INFO : EventManager : Event: ======'machine_var_audits_shots_qualify_p_target'====== Args={'value': 515, 'prev_value': 514, 'change': 1}
2024-11-07 21:12:40,136 : INFO : EventManager : Event: ======'qualify_p_target_hit'====== Args={'profile': 'mission_qualify', 'state': 'unlit', 'advancing': True}
2024-11-07 21:12:40,137 : INFO : EventManager : Event: ======'qualify_p_target_mission_qualify_hit'====== Args={'profile': 'mission_qualify', 'state': 'unlit', 'advancing': True}
2024-11-07 21:12:40,137 : INFO : EventManager : Event: ======'qualify_p_target_mission_qualify_unlit_hit'====== Args={'profile': 'mission_qualify', 'state': 'unlit', 'advancing': True}
2024-11-07 21:12:40,137 : INFO : EventManager : Event: ======'qualify_p_target_unlit_hit'====== Args={'profile': 'mission_qualify', 'state': 'unlit', 'advancing': True}
2024-11-07 21:12:40,137 : INFO : EventManager : Event: ======'player_score'====== Args={'value': 100, 'prev_value': 50, 'change': 50, 'player_num': 1, 'source': 'base'}
2024-11-07 21:12:40,138 : INFO : EventManager : Event: ======'qualify_mission_hit'====== Args={'shot': 'qualify_p_target'}
2024-11-07 21:12:40,138 : INFO : EventManager : Event: ======'qualify_mission_unlit_hit'====== Args={'shot': 'qualify_p_target'}
2024-11-07 21:12:40,166 : INFO : EventManager : Event: ======'widget_propane_widget_p_active'====== Args={'original_context': 'base', 'original_calling_context': 'qualify_p_target_hit', 'priority': 100.0, 'profile': 'mission_qualify', 'state': 'unlit', 'advancing': True, 'cmd': 'widgets_play', '_from_bcp': True}
2024-11-07 21:12:40,229 : INFO : SwitchController : <<<<<<< 's_p_target' inactive >>>>>>>
2024-11-07 21:12:40,438 : INFO : EventManager : Event: ======'ball_save_default_grace_period'====== Args={}
2024-11-07 21:12:41,031 : INFO : SwitchController : <<<<<<< 's_r_target' active >>>>>>>
2024-11-07 21:12:41,032 : INFO : EventManager : Event: ======'playfield_active'====== Args={}
2024-11-07 21:12:41,032 : INFO : EventManager : Event: ======'playfield_active'====== Args={}
2024-11-07 21:12:41,033 : INFO : EventManager : Event: ======'s_r_target_active'====== Args={}
2024-11-07 21:12:41,033 : INFO : EventManager : Event: ======'machine_var_audits_switches_s_r_target'====== Args={'value': 611, 'prev_value': 610, 'change': 1}
2024-11-07 21:12:41,035 : INFO : EventManager : Event: ======'player_shot_qualify_r_target'====== Args={'value': 1, 'prev_value': 0, 'change': 1, 'player_num': 1}
2024-11-07 21:12:41,036 : INFO : EventManager : Event: ======'machine_var_audits_shots_qualify_r_target'====== Args={'value': 551, 'prev_value': 550, 'change': 1}
2024-11-07 21:12:41,037 : INFO : EventManager : Event: ======'qualify_r_target_hit'====== Args={'profile': 'mission_qualify', 'state': 'unlit', 'advancing': True}
2024-11-07 21:12:41,038 : INFO : EventManager : Event: ======'qualify_r_target_mission_qualify_hit'====== Args={'profile': 'mission_qualify', 'state': 'unlit', 'advancing': True}
2024-11-07 21:12:41,038 : INFO : EventManager : Event: ======'qualify_r_target_mission_qualify_unlit_hit'====== Args={'profile': 'mission_qualify', 'state': 'unlit', 'advancing': True}
2024-11-07 21:12:41,039 : INFO : EventManager : Event: ======'qualify_r_target_unlit_hit'====== Args={'profile': 'mission_qualify', 'state': 'unlit', 'advancing': True}
2024-11-07 21:12:41,039 : INFO : EventManager : Event: ======'player_score'====== Args={'value': 150, 'prev_value': 100, 'change': 50, 'player_num': 1, 'source': 'base'}
2024-11-07 21:12:41,040 : INFO : EventManager : Event: ======'qualify_mission_hit'====== Args={'shot': 'qualify_r_target'}
2024-11-07 21:12:41,040 : INFO : EventManager : Event: ======'qualify_mission_unlit_hit'====== Args={'shot': 'qualify_r_target'}
2024-11-07 21:12:41,064 : INFO : EventManager : Event: ======'widget_propane_widget_r_active'====== Args={'original_context': 'base', 'original_calling_context': 'qualify_r_target_hit', 'priority': 100.0, 'profile': 'mission_qualify', 'state': 'unlit', 'advancing': True, 'cmd': 'widgets_play', '_from_bcp': True}
2024-11-07 21:12:41,147 : INFO : SwitchController : <<<<<<< 's_r_target' inactive >>>>>>>
2024-11-07 21:12:41,463 : INFO : SwitchController : <<<<<<< 's_o_target' active >>>>>>>
2024-11-07 21:12:41,463 : INFO : EventManager : Event: ======'playfield_active'====== Args={}
2024-11-07 21:12:41,464 : INFO : EventManager : Event: ======'playfield_active'====== Args={}
2024-11-07 21:12:41,464 : INFO : EventManager : Event: ======'s_o_target_active'====== Args={}
2024-11-07 21:12:41,465 : INFO : EventManager : Event: ======'machine_var_audits_switches_s_o_target'====== Args={'value': 605, 'prev_value': 604, 'change': 1}
2024-11-07 21:12:41,466 : INFO : EventManager : Event: ======'player_shot_qualify_o_target'====== Args={'value': 1, 'prev_value': 0, 'change': 1, 'player_num': 1}
2024-11-07 21:12:41,467 : INFO : EventManager : Event: ======'machine_var_audits_shots_qualify_o_target'====== Args={'value': 542, 'prev_value': 541, 'change': 1}
2024-11-07 21:12:41,468 : INFO : EventManager : Event: ======'qualify_o_target_hit'====== Args={'profile': 'mission_qualify', 'state': 'unlit', 'advancing': True}
2024-11-07 21:12:41,468 : INFO : EventManager : Event: ======'qualify_o_target_mission_qualify_hit'====== Args={'profile': 'mission_qualify', 'state': 'unlit', 'advancing': True}
2024-11-07 21:12:41,469 : INFO : EventManager : Event: ======'qualify_o_target_mission_qualify_unlit_hit'====== Args={'profile': 'mission_qualify', 'state': 'unlit', 'advancing': True}
2024-11-07 21:12:41,469 : INFO : EventManager : Event: ======'qualify_o_target_unlit_hit'====== Args={'profile': 'mission_qualify', 'state': 'unlit', 'advancing': True}
2024-11-07 21:12:41,469 : INFO : EventManager : Event: ======'player_score'====== Args={'value': 200, 'prev_value': 150, 'change': 50, 'player_num': 1, 'source': 'base'}
2024-11-07 21:12:41,470 : INFO : EventManager : Event: ======'qualify_mission_complete'====== Args={'state': 'lit'}
2024-11-07 21:12:41,471 : INFO : EventManager : Event: ======'qualify_mission_lit_complete'====== Args={}
2024-11-07 21:12:41,471 : INFO : EventManager : Event: ======'player_shot_mode_scoop_enabled'====== Args={'value': True, 'prev_value': False, 'change': 1, 'player_num': 1}
2024-11-07 21:12:41,474 : INFO : EventManager : Event: ======'qualify_mission_hit'====== Args={'shot': 'qualify_o_target'}
2024-11-07 21:12:41,474 : INFO : EventManager : Event: ======'qualify_mission_unlit_hit'====== Args={'shot': 'qualify_o_target'}
2024-11-07 21:12:41,484 : INFO : EventManager : Event: ======'widget_propane_widget_o_active'====== Args={'original_context': 'base', 'original_calling_context': 'qualify_o_target_hit', 'priority': 100.0, 'profile': 'mission_qualify', 'state': 'unlit', 'advancing': True, 'cmd': 'widgets_play', '_from_bcp': True}
2024-11-07 21:12:41,563 : INFO : SwitchController : <<<<<<< 's_o_target' inactive >>>>>>>
2024-11-07 21:12:41,659 : INFO : EventManager : Event: ======'widget_MPFWidget_removed'====== Args={'_from_bcp': True}
2024-11-07 21:12:41,972 : INFO : EventManager : Event: ======'player_shot_qualify_p_target'====== Args={'value': 0, 'prev_value': 1, 'change': -1, 'player_num': 1}
2024-11-07 21:12:41,975 : INFO : EventManager : Event: ======'player_shot_qualify_r_target'====== Args={'value': 0, 'prev_value': 1, 'change': -1, 'player_num': 1}
2024-11-07 21:12:41,976 : INFO : EventManager : Event: ======'player_shot_qualify_o_target'====== Args={'value': 0, 'prev_value': 1, 'change': -1, 'player_num': 1}
2024-11-07 21:12:41,978 : INFO : EventManager : Event: ======'qualify_mission_complete'====== Args={'state': 'unlit'}
2024-11-07 21:12:41,978 : INFO : EventManager : Event: ======'qualify_mission_unlit_complete'====== Args={}
2024-11-07 21:12:42,438 : INFO : EventManager : Event: ======'ball_save_default_disabled'====== Args={}
2024-11-07 21:12:42,613 : INFO : SwitchController : <<<<<<< 's_scoop' active >>>>>>>
2024-11-07 21:12:42,613 : INFO : EventManager : Event: ======'playfield_active'====== Args={}
2024-11-07 21:12:42,613 : INFO : EventManager : Event: ======'s_scoop_active'====== Args={}
2024-11-07 21:12:42,614 : INFO : EventManager : Event: ======'machine_var_audits_switches_s_scoop'====== Args={'value': 1051, 'prev_value': 1050, 'change': 1}
2024-11-07 21:12:42,616 : INFO : EventManager : Event: ======'player_shot_mode_scoop'====== Args={'value': 1, 'prev_value': 0, 'change': 1, 'player_num': 1}
2024-11-07 21:12:42,616 : INFO : EventManager : Event: ======'machine_var_audits_shots_mode_scoop'====== Args={'value': 160, 'prev_value': 159, 'change': 1}
2024-11-07 21:12:42,617 : INFO : EventManager : Event: ======'mode_scoop_hit'====== Args={'profile': 'default', 'state': 'unlit', 'advancing': True}
2024-11-07 21:12:42,618 : INFO : EventManager : Event: ======'mode_scoop_default_hit'====== Args={'profile': 'default', 'state': 'unlit', 'advancing': True}
2024-11-07 21:12:42,618 : INFO : EventManager : Event: ======'mode_scoop_default_unlit_hit'====== Args={'profile': 'default', 'state': 'unlit', 'advancing': True}
2024-11-07 21:12:42,618 : INFO : EventManager : Event: ======'mode_scoop_unlit_hit'====== Args={'profile': 'default', 'state': 'unlit', 'advancing': True}
2024-11-07 21:12:42,618 : INFO : EventManager : Event: ======'mode_mission_select_will_start'====== Args={'profile': 'default', 'state': 'unlit', 'advancing': True}
2024-11-07 21:12:42,620 : INFO : EventManager : Event: ======'mode_mission_select_starting'====== Args={'profile': 'default', 'state': 'unlit', 'advancing': True}
2024-11-07 21:12:42,621 : INFO : Mode.mission_select : Started. Priority: 300
2024-11-07 21:12:42,621 : INFO : EventManager : Event: ======'modes_active_modes_changed'====== Args={}
2024-11-07 21:12:42,621 : INFO : EventManager : Event: ======'mode_mission_select_started'====== Args={'profile': 'default', 'state': 'unlit', 'advancing': True}
2024-11-07 21:12:42,622 : INFO : EventManager : Event: ======'player_shot_mode_scoop_enabled'====== Args={'value': False, 'prev_value': True, 'change': -1, 'player_num': 1}
2024-11-07 21:12:42,625 : INFO : EventManager : Event: ======'item_highlighted'====== Args={'carousel': 'mission_select', 'direction': None, 'item': 'beat_the_surfer'}
2024-11-07 21:12:42,710 : INFO : SwitchController : <<<<<<< 's_scoop' inactive >>>>>>>
2024-11-07 21:12:42,786 : INFO : EventManager : Event: ======'slide_mission_select_created'====== Args={'_from_bcp': True}
2024-11-07 21:12:42,787 : INFO : EventManager : Event: ======'slide_base_inactive'====== Args={'is_removing': False, '_from_bcp': True}
2024-11-07 21:12:42,787 : INFO : EventManager : Event: ======'slide_mission_select_active'====== Args={'original_context': 'mission_select', 'original_calling_context': 'mode_mission_select_started', 'priority': 300.0, 'profile': 'default', 'state': 'unlit', 'advancing': True, 'cmd': 'slides_play', '_from_bcp': True}
2024-11-07 21:12:42,787 : INFO : EventManager : Event: ======'widget_propane_widget_p_removed'====== Args={'_from_bcp': True}
2024-11-07 21:12:42,787 : INFO : EventManager : Event: ======'widget_propane_widget_r_removed'====== Args={'_from_bcp': True}
2024-11-07 21:12:42,787 : INFO : EventManager : Event: ======'widget_propane_widget_o_removed'====== Args={'_from_bcp': True}
2024-11-07 21:12:43,438 : INFO : EventManager : Event: ======'stop_mode_skillshot'====== Args={'priority': 0}
2024-11-07 21:12:44,543 : INFO : SwitchController : <<<<<<< 's_right_flipper' active >>>>>>>
2024-11-07 21:12:44,543 : INFO : EventManager : Event: ======'s_right_flipper_active'====== Args={}
2024-11-07 21:12:44,543 : INFO : EventManager : Event: ======'machine_var_audits_switches_s_right_flipper'====== Args={'value': 2412, 'prev_value': 2411, 'change': 1}
2024-11-07 21:12:44,544 : INFO : EventManager : Event: ======'item_highlighted'====== Args={'carousel': 'mission_select', 'direction': 'forwards', 'item': 'beer_can_named_desire'}
2024-11-07 21:12:44,627 : INFO : SwitchController : <<<<<<< 's_right_flipper' inactive >>>>>>>
2024-11-07 21:12:44,636 : INFO : EventManager : Event: ======'stop_mode_skillshot'====== Args={'priority': 0}
2024-11-07 21:12:44,636 : INFO : EventManager : Event: ======'stop_mode_skillshot'====== Args={'priority': 0}
2024-11-07 21:12:44,726 : INFO : SwitchController : <<<<<<< 's_right_flipper' active >>>>>>>
2024-11-07 21:12:44,726 : INFO : EventManager : Event: ======'s_right_flipper_active'====== Args={}
2024-11-07 21:12:44,726 : INFO : EventManager : Event: ======'machine_var_audits_switches_s_right_flipper'====== Args={'value': 2413, 'prev_value': 2412, 'change': 1}
2024-11-07 21:12:44,727 : INFO : EventManager : Event: ======'item_highlighted'====== Args={'carousel': 'mission_select', 'direction': 'forwards', 'item': 'bill_bulk_and_the_body_buddies'}
2024-11-07 21:12:44,808 : INFO : SwitchController : <<<<<<< 's_right_flipper' inactive >>>>>>>
2024-11-07 21:12:45,570 : INFO : SwitchController : <<<<<<< 's_start' active >>>>>>>
2024-11-07 21:12:45,570 : INFO : EventManager : Event: ======'s_start_active'====== Args={}
2024-11-07 21:12:45,571 : INFO : EventManager : Event: ======'machine_var_audits_switches_s_start'====== Args={'value': 900, 'prev_value': 899, 'change': 1}
2024-11-07 21:12:45,573 : INFO : EventManager : Event: ======'sw_add_player'====== Args={'priority': 0}
2024-11-07 21:12:45,573 : INFO : EventManager : Event: ======'sw_add_player'====== Args={'priority': 0}
2024-11-07 21:12:45,574 : INFO : EventManager : Event: ======'player_add_request'====== Args={}
2024-11-07 21:12:45,574 : INFO : EventManager : Event: ======'player_add_request'====== Args={}
2024-11-07 21:12:45,574 : INFO : EventManager : Event: ======'player_will_add'====== Args={'number': 2}
2024-11-07 21:12:45,574 : INFO : EventManager : Event: ======'player_adding'====== Args={'player': <Player 2>, 'number': 2}
2024-11-07 21:12:45,575 : INFO : EventManager : Event: ======'player_added'====== Args={'player': <Player 2>, 'num': 2}
2024-11-07 21:12:45,575 : INFO : Mode.game : Player added successfully. Total players: 2
2024-11-07 21:12:45,575 : INFO : EventManager : Event: ======'multiplayer_game'====== Args={}
2024-11-07 21:12:45,575 : INFO : EventManager : Event: ======'player_index'====== Args={'value': 1, 'prev_value': 1, 'change': 0, 'player_num': 2}
2024-11-07 21:12:45,576 : INFO : EventManager : Event: ======'player_number'====== Args={'value': 2, 'prev_value': 2, 'change': 0, 'player_num': 2}
2024-11-07 21:12:45,576 : INFO : EventManager : Event: ======'player_score'====== Args={'value': 0, 'prev_value': 0, 'change': 0, 'player_num': 2}
2024-11-07 21:12:45,583 : INFO : EventManager : Event: ======'player_will_add'====== Args={'number': 3}
2024-11-07 21:12:45,584 : INFO : EventManager : Event: ======'player_adding'====== Args={'player': <Player 3>, 'number': 3}
2024-11-07 21:12:45,584 : INFO : EventManager : Event: ======'player_added'====== Args={'player': <Player 3>, 'num': 3}
2024-11-07 21:12:45,585 : INFO : Mode.game : Player added successfully. Total players: 3
2024-11-07 21:12:45,585 : INFO : EventManager : Event: ======'player_index'====== Args={'value': 2, 'prev_value': 2, 'change': 0, 'player_num': 3}
2024-11-07 21:12:45,585 : INFO : EventManager : Event: ======'player_number'====== Args={'value': 3, 'prev_value': 3, 'change': 0, 'player_num': 3}
2024-11-07 21:12:45,586 : INFO : EventManager : Event: ======'player_score'====== Args={'value': 0, 'prev_value': 0, 'change': 0, 'player_num': 3}
2024-11-07 21:12:45,696 : INFO : SwitchController : <<<<<<< 's_start' inactive >>>>>>>
2024-11-07 21:12:45,697 : INFO : EventManager : Event: ======'s_start_inactive'====== Args={}
2024-11-07 21:12:45,697 : INFO : EventManager : Event: ======'mission_select_bill_bulk_and_the_body_buddies_selected'====== Args={}
2024-11-07 21:12:45,697 : INFO : EventManager : Event: ======'mission_select_item_selected'====== Args={}
2024-11-07 21:12:45,697 : INFO : EventManager : Event: ======'mode_bill_bulk_and_the_body_buddies_will_start'====== Args={}
2024-11-07 21:12:45,698 : INFO : EventManager : Event: ======'player_bill_bulk_and_the_body_buddies_bill_bulk_and_the_body_buddies_mode_countdown_tick'====== Args={'value': 45, 'prev_value': 0, 'change': 45, 'player_num': 1}
2024-11-07 21:12:45,698 : INFO : Timer.bill_bulk_and_the_body_buddies_mode_countdown : Starting Timer.
2024-11-07 21:12:45,698 : INFO : EventManager : Event: ======'timer_bill_bulk_and_the_body_buddies_mode_countdown_started'====== Args={'ticks': 45, 'ticks_remaining': 45}
2024-11-07 21:12:45,698 : INFO : EventManager : Event: ======'timer_bill_bulk_and_the_body_buddies_mode_countdown_tick'====== Args={'ticks': 45, 'ticks_remaining': 45}
2024-11-07 21:12:45,698 : INFO : EventManager : Event: ======'player_shot_shot_right_ramp_enabled'====== Args={'value': True, 'prev_value': 0, 'change': 1, 'player_num': 1}
2024-11-07 21:12:45,699 : INFO : EventManager : Event: ======'player_shot_shot_left_ramp_enabled'====== Args={'value': True, 'prev_value': 0, 'change': 1, 'player_num': 1}
2024-11-07 21:12:45,699 : INFO : EventManager : Event: ======'player_state_machine_bill_bulk_and_the_body_buddies'====== Args={'value': 'start', 'prev_value': 0, 'change': True, 'player_num': 1}
2024-11-07 21:12:45,699 : ERROR : asyncio : Exception in callback EventManager.process_event_queue()
handle: <Handle EventManager.process_event_queue()>
Traceback (most recent call last):
  File "/Users/nicktaseris/mpfenv/lib/python3.9/site-packages/mpf/core/events.py", line 103, in get_event_and_condition_from_string
    additional_priority = int(event_string[priority_start + 1:])
ValueError: invalid literal for int() with base 10: 'state_machines.bill_bulk_and_the_body_buddies.state=="start"'

During handling of the above exception, another exception occurred:

Traceback (most recent call last):
  File "/Users/nicktaseris/mpfenv/lib/python3.9/site-packages/mpf/core/events.py", line 755, in _run_handlers
    result = handler.callback(**merged_kwargs)
  File "/Users/nicktaseris/mpfenv/lib/python3.9/site-packages/mpf/core/mode.py", line 218, in start
    result = item.method(config=self.config.get(item.config_section, self.config),
  File "/Users/nicktaseris/mpfenv/lib/python3.9/site-packages/mpf/core/config_player.py", line 221, in mode_start
    event_keys = self.register_player_events(config, mode, priority)
  File "/Users/nicktaseris/mpfenv/lib/python3.9/site-packages/mpf/core/config_player.py", line 315, in register_player_events
    self.machine.events.add_handler(
  File "/Users/nicktaseris/mpfenv/lib/python3.9/site-packages/mpf/core/events.py", line 235, in add_handler
    event, condition, additional_priority = self.get_event_and_condition_from_string(event)
  File "/Users/nicktaseris/mpfenv/lib/python3.9/site-packages/mpf/core/events.py", line 105, in get_event_and_condition_from_string
    raise ValueError('Failed to parse priority in event name, '
ValueError: Failed to parse priority in event name, please remedy "device.state_machines.bill_bulk_and_the_body_buddies.state=="start"". Does your event name contain a dot?

The above exception was the direct cause of the following exception:

Traceback (most recent call last):
  File "/Library/Frameworks/Python.framework/Versions/3.9/lib/python3.9/asyncio/events.py", line 80, in _run
    self._context.run(self._callback, *self._args)
  File "/Users/nicktaseris/mpfenv/lib/python3.9/site-packages/mpf/core/events.py", line 846, in process_event_queue
    self._process_event(event=event[0],
  File "/Users/nicktaseris/mpfenv/lib/python3.9/site-packages/mpf/core/events.py", line 808, in _process_event
    result = self._run_handlers(event, ev_type, kwargs)
  File "/Users/nicktaseris/mpfenv/lib/python3.9/site-packages/mpf/core/events.py", line 757, in _run_handlers
    raise EventHandlerException(
mpf.core.events.EventHandlerException: Exception while processing RegisteredHandler(callback=<bound method Mode.start of <Mode.bill_bulk_and_the_body_buddies>>, priority=500, kwargs={}, key=UUID('efc23c15-8e26-46aa-bb94-8ecaab183493'), condition=None, blocking_facility=None) for event mission_select_bill_bulk_and_the_body_buddies_selected. Failed to parse priority in event name, please remedy "device.state_machines.bill_bulk_and_the_body_buddies.state=="start"". Does your event name contain a dot?
2024-11-07 21:12:45,702 : INFO : Machine : Shutting down...
2024-11-07 21:12:45,702 : INFO : EventManager : Event: ======'shutdown'====== Args={}
2024-11-07 21:12:45,702 : INFO : EventManager : Event: ======'mode_game_will_stop'====== Args={}
2024-11-07 21:12:45,702 : INFO : EventManager : Event: ======'mode_game_stopping'====== Args={}
2024-11-07 21:12:45,703 : INFO : EventManager : Event: ======'mode_extra_ball_will_stop'====== Args={}
2024-11-07 21:12:45,703 : INFO : EventManager : Event: ======'mode_extra_ball_stopping'====== Args={}
2024-11-07 21:12:45,703 : INFO : EventManager : Event: ======'mode_base_will_stop'====== Args={}
2024-11-07 21:12:45,703 : INFO : EventManager : Event: ======'mode_base_stopping'====== Args={}
2024-11-07 21:12:45,703 : INFO : EventManager : Event: ======'mode_rainey_multiball_will_stop'====== Args={}
2024-11-07 21:12:45,703 : INFO : EventManager : Event: ======'mode_rainey_multiball_stopping'====== Args={}
2024-11-07 21:12:45,703 : INFO : EventManager : Event: ======'mode_BBQ_rollover_will_stop'====== Args={}
2024-11-07 21:12:45,703 : INFO : EventManager : Event: ======'mode_BBQ_rollover_stopping'====== Args={}
2024-11-07 21:12:45,703 : INFO : EventManager : Event: ======'mode_mission_select_will_stop'====== Args={}
2024-11-07 21:12:45,704 : INFO : EventManager : Event: ======'mode_mission_select_stopping'====== Args={}
2024-11-07 21:12:45,704 : INFO : EventManager : Event: ======'mode_strickland_multiball_will_stop'====== Args={}
2024-11-07 21:12:45,704 : INFO : EventManager : Event: ======'mode_strickland_multiball_stopping'====== Args={}
2024-11-07 21:12:45,704 : INFO : EventManager : Event: ======'mode_hank_rollover_will_stop'====== Args={}
2024-11-07 21:12:45,704 : INFO : EventManager : Event: ======'mode_hank_rollover_stopping'====== Args={}
2024-11-07 21:12:45,704 : INFO : Mode.hank_rollover : Stopped.
2024-11-07 21:12:45,704 : INFO : EventManager : Event: ======'modes_active_modes_changed'====== Args={}
2024-11-07 21:12:45,704 : INFO : EventManager : Event: ======'mode_hank_rollover_stopped'====== Args={}
2024-11-07 21:12:45,704 : INFO : EventManager : Event: ======'clear'====== Args={'key': 'hank_rollover'}
2024-11-07 21:12:45,705 : INFO : Mode.strickland_multiball : Stopped.
2024-11-07 21:12:45,705 : INFO : EventManager : Event: ======'modes_active_modes_changed'====== Args={}
2024-11-07 21:12:45,705 : INFO : EventManager : Event: ======'mode_strickland_multiball_stopped'====== Args={}
2024-11-07 21:12:45,705 : INFO : EventManager : Event: ======'clear'====== Args={'key': 'strickland_multiball'}
2024-11-07 21:12:45,705 : INFO : Mode.mission_select : Stopped.
2024-11-07 21:12:45,705 : INFO : EventManager : Event: ======'modes_active_modes_changed'====== Args={}
2024-11-07 21:12:45,705 : INFO : EventManager : Event: ======'mode_mission_select_stopped'====== Args={}
2024-11-07 21:12:45,705 : INFO : EventManager : Event: ======'clear'====== Args={'key': 'mission_select'}
2024-11-07 21:12:45,706 : INFO : Mode.BBQ_rollover : Stopped.
2024-11-07 21:12:45,706 : INFO : EventManager : Event: ======'modes_active_modes_changed'====== Args={}
2024-11-07 21:12:45,706 : INFO : EventManager : Event: ======'mode_BBQ_rollover_stopped'====== Args={}
2024-11-07 21:12:45,706 : INFO : EventManager : Event: ======'clear'====== Args={'key': 'BBQ_rollover'}
2024-11-07 21:12:45,706 : INFO : Mode.rainey_multiball : Stopped.
2024-11-07 21:12:45,706 : INFO : EventManager : Event: ======'modes_active_modes_changed'====== Args={}
2024-11-07 21:12:45,706 : INFO : EventManager : Event: ======'mode_rainey_multiball_stopped'====== Args={}
2024-11-07 21:12:45,706 : INFO : EventManager : Event: ======'clear'====== Args={'key': 'rainey_multiball'}
2024-11-07 21:12:45,707 : INFO : Mode.base : Stopped.
2024-11-07 21:12:45,707 : INFO : EventManager : Event: ======'modes_active_modes_changed'====== Args={}
2024-11-07 21:12:45,707 : INFO : EventManager : Event: ======'mode_base_stopped'====== Args={}
2024-11-07 21:12:45,707 : INFO : EventManager : Event: ======'clear'====== Args={'key': 'base'}
2024-11-07 21:12:45,708 : INFO : Mode.extra_ball : Stopped.
2024-11-07 21:12:45,708 : INFO : EventManager : Event: ======'modes_active_modes_changed'====== Args={}
2024-11-07 21:12:45,708 : INFO : EventManager : Event: ======'mode_extra_ball_stopped'====== Args={}
2024-11-07 21:12:45,708 : INFO : EventManager : Event: ======'clear'====== Args={'key': 'extra_ball'}
2024-11-07 21:12:45,708 : INFO : Mode.game : Stopped.
2024-11-07 21:12:45,708 : INFO : EventManager : Event: ======'modes_active_modes_changed'====== Args={}
2024-11-07 21:12:45,708 : INFO : EventManager : Event: ======'mode_game_stopped'====== Args={}
2024-11-07 21:12:45,708 : INFO : EventManager : Event: ======'clear'====== Args={'key': 'game'}
2024-11-07 21:12:45,718 : ERROR : Machine : Runtime Exception
Traceback (most recent call last):
  File "/Users/nicktaseris/mpfenv/lib/python3.9/site-packages/mpf/core/events.py", line 103, in get_event_and_condition_from_string
    additional_priority = int(event_string[priority_start + 1:])
ValueError: invalid literal for int() with base 10: 'state_machines.bill_bulk_and_the_body_buddies.state=="start"'

During handling of the above exception, another exception occurred:

Traceback (most recent call last):
  File "/Users/nicktaseris/mpfenv/lib/python3.9/site-packages/mpf/core/events.py", line 755, in _run_handlers
    result = handler.callback(**merged_kwargs)
  File "/Users/nicktaseris/mpfenv/lib/python3.9/site-packages/mpf/core/mode.py", line 218, in start
    result = item.method(config=self.config.get(item.config_section, self.config),
  File "/Users/nicktaseris/mpfenv/lib/python3.9/site-packages/mpf/core/config_player.py", line 221, in mode_start
    event_keys = self.register_player_events(config, mode, priority)
  File "/Users/nicktaseris/mpfenv/lib/python3.9/site-packages/mpf/core/config_player.py", line 315, in register_player_events
    self.machine.events.add_handler(
  File "/Users/nicktaseris/mpfenv/lib/python3.9/site-packages/mpf/core/events.py", line 235, in add_handler
    event, condition, additional_priority = self.get_event_and_condition_from_string(event)
  File "/Users/nicktaseris/mpfenv/lib/python3.9/site-packages/mpf/core/events.py", line 105, in get_event_and_condition_from_string
    raise ValueError('Failed to parse priority in event name, '
ValueError: Failed to parse priority in event name, please remedy "device.state_machines.bill_bulk_and_the_body_buddies.state=="start"". Does your event name contain a dot?

The above exception was the direct cause of the following exception:

Traceback (most recent call last):
  File "/Users/nicktaseris/mpfenv/lib/python3.9/site-packages/mpf/core/machine.py", line 793, in _run_loop
    raise self._exception['exception']
  File "/Library/Frameworks/Python.framework/Versions/3.9/lib/python3.9/asyncio/events.py", line 80, in _run
    self._context.run(self._callback, *self._args)
  File "/Users/nicktaseris/mpfenv/lib/python3.9/site-packages/mpf/core/events.py", line 846, in process_event_queue
    self._process_event(event=event[0],
  File "/Users/nicktaseris/mpfenv/lib/python3.9/site-packages/mpf/core/events.py", line 808, in _process_event
    result = self._run_handlers(event, ev_type, kwargs)
  File "/Users/nicktaseris/mpfenv/lib/python3.9/site-packages/mpf/core/events.py", line 757, in _run_handlers
    raise EventHandlerException(
mpf.core.events.EventHandlerException: Exception while processing RegisteredHandler(callback=<bound method Mode.start of <Mode.bill_bulk_and_the_body_buddies>>, priority=500, kwargs={}, key=UUID('efc23c15-8e26-46aa-bb94-8ecaab183493'), condition=None, blocking_facility=None) for event mission_select_bill_bulk_and_the_body_buddies_selected. Failed to parse priority in event name, please remedy "device.state_machines.bill_bulk_and_the_body_buddies.state=="start"". Does your event name contain a dot?
2024-11-07 21:12:45,784 : INFO : crash_reporter : Will not report crash as "report_crashes" mode is "never"
2024-11-07 21:12:45,784 : INFO : root : MPF run loop ended.
