2024-07-27 07:23:10,613 : INFO : root : Loading config.
2024-07-27 07:23:10,614 : INFO : YamlMultifileConfigLoader : Machine config file #1: config.yaml
2024-07-27 07:23:10,614 : INFO : ConfigProcessor : Loading config from cache: /var/folders/sv/d29kcl5x50v7vt1n6xb5jsd40000gn/T/c166cef8060ffee16a35821bf698da85.mpf_cache
2024-07-27 07:23:10,656 : INFO : ConfigProcessor : Loading config from cache: /var/folders/sv/d29kcl5x50v7vt1n6xb5jsd40000gn/T/6b31c5ac6ecbad948994a8204ea6b05b.mpf_cache
2024-07-27 07:23:10,657 : INFO : ConfigProcessor : Loading config from cache: /var/folders/sv/d29kcl5x50v7vt1n6xb5jsd40000gn/T/fe612d1e66c8a96c19ba449d3748eeac.mpf_cache
2024-07-27 07:23:10,657 : INFO : ConfigProcessor : Loading config from cache: /var/folders/sv/d29kcl5x50v7vt1n6xb5jsd40000gn/T/6b31c5ac6ecbad948994a8204ea6b05b.mpf_cache
2024-07-27 07:23:10,657 : INFO : ConfigProcessor : Loading config from cache: /var/folders/sv/d29kcl5x50v7vt1n6xb5jsd40000gn/T/8765227693ecd961e0504502a81255e0.mpf_cache
2024-07-27 07:23:10,657 : INFO : ConfigProcessor : Loading config from cache: /var/folders/sv/d29kcl5x50v7vt1n6xb5jsd40000gn/T/b247728c74b4d81bcb2825e2b07062a7.mpf_cache
2024-07-27 07:23:10,658 : INFO : ConfigProcessor : Loading config from cache: /var/folders/sv/d29kcl5x50v7vt1n6xb5jsd40000gn/T/f240f94f0b5d0f37ec4fd7571275a101.mpf_cache
2024-07-27 07:23:10,658 : INFO : ConfigProcessor : Loading config from cache: /var/folders/sv/d29kcl5x50v7vt1n6xb5jsd40000gn/T/c4409acfdf3ec94666e0adef48d55400.mpf_cache
2024-07-27 07:23:10,658 : INFO : ConfigProcessor : Loading config from cache: /var/folders/sv/d29kcl5x50v7vt1n6xb5jsd40000gn/T/6a2f50ed892485825cc04dc0a68eab9f.mpf_cache
2024-07-27 07:23:10,658 : INFO : ConfigProcessor : Loading config from cache: /var/folders/sv/d29kcl5x50v7vt1n6xb5jsd40000gn/T/d58c58eb9fd1a2dc27f8acd255fb3761.mpf_cache
2024-07-27 07:23:10,658 : INFO : ConfigProcessor : Loading config from cache: /var/folders/sv/d29kcl5x50v7vt1n6xb5jsd40000gn/T/07adfd310b3ef0e03c5cbc91527abb6c.mpf_cache
2024-07-27 07:23:10,659 : INFO : ConfigProcessor : Loading config from cache: /var/folders/sv/d29kcl5x50v7vt1n6xb5jsd40000gn/T/12bd5247c3bf989b919364bdb7829769.mpf_cache
2024-07-27 07:23:10,659 : INFO : ConfigProcessor : Loading config from cache: /var/folders/sv/d29kcl5x50v7vt1n6xb5jsd40000gn/T/362e08f51a1a1b7a0809dd52f9c83f83.mpf_cache
2024-07-27 07:23:10,659 : INFO : ConfigProcessor : Loading config from cache: /var/folders/sv/d29kcl5x50v7vt1n6xb5jsd40000gn/T/e45e3bd39557ed8d0881194a7afab8f7.mpf_cache
2024-07-27 07:23:10,659 : INFO : ConfigProcessor : Loading config from cache: /var/folders/sv/d29kcl5x50v7vt1n6xb5jsd40000gn/T/331d8d1a1bc190cae8c13495e1db372f.mpf_cache
2024-07-27 07:23:10,659 : INFO : ConfigProcessor : Loading config from cache: /var/folders/sv/d29kcl5x50v7vt1n6xb5jsd40000gn/T/d17a9ff77386e6f1439d0802ace1de07.mpf_cache
2024-07-27 07:23:10,660 : INFO : ConfigProcessor : Loading config from cache: /var/folders/sv/d29kcl5x50v7vt1n6xb5jsd40000gn/T/280fd64455d0d243a54ab4db98fbccbd.mpf_cache
2024-07-27 07:23:10,660 : INFO : ConfigProcessor : Loading config from cache: /var/folders/sv/d29kcl5x50v7vt1n6xb5jsd40000gn/T/0c0596ed8fbb40b6113901d21bdc0a39.mpf_cache
2024-07-27 07:23:10,660 : INFO : ConfigProcessor : Loading config from cache: /var/folders/sv/d29kcl5x50v7vt1n6xb5jsd40000gn/T/2982e2d98506102244e9fa0f437a9fca.mpf_cache
2024-07-27 07:23:10,661 : INFO : ConfigProcessor : Loading config from cache: /var/folders/sv/d29kcl5x50v7vt1n6xb5jsd40000gn/T/0fedc249e142fba0aaf46d9adc7061fa.mpf_cache
2024-07-27 07:23:10,661 : WARNING : ConfigProcessor : Config file in cache changed: /Users/nicktaseris/Desktop/Pinball/KOTH/modes/rainey_multiball/config/rainey_multiball.yaml
2024-07-27 07:23:10,661 : INFO : ConfigProcessor : Loading config from file /Users/nicktaseris/Desktop/Pinball/KOTH/modes/rainey_multiball/config/rainey_multiball.yaml.
2024-07-27 07:23:10,663 : INFO : ConfigProcessor : Loading config: /Users/nicktaseris/Desktop/Pinball/KOTH/modes/rainey_multiball/config/rainey_multiball.yaml
2024-07-27 07:23:10,663 : INFO : ConfigProcessor : Config file cache created: /var/folders/sv/d29kcl5x50v7vt1n6xb5jsd40000gn/T/c57745b2fe399992c4aedf0209f8acc9.mpf_cache
2024-07-27 07:23:10,663 : INFO : ConfigProcessor : Loading config from cache: /var/folders/sv/d29kcl5x50v7vt1n6xb5jsd40000gn/T/3048ed2d7ea14eee3db896f6760aa474.mpf_cache
2024-07-27 07:23:10,665 : INFO : ConfigProcessor : Loading config from cache: /var/folders/sv/d29kcl5x50v7vt1n6xb5jsd40000gn/T/92ef06c4948c9d7dae261bd35c334f61.mpf_cache
2024-07-27 07:23:10,665 : INFO : Machine : Mission Pinball Framework Core Engine v0.80.0.dev1
2024-07-27 07:23:10,665 : INFO : Machine : Command line arguments: {'no_load_cache': False, 'create_config_cache': True, 'bcp': True, 'configfile': ['config.yaml'], 'force_assets_load': False, 'platform_integration_test': False, 'jsonlogging': False, 'logfile': 'logs/2024-07-27-07-23-10-mpf-Nicks-MacBook-Air.local.log', 'pause': False, 'production': False, 'text_ui': True, 'loglevel': 15, 'consoleloglevel': 20, 'force_platform': None, 'syslog_address': None, 'mc_file_name': None, 'no_sound': False, 'full_logfile_path': '/Users/nicktaseris/Desktop/Pinball/KOTH/logs/2024-07-27-07-23-10-mpf-Nicks-MacBook-Air.local.log'}
2024-07-27 07:23:10,665 : INFO : Machine : MPF path: /Users/nicktaseris/mpfenv/lib/python3.9/site-packages/mpf
2024-07-27 07:23:10,665 : INFO : Machine : Machine path: /Users/nicktaseris/Desktop/Pinball/KOTH
2024-07-27 07:23:10,665 : INFO : Machine : Platform: darwin
2024-07-27 07:23:10,666 : INFO : Machine : Python executable location: /Users/nicktaseris/mpfenv/bin/python3
2024-07-27 07:23:10,666 : INFO : Machine : Python version: 3.9.13 (64-bit)
2024-07-27 07:23:10,666 : INFO : Machine : Initializing MPF...
2024-07-27 07:23:10,701 : INFO : EventManager : Event: ======'machine_var_credits_string'====== Args={'value': 'FREE PLAY', 'prev_value': None, 'change': True}
2024-07-27 07:23:10,707 : INFO : EventManager : Event: ======'machine_var_master_volume'====== Args={'value': 0.5, 'prev_value': None, 'change': True}
2024-07-27 07:23:10,707 : INFO : EventManager : Event: ======'machine_var_player1_score'====== Args={'value': 175300, 'prev_value': None, 'change': True}
2024-07-27 07:23:10,707 : INFO : EventManager : Event: ======'machine_var_mpf_version'====== Args={'value': 'Mission Pinball Framework v0.80.0.dev1', 'prev_value': None, 'change': True}
2024-07-27 07:23:10,707 : INFO : EventManager : Event: ======'machine_var_mpf_extended_version'====== Args={'value': 'Mission Pinball Framework v0.80.0.dev1, Config version:6, Show version: 6, BCP version:1.1', 'prev_value': None, 'change': True}
2024-07-27 07:23:10,707 : INFO : EventManager : Event: ======'machine_var_python_version'====== Args={'value': '3.9.13', 'prev_value': None, 'change': True}
2024-07-27 07:23:10,731 : INFO : EventManager : Event: ======'machine_var_platform'====== Args={'value': 'macOS-12.1-arm64-arm-64bit', 'prev_value': None, 'change': True}
2024-07-27 07:23:10,731 : INFO : EventManager : Event: ======'machine_var_platform_system'====== Args={'value': 'Darwin', 'prev_value': None, 'change': True}
2024-07-27 07:23:10,731 : INFO : EventManager : Event: ======'machine_var_platform_release'====== Args={'value': '21.2.0', 'prev_value': None, 'change': True}
2024-07-27 07:23:10,731 : INFO : EventManager : Event: ======'machine_var_platform_version'====== Args={'value': 'Darwin Kernel Version 21.2.0: Sun Nov 28 20:29:10 PST 2021; root:xnu-8019.61.5~1/RELEASE_ARM64_T8101', 'prev_value': None, 'change': True}
2024-07-27 07:23:10,731 : INFO : EventManager : Event: ======'machine_var_platform_machine'====== Args={'value': 'arm64', 'prev_value': None, 'change': True}
2024-07-27 07:23:10,731 : INFO : EventManager : Event: ======'machine_var_log_file_path'====== Args={'value': '/Users/nicktaseris/Desktop/Pinball/KOTH/logs/2024-07-27-07-23-10-mpf-Nicks-MacBook-Air.local.log', 'prev_value': None, 'change': True}
2024-07-27 07:23:10,731 : INFO : EventManager : Event: ======'init_phase_1'====== Args={}
2024-07-27 07:23:10,764 : INFO : EventManager : Event: ======'drop_target_bank_strickland_bank_up'====== Args={}
2024-07-27 07:23:10,765 : INFO : EventManager : Event: ======'init_phase_2'====== Args={}
2024-07-27 07:23:10,765 : INFO : SwitchController : Found active switch: ('39', <Platform.SmartVirtual>) <switch.s_trough1>
2024-07-27 07:23:10,765 : INFO : SwitchController : Found active switch: ('40', <Platform.SmartVirtual>) <switch.s_trough2>
2024-07-27 07:23:10,765 : INFO : SwitchController : Found active switch: ('41', <Platform.SmartVirtual>) <switch.s_trough3>
2024-07-27 07:23:10,765 : INFO : SwitchController : Found active switch: ('42', <Platform.SmartVirtual>) <switch.s_trough4>
2024-07-27 07:23:10,765 : INFO : SwitchController : Found active switch: ('43', <Platform.SmartVirtual>) <switch.s_trough5>
2024-07-27 07:23:10,765 : INFO : SwitchController : Found active switch: ('44', <Platform.SmartVirtual>) <switch.s_trough6>
2024-07-27 07:23:10,770 : INFO : EventManager : Event: ======'machine_var_score1_label'====== Args={'value': 'GRAND CHAMPION', 'prev_value': None, 'change': True}
2024-07-27 07:23:10,770 : INFO : EventManager : Event: ======'machine_var_score1_name'====== Args={'value': 'BRI', 'prev_value': None, 'change': True}
2024-07-27 07:23:10,770 : INFO : EventManager : Event: ======'machine_var_score1_value'====== Args={'value': 4242, 'prev_value': None, 'change': True}
2024-07-27 07:23:10,770 : INFO : EventManager : Event: ======'machine_var_score2_label'====== Args={'value': 'HIGH SCORE 1', 'prev_value': None, 'change': True}
2024-07-27 07:23:10,770 : INFO : EventManager : Event: ======'machine_var_score2_name'====== Args={'value': 'GHK', 'prev_value': None, 'change': True}
2024-07-27 07:23:10,770 : INFO : EventManager : Event: ======'machine_var_score2_value'====== Args={'value': 2323, 'prev_value': None, 'change': True}
2024-07-27 07:23:10,770 : INFO : EventManager : Event: ======'machine_var_score3_label'====== Args={'value': 'HIGH SCORE 2', 'prev_value': None, 'change': True}
2024-07-27 07:23:10,770 : INFO : EventManager : Event: ======'machine_var_score3_name'====== Args={'value': 'JK', 'prev_value': None, 'change': True}
2024-07-27 07:23:10,770 : INFO : EventManager : Event: ======'machine_var_score3_value'====== Args={'value': 1337, 'prev_value': None, 'change': True}
2024-07-27 07:23:10,770 : INFO : EventManager : Event: ======'machine_var_score4_label'====== Args={'value': 'HIGH SCORE 3', 'prev_value': None, 'change': True}
2024-07-27 07:23:10,770 : INFO : EventManager : Event: ======'machine_var_score4_name'====== Args={'value': 'QC', 'prev_value': None, 'change': True}
2024-07-27 07:23:10,770 : INFO : EventManager : Event: ======'machine_var_score4_value'====== Args={'value': 42, 'prev_value': None, 'change': True}
2024-07-27 07:23:10,770 : INFO : EventManager : Event: ======'machine_var_score5_label'====== Args={'value': 'HIGH SCORE 4', 'prev_value': None, 'change': True}
2024-07-27 07:23:10,770 : INFO : EventManager : Event: ======'machine_var_score5_name'====== Args={'value': 'MPF', 'prev_value': None, 'change': True}
2024-07-27 07:23:10,771 : INFO : EventManager : Event: ======'machine_var_score5_value'====== Args={'value': 23, 'prev_value': None, 'change': True}
2024-07-27 07:23:10,771 : INFO : EventManager : Event: ======'bcp_connection_attempt'====== Args={'name': 'local_display', 'host': 'localhost', 'port': 5050}
2024-07-27 07:23:10,771 : INFO : BCPClientSocket : Connecting BCP to 'local_display' at localhost:5050...
2024-07-27 07:23:13,166 : INFO : BCPClientSocket : Connected BCP to 'local_display' localhost:5050
2024-07-27 07:23:13,167 : INFO : EventManager : Event: ======'bcp_clients_connected'====== Args={}
2024-07-27 07:23:13,171 : INFO : ball_device.bd_trough : BCH: Initial count: 6
2024-07-27 07:23:13,172 : INFO : ball_device.bd_trough : State: idle
2024-07-27 07:23:13,173 : INFO : ball_device.bd_plunger : BCH: Initial count: 0
2024-07-27 07:23:13,176 : INFO : ball_device.bd_plunger : State: idle
2024-07-27 07:23:13,176 : INFO : ball_device.bd_scoop : BCH: Initial count: 0
2024-07-27 07:23:13,176 : INFO : ball_device.bd_scoop : State: idle
2024-07-27 07:23:13,184 : INFO : EventManager : Event: ======'init_phase_3'====== Args={}
2024-07-27 07:23:13,187 : INFO : EventManager : Event: ======'init_phase_4'====== Args={}
2024-07-27 07:23:13,188 : INFO : BallController : Initial balls found: 6
2024-07-27 07:23:13,188 : INFO : EventManager : Event: ======'machine_var_audits_events_game_ended'====== Args={'value': 4, 'prev_value': None, 'change': True}
2024-07-27 07:23:13,188 : INFO : EventManager : Event: ======'machine_var_audits_events_game_started'====== Args={'value': 580, 'prev_value': None, 'change': True}
2024-07-27 07:23:13,188 : INFO : EventManager : Event: ======'machine_var_audits_missing_switches_s_bottom_inline_drop'====== Args={'value': 2, 'prev_value': None, 'change': True}
2024-07-27 07:23:13,188 : INFO : EventManager : Event: ======'machine_var_audits_missing_switches_s_bottom_pop_bumper'====== Args={'value': 139, 'prev_value': None, 'change': True}
2024-07-27 07:23:13,189 : INFO : EventManager : Event: ======'machine_var_audits_missing_switches_s_center_spinner'====== Args={'value': 2, 'prev_value': None, 'change': True}
2024-07-27 07:23:13,189 : INFO : EventManager : Event: ======'machine_var_audits_missing_switches_s_launch_button'====== Args={'value': 51, 'prev_value': None, 'change': True}
2024-07-27 07:23:13,189 : INFO : EventManager : Event: ======'machine_var_audits_missing_switches_s_left_flipper'====== Args={'value': 76, 'prev_value': None, 'change': True}
2024-07-27 07:23:13,189 : INFO : EventManager : Event: ======'machine_var_audits_missing_switches_s_left_inlane'====== Args={'value': 2, 'prev_value': None, 'change': True}
2024-07-27 07:23:13,189 : INFO : EventManager : Event: ======'machine_var_audits_missing_switches_s_left_inner_horseshoe'====== Args={'value': 214, 'prev_value': None, 'change': True}
2024-07-27 07:23:13,189 : INFO : EventManager : Event: ======'machine_var_audits_missing_switches_s_left_orbit_enter'====== Args={'value': 2, 'prev_value': None, 'change': True}
2024-07-27 07:23:13,189 : INFO : EventManager : Event: ======'machine_var_audits_missing_switches_s_left_orbit_exit'====== Args={'value': 51, 'prev_value': None, 'change': True}
2024-07-27 07:23:13,189 : INFO : EventManager : Event: ======'machine_var_audits_missing_switches_s_left_outlane'====== Args={'value': 2, 'prev_value': None, 'change': True}
2024-07-27 07:23:13,189 : INFO : EventManager : Event: ======'machine_var_audits_missing_switches_s_left_pop_bumper'====== Args={'value': 139, 'prev_value': None, 'change': True}
2024-07-27 07:23:13,189 : INFO : EventManager : Event: ======'machine_var_audits_missing_switches_s_left_ramp_enter'====== Args={'value': 129, 'prev_value': None, 'change': True}
2024-07-27 07:23:13,189 : INFO : EventManager : Event: ======'machine_var_audits_missing_switches_s_left_ramp_exit'====== Args={'value': 129, 'prev_value': None, 'change': True}
2024-07-27 07:23:13,189 : INFO : EventManager : Event: ======'machine_var_audits_missing_switches_s_left_ramp_standup'====== Args={'value': 2, 'prev_value': None, 'change': True}
2024-07-27 07:23:13,189 : INFO : EventManager : Event: ======'machine_var_audits_missing_switches_s_left_rollover_lane'====== Args={'value': 2, 'prev_value': None, 'change': True}
2024-07-27 07:23:13,189 : INFO : EventManager : Event: ======'machine_var_audits_missing_switches_s_left_sling'====== Args={'value': 230, 'prev_value': None, 'change': True}
2024-07-27 07:23:13,190 : INFO : EventManager : Event: ======'machine_var_audits_missing_switches_s_left_spinner'====== Args={'value': 148, 'prev_value': None, 'change': True}
2024-07-27 07:23:13,190 : INFO : EventManager : Event: ======'machine_var_audits_missing_switches_s_middle_inline_drop'====== Args={'value': 3, 'prev_value': None, 'change': True}
2024-07-27 07:23:13,190 : INFO : EventManager : Event: ======'machine_var_audits_missing_switches_s_middle_rollover_lane'====== Args={'value': 2, 'prev_value': None, 'change': True}
2024-07-27 07:23:13,190 : INFO : EventManager : Event: ======'machine_var_audits_missing_switches_s_p_target'====== Args={'value': 2, 'prev_value': None, 'change': True}
2024-07-27 07:23:13,190 : INFO : EventManager : Event: ======'machine_var_audits_missing_switches_s_r_target'====== Args={'value': 2, 'prev_value': None, 'change': True}
2024-07-27 07:23:13,190 : INFO : EventManager : Event: ======'machine_var_audits_missing_switches_s_right_flipper'====== Args={'value': 2, 'prev_value': None, 'change': True}
2024-07-27 07:23:13,190 : INFO : EventManager : Event: ======'machine_var_audits_missing_switches_s_right_inlane'====== Args={'value': 51, 'prev_value': None, 'change': True}
2024-07-27 07:23:13,190 : INFO : EventManager : Event: ======'machine_var_audits_missing_switches_s_right_inner_horseshoe'====== Args={'value': 221, 'prev_value': None, 'change': True}
2024-07-27 07:23:13,190 : INFO : EventManager : Event: ======'machine_var_audits_missing_switches_s_right_orbit_exit'====== Args={'value': 323, 'prev_value': None, 'change': True}
2024-07-27 07:23:13,190 : INFO : EventManager : Event: ======'machine_var_audits_missing_switches_s_right_outlane'====== Args={'value': 51, 'prev_value': None, 'change': True}
2024-07-27 07:23:13,190 : INFO : EventManager : Event: ======'machine_var_audits_missing_switches_s_right_pop_bumper'====== Args={'value': 139, 'prev_value': None, 'change': True}
2024-07-27 07:23:13,190 : INFO : EventManager : Event: ======'machine_var_audits_missing_switches_s_right_ramp_enter'====== Args={'value': 285, 'prev_value': None, 'change': True}
2024-07-27 07:23:13,191 : INFO : EventManager : Event: ======'machine_var_audits_missing_switches_s_right_ramp_exit'====== Args={'value': 285, 'prev_value': None, 'change': True}
2024-07-27 07:23:13,191 : INFO : EventManager : Event: ======'machine_var_audits_missing_switches_s_right_ramp_standup'====== Args={'value': 2, 'prev_value': None, 'change': True}
2024-07-27 07:23:13,191 : INFO : EventManager : Event: ======'machine_var_audits_missing_switches_s_right_rollover_lane'====== Args={'value': 2, 'prev_value': None, 'change': True}
2024-07-27 07:23:13,191 : INFO : EventManager : Event: ======'machine_var_audits_missing_switches_s_right_sling'====== Args={'value': 531, 'prev_value': None, 'change': True}
2024-07-27 07:23:13,191 : INFO : EventManager : Event: ======'machine_var_audits_missing_switches_s_scoop'====== Args={'value': 2, 'prev_value': None, 'change': True}
2024-07-27 07:23:13,191 : INFO : EventManager : Event: ======'machine_var_audits_missing_switches_s_start'====== Args={'value': 2, 'prev_value': None, 'change': True}
2024-07-27 07:23:13,191 : INFO : EventManager : Event: ======'machine_var_audits_missing_switches_s_top_inline_drop'====== Args={'value': 51, 'prev_value': None, 'change': True}
2024-07-27 07:23:13,191 : INFO : EventManager : Event: ======'machine_var_audits_missing_switches_s_trough1'====== Args={'value': 2, 'prev_value': None, 'change': True}
2024-07-27 07:23:13,191 : INFO : EventManager : Event: ======'machine_var_audits_missing_switches_s_trough2'====== Args={'value': 51, 'prev_value': None, 'change': True}
2024-07-27 07:23:13,191 : INFO : EventManager : Event: ======'machine_var_audits_missing_switches_s_trough3'====== Args={'value': 51, 'prev_value': None, 'change': True}
2024-07-27 07:23:13,192 : INFO : EventManager : Event: ======'machine_var_audits_missing_switches_s_trough4'====== Args={'value': 2, 'prev_value': None, 'change': True}
2024-07-27 07:23:13,192 : INFO : EventManager : Event: ======'machine_var_audits_missing_switches_s_trough5'====== Args={'value': 535, 'prev_value': None, 'change': True}
2024-07-27 07:23:13,192 : INFO : EventManager : Event: ======'machine_var_audits_missing_switches_s_trough6'====== Args={'value': 535, 'prev_value': None, 'change': True}
2024-07-27 07:23:13,192 : INFO : EventManager : Event: ======'machine_var_audits_missing_switches_s_trough_jam'====== Args={'value': 468, 'prev_value': None, 'change': True}
2024-07-27 07:23:13,192 : INFO : EventManager : Event: ======'machine_var_audits_player_score'====== Args={'value': {'average': 109379, 'top': [370600, 175300, 400, 300, 250], 'total': 5}, 'prev_value': None, 'change': True}
2024-07-27 07:23:13,192 : INFO : EventManager : Event: ======'machine_var_audits_shots_a_rollover_lane'====== Args={'value': 10, 'prev_value': None, 'change': True}
2024-07-27 07:23:13,192 : INFO : EventManager : Event: ======'machine_var_audits_shots_a_target'====== Args={'value': 7, 'prev_value': None, 'change': True}
2024-07-27 07:23:13,192 : INFO : EventManager : Event: ======'machine_var_audits_shots_ball_lock_a_target'====== Args={'value': 6, 'prev_value': None, 'change': True}
2024-07-27 07:23:13,192 : INFO : EventManager : Event: ======'machine_var_audits_shots_ball_lock_e_target'====== Args={'value': 5, 'prev_value': None, 'change': True}
2024-07-27 07:23:13,193 : INFO : EventManager : Event: ======'machine_var_audits_shots_ball_lock_n_target'====== Args={'value': 5, 'prev_value': None, 'change': True}
2024-07-27 07:23:13,193 : INFO : EventManager : Event: ======'machine_var_audits_shots_ball_lock_p2_target'====== Args={'value': 9, 'prev_value': None, 'change': True}
2024-07-27 07:23:13,193 : INFO : EventManager : Event: ======'machine_var_audits_shots_e_target'====== Args={'value': 3, 'prev_value': None, 'change': True}
2024-07-27 07:23:13,193 : INFO : EventManager : Event: ======'machine_var_audits_shots_h_rollover_lane'====== Args={'value': 12, 'prev_value': None, 'change': True}
2024-07-27 07:23:13,193 : INFO : EventManager : Event: ======'machine_var_audits_shots_k_rollover_lane'====== Args={'value': 8, 'prev_value': None, 'change': True}
2024-07-27 07:23:13,193 : INFO : EventManager : Event: ======'machine_var_audits_shots_left_rollover_lane'====== Args={'value': 199, 'prev_value': None, 'change': True}
2024-07-27 07:23:13,193 : INFO : EventManager : Event: ======'machine_var_audits_shots_middle_rollover_lane'====== Args={'value': 191, 'prev_value': None, 'change': True}
2024-07-27 07:23:13,193 : INFO : EventManager : Event: ======'machine_var_audits_shots_n_rollover_lane'====== Args={'value': 8, 'prev_value': None, 'change': True}
2024-07-27 07:23:13,194 : INFO : EventManager : Event: ======'machine_var_audits_shots_n_target'====== Args={'value': 9, 'prev_value': None, 'change': True}
2024-07-27 07:23:13,194 : INFO : EventManager : Event: ======'machine_var_audits_shots_o_target'====== Args={'value': 4, 'prev_value': None, 'change': True}
2024-07-27 07:23:13,194 : INFO : EventManager : Event: ======'machine_var_audits_shots_p2_target'====== Args={'value': 5, 'prev_value': None, 'change': True}
2024-07-27 07:23:13,194 : INFO : EventManager : Event: ======'machine_var_audits_shots_p_target'====== Args={'value': 8, 'prev_value': None, 'change': True}
2024-07-27 07:23:13,194 : INFO : EventManager : Event: ======'machine_var_audits_shots_qualify_a_target'====== Args={'value': 7, 'prev_value': None, 'change': True}
2024-07-27 07:23:13,194 : INFO : EventManager : Event: ======'machine_var_audits_shots_qualify_e_target'====== Args={'value': 8, 'prev_value': None, 'change': True}
2024-07-27 07:23:13,194 : INFO : EventManager : Event: ======'machine_var_audits_shots_qualify_n_target'====== Args={'value': 7, 'prev_value': None, 'change': True}
2024-07-27 07:23:13,195 : INFO : EventManager : Event: ======'machine_var_audits_shots_qualify_o_target'====== Args={'value': 152, 'prev_value': None, 'change': True}
2024-07-27 07:23:13,195 : INFO : EventManager : Event: ======'machine_var_audits_shots_qualify_p2_target'====== Args={'value': 9, 'prev_value': None, 'change': True}
2024-07-27 07:23:13,195 : INFO : EventManager : Event: ======'machine_var_audits_shots_qualify_p_target'====== Args={'value': 104, 'prev_value': None, 'change': True}
2024-07-27 07:23:13,195 : INFO : EventManager : Event: ======'machine_var_audits_shots_qualify_r_target'====== Args={'value': 132, 'prev_value': None, 'change': True}
2024-07-27 07:23:13,195 : INFO : EventManager : Event: ======'machine_var_audits_shots_r_target'====== Args={'value': 14, 'prev_value': None, 'change': True}
2024-07-27 07:23:13,195 : INFO : EventManager : Event: ======'machine_var_audits_shots_rainey_multiball_ball_lock_a_target'====== Args={'value': 2, 'prev_value': None, 'change': True}
2024-07-27 07:23:13,196 : INFO : EventManager : Event: ======'machine_var_audits_shots_rainey_multiball_ball_lock_e_target'====== Args={'value': 2, 'prev_value': None, 'change': True}
2024-07-27 07:23:13,196 : INFO : EventManager : Event: ======'machine_var_audits_shots_rainey_multiball_ball_lock_n_target'====== Args={'value': 2, 'prev_value': None, 'change': True}
2024-07-27 07:23:13,196 : INFO : EventManager : Event: ======'machine_var_audits_shots_rainey_multiball_ball_lock_p2_target'====== Args={'value': 2, 'prev_value': None, 'change': True}
2024-07-27 07:23:13,196 : INFO : EventManager : Event: ======'machine_var_audits_shots_right_rollover_lane'====== Args={'value': 196, 'prev_value': None, 'change': True}
2024-07-27 07:23:13,196 : INFO : EventManager : Event: ======'machine_var_audits_shots_skillshot_a_target'====== Args={'value': 68, 'prev_value': None, 'change': True}
2024-07-27 07:23:13,196 : INFO : EventManager : Event: ======'machine_var_audits_shots_skillshot_e_target'====== Args={'value': 50, 'prev_value': None, 'change': True}
2024-07-27 07:23:13,197 : INFO : EventManager : Event: ======'machine_var_audits_shots_skillshot_n_target'====== Args={'value': 46, 'prev_value': None, 'change': True}
2024-07-27 07:23:13,197 : INFO : EventManager : Event: ======'machine_var_audits_shots_skillshot_o_target'====== Args={'value': 75, 'prev_value': None, 'change': True}
2024-07-27 07:23:13,197 : INFO : EventManager : Event: ======'machine_var_audits_shots_skillshot_p2_target'====== Args={'value': 39, 'prev_value': None, 'change': True}
2024-07-27 07:23:13,197 : INFO : EventManager : Event: ======'machine_var_audits_shots_skillshot_p_target'====== Args={'value': 35, 'prev_value': None, 'change': True}
2024-07-27 07:23:13,197 : INFO : EventManager : Event: ======'machine_var_audits_shots_skillshot_r_target'====== Args={'value': 32, 'prev_value': None, 'change': True}
2024-07-27 07:23:13,197 : INFO : EventManager : Event: ======'machine_var_audits_switches_s_a_target'====== Args={'value': 130, 'prev_value': None, 'change': True}
2024-07-27 07:23:13,197 : INFO : EventManager : Event: ======'machine_var_audits_switches_s_bottom_inline_drop'====== Args={'value': 911, 'prev_value': None, 'change': True}
2024-07-27 07:23:13,198 : INFO : EventManager : Event: ======'machine_var_audits_switches_s_bottom_pop_bumper'====== Args={'value': 10, 'prev_value': None, 'change': True}
2024-07-27 07:23:13,198 : INFO : EventManager : Event: ======'machine_var_audits_switches_s_center_spinner'====== Args={'value': 146, 'prev_value': None, 'change': True}
2024-07-27 07:23:13,198 : INFO : EventManager : Event: ======'machine_var_audits_switches_s_e_target'====== Args={'value': 134, 'prev_value': None, 'change': True}
2024-07-27 07:23:13,198 : INFO : EventManager : Event: ======'machine_var_audits_switches_s_launch_button'====== Args={'value': 10, 'prev_value': None, 'change': True}
2024-07-27 07:23:13,198 : INFO : EventManager : Event: ======'machine_var_audits_switches_s_left_flipper'====== Args={'value': 200, 'prev_value': None, 'change': True}
2024-07-27 07:23:13,198 : INFO : EventManager : Event: ======'machine_var_audits_switches_s_left_inlane'====== Args={'value': 21, 'prev_value': None, 'change': True}
2024-07-27 07:23:13,199 : INFO : EventManager : Event: ======'machine_var_audits_switches_s_left_inner_horseshoe'====== Args={'value': 15, 'prev_value': None, 'change': True}
2024-07-27 07:23:13,199 : INFO : EventManager : Event: ======'machine_var_audits_switches_s_left_orbit_enter'====== Args={'value': 36, 'prev_value': None, 'change': True}
2024-07-27 07:23:13,199 : INFO : EventManager : Event: ======'machine_var_audits_switches_s_left_orbit_exit'====== Args={'value': 14, 'prev_value': None, 'change': True}
2024-07-27 07:23:13,199 : INFO : EventManager : Event: ======'machine_var_audits_switches_s_left_outlane'====== Args={'value': 38, 'prev_value': None, 'change': True}
2024-07-27 07:23:13,199 : INFO : EventManager : Event: ======'machine_var_audits_switches_s_left_pop_bumper'====== Args={'value': 9, 'prev_value': None, 'change': True}
2024-07-27 07:23:13,199 : INFO : EventManager : Event: ======'machine_var_audits_switches_s_left_ramp_enter'====== Args={'value': 20, 'prev_value': None, 'change': True}
2024-07-27 07:23:13,200 : INFO : EventManager : Event: ======'machine_var_audits_switches_s_left_ramp_exit'====== Args={'value': 5, 'prev_value': None, 'change': True}
2024-07-27 07:23:13,200 : INFO : EventManager : Event: ======'machine_var_audits_switches_s_left_ramp_standup'====== Args={'value': 960, 'prev_value': None, 'change': True}
2024-07-27 07:23:13,200 : INFO : EventManager : Event: ======'machine_var_audits_switches_s_left_rollover_lane'====== Args={'value': 204, 'prev_value': None, 'change': True}
2024-07-27 07:23:13,200 : INFO : EventManager : Event: ======'machine_var_audits_switches_s_left_sling'====== Args={'value': 12, 'prev_value': None, 'change': True}
2024-07-27 07:23:13,200 : INFO : EventManager : Event: ======'machine_var_audits_switches_s_left_spinner'====== Args={'value': 116, 'prev_value': None, 'change': True}
2024-07-27 07:23:13,200 : INFO : EventManager : Event: ======'machine_var_audits_switches_s_middle_inline_drop'====== Args={'value': 936, 'prev_value': None, 'change': True}
2024-07-27 07:23:13,201 : INFO : EventManager : Event: ======'machine_var_audits_switches_s_middle_rollover_lane'====== Args={'value': 194, 'prev_value': None, 'change': True}
2024-07-27 07:23:13,201 : INFO : EventManager : Event: ======'machine_var_audits_switches_s_n_target'====== Args={'value': 122, 'prev_value': None, 'change': True}
2024-07-27 07:23:13,201 : INFO : EventManager : Event: ======'machine_var_audits_switches_s_o_target'====== Args={'value': 199, 'prev_value': None, 'change': True}
2024-07-27 07:23:13,201 : INFO : EventManager : Event: ======'machine_var_audits_switches_s_p2_target'====== Args={'value': 82, 'prev_value': None, 'change': True}
2024-07-27 07:23:13,202 : INFO : EventManager : Event: ======'machine_var_audits_switches_s_p_target'====== Args={'value': 325, 'prev_value': None, 'change': True}
2024-07-27 07:23:13,202 : INFO : EventManager : Event: ======'machine_var_audits_switches_s_plunger'====== Args={'value': 704, 'prev_value': None, 'change': True}
2024-07-27 07:23:13,202 : INFO : EventManager : Event: ======'machine_var_audits_switches_s_plunger_lane'====== Args={'value': 39, 'prev_value': None, 'change': True}
2024-07-27 07:23:13,202 : INFO : EventManager : Event: ======'machine_var_audits_switches_s_plunger_lane_exit'====== Args={'value': 471, 'prev_value': None, 'change': True}
2024-07-27 07:23:13,202 : INFO : EventManager : Event: ======'machine_var_audits_switches_s_r_target'====== Args={'value': 172, 'prev_value': None, 'change': True}
2024-07-27 07:23:13,202 : INFO : EventManager : Event: ======'machine_var_audits_switches_s_right_flipper'====== Args={'value': 739, 'prev_value': None, 'change': True}
2024-07-27 07:23:13,203 : INFO : EventManager : Event: ======'machine_var_audits_switches_s_right_inlane'====== Args={'value': 17, 'prev_value': None, 'change': True}
2024-07-27 07:23:13,203 : INFO : EventManager : Event: ======'machine_var_audits_switches_s_right_inner_horseshoe'====== Args={'value': 8, 'prev_value': None, 'change': True}
2024-07-27 07:23:13,203 : INFO : EventManager : Event: ======'machine_var_audits_switches_s_right_orbit_exit'====== Args={'value': 33, 'prev_value': None, 'change': True}
2024-07-27 07:23:13,203 : INFO : EventManager : Event: ======'machine_var_audits_switches_s_right_outlane'====== Args={'value': 16, 'prev_value': None, 'change': True}
2024-07-27 07:23:13,203 : INFO : EventManager : Event: ======'machine_var_audits_switches_s_right_pop_bumper'====== Args={'value': 17, 'prev_value': None, 'change': True}
2024-07-27 07:23:13,204 : INFO : EventManager : Event: ======'machine_var_audits_switches_s_right_ramp_enter'====== Args={'value': 1, 'prev_value': None, 'change': True}
2024-07-27 07:23:13,204 : INFO : EventManager : Event: ======'machine_var_audits_switches_s_right_ramp_exit'====== Args={'value': 1, 'prev_value': None, 'change': True}
2024-07-27 07:23:13,204 : INFO : EventManager : Event: ======'machine_var_audits_switches_s_right_ramp_standup'====== Args={'value': 262, 'prev_value': None, 'change': True}
2024-07-27 07:23:13,204 : INFO : EventManager : Event: ======'machine_var_audits_switches_s_right_rollover_lane'====== Args={'value': 210, 'prev_value': None, 'change': True}
2024-07-27 07:23:13,204 : INFO : EventManager : Event: ======'machine_var_audits_switches_s_right_sling'====== Args={'value': 1, 'prev_value': None, 'change': True}
2024-07-27 07:23:13,205 : INFO : EventManager : Event: ======'machine_var_audits_switches_s_scoop'====== Args={'value': 184, 'prev_value': None, 'change': True}
2024-07-27 07:23:13,205 : INFO : EventManager : Event: ======'machine_var_audits_switches_s_start'====== Args={'value': 381, 'prev_value': None, 'change': True}
2024-07-27 07:23:13,205 : INFO : EventManager : Event: ======'machine_var_audits_switches_s_top_inline_drop'====== Args={'value': 42, 'prev_value': None, 'change': True}
2024-07-27 07:23:13,205 : INFO : EventManager : Event: ======'machine_var_audits_switches_s_trough1'====== Args={'value': 370, 'prev_value': None, 'change': True}
2024-07-27 07:23:13,206 : INFO : EventManager : Event: ======'machine_var_audits_switches_s_trough2'====== Args={'value': 27, 'prev_value': None, 'change': True}
2024-07-27 07:23:13,206 : INFO : EventManager : Event: ======'machine_var_audits_switches_s_trough3'====== Args={'value': 8, 'prev_value': None, 'change': True}
2024-07-27 07:23:13,206 : INFO : EventManager : Event: ======'machine_var_audits_switches_s_trough4'====== Args={'value': 3, 'prev_value': None, 'change': True}
2024-07-27 07:23:13,207 : INFO : EventManager : Event: ======'machine_var_audits_switches_s_trough5'====== Args={'value': 2, 'prev_value': None, 'change': True}
2024-07-27 07:23:13,207 : INFO : EventManager : Event: ======'machine_var_audits_switches_s_trough6'====== Args={'value': 1, 'prev_value': None, 'change': True}
2024-07-27 07:23:13,207 : INFO : EventManager : Event: ======'machine_var_audits_switches_s_trough_jam'====== Args={'value': 5, 'prev_value': None, 'change': True}
2024-07-27 07:23:13,208 : INFO : EventManager : Event: ======'init_phase_5'====== Args={}
2024-07-27 07:23:13,211 : INFO : EventManager : Event: ======'init_done'====== Args={}
2024-07-27 07:23:13,211 : INFO : EventManager : Event: ======'machine_reset_phase_1'====== Args={}
2024-07-27 07:23:13,220 : INFO : EventManager : Event: ======'machine_reset_phase_2'====== Args={}
2024-07-27 07:23:13,220 : INFO : EventManager : Event: ======'machine_reset_phase_3'====== Args={}
2024-07-27 07:23:13,220 : INFO : drop_target_bank.strickland_bank : All targets are already up. Will not reset bank.
2024-07-27 07:23:13,220 : INFO : EventManager : Event: ======'reset_complete'====== Args={}
2024-07-27 07:23:13,220 : INFO : EventManager : Event: ======'mode_attract_will_start'====== Args={}
2024-07-27 07:23:13,220 : INFO : Timer.attract_switch : Starting Timer.
2024-07-27 07:23:13,220 : INFO : EventManager : Event: ======'timer_attract_switch_started'====== Args={'ticks': 0, 'ticks_remaining': 45}
2024-07-27 07:23:13,220 : INFO : EventManager : Event: ======'timer_attract_switch_tick'====== Args={'ticks': 0, 'ticks_remaining': 45}
2024-07-27 07:23:13,220 : INFO : EventManager : Event: ======'mode_attract_starting'====== Args={}
2024-07-27 07:23:13,221 : INFO : Mode.attract : Started. Priority: 10
2024-07-27 07:23:13,221 : INFO : EventManager : Event: ======'modes_active_modes_changed'====== Args={}
2024-07-27 07:23:13,221 : INFO : EventManager : Event: ======'mode_attract_started'====== Args={}
2024-07-27 07:23:13,221 : INFO : EventManager : Event: ======'collecting_balls_complete'====== Args={}
2024-07-27 07:23:13,221 : INFO : Machine : Starting the main run loop.
2024-07-27 07:23:13,671 : INFO : BcpServer : New client connected.
2024-07-27 07:23:13,930 : INFO : SwitchController : <<<<<<< 's_start' active >>>>>>>
2024-07-27 07:23:13,931 : INFO : EventManager : Event: ======'s_start_active'====== Args={}
2024-07-27 07:23:13,932 : INFO : EventManager : Event: ======'sw_add_player'====== Args={'priority': 0}
2024-07-27 07:23:14,048 : INFO : SwitchController : <<<<<<< 's_start' inactive >>>>>>>
2024-07-27 07:23:14,048 : INFO : EventManager : Event: ======'request_to_start_game'====== Args={}
2024-07-27 07:23:14,049 : INFO : EventManager : Event: ======'game_start'====== Args={'buttons': [], 'hold_time': 0.11690179200000017}
2024-07-27 07:23:14,049 : INFO : EventManager : Event: ======'mode_game_will_start'====== Args={'buttons': [], 'hold_time': 0.11690179200000017}
2024-07-27 07:23:14,050 : INFO : EventManager : Event: ======'mode_game_starting'====== Args={'buttons': [], 'hold_time': 0.11690179200000017}
2024-07-27 07:23:14,050 : INFO : EventManager : Event: ======'mode_attract_will_stop'====== Args={}
2024-07-27 07:23:14,050 : INFO : EventManager : Event: ======'mode_attract_stopping'====== Args={}
2024-07-27 07:23:14,050 : INFO : Mode.attract : Stopped.
2024-07-27 07:23:14,050 : INFO : EventManager : Event: ======'modes_active_modes_changed'====== Args={}
2024-07-27 07:23:14,051 : INFO : EventManager : Event: ======'mode_attract_stopped'====== Args={}
2024-07-27 07:23:14,051 : INFO : EventManager : Event: ======'clear'====== Args={'key': 'attract'}
2024-07-27 07:23:14,051 : INFO : Timer.attract_switch : Stopping Timer
2024-07-27 07:23:14,051 : INFO : EventManager : Event: ======'timer_attract_switch_stopped'====== Args={'ticks': 0, 'ticks_remaining': 45}
2024-07-27 07:23:14,051 : INFO : Mode.game : Started. Priority: 20
2024-07-27 07:23:14,052 : INFO : EventManager : Event: ======'modes_active_modes_changed'====== Args={}
2024-07-27 07:23:14,052 : INFO : EventManager : Event: ======'mode_game_started'====== Args={'buttons': [], 'hold_time': 0.11690179200000017}
2024-07-27 07:23:14,055 : INFO : EventManager : Event: ======'game_will_start'====== Args={}
2024-07-27 07:23:14,055 : INFO : EventManager : Event: ======'game_starting'====== Args={'game': <Mode.game>}
2024-07-27 07:23:14,055 : INFO : EventManager : Unordered handler for class <Auditor> on event game_ended with priority 1. Handlers: [RegisteredHandler(callback=<bound method Auditor.disable of <Auditor>>, priority=1, kwargs={}, key=UUID('929c4079-097d-454b-9c6a-9912c037b085'), condition=None, blocking_facility=None), RegisteredHandler(callback=<bound method Auditor._save_audits of <Auditor>>, priority=1, kwargs={}, key=UUID('7e103d4b-db08-44c9-b608-e8d62bef616f'), condition=None, blocking_facility=None)]. The order of those handlers is not defined and they will be executed in random order. This might lead to race conditions and potential bugs.
2024-07-27 07:23:14,056 : INFO : EventManager : Event: ======'player_add_request'====== Args={}
2024-07-27 07:23:14,056 : INFO : EventManager : Event: ======'player_will_add'====== Args={'number': 1}
2024-07-27 07:23:14,056 : INFO : EventManager : Event: ======'player_adding'====== Args={'player': <Player 1>, 'number': 1}
2024-07-27 07:23:14,056 : INFO : EventManager : Event: ======'player_added'====== Args={'player': <Player 1>, 'num': 1}
2024-07-27 07:23:14,056 : INFO : Mode.game : Player added successfully. Total players: 1
2024-07-27 07:23:14,056 : INFO : EventManager : Event: ======'player_index'====== Args={'value': 0, 'prev_value': 0, 'change': 0, 'player_num': 1}
2024-07-27 07:23:14,056 : INFO : EventManager : Event: ======'player_number'====== Args={'value': 1, 'prev_value': 1, 'change': 0, 'player_num': 1}
2024-07-27 07:23:14,056 : INFO : EventManager : Event: ======'player_score'====== Args={'value': 0, 'prev_value': 0, 'change': 0, 'player_num': 1}
2024-07-27 07:23:14,057 : INFO : EventManager : Event: ======'game_started'====== Args={}
2024-07-27 07:23:14,057 : INFO : EventManager : Event: ======'player_turn_will_start'====== Args={'player': <Player 1>, 'number': 1}
2024-07-27 07:23:14,057 : INFO : EventManager : Event: ======'player_turn_starting'====== Args={'player': <Player 1>, 'number': 1}
2024-07-27 07:23:14,057 : INFO : EventManager : Event: ======'player_ball'====== Args={'value': 1, 'prev_value': 0, 'change': 1, 'player_num': 1}
2024-07-27 07:23:14,057 : INFO : EventManager : Event: ======'player_turn_started'====== Args={'player': <Player 1>, 'number': 1}
2024-07-27 07:23:14,058 : INFO : EventManager : Event: ======'ball_will_start'====== Args={'player': 1, 'ball': 1, 'balls_remaining': 2, 'is_extra_ball': False}
2024-07-27 07:23:14,058 : INFO : EventManager : Event: ======'ball_starting'====== Args={'player': 1, 'ball': 1, 'balls_remaining': 2, 'is_extra_ball': False}
2024-07-27 07:23:14,058 : INFO : EventManager : Event: ======'mode_skillshot_will_start'====== Args={'queue': <QueuedEvent>, 'player': 1, 'ball': 1, 'balls_remaining': 2, 'is_extra_ball': False}
2024-07-27 07:23:14,058 : INFO : EventManager : Event: ======'skillshot_complete'====== Args={'state': 'None'}
2024-07-27 07:23:14,059 : INFO : EventManager : Event: ======'skillshot_None_complete'====== Args={}
2024-07-27 07:23:14,059 : INFO : EventManager : Event: ======'player_shot_skillshot_p_target_enabled'====== Args={'value': True, 'prev_value': 0, 'change': 1, 'player_num': 1}
2024-07-27 07:23:14,059 : INFO : EventManager : Event: ======'player_shot_skillshot_r_target_enabled'====== Args={'value': True, 'prev_value': 0, 'change': 1, 'player_num': 1}
2024-07-27 07:23:14,060 : INFO : EventManager : Event: ======'player_shot_skillshot_o_target_enabled'====== Args={'value': True, 'prev_value': 0, 'change': 1, 'player_num': 1}
2024-07-27 07:23:14,060 : INFO : EventManager : Event: ======'player_shot_skillshot_p2_target_enabled'====== Args={'value': True, 'prev_value': 0, 'change': 1, 'player_num': 1}
2024-07-27 07:23:14,060 : INFO : EventManager : Event: ======'player_shot_skillshot_a_target_enabled'====== Args={'value': True, 'prev_value': 0, 'change': 1, 'player_num': 1}
2024-07-27 07:23:14,060 : INFO : EventManager : Event: ======'player_shot_skillshot_n_target_enabled'====== Args={'value': True, 'prev_value': 0, 'change': 1, 'player_num': 1}
2024-07-27 07:23:14,061 : INFO : EventManager : Event: ======'player_shot_skillshot_e_target_enabled'====== Args={'value': True, 'prev_value': 0, 'change': 1, 'player_num': 1}
2024-07-27 07:23:14,061 : INFO : EventManager : Event: ======'player_skillshot_skillshot_rotate_tick'====== Args={'value': 0, 'prev_value': 0, 'change': 0, 'player_num': 1}
2024-07-27 07:23:14,061 : INFO : Timer.skillshot_rotate : Starting Timer.
2024-07-27 07:23:14,061 : INFO : EventManager : Event: ======'timer_skillshot_rotate_started'====== Args={'ticks': 0, 'ticks_remaining': 0}
2024-07-27 07:23:14,061 : INFO : EventManager : Event: ======'timer_skillshot_rotate_tick'====== Args={'ticks': 0, 'ticks_remaining': 0}
2024-07-27 07:23:14,062 : INFO : EventManager : Event: ======'mode_skillshot_starting'====== Args={'queue': <QueuedEvent>, 'player': 1, 'ball': 1, 'balls_remaining': 2, 'is_extra_ball': False}
2024-07-27 07:23:14,062 : INFO : drop_target_bank.strickland_bank : All targets are already up. Will not reset bank.
2024-07-27 07:23:14,062 : INFO : EventManager : Event: ======'cmd_flippers_enable'====== Args={'priority': 0}
2024-07-27 07:23:14,062 : INFO : EventManager : Event: ======'cmd_autofire_coils_enable'====== Args={'priority': 0}
2024-07-27 07:23:14,063 : INFO : EventManager : Event: ======'cmd_drop_targets_reset'====== Args={'priority': 0}
2024-07-27 07:23:14,063 : INFO : Mode.skillshot : Started. Priority: 200
2024-07-27 07:23:14,063 : INFO : EventManager : Event: ======'modes_active_modes_changed'====== Args={}
2024-07-27 07:23:14,063 : INFO : EventManager : Event: ======'mode_skillshot_started'====== Args={'queue': <QueuedEvent>, 'player': 1, 'ball': 1, 'balls_remaining': 2, 'is_extra_ball': False}
2024-07-27 07:23:14,063 : INFO : EventManager : Event: ======'player_shot_skillshot_p_target'====== Args={'value': 1, 'prev_value': 0, 'change': 1, 'player_num': 1}
2024-07-27 07:23:14,063 : INFO : EventManager : Event: ======'balls_in_play'====== Args={'balls': 1}
2024-07-27 07:23:14,064 : INFO : EventManager : Event: ======'ball_started'====== Args={'player': 1, 'ball': 1, 'balls_remaining': 2, 'is_extra_ball': False}
2024-07-27 07:23:14,067 : INFO : EventManager : Event: ======'mode_rainey_multiball_will_start'====== Args={'player': 1, 'ball': 1, 'balls_remaining': 2, 'is_extra_ball': False}
2024-07-27 07:23:14,067 : INFO : EventManager : Event: ======'player_shot_rainey_multiball_ball_lock_p2_target_enabled'====== Args={'value': True, 'prev_value': 0, 'change': 1, 'player_num': 1}
2024-07-27 07:23:14,067 : INFO : EventManager : Event: ======'player_shot_rainey_multiball_ball_lock_a_target_enabled'====== Args={'value': True, 'prev_value': 0, 'change': 1, 'player_num': 1}
2024-07-27 07:23:14,068 : INFO : EventManager : Event: ======'player_shot_rainey_multiball_ball_lock_n_target_enabled'====== Args={'value': True, 'prev_value': 0, 'change': 1, 'player_num': 1}
2024-07-27 07:23:14,068 : INFO : EventManager : Event: ======'player_shot_rainey_multiball_ball_lock_e_target_enabled'====== Args={'value': True, 'prev_value': 0, 'change': 1, 'player_num': 1}
2024-07-27 07:23:14,068 : INFO : EventManager : Event: ======'light_rainey_multiball_ball_lock_complete'====== Args={'state': 'unlit'}
2024-07-27 07:23:14,068 : INFO : EventManager : Event: ======'light_rainey_multiball_ball_lock_unlit_complete'====== Args={}
2024-07-27 07:23:14,069 : INFO : EventManager : Event: ======'mode_rainey_multiball_starting'====== Args={'player': 1, 'ball': 1, 'balls_remaining': 2, 'is_extra_ball': False}
2024-07-27 07:23:14,069 : INFO : EventManager : Event: ======'mode_hank_rollover_will_start'====== Args={'player': 1, 'ball': 1, 'balls_remaining': 2, 'is_extra_ball': False}
2024-07-27 07:23:14,069 : INFO : EventManager : Event: ======'player_shot_h_rollover_lane_enabled'====== Args={'value': True, 'prev_value': 0, 'change': 1, 'player_num': 1}
2024-07-27 07:23:14,069 : INFO : EventManager : Event: ======'player_shot_a_rollover_lane_enabled'====== Args={'value': True, 'prev_value': 0, 'change': 1, 'player_num': 1}
2024-07-27 07:23:14,069 : INFO : EventManager : Event: ======'player_shot_n_rollover_lane_enabled'====== Args={'value': True, 'prev_value': 0, 'change': 1, 'player_num': 1}
2024-07-27 07:23:14,070 : INFO : EventManager : Event: ======'player_shot_k_rollover_lane_enabled'====== Args={'value': True, 'prev_value': 0, 'change': 1, 'player_num': 1}
2024-07-27 07:23:14,070 : INFO : EventManager : Event: ======'hank_lanes_complete'====== Args={'state': 'unlit'}
2024-07-27 07:23:14,070 : INFO : EventManager : Event: ======'hank_lanes_unlit_complete'====== Args={}
2024-07-27 07:23:14,071 : INFO : EventManager : Event: ======'mode_hank_rollover_starting'====== Args={'player': 1, 'ball': 1, 'balls_remaining': 2, 'is_extra_ball': False}
2024-07-27 07:23:14,071 : INFO : EventManager : Event: ======'mode_BBQ_rollover_will_start'====== Args={'player': 1, 'ball': 1, 'balls_remaining': 2, 'is_extra_ball': False}
2024-07-27 07:23:14,071 : INFO : EventManager : Event: ======'player_shot_left_rollover_lane_enabled'====== Args={'value': True, 'prev_value': 0, 'change': 1, 'player_num': 1}
2024-07-27 07:23:14,071 : INFO : EventManager : Event: ======'player_shot_middle_rollover_lane_enabled'====== Args={'value': True, 'prev_value': 0, 'change': 1, 'player_num': 1}
2024-07-27 07:23:14,071 : INFO : EventManager : Event: ======'player_shot_right_rollover_lane_enabled'====== Args={'value': True, 'prev_value': 0, 'change': 1, 'player_num': 1}
2024-07-27 07:23:14,071 : INFO : EventManager : Event: ======'BBQ_lanes_complete'====== Args={'state': 'unlit'}
2024-07-27 07:23:14,071 : INFO : EventManager : Event: ======'BBQ_lanes_unlit_complete'====== Args={}
2024-07-27 07:23:14,072 : INFO : EventManager : Event: ======'mode_BBQ_rollover_starting'====== Args={'player': 1, 'ball': 1, 'balls_remaining': 2, 'is_extra_ball': False}
2024-07-27 07:23:14,073 : INFO : EventManager : Event: ======'mode_base_will_start'====== Args={'player': 1, 'ball': 1, 'balls_remaining': 2, 'is_extra_ball': False}
2024-07-27 07:23:14,073 : INFO : EventManager : Event: ======'player_extra_ball_score_one_num_awarded'====== Args={'value': 0, 'prev_value': 0, 'change': 0, 'player_num': 1}
2024-07-27 07:23:14,073 : INFO : EventManager : Event: ======'player_extra_ball_score_two_num_awarded'====== Args={'value': 0, 'prev_value': 0, 'change': 0, 'player_num': 1}
2024-07-27 07:23:14,073 : INFO : EventManager : Event: ======'player_shot_qualify_p_target_enabled'====== Args={'value': True, 'prev_value': 0, 'change': 1, 'player_num': 1}
2024-07-27 07:23:14,073 : INFO : EventManager : Event: ======'player_shot_qualify_r_target_enabled'====== Args={'value': True, 'prev_value': 0, 'change': 1, 'player_num': 1}
2024-07-27 07:23:14,074 : INFO : EventManager : Event: ======'player_shot_qualify_o_target_enabled'====== Args={'value': True, 'prev_value': 0, 'change': 1, 'player_num': 1}
2024-07-27 07:23:14,074 : INFO : EventManager : Event: ======'qualify_mission_complete'====== Args={'state': 'unlit'}
2024-07-27 07:23:14,074 : INFO : EventManager : Event: ======'qualify_mission_unlit_complete'====== Args={}
2024-07-27 07:23:14,076 : INFO : EventManager : Event: ======'mode_base_starting'====== Args={'player': 1, 'ball': 1, 'balls_remaining': 2, 'is_extra_ball': False}
2024-07-27 07:23:14,077 : INFO : Mode.base : Started. Priority: 100
2024-07-27 07:23:14,077 : INFO : EventManager : Event: ======'modes_active_modes_changed'====== Args={}
2024-07-27 07:23:14,077 : INFO : EventManager : Event: ======'mode_base_started'====== Args={'player': 1, 'ball': 1, 'balls_remaining': 2, 'is_extra_ball': False}
2024-07-27 07:23:14,077 : INFO : EventManager : Event: ======'ball_save_default_enabled'====== Args={}
2024-07-27 07:23:14,078 : INFO : EventManager : Event: ======'logicblock_mb_counter_updated'====== Args={'value': 0, 'enabled': False}
2024-07-27 07:23:14,078 : INFO : Mode.rainey_multiball : Started. Priority: 250
2024-07-27 07:23:14,078 : INFO : EventManager : Event: ======'modes_active_modes_changed'====== Args={}
2024-07-27 07:23:14,078 : INFO : EventManager : Event: ======'mode_rainey_multiball_started'====== Args={'player': 1, 'ball': 1, 'balls_remaining': 2, 'is_extra_ball': False}
2024-07-27 07:23:14,078 : INFO : EventManager : Event: ======'logicblock_lb_hank_complete_count_updated'====== Args={'value': 1, 'enabled': True}
2024-07-27 07:23:14,078 : INFO : EventManager : Event: ======'logicblock_lb_hank_complete_count_updated'====== Args={'value': 1, 'enabled': True}
2024-07-27 07:23:14,078 : INFO : Mode.hank_rollover : Started. Priority: 200
2024-07-27 07:23:14,078 : INFO : EventManager : Event: ======'modes_active_modes_changed'====== Args={}
2024-07-27 07:23:14,078 : INFO : EventManager : Event: ======'mode_hank_rollover_started'====== Args={'player': 1, 'ball': 1, 'balls_remaining': 2, 'is_extra_ball': False}
2024-07-27 07:23:14,078 : INFO : EventManager : Event: ======'logicblock_lb_BBQ_complete_count_updated'====== Args={'value': 1, 'enabled': True}
2024-07-27 07:23:14,078 : INFO : EventManager : Event: ======'logicblock_lb_BBQ_complete_count_updated'====== Args={'value': 1, 'enabled': True}
2024-07-27 07:23:14,079 : INFO : Mode.BBQ_rollover : Started. Priority: 200
2024-07-27 07:23:14,079 : INFO : EventManager : Event: ======'modes_active_modes_changed'====== Args={}
2024-07-27 07:23:14,079 : INFO : EventManager : Event: ======'mode_BBQ_rollover_started'====== Args={'player': 1, 'ball': 1, 'balls_remaining': 2, 'is_extra_ball': False}
2024-07-27 07:23:14,079 : INFO : EventManager : Event: ======'player_bonus_multiplier'====== Args={'value': 1, 'prev_value': 0, 'change': 1, 'player_num': 1, 'source': 'BBQ_rollover'}
2024-07-27 07:23:14,079 : INFO : EventManager : Event: ======'single_player_ball_started'====== Args={}
2024-07-27 07:23:14,079 : INFO : EventManager : Event: ======'ball_start_target'====== Args={'target': 'playfield'}
2024-07-27 07:23:14,080 : INFO : ball_device.bd_plunger : Setting up player-controlled eject. Balls: 1, Target: <playfield.playfield>, player_controlled_eject_event: s_launch_button_inactive
2024-07-27 07:23:14,080 : INFO : EventManager : Event: ======'balldevice_balls_available'====== Args={}
2024-07-27 07:23:14,080 : INFO : ball_device.bd_trough : State: waiting_for_target_ready
2024-07-27 07:23:14,080 : INFO : EventManager : Event: ======'balldevice_bd_trough_ball_eject_attempt'====== Args={'balls': 1, 'target': <ball_device.bd_plunger>, 'source': <ball_device.bd_trough>, 'mechanical_eject': True, 'num_attempts': 0}
2024-07-27 07:23:14,080 : INFO : ball_device.bd_plunger : State: waiting_for_ball
2024-07-27 07:23:14,080 : INFO : ball_device.bd_trough : State: ejecting
2024-07-27 07:23:14,081 : INFO : ball_device.bd_trough : Ejecting ball to <ball_device.bd_plunger>
2024-07-27 07:23:14,081 : INFO : EventManager : Event: ======'balldevice_bd_trough_ejecting_ball'====== Args={'balls': 1, 'target': <ball_device.bd_plunger>, 'source': <ball_device.bd_trough>, 'mechanical_eject': True, 'num_attempts': 0}
2024-07-27 07:23:14,081 : INFO : ball_device.bd_trough : Wait for ball to leave device
2024-07-27 07:23:14,081 : INFO : coil.c_trough_eject : Pulsing Driver for 20ms (1.0 pulse_power)
2024-07-27 07:23:14,081 : INFO : SwitchController : <<<<<<< 's_trough1' inactive >>>>>>>
2024-07-27 07:23:14,082 : INFO : ball_device.bd_trough : State: ball_left
2024-07-27 07:23:14,082 : INFO : ball_device.bd_trough : Ball left
2024-07-27 07:23:14,082 : INFO : ball_device.bd_trough : Wait for confirm with timeout 3.0
2024-07-27 07:23:14,083 : INFO : EventManager : Event: ======'slide__removed'====== Args={'_from_bcp': True}
2024-07-27 07:23:14,099 : INFO : EventManager : Event: ======'slide_skillshot_created'====== Args={'_from_bcp': True}
2024-07-27 07:23:14,100 : INFO : EventManager : Event: ======'slide_skillshot_active'====== Args={'original_context': 'skillshot', 'original_calling_context': 'mode_skillshot_started', 'queue': '<QueuedEvent>', 'cmd': 'slides_play', '_from_bcp': True}
2024-07-27 07:23:14,106 : INFO : EventManager : Event: ======'slide_base_created'====== Args={'_from_bcp': True}
2024-07-27 07:23:14,182 : INFO : SwitchController : <<<<<<< 's_plunger' active >>>>>>>
2024-07-27 07:23:14,183 : INFO : EventManager : Event: ======'machine_var_audits_switches_s_plunger'====== Args={'value': 705, 'prev_value': 704, 'change': 1}
2024-07-27 07:23:14,567 : WARNING : SwitchController : Received duplicate switch state 1 for switch s_plunger from the platform interface. Log Code: Log-SwitchController-1 (https://missionpinball.org/logs)
2024-07-27 07:23:14,668 : INFO : SwitchController : <<<<<<< 's_plunger' inactive >>>>>>>
2024-07-27 07:23:15,062 : INFO : EventManager : Event: ======'player_skillshot_skillshot_rotate_tick'====== Args={'value': 1, 'prev_value': 0, 'change': 1, 'player_num': 1}
2024-07-27 07:23:15,065 : INFO : EventManager : Event: ======'timer_skillshot_rotate_tick'====== Args={'ticks': 1, 'ticks_remaining': 0}
2024-07-27 07:23:15,068 : INFO : EventManager : Event: ======'player_shot_skillshot_p_target'====== Args={'value': 0, 'prev_value': 1, 'change': -1, 'player_num': 1}
2024-07-27 07:23:15,070 : INFO : EventManager : Event: ======'player_shot_skillshot_r_target'====== Args={'value': 1, 'prev_value': 0, 'change': 1, 'player_num': 1}
2024-07-27 07:23:16,061 : INFO : EventManager : Event: ======'player_skillshot_skillshot_rotate_tick'====== Args={'value': 2, 'prev_value': 1, 'change': 1, 'player_num': 1}
2024-07-27 07:23:16,063 : INFO : EventManager : Event: ======'timer_skillshot_rotate_tick'====== Args={'ticks': 2, 'ticks_remaining': 0}
2024-07-27 07:23:16,064 : INFO : EventManager : Event: ======'player_shot_skillshot_r_target'====== Args={'value': 0, 'prev_value': 1, 'change': -1, 'player_num': 1}
2024-07-27 07:23:16,066 : INFO : EventManager : Event: ======'player_shot_skillshot_o_target'====== Args={'value': 1, 'prev_value': 0, 'change': 1, 'player_num': 1}
2024-07-27 07:23:16,104 : INFO : SwitchController : <<<<<<< 's_plunger_lane_exit' active >>>>>>>
2024-07-27 07:23:16,104 : INFO : EventManager : Event: ======'s_plunger_lane_exit_active'====== Args={}
2024-07-27 07:23:16,104 : INFO : EventManager : Event: ======'sw_playfield_active'====== Args={}
2024-07-27 07:23:16,105 : INFO : EventManager : Event: ======'machine_var_audits_switches_s_plunger_lane_exit'====== Args={'value': 472, 'prev_value': 471, 'change': 1}
2024-07-27 07:23:16,107 : INFO : EventManager : Event: ======'ball_save_default_timer_start'====== Args={}
2024-07-27 07:23:16,108 : INFO : EventManager : Event: ======'playfield_active'====== Args={}
2024-07-27 07:23:16,118 : INFO : EventManager : Event: ======'unexpected_ball_on_playfield'====== Args={}
2024-07-27 07:23:16,132 : INFO : SwitchController : <<<<<<< 's_plunger_lane_exit' inactive >>>>>>>
2024-07-27 07:23:16,132 : INFO : EventManager : Event: ======'s_plunger_lane_exit_inactive'====== Args={}
2024-07-27 07:23:16,132 : INFO : Timer.skillshot_rotate : Stopping Timer
2024-07-27 07:23:16,132 : INFO : EventManager : Event: ======'timer_skillshot_rotate_stopped'====== Args={'ticks': 2, 'ticks_remaining': 0}
2024-07-27 07:23:16,133 : INFO : EventManager : Event: ======'advance_skillshot_3'====== Args={'priority': 0}
2024-07-27 07:23:16,133 : INFO : EventManager : Event: ======'player_shot_skillshot_o_target'====== Args={'value': 2, 'prev_value': 1, 'change': 1, 'player_num': 1}
2024-07-27 07:23:17,086 : INFO : ball_device.bd_trough : State: failed_confirm
2024-07-27 07:23:17,086 : INFO : ball_device.bd_trough : Got timeout (3.0s) before confirm from <ball_device.bd_plunger>
2024-07-27 07:23:17,088 : INFO : ball_device.bd_plunger : Expecting incoming ball which may skip the device.
2024-07-27 07:23:17,088 : INFO : EventManager : Event: ======'balldevice_bd_plunger_ejecting_ball'====== Args={'balls': 1, 'target': <playfield.playfield>, 'source': <ball_device.bd_plunger>, 'mechanical_eject': False, 'num_attempts': 1}
2024-07-27 07:23:17,237 : INFO : SwitchController : <<<<<<< 's_o_target' active >>>>>>>
2024-07-27 07:23:17,237 : INFO : EventManager : Event: ======'playfield_active'====== Args={}
2024-07-27 07:23:17,237 : INFO : EventManager : Event: ======'playfield_active'====== Args={}
2024-07-27 07:23:17,237 : INFO : EventManager : Event: ======'s_o_target_active'====== Args={}
2024-07-27 07:23:17,238 : INFO : EventManager : Event: ======'machine_var_audits_switches_s_o_target'====== Args={'value': 200, 'prev_value': 199, 'change': 1}
2024-07-27 07:23:17,239 : INFO : EventManager : Event: ======'machine_var_audits_shots_skillshot_o_target'====== Args={'value': 76, 'prev_value': 75, 'change': 1}
2024-07-27 07:23:17,247 : INFO : EventManager : Event: ======'skillshot_o_target_hit'====== Args={'profile': 'skillshot_profile', 'state': 'lit', 'advancing': False}
2024-07-27 07:23:17,247 : INFO : EventManager : Event: ======'skillshot_o_target_skillshot_profile_hit'====== Args={'profile': 'skillshot_profile', 'state': 'lit', 'advancing': False}
2024-07-27 07:23:17,248 : INFO : EventManager : Event: ======'skillshot_o_target_skillshot_profile_lit_hit'====== Args={'profile': 'skillshot_profile', 'state': 'lit', 'advancing': False}
2024-07-27 07:23:17,248 : INFO : EventManager : Event: ======'skillshot_o_target_lit_hit'====== Args={'profile': 'skillshot_profile', 'state': 'lit', 'advancing': False}
2024-07-27 07:23:17,248 : INFO : EventManager : Event: ======'player_shot_qualify_o_target'====== Args={'value': 1, 'prev_value': 0, 'change': 1, 'player_num': 1}
2024-07-27 07:23:17,249 : INFO : EventManager : Event: ======'machine_var_audits_shots_qualify_o_target'====== Args={'value': 153, 'prev_value': 152, 'change': 1}
2024-07-27 07:23:17,249 : INFO : EventManager : Event: ======'qualify_o_target_hit'====== Args={'profile': 'default', 'state': 'unlit', 'advancing': True}
2024-07-27 07:23:17,250 : INFO : EventManager : Event: ======'qualify_o_target_default_hit'====== Args={'profile': 'default', 'state': 'unlit', 'advancing': True}
2024-07-27 07:23:17,250 : INFO : EventManager : Event: ======'qualify_o_target_default_unlit_hit'====== Args={'profile': 'default', 'state': 'unlit', 'advancing': True}
2024-07-27 07:23:17,250 : INFO : EventManager : Event: ======'qualify_o_target_unlit_hit'====== Args={'profile': 'default', 'state': 'unlit', 'advancing': True}
2024-07-27 07:23:17,250 : INFO : EventManager : Event: ======'player_score'====== Args={'value': 50, 'prev_value': 0, 'change': 50, 'player_num': 1, 'source': 'base'}
2024-07-27 07:23:17,251 : INFO : EventManager : Event: ======'skillshot_hit'====== Args={'shot': 'skillshot_o_target'}
2024-07-27 07:23:17,251 : INFO : EventManager : Event: ======'skillshot_lit_hit'====== Args={'shot': 'skillshot_o_target'}
2024-07-27 07:23:17,252 : INFO : EventManager : Event: ======'stop_mode_skillshot'====== Args={'priority': 0}
2024-07-27 07:23:17,252 : INFO : EventManager : Event: ======'mode_skillshot_will_stop'====== Args={}
2024-07-27 07:23:17,252 : INFO : EventManager : Event: ======'mode_skillshot_stopping'====== Args={}
2024-07-27 07:23:17,252 : INFO : EventManager : Event: ======'player_score'====== Args={'value': 90050, 'prev_value': 50, 'change': 90000, 'player_num': 1, 'source': 'skillshot'}
2024-07-27 07:23:17,255 : INFO : EventManager : Event: ======'qualify_mission_hit'====== Args={'shot': 'qualify_o_target'}
2024-07-27 07:23:17,255 : INFO : EventManager : Event: ======'qualify_mission_unlit_hit'====== Args={'shot': 'qualify_o_target'}
2024-07-27 07:23:17,256 : INFO : Mode.skillshot : Stopped.
2024-07-27 07:23:17,256 : INFO : EventManager : Event: ======'modes_active_modes_changed'====== Args={}
2024-07-27 07:23:17,257 : INFO : EventManager : Event: ======'mode_skillshot_stopped'====== Args={}
2024-07-27 07:23:17,257 : INFO : EventManager : Event: ======'clear'====== Args={'key': 'skillshot'}
2024-07-27 07:23:17,258 : INFO : Timer.skillshot_rotate : Stopping Timer
2024-07-27 07:23:17,258 : INFO : EventManager : Event: ======'timer_skillshot_rotate_stopped'====== Args={'ticks': 2, 'ticks_remaining': 0}
2024-07-27 07:23:17,271 : INFO : EventManager : Event: ======'slide_skillshot_inactive'====== Args={'_from_bcp': True}
2024-07-27 07:23:17,272 : INFO : EventManager : Event: ======'slide_base_active'====== Args={'_from_bcp': True}
2024-07-27 07:23:17,272 : INFO : EventManager : Event: ======'slide_skillshot_removed'====== Args={'_from_bcp': True}
2024-07-27 07:23:17,335 : INFO : SwitchController : <<<<<<< 's_o_target' inactive >>>>>>>
2024-07-27 07:23:19,696 : INFO : SwitchController : <<<<<<< 's_e_target' active >>>>>>>
2024-07-27 07:23:19,696 : INFO : EventManager : Event: ======'playfield_active'====== Args={}
2024-07-27 07:23:19,697 : INFO : EventManager : Event: ======'playfield_active'====== Args={}
2024-07-27 07:23:19,697 : INFO : EventManager : Event: ======'s_e_target_active'====== Args={}
2024-07-27 07:23:19,698 : INFO : EventManager : Event: ======'machine_var_audits_switches_s_e_target'====== Args={'value': 135, 'prev_value': 134, 'change': 1}
2024-07-27 07:23:19,699 : INFO : EventManager : Event: ======'player_shot_rainey_multiball_ball_lock_e_target'====== Args={'value': 1, 'prev_value': 0, 'change': 1, 'player_num': 1}
2024-07-27 07:23:19,708 : INFO : EventManager : Event: ======'machine_var_audits_shots_rainey_multiball_ball_lock_e_target'====== Args={'value': 3, 'prev_value': 2, 'change': 1}
2024-07-27 07:23:19,708 : INFO : EventManager : Event: ======'rainey_multiball_ball_lock_e_target_hit'====== Args={'profile': 'default', 'state': 'unlit', 'advancing': True}
2024-07-27 07:23:19,709 : INFO : EventManager : Event: ======'rainey_multiball_ball_lock_e_target_default_hit'====== Args={'profile': 'default', 'state': 'unlit', 'advancing': True}
2024-07-27 07:23:19,709 : INFO : EventManager : Event: ======'rainey_multiball_ball_lock_e_target_default_unlit_hit'====== Args={'profile': 'default', 'state': 'unlit', 'advancing': True}
2024-07-27 07:23:19,709 : INFO : EventManager : Event: ======'rainey_multiball_ball_lock_e_target_unlit_hit'====== Args={'profile': 'default', 'state': 'unlit', 'advancing': True}
2024-07-27 07:23:19,709 : INFO : EventManager : Event: ======'player_score'====== Args={'value': 90100, 'prev_value': 90050, 'change': 50, 'player_num': 1, 'source': 'base'}
2024-07-27 07:23:19,709 : INFO : EventManager : Event: ======'light_rainey_multiball_ball_lock_hit'====== Args={'shot': 'rainey_multiball_ball_lock_e_target'}
2024-07-27 07:23:19,709 : INFO : EventManager : Event: ======'light_rainey_multiball_ball_lock_unlit_hit'====== Args={'shot': 'rainey_multiball_ball_lock_e_target'}
2024-07-27 07:23:19,752 : INFO : SwitchController : <<<<<<< 's_e_target' inactive >>>>>>>
2024-07-27 07:23:20,090 : INFO : ball_device.bd_plunger : Got confirm for skipping ball.
2024-07-27 07:23:20,091 : INFO : ball_device.bd_plunger : Eject successful
2024-07-27 07:23:20,091 : INFO : EventManager : Event: ======'balldevice_bd_plunger_ball_eject_success'====== Args={'balls': 1, 'target': <playfield.playfield>}
2024-07-27 07:23:20,092 : INFO : EventManager : Event: ======'balldevice_playfield_ball_enter'====== Args={'new_balls': 1, 'unclaimed_balls': 1, 'device': <playfield.playfield>}
2024-07-27 07:23:20,093 : INFO : EventManager : Event: ======'playfield_ball_count_change'====== Args={'balls': 1, 'change': 1}
2024-07-27 07:23:20,093 : INFO : ball_device.bd_plunger : State: idle
2024-07-27 07:23:20,094 : INFO : ball_device.bd_trough : Eject successful
2024-07-27 07:23:20,095 : INFO : EventManager : Event: ======'balldevice_bd_trough_ball_eject_success'====== Args={'balls': 1, 'target': <ball_device.bd_plunger>}
2024-07-27 07:23:20,095 : INFO : EventManager : Event: ======'balldevice_bd_trough_ball_count_changed'====== Args={'balls': 5}
2024-07-27 07:23:20,096 : INFO : ball_device.bd_trough : State: idle
2024-07-27 07:23:20,270 : INFO : SwitchController : <<<<<<< 's_n_target' active >>>>>>>
2024-07-27 07:23:20,270 : INFO : EventManager : Event: ======'s_n_target_active'====== Args={}
2024-07-27 07:23:20,271 : INFO : EventManager : Event: ======'machine_var_audits_switches_s_n_target'====== Args={'value': 123, 'prev_value': 122, 'change': 1}
2024-07-27 07:23:20,272 : INFO : EventManager : Event: ======'player_shot_rainey_multiball_ball_lock_n_target'====== Args={'value': 1, 'prev_value': 0, 'change': 1, 'player_num': 1}
2024-07-27 07:23:20,273 : INFO : EventManager : Event: ======'machine_var_audits_shots_rainey_multiball_ball_lock_n_target'====== Args={'value': 3, 'prev_value': 2, 'change': 1}
2024-07-27 07:23:20,274 : INFO : EventManager : Event: ======'rainey_multiball_ball_lock_n_target_hit'====== Args={'profile': 'default', 'state': 'unlit', 'advancing': True}
2024-07-27 07:23:20,274 : INFO : EventManager : Event: ======'rainey_multiball_ball_lock_n_target_default_hit'====== Args={'profile': 'default', 'state': 'unlit', 'advancing': True}
2024-07-27 07:23:20,274 : INFO : EventManager : Event: ======'rainey_multiball_ball_lock_n_target_default_unlit_hit'====== Args={'profile': 'default', 'state': 'unlit', 'advancing': True}
2024-07-27 07:23:20,274 : INFO : EventManager : Event: ======'rainey_multiball_ball_lock_n_target_unlit_hit'====== Args={'profile': 'default', 'state': 'unlit', 'advancing': True}
2024-07-27 07:23:20,275 : INFO : EventManager : Event: ======'player_score'====== Args={'value': 90150, 'prev_value': 90100, 'change': 50, 'player_num': 1, 'source': 'base'}
2024-07-27 07:23:20,275 : INFO : EventManager : Event: ======'light_rainey_multiball_ball_lock_hit'====== Args={'shot': 'rainey_multiball_ball_lock_n_target'}
2024-07-27 07:23:20,275 : INFO : EventManager : Event: ======'light_rainey_multiball_ball_lock_unlit_hit'====== Args={'shot': 'rainey_multiball_ball_lock_n_target'}
2024-07-27 07:23:20,356 : INFO : SwitchController : <<<<<<< 's_n_target' inactive >>>>>>>
2024-07-27 07:23:20,771 : INFO : SwitchController : <<<<<<< 's_a_target' active >>>>>>>
2024-07-27 07:23:20,771 : INFO : EventManager : Event: ======'s_a_target_active'====== Args={}
2024-07-27 07:23:20,772 : INFO : EventManager : Event: ======'machine_var_audits_switches_s_a_target'====== Args={'value': 131, 'prev_value': 130, 'change': 1}
2024-07-27 07:23:20,773 : INFO : EventManager : Event: ======'player_shot_rainey_multiball_ball_lock_a_target'====== Args={'value': 1, 'prev_value': 0, 'change': 1, 'player_num': 1}
2024-07-27 07:23:20,774 : INFO : EventManager : Event: ======'machine_var_audits_shots_rainey_multiball_ball_lock_a_target'====== Args={'value': 3, 'prev_value': 2, 'change': 1}
2024-07-27 07:23:20,774 : INFO : EventManager : Event: ======'rainey_multiball_ball_lock_a_target_hit'====== Args={'profile': 'default', 'state': 'unlit', 'advancing': True}
2024-07-27 07:23:20,775 : INFO : EventManager : Event: ======'rainey_multiball_ball_lock_a_target_default_hit'====== Args={'profile': 'default', 'state': 'unlit', 'advancing': True}
2024-07-27 07:23:20,775 : INFO : EventManager : Event: ======'rainey_multiball_ball_lock_a_target_default_unlit_hit'====== Args={'profile': 'default', 'state': 'unlit', 'advancing': True}
2024-07-27 07:23:20,775 : INFO : EventManager : Event: ======'rainey_multiball_ball_lock_a_target_unlit_hit'====== Args={'profile': 'default', 'state': 'unlit', 'advancing': True}
2024-07-27 07:23:20,775 : INFO : EventManager : Event: ======'player_score'====== Args={'value': 90200, 'prev_value': 90150, 'change': 50, 'player_num': 1, 'source': 'base'}
2024-07-27 07:23:20,775 : INFO : EventManager : Event: ======'light_rainey_multiball_ball_lock_hit'====== Args={'shot': 'rainey_multiball_ball_lock_a_target'}
2024-07-27 07:23:20,776 : INFO : EventManager : Event: ======'light_rainey_multiball_ball_lock_unlit_hit'====== Args={'shot': 'rainey_multiball_ball_lock_a_target'}
2024-07-27 07:23:20,872 : INFO : SwitchController : <<<<<<< 's_a_target' inactive >>>>>>>
2024-07-27 07:23:21,120 : INFO : EventManager : Event: ======'stop_mode_skillshot'====== Args={'priority': 0}
2024-07-27 07:23:21,735 : INFO : SwitchController : <<<<<<< 's_p2_target' active >>>>>>>
2024-07-27 07:23:21,736 : INFO : EventManager : Event: ======'s_p2_target_active'====== Args={}
2024-07-27 07:23:21,736 : INFO : EventManager : Event: ======'machine_var_audits_switches_s_p2_target'====== Args={'value': 83, 'prev_value': 82, 'change': 1}
2024-07-27 07:23:21,737 : INFO : EventManager : Event: ======'player_shot_rainey_multiball_ball_lock_p2_target'====== Args={'value': 1, 'prev_value': 0, 'change': 1, 'player_num': 1}
2024-07-27 07:23:21,738 : INFO : EventManager : Event: ======'machine_var_audits_shots_rainey_multiball_ball_lock_p2_target'====== Args={'value': 3, 'prev_value': 2, 'change': 1}
2024-07-27 07:23:21,739 : INFO : EventManager : Event: ======'rainey_multiball_ball_lock_p2_target_hit'====== Args={'profile': 'default', 'state': 'unlit', 'advancing': True}
2024-07-27 07:23:21,739 : INFO : EventManager : Event: ======'rainey_multiball_ball_lock_p2_target_default_hit'====== Args={'profile': 'default', 'state': 'unlit', 'advancing': True}
2024-07-27 07:23:21,740 : INFO : EventManager : Event: ======'rainey_multiball_ball_lock_p2_target_default_unlit_hit'====== Args={'profile': 'default', 'state': 'unlit', 'advancing': True}
2024-07-27 07:23:21,740 : INFO : EventManager : Event: ======'rainey_multiball_ball_lock_p2_target_unlit_hit'====== Args={'profile': 'default', 'state': 'unlit', 'advancing': True}
2024-07-27 07:23:21,740 : INFO : EventManager : Event: ======'player_score'====== Args={'value': 90250, 'prev_value': 90200, 'change': 50, 'player_num': 1, 'source': 'base'}
2024-07-27 07:23:21,741 : INFO : EventManager : Event: ======'light_rainey_multiball_ball_lock_complete'====== Args={'state': 'lit'}
2024-07-27 07:23:21,741 : INFO : EventManager : Event: ======'light_rainey_multiball_ball_lock_lit_complete'====== Args={}
2024-07-27 07:23:21,741 : ERROR : asyncio : Exception in callback EventManager.process_event_queue()
handle: <Handle EventManager.process_event_queue()>
Traceback (most recent call last):
  File "/Users/nicktaseris/mpfenv/lib/python3.9/site-packages/mpf/core/show_controller.py", line 130, in replace_or_advance_show
    show_obj = self.machine.shows[config.name]
KeyError: 'rainey_multiball_lock_show'

During handling of the above exception, another exception occurred:

Traceback (most recent call last):
  File "/Users/nicktaseris/mpfenv/lib/python3.9/site-packages/mpf/core/events.py", line 755, in _run_handlers
    result = handler.callback(**merged_kwargs)
  File "/Users/nicktaseris/mpfenv/lib/python3.9/site-packages/mpf/core/config_player.py", line 348, in config_play_callback
    return self.play(settings=settings, context=context, calling_context=calling_context, priority=priority,
  File "/Users/nicktaseris/mpfenv/lib/python3.9/site-packages/mpf/config_players/show_player.py", line 60, in play
    self._update_show(show.name, show_settings, context, queue, start_time, show_tokens)
  File "/Users/nicktaseris/mpfenv/lib/python3.9/site-packages/mpf/config_players/show_player.py", line 225, in _update_show
    action(key, instance_dict, show_name, show_settings, queue, start_time, placeholder_args)
  File "/Users/nicktaseris/mpfenv/lib/python3.9/site-packages/mpf/config_players/show_player.py", line 117, in _play
    instance_dict[key] = self.machine.show_controller.replace_or_advance_show(previous_show, show_config,
  File "/Users/nicktaseris/mpfenv/lib/python3.9/site-packages/mpf/core/show_controller.py", line 132, in replace_or_advance_show
    raise KeyError("Cannot play show '{}'. No show with that "
KeyError: "Cannot play show 'rainey_multiball_lock_show'. No show with that name."

The above exception was the direct cause of the following exception:

Traceback (most recent call last):
  File "/Library/Frameworks/Python.framework/Versions/3.9/lib/python3.9/asyncio/events.py", line 80, in _run
    self._context.run(self._callback, *self._args)
  File "/Users/nicktaseris/mpfenv/lib/python3.9/site-packages/mpf/core/events.py", line 846, in process_event_queue
    self._process_event(event=event[0],
  File "/Users/nicktaseris/mpfenv/lib/python3.9/site-packages/mpf/core/events.py", line 808, in _process_event
    result = self._run_handlers(event, ev_type, kwargs)
  File "/Users/nicktaseris/mpfenv/lib/python3.9/site-packages/mpf/core/events.py", line 757, in _run_handlers
    raise EventHandlerException(
mpf.core.events.EventHandlerException: Exception while processing RegisteredHandler(callback=<bound method ConfigPlayer.config_play_callback of ConfigPlayer.show_player/shows>, priority=250, kwargs={'calling_context': 'light_rainey_multiball_ball_lock_lit_complete', 'mode': <Mode.rainey_multiball>, 'settings': {rainey_multiball_lock_show-None-None: {'priority': 0, 'action': 'play', 'show': None, 'speed': <NativeTemplate 1.0>, 'block_queue': False, 'start_step': <NativeTemplate 1>, 'start_running': <Template True>, 'loops': -1, 'sync_ms': None, 'manual_advance': False, 'show_queue': None, 'key': None, 'show_tokens': {}, 'events_when_played': [], 'events_when_stopped': [], 'events_when_looped': [], 'events_when_paused': [], 'events_when_resumed': [], 'events_when_advanced': [], 'events_when_stepped_back': [], 'events_when_updated': [], 'events_when_completed': []}}}, key=UUID('8d3805ad-2e96-4ed3-87bb-ef4b084d3e93'), condition=None, blocking_facility=None) for event light_rainey_multiball_ball_lock_lit_complete. "Cannot play show 'rainey_multiball_lock_show'. No show with that name."
2024-07-27 07:23:21,745 : INFO : Machine : Shutting down...
2024-07-27 07:23:21,745 : INFO : EventManager : Event: ======'shutdown'====== Args={}
2024-07-27 07:23:21,746 : INFO : EventManager : Event: ======'mode_game_will_stop'====== Args={}
2024-07-27 07:23:21,746 : INFO : EventManager : Event: ======'mode_game_stopping'====== Args={}
2024-07-27 07:23:21,747 : INFO : EventManager : Event: ======'mode_rainey_multiball_will_stop'====== Args={}
2024-07-27 07:23:21,747 : INFO : EventManager : Event: ======'mode_rainey_multiball_stopping'====== Args={}
2024-07-27 07:23:21,747 : INFO : EventManager : Event: ======'mode_base_will_stop'====== Args={}
2024-07-27 07:23:21,747 : INFO : EventManager : Event: ======'mode_base_stopping'====== Args={}
2024-07-27 07:23:21,747 : INFO : EventManager : Event: ======'mode_hank_rollover_will_stop'====== Args={}
2024-07-27 07:23:21,747 : INFO : EventManager : Event: ======'mode_hank_rollover_stopping'====== Args={}
2024-07-27 07:23:21,747 : INFO : EventManager : Event: ======'mode_BBQ_rollover_will_stop'====== Args={}
2024-07-27 07:23:21,747 : INFO : EventManager : Event: ======'mode_BBQ_rollover_stopping'====== Args={}
2024-07-27 07:23:21,748 : INFO : Mode.BBQ_rollover : Stopped.
2024-07-27 07:23:21,748 : INFO : EventManager : Event: ======'modes_active_modes_changed'====== Args={}
2024-07-27 07:23:21,748 : INFO : EventManager : Event: ======'mode_BBQ_rollover_stopped'====== Args={}
2024-07-27 07:23:21,748 : INFO : EventManager : Event: ======'clear'====== Args={'key': 'BBQ_rollover'}
2024-07-27 07:23:21,749 : INFO : Mode.hank_rollover : Stopped.
2024-07-27 07:23:21,749 : INFO : EventManager : Event: ======'modes_active_modes_changed'====== Args={}
2024-07-27 07:23:21,749 : INFO : EventManager : Event: ======'mode_hank_rollover_stopped'====== Args={}
2024-07-27 07:23:21,749 : INFO : EventManager : Event: ======'clear'====== Args={'key': 'hank_rollover'}
2024-07-27 07:23:21,750 : INFO : Mode.base : Stopped.
2024-07-27 07:23:21,750 : INFO : EventManager : Event: ======'modes_active_modes_changed'====== Args={}
2024-07-27 07:23:21,750 : INFO : EventManager : Event: ======'mode_base_stopped'====== Args={}
2024-07-27 07:23:21,750 : INFO : EventManager : Event: ======'clear'====== Args={'key': 'base'}
2024-07-27 07:23:21,751 : INFO : EventManager : Event: ======'ball_save_default_disabled'====== Args={}
2024-07-27 07:23:21,751 : INFO : Mode.rainey_multiball : Stopped.
2024-07-27 07:23:21,751 : INFO : EventManager : Event: ======'modes_active_modes_changed'====== Args={}
2024-07-27 07:23:21,751 : INFO : EventManager : Event: ======'mode_rainey_multiball_stopped'====== Args={}
2024-07-27 07:23:21,752 : INFO : EventManager : Event: ======'clear'====== Args={'key': 'rainey_multiball'}
2024-07-27 07:23:21,752 : INFO : Mode.game : Stopped.
2024-07-27 07:23:21,752 : INFO : EventManager : Event: ======'modes_active_modes_changed'====== Args={}
2024-07-27 07:23:21,753 : INFO : EventManager : Event: ======'mode_game_stopped'====== Args={}
2024-07-27 07:23:21,753 : INFO : EventManager : Event: ======'clear'====== Args={'key': 'game'}
2024-07-27 07:23:21,754 : ERROR : Machine : Runtime Exception
Traceback (most recent call last):
  File "/Users/nicktaseris/mpfenv/lib/python3.9/site-packages/mpf/core/show_controller.py", line 130, in replace_or_advance_show
    show_obj = self.machine.shows[config.name]
KeyError: 'rainey_multiball_lock_show'

During handling of the above exception, another exception occurred:

Traceback (most recent call last):
  File "/Users/nicktaseris/mpfenv/lib/python3.9/site-packages/mpf/core/events.py", line 755, in _run_handlers
    result = handler.callback(**merged_kwargs)
  File "/Users/nicktaseris/mpfenv/lib/python3.9/site-packages/mpf/core/config_player.py", line 348, in config_play_callback
    return self.play(settings=settings, context=context, calling_context=calling_context, priority=priority,
  File "/Users/nicktaseris/mpfenv/lib/python3.9/site-packages/mpf/config_players/show_player.py", line 60, in play
    self._update_show(show.name, show_settings, context, queue, start_time, show_tokens)
  File "/Users/nicktaseris/mpfenv/lib/python3.9/site-packages/mpf/config_players/show_player.py", line 225, in _update_show
    action(key, instance_dict, show_name, show_settings, queue, start_time, placeholder_args)
  File "/Users/nicktaseris/mpfenv/lib/python3.9/site-packages/mpf/config_players/show_player.py", line 117, in _play
    instance_dict[key] = self.machine.show_controller.replace_or_advance_show(previous_show, show_config,
  File "/Users/nicktaseris/mpfenv/lib/python3.9/site-packages/mpf/core/show_controller.py", line 132, in replace_or_advance_show
    raise KeyError("Cannot play show '{}'. No show with that "
KeyError: "Cannot play show 'rainey_multiball_lock_show'. No show with that name."

The above exception was the direct cause of the following exception:

Traceback (most recent call last):
  File "/Users/nicktaseris/mpfenv/lib/python3.9/site-packages/mpf/core/machine.py", line 793, in _run_loop
    raise self._exception['exception']
  File "/Library/Frameworks/Python.framework/Versions/3.9/lib/python3.9/asyncio/events.py", line 80, in _run
    self._context.run(self._callback, *self._args)
  File "/Users/nicktaseris/mpfenv/lib/python3.9/site-packages/mpf/core/events.py", line 846, in process_event_queue
    self._process_event(event=event[0],
  File "/Users/nicktaseris/mpfenv/lib/python3.9/site-packages/mpf/core/events.py", line 808, in _process_event
    result = self._run_handlers(event, ev_type, kwargs)
  File "/Users/nicktaseris/mpfenv/lib/python3.9/site-packages/mpf/core/events.py", line 757, in _run_handlers
    raise EventHandlerException(
mpf.core.events.EventHandlerException: Exception while processing RegisteredHandler(callback=<bound method ConfigPlayer.config_play_callback of ConfigPlayer.show_player/shows>, priority=250, kwargs={'calling_context': 'light_rainey_multiball_ball_lock_lit_complete', 'mode': <Mode.rainey_multiball>, 'settings': {rainey_multiball_lock_show-None-None: {'priority': 0, 'action': 'play', 'show': None, 'speed': <NativeTemplate 1.0>, 'block_queue': False, 'start_step': <NativeTemplate 1>, 'start_running': <Template True>, 'loops': -1, 'sync_ms': None, 'manual_advance': False, 'show_queue': None, 'key': None, 'show_tokens': {}, 'events_when_played': [], 'events_when_stopped': [], 'events_when_looped': [], 'events_when_paused': [], 'events_when_resumed': [], 'events_when_advanced': [], 'events_when_stepped_back': [], 'events_when_updated': [], 'events_when_completed': []}}}, key=UUID('8d3805ad-2e96-4ed3-87bb-ef4b084d3e93'), condition=None, blocking_facility=None) for event light_rainey_multiball_ball_lock_lit_complete. "Cannot play show 'rainey_multiball_lock_show'. No show with that name."
2024-07-27 07:23:21,812 : INFO : crash_reporter : Will not report crash as "report_crashes" mode is "never"
2024-07-27 07:23:21,814 : INFO : root : MPF run loop ended.
