2024-07-17 22:57:01,976 : INFO : root : Loading config.
2024-07-17 22:57:01,978 : INFO : YamlMultifileConfigLoader : Machine config file #1: config.yaml
2024-07-17 22:57:01,978 : INFO : ConfigProcessor : Loading config from cache: /var/folders/sv/d29kcl5x50v7vt1n6xb5jsd40000gn/T/c166cef8060ffee16a35821bf698da85.mpf_cache
2024-07-17 22:57:02,010 : INFO : ConfigProcessor : Loading config from cache: /var/folders/sv/d29kcl5x50v7vt1n6xb5jsd40000gn/T/6b31c5ac6ecbad948994a8204ea6b05b.mpf_cache
2024-07-17 22:57:02,010 : INFO : ConfigProcessor : Loading config from cache: /var/folders/sv/d29kcl5x50v7vt1n6xb5jsd40000gn/T/fe612d1e66c8a96c19ba449d3748eeac.mpf_cache
2024-07-17 22:57:02,011 : INFO : ConfigProcessor : Loading config from cache: /var/folders/sv/d29kcl5x50v7vt1n6xb5jsd40000gn/T/6b31c5ac6ecbad948994a8204ea6b05b.mpf_cache
2024-07-17 22:57:02,011 : INFO : ConfigProcessor : Loading config from cache: /var/folders/sv/d29kcl5x50v7vt1n6xb5jsd40000gn/T/8765227693ecd961e0504502a81255e0.mpf_cache
2024-07-17 22:57:02,011 : INFO : ConfigProcessor : Loading config from cache: /var/folders/sv/d29kcl5x50v7vt1n6xb5jsd40000gn/T/b247728c74b4d81bcb2825e2b07062a7.mpf_cache
2024-07-17 22:57:02,011 : INFO : ConfigProcessor : Loading config from cache: /var/folders/sv/d29kcl5x50v7vt1n6xb5jsd40000gn/T/f240f94f0b5d0f37ec4fd7571275a101.mpf_cache
2024-07-17 22:57:02,011 : INFO : ConfigProcessor : Loading config from cache: /var/folders/sv/d29kcl5x50v7vt1n6xb5jsd40000gn/T/c4409acfdf3ec94666e0adef48d55400.mpf_cache
2024-07-17 22:57:02,012 : INFO : ConfigProcessor : Loading config from cache: /var/folders/sv/d29kcl5x50v7vt1n6xb5jsd40000gn/T/6a2f50ed892485825cc04dc0a68eab9f.mpf_cache
2024-07-17 22:57:02,012 : INFO : ConfigProcessor : Loading config from cache: /var/folders/sv/d29kcl5x50v7vt1n6xb5jsd40000gn/T/d58c58eb9fd1a2dc27f8acd255fb3761.mpf_cache
2024-07-17 22:57:02,012 : INFO : ConfigProcessor : Loading config from cache: /var/folders/sv/d29kcl5x50v7vt1n6xb5jsd40000gn/T/07adfd310b3ef0e03c5cbc91527abb6c.mpf_cache
2024-07-17 22:57:02,013 : INFO : ConfigProcessor : Loading config from cache: /var/folders/sv/d29kcl5x50v7vt1n6xb5jsd40000gn/T/12bd5247c3bf989b919364bdb7829769.mpf_cache
2024-07-17 22:57:02,013 : INFO : ConfigProcessor : Loading config from cache: /var/folders/sv/d29kcl5x50v7vt1n6xb5jsd40000gn/T/362e08f51a1a1b7a0809dd52f9c83f83.mpf_cache
2024-07-17 22:57:02,013 : INFO : ConfigProcessor : Loading config from cache: /var/folders/sv/d29kcl5x50v7vt1n6xb5jsd40000gn/T/e45e3bd39557ed8d0881194a7afab8f7.mpf_cache
2024-07-17 22:57:02,013 : INFO : ConfigProcessor : Loading config from cache: /var/folders/sv/d29kcl5x50v7vt1n6xb5jsd40000gn/T/331d8d1a1bc190cae8c13495e1db372f.mpf_cache
2024-07-17 22:57:02,014 : INFO : ConfigProcessor : Loading config from cache: /var/folders/sv/d29kcl5x50v7vt1n6xb5jsd40000gn/T/d17a9ff77386e6f1439d0802ace1de07.mpf_cache
2024-07-17 22:57:02,014 : INFO : ConfigProcessor : Loading config from cache: /var/folders/sv/d29kcl5x50v7vt1n6xb5jsd40000gn/T/280fd64455d0d243a54ab4db98fbccbd.mpf_cache
2024-07-17 22:57:02,014 : INFO : ConfigProcessor : Loading config from cache: /var/folders/sv/d29kcl5x50v7vt1n6xb5jsd40000gn/T/0c0596ed8fbb40b6113901d21bdc0a39.mpf_cache
2024-07-17 22:57:02,015 : INFO : ConfigProcessor : Loading config from cache: /var/folders/sv/d29kcl5x50v7vt1n6xb5jsd40000gn/T/2982e2d98506102244e9fa0f437a9fca.mpf_cache
2024-07-17 22:57:02,015 : INFO : ConfigProcessor : Loading config from cache: /var/folders/sv/d29kcl5x50v7vt1n6xb5jsd40000gn/T/0fedc249e142fba0aaf46d9adc7061fa.mpf_cache
2024-07-17 22:57:02,015 : WARNING : ConfigProcessor : Config file in cache changed: /Users/nicktaseris/Desktop/Pinball/KOTH/modes/rainey_multiball/config/rainey_multiball.yaml
2024-07-17 22:57:02,015 : INFO : ConfigProcessor : Loading config from file /Users/nicktaseris/Desktop/Pinball/KOTH/modes/rainey_multiball/config/rainey_multiball.yaml.
2024-07-17 22:57:02,017 : INFO : ConfigProcessor : Loading config: /Users/nicktaseris/Desktop/Pinball/KOTH/modes/rainey_multiball/config/rainey_multiball.yaml
2024-07-17 22:57:02,017 : INFO : ConfigProcessor : Config file cache created: /var/folders/sv/d29kcl5x50v7vt1n6xb5jsd40000gn/T/c57745b2fe399992c4aedf0209f8acc9.mpf_cache
2024-07-17 22:57:02,017 : INFO : ConfigProcessor : Loading config from cache: /var/folders/sv/d29kcl5x50v7vt1n6xb5jsd40000gn/T/3048ed2d7ea14eee3db896f6760aa474.mpf_cache
2024-07-17 22:57:02,018 : INFO : Machine : Mission Pinball Framework Core Engine v0.80.0.dev1
2024-07-17 22:57:02,018 : INFO : Machine : Command line arguments: {'no_load_cache': False, 'create_config_cache': True, 'bcp': True, 'configfile': ['config.yaml'], 'force_assets_load': False, 'platform_integration_test': False, 'jsonlogging': False, 'logfile': 'logs/2024-07-17-22-57-01-mpf-Nicks-Air.lan.log', 'pause': False, 'production': False, 'text_ui': True, 'loglevel': 15, 'consoleloglevel': 20, 'force_platform': None, 'syslog_address': None, 'mc_file_name': None, 'no_sound': False, 'full_logfile_path': '/Users/nicktaseris/Desktop/Pinball/KOTH/logs/2024-07-17-22-57-01-mpf-Nicks-Air.lan.log'}
2024-07-17 22:57:02,018 : INFO : Machine : MPF path: /Users/nicktaseris/mpfenv/lib/python3.9/site-packages/mpf
2024-07-17 22:57:02,018 : INFO : Machine : Machine path: /Users/nicktaseris/Desktop/Pinball/KOTH
2024-07-17 22:57:02,018 : INFO : Machine : Platform: darwin
2024-07-17 22:57:02,018 : INFO : Machine : Python executable location: /Users/nicktaseris/mpfenv/bin/python3
2024-07-17 22:57:02,018 : INFO : Machine : Python version: 3.9.13 (64-bit)
2024-07-17 22:57:02,018 : INFO : Machine : Initializing MPF...
2024-07-17 22:57:02,047 : INFO : EventManager : Event: ======'machine_var_credits_string'====== Args={'value': 'FREE PLAY', 'prev_value': None, 'change': True}
2024-07-17 22:57:02,053 : INFO : EventManager : Event: ======'machine_var_master_volume'====== Args={'value': 0.5, 'prev_value': None, 'change': True}
2024-07-17 22:57:02,053 : INFO : EventManager : Event: ======'machine_var_player1_score'====== Args={'value': 175300, 'prev_value': None, 'change': True}
2024-07-17 22:57:02,053 : INFO : EventManager : Event: ======'machine_var_mpf_version'====== Args={'value': 'Mission Pinball Framework v0.80.0.dev1', 'prev_value': None, 'change': True}
2024-07-17 22:57:02,053 : INFO : EventManager : Event: ======'machine_var_mpf_extended_version'====== Args={'value': 'Mission Pinball Framework v0.80.0.dev1, Config version:6, Show version: 6, BCP version:1.1', 'prev_value': None, 'change': True}
2024-07-17 22:57:02,053 : INFO : EventManager : Event: ======'machine_var_python_version'====== Args={'value': '3.9.13', 'prev_value': None, 'change': True}
2024-07-17 22:57:02,062 : INFO : EventManager : Event: ======'machine_var_platform'====== Args={'value': 'macOS-12.1-arm64-arm-64bit', 'prev_value': None, 'change': True}
2024-07-17 22:57:02,062 : INFO : EventManager : Event: ======'machine_var_platform_system'====== Args={'value': 'Darwin', 'prev_value': None, 'change': True}
2024-07-17 22:57:02,062 : INFO : EventManager : Event: ======'machine_var_platform_release'====== Args={'value': '21.2.0', 'prev_value': None, 'change': True}
2024-07-17 22:57:02,062 : INFO : EventManager : Event: ======'machine_var_platform_version'====== Args={'value': 'Darwin Kernel Version 21.2.0: Sun Nov 28 20:29:10 PST 2021; root:xnu-8019.61.5~1/RELEASE_ARM64_T8101', 'prev_value': None, 'change': True}
2024-07-17 22:57:02,062 : INFO : EventManager : Event: ======'machine_var_platform_machine'====== Args={'value': 'arm64', 'prev_value': None, 'change': True}
2024-07-17 22:57:02,062 : INFO : EventManager : Event: ======'machine_var_log_file_path'====== Args={'value': '/Users/nicktaseris/Desktop/Pinball/KOTH/logs/2024-07-17-22-57-01-mpf-Nicks-Air.lan.log', 'prev_value': None, 'change': True}
2024-07-17 22:57:02,069 : INFO : EventManager : Event: ======'init_phase_1'====== Args={}
2024-07-17 22:57:02,086 : INFO : EventManager : Event: ======'drop_target_bank_strickland_bank_up'====== Args={}
2024-07-17 22:57:02,087 : INFO : EventManager : Event: ======'init_phase_2'====== Args={}
2024-07-17 22:57:02,087 : INFO : SwitchController : Found active switch: ('39', <Platform.SmartVirtual>) <switch.s_trough1>
2024-07-17 22:57:02,087 : INFO : SwitchController : Found active switch: ('40', <Platform.SmartVirtual>) <switch.s_trough2>
2024-07-17 22:57:02,087 : INFO : SwitchController : Found active switch: ('41', <Platform.SmartVirtual>) <switch.s_trough3>
2024-07-17 22:57:02,087 : INFO : SwitchController : Found active switch: ('42', <Platform.SmartVirtual>) <switch.s_trough4>
2024-07-17 22:57:02,087 : INFO : SwitchController : Found active switch: ('43', <Platform.SmartVirtual>) <switch.s_trough5>
2024-07-17 22:57:02,087 : INFO : SwitchController : Found active switch: ('44', <Platform.SmartVirtual>) <switch.s_trough6>
2024-07-17 22:57:02,091 : INFO : EventManager : Event: ======'machine_var_score1_label'====== Args={'value': 'GRAND CHAMPION', 'prev_value': None, 'change': True}
2024-07-17 22:57:02,091 : INFO : EventManager : Event: ======'machine_var_score1_name'====== Args={'value': 'BRI', 'prev_value': None, 'change': True}
2024-07-17 22:57:02,091 : INFO : EventManager : Event: ======'machine_var_score1_value'====== Args={'value': 4242, 'prev_value': None, 'change': True}
2024-07-17 22:57:02,091 : INFO : EventManager : Event: ======'machine_var_score2_label'====== Args={'value': 'HIGH SCORE 1', 'prev_value': None, 'change': True}
2024-07-17 22:57:02,091 : INFO : EventManager : Event: ======'machine_var_score2_name'====== Args={'value': 'GHK', 'prev_value': None, 'change': True}
2024-07-17 22:57:02,091 : INFO : EventManager : Event: ======'machine_var_score2_value'====== Args={'value': 2323, 'prev_value': None, 'change': True}
2024-07-17 22:57:02,091 : INFO : EventManager : Event: ======'machine_var_score3_label'====== Args={'value': 'HIGH SCORE 2', 'prev_value': None, 'change': True}
2024-07-17 22:57:02,091 : INFO : EventManager : Event: ======'machine_var_score3_name'====== Args={'value': 'JK', 'prev_value': None, 'change': True}
2024-07-17 22:57:02,091 : INFO : EventManager : Event: ======'machine_var_score3_value'====== Args={'value': 1337, 'prev_value': None, 'change': True}
2024-07-17 22:57:02,091 : INFO : EventManager : Event: ======'machine_var_score4_label'====== Args={'value': 'HIGH SCORE 3', 'prev_value': None, 'change': True}
2024-07-17 22:57:02,092 : INFO : EventManager : Event: ======'machine_var_score4_name'====== Args={'value': 'QC', 'prev_value': None, 'change': True}
2024-07-17 22:57:02,092 : INFO : EventManager : Event: ======'machine_var_score4_value'====== Args={'value': 42, 'prev_value': None, 'change': True}
2024-07-17 22:57:02,092 : INFO : EventManager : Event: ======'machine_var_score5_label'====== Args={'value': 'HIGH SCORE 4', 'prev_value': None, 'change': True}
2024-07-17 22:57:02,092 : INFO : EventManager : Event: ======'machine_var_score5_name'====== Args={'value': 'MPF', 'prev_value': None, 'change': True}
2024-07-17 22:57:02,092 : INFO : EventManager : Event: ======'machine_var_score5_value'====== Args={'value': 23, 'prev_value': None, 'change': True}
2024-07-17 22:57:02,092 : INFO : EventManager : Event: ======'bcp_connection_attempt'====== Args={'name': 'local_display', 'host': 'localhost', 'port': 5050}
2024-07-17 22:57:02,093 : INFO : BCPClientSocket : Connecting BCP to 'local_display' at localhost:5050...
2024-07-17 22:57:02,095 : INFO : BCPClientSocket : Connected BCP to 'local_display' localhost:5050
2024-07-17 22:57:02,096 : INFO : EventManager : Event: ======'bcp_clients_connected'====== Args={}
2024-07-17 22:57:02,097 : INFO : ball_device.bd_trough : BCH: Initial count: 6
2024-07-17 22:57:02,097 : INFO : ball_device.bd_trough : State: idle
2024-07-17 22:57:02,097 : INFO : ball_device.bd_plunger : BCH: Initial count: 0
2024-07-17 22:57:02,097 : INFO : ball_device.bd_plunger : State: idle
2024-07-17 22:57:02,097 : INFO : ball_device.bd_scoop : BCH: Initial count: 0
2024-07-17 22:57:02,097 : INFO : ball_device.bd_scoop : State: idle
2024-07-17 22:57:02,102 : INFO : EventManager : Event: ======'init_phase_3'====== Args={}
2024-07-17 22:57:02,110 : INFO : EventManager : Event: ======'init_phase_4'====== Args={}
2024-07-17 22:57:02,110 : INFO : BallController : Initial balls found: 6
2024-07-17 22:57:02,111 : INFO : EventManager : Event: ======'machine_var_audits_events_game_ended'====== Args={'value': 4, 'prev_value': None, 'change': True}
2024-07-17 22:57:02,111 : INFO : EventManager : Event: ======'machine_var_audits_events_game_started'====== Args={'value': 460, 'prev_value': None, 'change': True}
2024-07-17 22:57:02,111 : INFO : EventManager : Event: ======'machine_var_audits_missing_switches_s_a_target'====== Args={'value': 4, 'prev_value': None, 'change': True}
2024-07-17 22:57:02,111 : INFO : EventManager : Event: ======'machine_var_audits_missing_switches_s_bottom_inline_drop'====== Args={'value': 7, 'prev_value': None, 'change': True}
2024-07-17 22:57:02,111 : INFO : EventManager : Event: ======'machine_var_audits_missing_switches_s_bottom_pop_bumper'====== Args={'value': 19, 'prev_value': None, 'change': True}
2024-07-17 22:57:02,111 : INFO : EventManager : Event: ======'machine_var_audits_missing_switches_s_e_target'====== Args={'value': 6, 'prev_value': None, 'change': True}
2024-07-17 22:57:02,111 : INFO : EventManager : Event: ======'machine_var_audits_missing_switches_s_launch_button'====== Args={'value': 7, 'prev_value': None, 'change': True}
2024-07-17 22:57:02,111 : INFO : EventManager : Event: ======'machine_var_audits_missing_switches_s_left_flipper'====== Args={'value': 11, 'prev_value': None, 'change': True}
2024-07-17 22:57:02,111 : INFO : EventManager : Event: ======'machine_var_audits_missing_switches_s_left_inlane'====== Args={'value': 9, 'prev_value': None, 'change': True}
2024-07-17 22:57:02,111 : INFO : EventManager : Event: ======'machine_var_audits_missing_switches_s_left_inner_horseshoe'====== Args={'value': 94, 'prev_value': None, 'change': True}
2024-07-17 22:57:02,111 : INFO : EventManager : Event: ======'machine_var_audits_missing_switches_s_left_orbit_enter'====== Args={'value': 28, 'prev_value': None, 'change': True}
2024-07-17 22:57:02,111 : INFO : EventManager : Event: ======'machine_var_audits_missing_switches_s_left_orbit_exit'====== Args={'value': 216, 'prev_value': None, 'change': True}
2024-07-17 22:57:02,111 : INFO : EventManager : Event: ======'machine_var_audits_missing_switches_s_left_outlane'====== Args={'value': 9, 'prev_value': None, 'change': True}
2024-07-17 22:57:02,112 : INFO : EventManager : Event: ======'machine_var_audits_missing_switches_s_left_pop_bumper'====== Args={'value': 19, 'prev_value': None, 'change': True}
2024-07-17 22:57:02,112 : INFO : EventManager : Event: ======'machine_var_audits_missing_switches_s_left_ramp_enter'====== Args={'value': 9, 'prev_value': None, 'change': True}
2024-07-17 22:57:02,112 : INFO : EventManager : Event: ======'machine_var_audits_missing_switches_s_left_ramp_exit'====== Args={'value': 9, 'prev_value': None, 'change': True}
2024-07-17 22:57:02,112 : INFO : EventManager : Event: ======'machine_var_audits_missing_switches_s_left_ramp_standup'====== Args={'value': 7, 'prev_value': None, 'change': True}
2024-07-17 22:57:02,112 : INFO : EventManager : Event: ======'machine_var_audits_missing_switches_s_left_rollover_lane'====== Args={'value': 7, 'prev_value': None, 'change': True}
2024-07-17 22:57:02,112 : INFO : EventManager : Event: ======'machine_var_audits_missing_switches_s_left_sling'====== Args={'value': 110, 'prev_value': None, 'change': True}
2024-07-17 22:57:02,112 : INFO : EventManager : Event: ======'machine_var_audits_missing_switches_s_left_spinner'====== Args={'value': 28, 'prev_value': None, 'change': True}
2024-07-17 22:57:02,112 : INFO : EventManager : Event: ======'machine_var_audits_missing_switches_s_middle_inline_drop'====== Args={'value': 7, 'prev_value': None, 'change': True}
2024-07-17 22:57:02,112 : INFO : EventManager : Event: ======'machine_var_audits_missing_switches_s_middle_rollover_lane'====== Args={'value': 7, 'prev_value': None, 'change': True}
2024-07-17 22:57:02,112 : INFO : EventManager : Event: ======'machine_var_audits_missing_switches_s_n_target'====== Args={'value': 2, 'prev_value': None, 'change': True}
2024-07-17 22:57:02,112 : INFO : EventManager : Event: ======'machine_var_audits_missing_switches_s_p2_target'====== Args={'value': 5, 'prev_value': None, 'change': True}
2024-07-17 22:57:02,112 : INFO : EventManager : Event: ======'machine_var_audits_missing_switches_s_p_target'====== Args={'value': 8, 'prev_value': None, 'change': True}
2024-07-17 22:57:02,112 : INFO : EventManager : Event: ======'machine_var_audits_missing_switches_s_r_target'====== Args={'value': 1, 'prev_value': None, 'change': True}
2024-07-17 22:57:02,112 : INFO : EventManager : Event: ======'machine_var_audits_missing_switches_s_right_flipper'====== Args={'value': 9, 'prev_value': None, 'change': True}
2024-07-17 22:57:02,113 : INFO : EventManager : Event: ======'machine_var_audits_missing_switches_s_right_inlane'====== Args={'value': 9, 'prev_value': None, 'change': True}
2024-07-17 22:57:02,113 : INFO : EventManager : Event: ======'machine_var_audits_missing_switches_s_right_inner_horseshoe'====== Args={'value': 101, 'prev_value': None, 'change': True}
2024-07-17 22:57:02,113 : INFO : EventManager : Event: ======'machine_var_audits_missing_switches_s_right_orbit_exit'====== Args={'value': 203, 'prev_value': None, 'change': True}
2024-07-17 22:57:02,113 : INFO : EventManager : Event: ======'machine_var_audits_missing_switches_s_right_outlane'====== Args={'value': 9, 'prev_value': None, 'change': True}
2024-07-17 22:57:02,113 : INFO : EventManager : Event: ======'machine_var_audits_missing_switches_s_right_pop_bumper'====== Args={'value': 19, 'prev_value': None, 'change': True}
2024-07-17 22:57:02,113 : INFO : EventManager : Event: ======'machine_var_audits_missing_switches_s_right_ramp_enter'====== Args={'value': 165, 'prev_value': None, 'change': True}
2024-07-17 22:57:02,113 : INFO : EventManager : Event: ======'machine_var_audits_missing_switches_s_right_ramp_exit'====== Args={'value': 165, 'prev_value': None, 'change': True}
2024-07-17 22:57:02,113 : INFO : EventManager : Event: ======'machine_var_audits_missing_switches_s_right_ramp_standup'====== Args={'value': 7, 'prev_value': None, 'change': True}
2024-07-17 22:57:02,113 : INFO : EventManager : Event: ======'machine_var_audits_missing_switches_s_right_rollover_lane'====== Args={'value': 7, 'prev_value': None, 'change': True}
2024-07-17 22:57:02,113 : INFO : EventManager : Event: ======'machine_var_audits_missing_switches_s_right_sling'====== Args={'value': 411, 'prev_value': None, 'change': True}
2024-07-17 22:57:02,113 : INFO : EventManager : Event: ======'machine_var_audits_missing_switches_s_scoop'====== Args={'value': 9, 'prev_value': None, 'change': True}
2024-07-17 22:57:02,114 : INFO : EventManager : Event: ======'machine_var_audits_missing_switches_s_start'====== Args={'value': 9, 'prev_value': None, 'change': True}
2024-07-17 22:57:02,114 : INFO : EventManager : Event: ======'machine_var_audits_missing_switches_s_top_inline_drop'====== Args={'value': 16, 'prev_value': None, 'change': True}
2024-07-17 22:57:02,114 : INFO : EventManager : Event: ======'machine_var_audits_missing_switches_s_trough1'====== Args={'value': 7, 'prev_value': None, 'change': True}
2024-07-17 22:57:02,114 : INFO : EventManager : Event: ======'machine_var_audits_missing_switches_s_trough2'====== Args={'value': 87, 'prev_value': None, 'change': True}
2024-07-17 22:57:02,114 : INFO : EventManager : Event: ======'machine_var_audits_missing_switches_s_trough3'====== Args={'value': 87, 'prev_value': None, 'change': True}
2024-07-17 22:57:02,114 : INFO : EventManager : Event: ======'machine_var_audits_missing_switches_s_trough4'====== Args={'value': 415, 'prev_value': None, 'change': True}
2024-07-17 22:57:02,114 : INFO : EventManager : Event: ======'machine_var_audits_missing_switches_s_trough5'====== Args={'value': 415, 'prev_value': None, 'change': True}
2024-07-17 22:57:02,114 : INFO : EventManager : Event: ======'machine_var_audits_missing_switches_s_trough6'====== Args={'value': 415, 'prev_value': None, 'change': True}
2024-07-17 22:57:02,114 : INFO : EventManager : Event: ======'machine_var_audits_missing_switches_s_trough_jam'====== Args={'value': 348, 'prev_value': None, 'change': True}
2024-07-17 22:57:02,114 : INFO : EventManager : Event: ======'machine_var_audits_player_score'====== Args={'value': {'average': 109379, 'top': [370600, 175300, 400, 300, 250], 'total': 5}, 'prev_value': None, 'change': True}
2024-07-17 22:57:02,115 : INFO : EventManager : Event: ======'machine_var_audits_shots_a_rollover_lane'====== Args={'value': 7, 'prev_value': None, 'change': True}
2024-07-17 22:57:02,115 : INFO : EventManager : Event: ======'machine_var_audits_shots_a_target'====== Args={'value': 7, 'prev_value': None, 'change': True}
2024-07-17 22:57:02,115 : INFO : EventManager : Event: ======'machine_var_audits_shots_e_target'====== Args={'value': 3, 'prev_value': None, 'change': True}
2024-07-17 22:57:02,115 : INFO : EventManager : Event: ======'machine_var_audits_shots_h_rollover_lane'====== Args={'value': 8, 'prev_value': None, 'change': True}
2024-07-17 22:57:02,115 : INFO : EventManager : Event: ======'machine_var_audits_shots_k_rollover_lane'====== Args={'value': 7, 'prev_value': None, 'change': True}
2024-07-17 22:57:02,115 : INFO : EventManager : Event: ======'machine_var_audits_shots_left_rollover_lane'====== Args={'value': 182, 'prev_value': None, 'change': True}
2024-07-17 22:57:02,115 : INFO : EventManager : Event: ======'machine_var_audits_shots_middle_rollover_lane'====== Args={'value': 176, 'prev_value': None, 'change': True}
2024-07-17 22:57:02,115 : INFO : EventManager : Event: ======'machine_var_audits_shots_n_rollover_lane'====== Args={'value': 7, 'prev_value': None, 'change': True}
2024-07-17 22:57:02,115 : INFO : EventManager : Event: ======'machine_var_audits_shots_n_target'====== Args={'value': 9, 'prev_value': None, 'change': True}
2024-07-17 22:57:02,116 : INFO : EventManager : Event: ======'machine_var_audits_shots_o_target'====== Args={'value': 4, 'prev_value': None, 'change': True}
2024-07-17 22:57:02,116 : INFO : EventManager : Event: ======'machine_var_audits_shots_p2_target'====== Args={'value': 5, 'prev_value': None, 'change': True}
2024-07-17 22:57:02,116 : INFO : EventManager : Event: ======'machine_var_audits_shots_p_target'====== Args={'value': 8, 'prev_value': None, 'change': True}
2024-07-17 22:57:02,116 : INFO : EventManager : Event: ======'machine_var_audits_shots_qualify_o_target'====== Args={'value': 74, 'prev_value': None, 'change': True}
2024-07-17 22:57:02,116 : INFO : EventManager : Event: ======'machine_var_audits_shots_qualify_p_target'====== Args={'value': 78, 'prev_value': None, 'change': True}
2024-07-17 22:57:02,116 : INFO : EventManager : Event: ======'machine_var_audits_shots_qualify_r_target'====== Args={'value': 99, 'prev_value': None, 'change': True}
2024-07-17 22:57:02,116 : INFO : EventManager : Event: ======'machine_var_audits_shots_r_target'====== Args={'value': 14, 'prev_value': None, 'change': True}
2024-07-17 22:57:02,116 : INFO : EventManager : Event: ======'machine_var_audits_shots_right_rollover_lane'====== Args={'value': 181, 'prev_value': None, 'change': True}
2024-07-17 22:57:02,117 : INFO : EventManager : Event: ======'machine_var_audits_shots_skillshot_a_target'====== Args={'value': 54, 'prev_value': None, 'change': True}
2024-07-17 22:57:02,117 : INFO : EventManager : Event: ======'machine_var_audits_shots_skillshot_e_target'====== Args={'value': 43, 'prev_value': None, 'change': True}
2024-07-17 22:57:02,117 : INFO : EventManager : Event: ======'machine_var_audits_shots_skillshot_n_target'====== Args={'value': 42, 'prev_value': None, 'change': True}
2024-07-17 22:57:02,117 : INFO : EventManager : Event: ======'machine_var_audits_shots_skillshot_o_target'====== Args={'value': 19, 'prev_value': None, 'change': True}
2024-07-17 22:57:02,117 : INFO : EventManager : Event: ======'machine_var_audits_shots_skillshot_p2_target'====== Args={'value': 15, 'prev_value': None, 'change': True}
2024-07-17 22:57:02,117 : INFO : EventManager : Event: ======'machine_var_audits_shots_skillshot_p_target'====== Args={'value': 29, 'prev_value': None, 'change': True}
2024-07-17 22:57:02,117 : INFO : EventManager : Event: ======'machine_var_audits_shots_skillshot_r_target'====== Args={'value': 18, 'prev_value': None, 'change': True}
2024-07-17 22:57:02,118 : INFO : EventManager : Event: ======'machine_var_audits_switches_s_a_target'====== Args={'value': 101, 'prev_value': None, 'change': True}
2024-07-17 22:57:02,118 : INFO : EventManager : Event: ======'machine_var_audits_switches_s_bottom_inline_drop'====== Args={'value': 684, 'prev_value': None, 'change': True}
2024-07-17 22:57:02,118 : INFO : EventManager : Event: ======'machine_var_audits_switches_s_bottom_pop_bumper'====== Args={'value': 10, 'prev_value': None, 'change': True}
2024-07-17 22:57:02,118 : INFO : EventManager : Event: ======'machine_var_audits_switches_s_center_spinner'====== Args={'value': 89, 'prev_value': None, 'change': True}
2024-07-17 22:57:02,118 : INFO : EventManager : Event: ======'machine_var_audits_switches_s_e_target'====== Args={'value': 107, 'prev_value': None, 'change': True}
2024-07-17 22:57:02,118 : INFO : EventManager : Event: ======'machine_var_audits_switches_s_launch_button'====== Args={'value': 0, 'prev_value': None, 'change': True}
2024-07-17 22:57:02,118 : INFO : EventManager : Event: ======'machine_var_audits_switches_s_left_flipper'====== Args={'value': 198, 'prev_value': None, 'change': True}
2024-07-17 22:57:02,119 : INFO : EventManager : Event: ======'machine_var_audits_switches_s_left_inlane'====== Args={'value': 18, 'prev_value': None, 'change': True}
2024-07-17 22:57:02,119 : INFO : EventManager : Event: ======'machine_var_audits_switches_s_left_inner_horseshoe'====== Args={'value': 15, 'prev_value': None, 'change': True}
2024-07-17 22:57:02,119 : INFO : EventManager : Event: ======'machine_var_audits_switches_s_left_orbit_enter'====== Args={'value': 22, 'prev_value': None, 'change': True}
2024-07-17 22:57:02,119 : INFO : EventManager : Event: ======'machine_var_audits_switches_s_left_orbit_exit'====== Args={'value': 13, 'prev_value': None, 'change': True}
2024-07-17 22:57:02,119 : INFO : EventManager : Event: ======'machine_var_audits_switches_s_left_outlane'====== Args={'value': 34, 'prev_value': None, 'change': True}
2024-07-17 22:57:02,119 : INFO : EventManager : Event: ======'machine_var_audits_switches_s_left_pop_bumper'====== Args={'value': 9, 'prev_value': None, 'change': True}
2024-07-17 22:57:02,119 : INFO : EventManager : Event: ======'machine_var_audits_switches_s_left_ramp_enter'====== Args={'value': 20, 'prev_value': None, 'change': True}
2024-07-17 22:57:02,120 : INFO : EventManager : Event: ======'machine_var_audits_switches_s_left_ramp_exit'====== Args={'value': 5, 'prev_value': None, 'change': True}
2024-07-17 22:57:02,120 : INFO : EventManager : Event: ======'machine_var_audits_switches_s_left_ramp_standup'====== Args={'value': 758, 'prev_value': None, 'change': True}
2024-07-17 22:57:02,120 : INFO : EventManager : Event: ======'machine_var_audits_switches_s_left_rollover_lane'====== Args={'value': 187, 'prev_value': None, 'change': True}
2024-07-17 22:57:02,120 : INFO : EventManager : Event: ======'machine_var_audits_switches_s_left_sling'====== Args={'value': 12, 'prev_value': None, 'change': True}
2024-07-17 22:57:02,120 : INFO : EventManager : Event: ======'machine_var_audits_switches_s_left_spinner'====== Args={'value': 116, 'prev_value': None, 'change': True}
2024-07-17 22:57:02,120 : INFO : EventManager : Event: ======'machine_var_audits_switches_s_middle_inline_drop'====== Args={'value': 695, 'prev_value': None, 'change': True}
2024-07-17 22:57:02,120 : INFO : EventManager : Event: ======'machine_var_audits_switches_s_middle_rollover_lane'====== Args={'value': 179, 'prev_value': None, 'change': True}
2024-07-17 22:57:02,121 : INFO : EventManager : Event: ======'machine_var_audits_switches_s_n_target'====== Args={'value': 101, 'prev_value': None, 'change': True}
2024-07-17 22:57:02,121 : INFO : EventManager : Event: ======'machine_var_audits_switches_s_o_target'====== Args={'value': 121, 'prev_value': None, 'change': True}
2024-07-17 22:57:02,121 : INFO : EventManager : Event: ======'machine_var_audits_switches_s_p2_target'====== Args={'value': 40, 'prev_value': None, 'change': True}
2024-07-17 22:57:02,121 : INFO : EventManager : Event: ======'machine_var_audits_switches_s_p_target'====== Args={'value': 299, 'prev_value': None, 'change': True}
2024-07-17 22:57:02,121 : INFO : EventManager : Event: ======'machine_var_audits_switches_s_plunger'====== Args={'value': 548, 'prev_value': None, 'change': True}
2024-07-17 22:57:02,121 : INFO : EventManager : Event: ======'machine_var_audits_switches_s_plunger_lane'====== Args={'value': 39, 'prev_value': None, 'change': True}
2024-07-17 22:57:02,122 : INFO : EventManager : Event: ======'machine_var_audits_switches_s_plunger_lane_exit'====== Args={'value': 338, 'prev_value': None, 'change': True}
2024-07-17 22:57:02,122 : INFO : EventManager : Event: ======'machine_var_audits_switches_s_r_target'====== Args={'value': 139, 'prev_value': None, 'change': True}
2024-07-17 22:57:02,122 : INFO : EventManager : Event: ======'machine_var_audits_switches_s_right_flipper'====== Args={'value': 536, 'prev_value': None, 'change': True}
2024-07-17 22:57:02,122 : INFO : EventManager : Event: ======'machine_var_audits_switches_s_right_inlane'====== Args={'value': 16, 'prev_value': None, 'change': True}
2024-07-17 22:57:02,122 : INFO : EventManager : Event: ======'machine_var_audits_switches_s_right_inner_horseshoe'====== Args={'value': 8, 'prev_value': None, 'change': True}
2024-07-17 22:57:02,122 : INFO : EventManager : Event: ======'machine_var_audits_switches_s_right_orbit_exit'====== Args={'value': 33, 'prev_value': None, 'change': True}
2024-07-17 22:57:02,123 : INFO : EventManager : Event: ======'machine_var_audits_switches_s_right_outlane'====== Args={'value': 15, 'prev_value': None, 'change': True}
2024-07-17 22:57:02,123 : INFO : EventManager : Event: ======'machine_var_audits_switches_s_right_pop_bumper'====== Args={'value': 17, 'prev_value': None, 'change': True}
2024-07-17 22:57:02,123 : INFO : EventManager : Event: ======'machine_var_audits_switches_s_right_ramp_enter'====== Args={'value': 1, 'prev_value': None, 'change': True}
2024-07-17 22:57:02,123 : INFO : EventManager : Event: ======'machine_var_audits_switches_s_right_ramp_exit'====== Args={'value': 1, 'prev_value': None, 'change': True}
2024-07-17 22:57:02,123 : INFO : EventManager : Event: ======'machine_var_audits_switches_s_right_ramp_standup'====== Args={'value': 217, 'prev_value': None, 'change': True}
2024-07-17 22:57:02,124 : INFO : EventManager : Event: ======'machine_var_audits_switches_s_right_rollover_lane'====== Args={'value': 195, 'prev_value': None, 'change': True}
2024-07-17 22:57:02,124 : INFO : EventManager : Event: ======'machine_var_audits_switches_s_right_sling'====== Args={'value': 1, 'prev_value': None, 'change': True}
2024-07-17 22:57:02,124 : INFO : EventManager : Event: ======'machine_var_audits_switches_s_scoop'====== Args={'value': 103, 'prev_value': None, 'change': True}
2024-07-17 22:57:02,124 : INFO : EventManager : Event: ======'machine_var_audits_switches_s_start'====== Args={'value': 303, 'prev_value': None, 'change': True}
2024-07-17 22:57:02,124 : INFO : EventManager : Event: ======'machine_var_audits_switches_s_top_inline_drop'====== Args={'value': 40, 'prev_value': None, 'change': True}
2024-07-17 22:57:02,124 : INFO : EventManager : Event: ======'machine_var_audits_switches_s_trough1'====== Args={'value': 339, 'prev_value': None, 'change': True}
2024-07-17 22:57:02,125 : INFO : EventManager : Event: ======'machine_var_audits_switches_s_trough2'====== Args={'value': 25, 'prev_value': None, 'change': True}
2024-07-17 22:57:02,125 : INFO : EventManager : Event: ======'machine_var_audits_switches_s_trough3'====== Args={'value': 5, 'prev_value': None, 'change': True}
2024-07-17 22:57:02,125 : INFO : EventManager : Event: ======'machine_var_audits_switches_s_trough4'====== Args={'value': 2, 'prev_value': None, 'change': True}
2024-07-17 22:57:02,125 : INFO : EventManager : Event: ======'machine_var_audits_switches_s_trough5'====== Args={'value': 2, 'prev_value': None, 'change': True}
2024-07-17 22:57:02,125 : INFO : EventManager : Event: ======'machine_var_audits_switches_s_trough6'====== Args={'value': 1, 'prev_value': None, 'change': True}
2024-07-17 22:57:02,126 : INFO : EventManager : Event: ======'machine_var_audits_switches_s_trough_jam'====== Args={'value': 5, 'prev_value': None, 'change': True}
2024-07-17 22:57:02,126 : INFO : EventManager : Event: ======'init_phase_5'====== Args={}
2024-07-17 22:57:02,130 : INFO : EventManager : Event: ======'init_done'====== Args={}
2024-07-17 22:57:02,130 : INFO : EventManager : Event: ======'machine_reset_phase_1'====== Args={}
2024-07-17 22:57:02,134 : INFO : EventManager : Event: ======'machine_reset_phase_2'====== Args={}
2024-07-17 22:57:02,135 : INFO : EventManager : Event: ======'machine_reset_phase_3'====== Args={}
2024-07-17 22:57:02,135 : INFO : drop_target_bank.strickland_bank : All targets are already up. Will not reset bank.
2024-07-17 22:57:02,135 : INFO : EventManager : Event: ======'reset_complete'====== Args={}
2024-07-17 22:57:02,135 : INFO : EventManager : Event: ======'mode_attract_will_start'====== Args={}
2024-07-17 22:57:02,135 : INFO : Timer.attract_switch : Starting Timer.
2024-07-17 22:57:02,135 : INFO : EventManager : Event: ======'timer_attract_switch_started'====== Args={'ticks': 0, 'ticks_remaining': 45}
2024-07-17 22:57:02,135 : INFO : EventManager : Event: ======'timer_attract_switch_tick'====== Args={'ticks': 0, 'ticks_remaining': 45}
2024-07-17 22:57:02,135 : INFO : EventManager : Event: ======'mode_attract_starting'====== Args={}
2024-07-17 22:57:02,135 : INFO : Mode.attract : Started. Priority: 10
2024-07-17 22:57:02,135 : INFO : EventManager : Event: ======'modes_active_modes_changed'====== Args={}
2024-07-17 22:57:02,135 : INFO : EventManager : Event: ======'mode_attract_started'====== Args={}
2024-07-17 22:57:02,136 : INFO : EventManager : Event: ======'collecting_balls_complete'====== Args={}
2024-07-17 22:57:02,136 : INFO : Machine : Starting the main run loop.
2024-07-17 22:57:02,676 : INFO : BcpServer : New client connected.
2024-07-17 22:57:03,135 : INFO : EventManager : Event: ======'timer_attract_switch_tick'====== Args={'ticks': 1, 'ticks_remaining': 44}
2024-07-17 22:57:03,154 : INFO : EventManager : Event: ======'slide__removed'====== Args={'_from_bcp': True}
2024-07-17 22:57:03,178 : INFO : EventManager : Event: ======'slide_dtp_logo_attract_created'====== Args={'_from_bcp': True}
2024-07-17 22:57:03,178 : INFO : EventManager : Event: ======'slide_dtp_logo_attract_active'====== Args={'original_context': 'attract', 'original_calling_context': 'timer_attract_switch_tick{ticks==1}', 'cmd': 'slides_play', '_from_bcp': True}
2024-07-17 22:57:03,479 : INFO : SwitchController : <<<<<<< 's_start' active >>>>>>>
2024-07-17 22:57:03,604 : INFO : SwitchController : <<<<<<< 's_start' inactive >>>>>>>
2024-07-17 22:57:03,605 : INFO : EventManager : Event: ======'request_to_start_game'====== Args={}
2024-07-17 22:57:03,606 : INFO : EventManager : Event: ======'game_start'====== Args={'buttons': [], 'hold_time': 0.12588820899999997}
2024-07-17 22:57:03,606 : INFO : EventManager : Event: ======'mode_game_will_start'====== Args={'buttons': [], 'hold_time': 0.12588820899999997}
2024-07-17 22:57:03,607 : INFO : EventManager : Event: ======'mode_game_starting'====== Args={'buttons': [], 'hold_time': 0.12588820899999997}
2024-07-17 22:57:03,608 : INFO : EventManager : Event: ======'mode_attract_will_stop'====== Args={}
2024-07-17 22:57:03,608 : INFO : EventManager : Event: ======'mode_attract_stopping'====== Args={}
2024-07-17 22:57:03,608 : INFO : Mode.attract : Stopped.
2024-07-17 22:57:03,608 : INFO : EventManager : Event: ======'modes_active_modes_changed'====== Args={}
2024-07-17 22:57:03,610 : INFO : EventManager : Event: ======'mode_attract_stopped'====== Args={}
2024-07-17 22:57:03,610 : INFO : EventManager : Event: ======'clear'====== Args={'key': 'attract'}
2024-07-17 22:57:03,611 : INFO : Timer.attract_switch : Stopping Timer
2024-07-17 22:57:03,611 : INFO : EventManager : Event: ======'timer_attract_switch_stopped'====== Args={'ticks': 1, 'ticks_remaining': 44}
2024-07-17 22:57:03,612 : INFO : Mode.game : Started. Priority: 20
2024-07-17 22:57:03,612 : INFO : EventManager : Event: ======'modes_active_modes_changed'====== Args={}
2024-07-17 22:57:03,612 : INFO : EventManager : Event: ======'mode_game_started'====== Args={'buttons': [], 'hold_time': 0.12588820899999997}
2024-07-17 22:57:03,614 : INFO : EventManager : Event: ======'game_will_start'====== Args={}
2024-07-17 22:57:03,614 : INFO : EventManager : Event: ======'game_starting'====== Args={'game': <Mode.game>}
2024-07-17 22:57:03,616 : INFO : EventManager : Unordered handler for class <Auditor> on event game_ended with priority 1. Handlers: [RegisteredHandler(callback=<bound method Auditor.disable of <Auditor>>, priority=1, kwargs={}, key=UUID('c0a51180-effc-4d5a-a583-d7773653daae'), condition=None, blocking_facility=None), RegisteredHandler(callback=<bound method Auditor._save_audits of <Auditor>>, priority=1, kwargs={}, key=UUID('69f530b4-0259-4537-b389-8ea10ccafe2e'), condition=None, blocking_facility=None)]. The order of those handlers is not defined and they will be executed in random order. This might lead to race conditions and potential bugs.
2024-07-17 22:57:03,616 : INFO : EventManager : Event: ======'player_add_request'====== Args={}
2024-07-17 22:57:03,634 : INFO : EventManager : Event: ======'player_will_add'====== Args={'number': 1}
2024-07-17 22:57:03,635 : INFO : EventManager : Event: ======'player_adding'====== Args={'player': <Player 1>, 'number': 1}
2024-07-17 22:57:03,635 : INFO : EventManager : Event: ======'player_added'====== Args={'player': <Player 1>, 'num': 1}
2024-07-17 22:57:03,635 : INFO : Mode.game : Player added successfully. Total players: 1
2024-07-17 22:57:03,635 : INFO : EventManager : Event: ======'player_index'====== Args={'value': 0, 'prev_value': 0, 'change': 0, 'player_num': 1}
2024-07-17 22:57:03,636 : INFO : EventManager : Event: ======'player_number'====== Args={'value': 1, 'prev_value': 1, 'change': 0, 'player_num': 1}
2024-07-17 22:57:03,636 : INFO : EventManager : Event: ======'player_score'====== Args={'value': 0, 'prev_value': 0, 'change': 0, 'player_num': 1}
2024-07-17 22:57:03,637 : INFO : EventManager : Event: ======'game_started'====== Args={}
2024-07-17 22:57:03,638 : INFO : EventManager : Event: ======'player_turn_will_start'====== Args={'player': <Player 1>, 'number': 1}
2024-07-17 22:57:03,638 : INFO : EventManager : Event: ======'player_turn_starting'====== Args={'player': <Player 1>, 'number': 1}
2024-07-17 22:57:03,645 : INFO : EventManager : Event: ======'player_ball'====== Args={'value': 1, 'prev_value': 0, 'change': 1, 'player_num': 1}
2024-07-17 22:57:03,645 : INFO : EventManager : Event: ======'player_turn_started'====== Args={'player': <Player 1>, 'number': 1}
2024-07-17 22:57:03,647 : INFO : EventManager : Event: ======'ball_will_start'====== Args={'player': 1, 'ball': 1, 'balls_remaining': 2, 'is_extra_ball': False}
2024-07-17 22:57:03,656 : INFO : EventManager : Event: ======'ball_starting'====== Args={'player': 1, 'ball': 1, 'balls_remaining': 2, 'is_extra_ball': False}
2024-07-17 22:57:03,657 : INFO : EventManager : Event: ======'mode_skillshot_will_start'====== Args={'queue': <QueuedEvent>, 'player': 1, 'ball': 1, 'balls_remaining': 2, 'is_extra_ball': False}
2024-07-17 22:57:03,657 : INFO : EventManager : Event: ======'skillshot_complete'====== Args={'state': 'None'}
2024-07-17 22:57:03,657 : INFO : EventManager : Event: ======'skillshot_None_complete'====== Args={}
2024-07-17 22:57:03,658 : INFO : EventManager : Event: ======'player_shot_skillshot_p_target_enabled'====== Args={'value': True, 'prev_value': 0, 'change': 1, 'player_num': 1}
2024-07-17 22:57:03,658 : INFO : EventManager : Event: ======'player_shot_skillshot_r_target_enabled'====== Args={'value': True, 'prev_value': 0, 'change': 1, 'player_num': 1}
2024-07-17 22:57:03,659 : INFO : EventManager : Event: ======'player_shot_skillshot_o_target_enabled'====== Args={'value': True, 'prev_value': 0, 'change': 1, 'player_num': 1}
2024-07-17 22:57:03,659 : INFO : EventManager : Event: ======'player_shot_skillshot_p2_target_enabled'====== Args={'value': True, 'prev_value': 0, 'change': 1, 'player_num': 1}
2024-07-17 22:57:03,660 : INFO : EventManager : Event: ======'player_shot_skillshot_a_target_enabled'====== Args={'value': True, 'prev_value': 0, 'change': 1, 'player_num': 1}
2024-07-17 22:57:03,660 : INFO : EventManager : Event: ======'player_shot_skillshot_n_target_enabled'====== Args={'value': True, 'prev_value': 0, 'change': 1, 'player_num': 1}
2024-07-17 22:57:03,660 : INFO : EventManager : Event: ======'player_shot_skillshot_e_target_enabled'====== Args={'value': True, 'prev_value': 0, 'change': 1, 'player_num': 1}
2024-07-17 22:57:03,660 : INFO : EventManager : Event: ======'player_skillshot_skillshot_rotate_tick'====== Args={'value': 0, 'prev_value': 0, 'change': 0, 'player_num': 1}
2024-07-17 22:57:03,661 : INFO : Timer.skillshot_rotate : Starting Timer.
2024-07-17 22:57:03,661 : INFO : EventManager : Event: ======'timer_skillshot_rotate_started'====== Args={'ticks': 0, 'ticks_remaining': 0}
2024-07-17 22:57:03,661 : INFO : EventManager : Event: ======'timer_skillshot_rotate_tick'====== Args={'ticks': 0, 'ticks_remaining': 0}
2024-07-17 22:57:03,662 : INFO : EventManager : Event: ======'mode_skillshot_starting'====== Args={'queue': <QueuedEvent>, 'player': 1, 'ball': 1, 'balls_remaining': 2, 'is_extra_ball': False}
2024-07-17 22:57:03,662 : INFO : drop_target_bank.strickland_bank : All targets are already up. Will not reset bank.
2024-07-17 22:57:03,662 : INFO : EventManager : Event: ======'cmd_flippers_enable'====== Args={'priority': 0}
2024-07-17 22:57:03,662 : INFO : EventManager : Event: ======'cmd_autofire_coils_enable'====== Args={'priority': 0}
2024-07-17 22:57:03,662 : INFO : EventManager : Event: ======'cmd_drop_targets_reset'====== Args={'priority': 0}
2024-07-17 22:57:03,663 : INFO : Mode.skillshot : Started. Priority: 200
2024-07-17 22:57:03,663 : INFO : EventManager : Event: ======'modes_active_modes_changed'====== Args={}
2024-07-17 22:57:03,663 : INFO : EventManager : Event: ======'mode_skillshot_started'====== Args={'queue': <QueuedEvent>, 'player': 1, 'ball': 1, 'balls_remaining': 2, 'is_extra_ball': False}
2024-07-17 22:57:03,663 : INFO : EventManager : Event: ======'player_shot_skillshot_p_target'====== Args={'value': 1, 'prev_value': 0, 'change': 1, 'player_num': 1}
2024-07-17 22:57:03,664 : INFO : EventManager : Event: ======'balls_in_play'====== Args={'balls': 1}
2024-07-17 22:57:03,664 : INFO : EventManager : Event: ======'ball_started'====== Args={'player': 1, 'ball': 1, 'balls_remaining': 2, 'is_extra_ball': False}
2024-07-17 22:57:03,664 : INFO : EventManager : Event: ======'mode_rainey_multiball_will_start'====== Args={'player': 1, 'ball': 1, 'balls_remaining': 2, 'is_extra_ball': False}
2024-07-17 22:57:03,665 : ERROR : asyncio : Exception in callback EventManager.process_event_queue()
handle: <Handle EventManager.process_event_queue()>
Traceback (most recent call last):
  File "/Users/nicktaseris/mpfenv/lib/python3.9/site-packages/mpf/core/events.py", line 755, in _run_handlers
    result = handler.callback(**merged_kwargs)
  File "/Users/nicktaseris/mpfenv/lib/python3.9/site-packages/mpf/core/mode.py", line 225, in start
    self._setup_device_control_events()
  File "/Users/nicktaseris/mpfenv/lib/python3.9/site-packages/mpf/core/mode.py", line 476, in _setup_device_control_events
    self.add_mode_event_handler(
  File "/Users/nicktaseris/mpfenv/lib/python3.9/site-packages/mpf/core/mode.py", line 537, in add_mode_event_handler
    key = self.machine.events.add_handler(event, handler, self.priority + priority, mode=self, **kwargs)
  File "/Users/nicktaseris/mpfenv/lib/python3.9/site-packages/mpf/core/events.py", line 219, in add_handler
    self.raise_config_error('Switch name "{name}" name used as event handler for {handler}. '
  File "/Users/nicktaseris/mpfenv/lib/python3.9/site-packages/mpf/core/logging.py", line 174, in raise_config_error
    raise ConfigFileError(msg, error_no, self.log.name if self.log else "", context, self._url_base) \
mpf.exceptions.config_file_error.ConfigFileError: Config File Error in EventManager: Switch name "s_center_spinner" name used as event handler for <bound method Counter.event_count of <counter.mb_counter>>. Did you mean "s_center_spinner_active"? Error Code: CFE-EventManager-1 (https://missionpinball.org/logs)

The above exception was the direct cause of the following exception:

Traceback (most recent call last):
  File "/Library/Frameworks/Python.framework/Versions/3.9/lib/python3.9/asyncio/events.py", line 80, in _run
    self._context.run(self._callback, *self._args)
  File "/Users/nicktaseris/mpfenv/lib/python3.9/site-packages/mpf/core/events.py", line 846, in process_event_queue
    self._process_event(event=event[0],
  File "/Users/nicktaseris/mpfenv/lib/python3.9/site-packages/mpf/core/events.py", line 808, in _process_event
    result = self._run_handlers(event, ev_type, kwargs)
  File "/Users/nicktaseris/mpfenv/lib/python3.9/site-packages/mpf/core/events.py", line 757, in _run_handlers
    raise EventHandlerException(
mpf.core.events.EventHandlerException: Exception while processing RegisteredHandler(callback=<bound method Mode.start of <Mode.rainey_multiball>>, priority=250, kwargs={}, key=UUID('c6b174a6-0d87-4c67-abdb-fb4c49a4fccc'), condition=None, blocking_facility=None) for event ball_started. Config File Error in EventManager: Switch name "s_center_spinner" name used as event handler for <bound method Counter.event_count of <counter.mb_counter>>. Did you mean "s_center_spinner_active"? Error Code: CFE-EventManager-1 (https://missionpinball.org/logs)
2024-07-17 22:57:03,667 : INFO : Machine : Shutting down...
2024-07-17 22:57:03,667 : INFO : EventManager : Event: ======'shutdown'====== Args={}
2024-07-17 22:57:03,668 : INFO : EventManager : Event: ======'mode_game_will_stop'====== Args={}
2024-07-17 22:57:03,668 : INFO : EventManager : Event: ======'mode_game_stopping'====== Args={}
2024-07-17 22:57:03,668 : INFO : EventManager : Event: ======'mode_skillshot_will_stop'====== Args={}
2024-07-17 22:57:03,668 : INFO : EventManager : Event: ======'mode_skillshot_stopping'====== Args={}
2024-07-17 22:57:03,669 : INFO : Mode.skillshot : Stopped.
2024-07-17 22:57:03,669 : INFO : EventManager : Event: ======'modes_active_modes_changed'====== Args={}
2024-07-17 22:57:03,669 : INFO : EventManager : Event: ======'mode_skillshot_stopped'====== Args={}
2024-07-17 22:57:03,669 : INFO : EventManager : Event: ======'clear'====== Args={'key': 'skillshot'}
2024-07-17 22:57:03,669 : INFO : Timer.skillshot_rotate : Stopping Timer
2024-07-17 22:57:03,669 : INFO : EventManager : Event: ======'timer_skillshot_rotate_stopped'====== Args={'ticks': 0, 'ticks_remaining': 0}
2024-07-17 22:57:03,670 : INFO : Mode.game : Stopped.
2024-07-17 22:57:03,670 : INFO : EventManager : Event: ======'modes_active_modes_changed'====== Args={}
2024-07-17 22:57:03,670 : INFO : EventManager : Event: ======'mode_game_stopped'====== Args={}
2024-07-17 22:57:03,670 : INFO : EventManager : Event: ======'clear'====== Args={'key': 'game'}
2024-07-17 22:57:03,671 : ERROR : Machine : Runtime Exception
Traceback (most recent call last):
  File "/Users/nicktaseris/mpfenv/lib/python3.9/site-packages/mpf/core/events.py", line 755, in _run_handlers
    result = handler.callback(**merged_kwargs)
  File "/Users/nicktaseris/mpfenv/lib/python3.9/site-packages/mpf/core/mode.py", line 225, in start
    self._setup_device_control_events()
  File "/Users/nicktaseris/mpfenv/lib/python3.9/site-packages/mpf/core/mode.py", line 476, in _setup_device_control_events
    self.add_mode_event_handler(
  File "/Users/nicktaseris/mpfenv/lib/python3.9/site-packages/mpf/core/mode.py", line 537, in add_mode_event_handler
    key = self.machine.events.add_handler(event, handler, self.priority + priority, mode=self, **kwargs)
  File "/Users/nicktaseris/mpfenv/lib/python3.9/site-packages/mpf/core/events.py", line 219, in add_handler
    self.raise_config_error('Switch name "{name}" name used as event handler for {handler}. '
  File "/Users/nicktaseris/mpfenv/lib/python3.9/site-packages/mpf/core/logging.py", line 174, in raise_config_error
    raise ConfigFileError(msg, error_no, self.log.name if self.log else "", context, self._url_base) \
mpf.exceptions.config_file_error.ConfigFileError: Config File Error in EventManager: Switch name "s_center_spinner" name used as event handler for <bound method Counter.event_count of <counter.mb_counter>>. Did you mean "s_center_spinner_active"? Error Code: CFE-EventManager-1 (https://missionpinball.org/logs)

The above exception was the direct cause of the following exception:

Traceback (most recent call last):
  File "/Users/nicktaseris/mpfenv/lib/python3.9/site-packages/mpf/core/machine.py", line 793, in _run_loop
    raise self._exception['exception']
  File "/Library/Frameworks/Python.framework/Versions/3.9/lib/python3.9/asyncio/events.py", line 80, in _run
    self._context.run(self._callback, *self._args)
  File "/Users/nicktaseris/mpfenv/lib/python3.9/site-packages/mpf/core/events.py", line 846, in process_event_queue
    self._process_event(event=event[0],
  File "/Users/nicktaseris/mpfenv/lib/python3.9/site-packages/mpf/core/events.py", line 808, in _process_event
    result = self._run_handlers(event, ev_type, kwargs)
  File "/Users/nicktaseris/mpfenv/lib/python3.9/site-packages/mpf/core/events.py", line 757, in _run_handlers
    raise EventHandlerException(
mpf.core.events.EventHandlerException: Exception while processing RegisteredHandler(callback=<bound method Mode.start of <Mode.rainey_multiball>>, priority=250, kwargs={}, key=UUID('c6b174a6-0d87-4c67-abdb-fb4c49a4fccc'), condition=None, blocking_facility=None) for event ball_started. Config File Error in EventManager: Switch name "s_center_spinner" name used as event handler for <bound method Counter.event_count of <counter.mb_counter>>. Did you mean "s_center_spinner_active"? Error Code: CFE-EventManager-1 (https://missionpinball.org/logs)
2024-07-17 22:57:03,711 : INFO : crash_reporter : Will not report crash as "report_crashes" mode is "never"
2024-07-17 22:57:03,711 : INFO : root : MPF run loop ended.
