2024-07-17 22:25:26,568 : INFO : root : Loading config.
2024-07-17 22:25:26,569 : INFO : YamlMultifileConfigLoader : Machine config file #1: config.yaml
2024-07-17 22:25:26,570 : WARNING : ConfigProcessor : Config file in cache changed: /Users/nicktaseris/Desktop/Pinball/KOTH/config/config.yaml
2024-07-17 22:25:26,570 : INFO : ConfigProcessor : Loading config from file /Users/nicktaseris/mpfenv/lib/python3.9/site-packages/mpf/mpfconfig.yaml.
2024-07-17 22:25:26,576 : INFO : ConfigProcessor : Loading config: /Users/nicktaseris/mpfenv/lib/python3.9/site-packages/mpf/mpfconfig.yaml
2024-07-17 22:25:26,576 : INFO : ConfigProcessor : Loading config from file /Users/nicktaseris/Desktop/Pinball/KOTH/config/config.yaml.
2024-07-17 22:25:26,581 : INFO : ConfigProcessor : Loading config: /Users/nicktaseris/Desktop/Pinball/KOTH/config/config.yaml
2024-07-17 22:25:26,582 : INFO : ConfigProcessor : Config file cache created: /var/folders/sv/d29kcl5x50v7vt1n6xb5jsd40000gn/T/c166cef8060ffee16a35821bf698da85.mpf_cache
2024-07-17 22:25:26,616 : INFO : ConfigProcessor : Loading config from cache: /var/folders/sv/d29kcl5x50v7vt1n6xb5jsd40000gn/T/6b31c5ac6ecbad948994a8204ea6b05b.mpf_cache
2024-07-17 22:25:26,616 : INFO : ConfigProcessor : Loading config from cache: /var/folders/sv/d29kcl5x50v7vt1n6xb5jsd40000gn/T/fe612d1e66c8a96c19ba449d3748eeac.mpf_cache
2024-07-17 22:25:26,617 : INFO : ConfigProcessor : Loading config from cache: /var/folders/sv/d29kcl5x50v7vt1n6xb5jsd40000gn/T/6b31c5ac6ecbad948994a8204ea6b05b.mpf_cache
2024-07-17 22:25:26,617 : INFO : ConfigProcessor : Loading config from cache: /var/folders/sv/d29kcl5x50v7vt1n6xb5jsd40000gn/T/8765227693ecd961e0504502a81255e0.mpf_cache
2024-07-17 22:25:26,617 : INFO : ConfigProcessor : Loading config from cache: /var/folders/sv/d29kcl5x50v7vt1n6xb5jsd40000gn/T/b247728c74b4d81bcb2825e2b07062a7.mpf_cache
2024-07-17 22:25:26,617 : INFO : ConfigProcessor : Loading config from cache: /var/folders/sv/d29kcl5x50v7vt1n6xb5jsd40000gn/T/f240f94f0b5d0f37ec4fd7571275a101.mpf_cache
2024-07-17 22:25:26,618 : INFO : ConfigProcessor : Loading config from cache: /var/folders/sv/d29kcl5x50v7vt1n6xb5jsd40000gn/T/c4409acfdf3ec94666e0adef48d55400.mpf_cache
2024-07-17 22:25:26,618 : INFO : ConfigProcessor : Loading config from cache: /var/folders/sv/d29kcl5x50v7vt1n6xb5jsd40000gn/T/6a2f50ed892485825cc04dc0a68eab9f.mpf_cache
2024-07-17 22:25:26,618 : INFO : ConfigProcessor : Loading config from cache: /var/folders/sv/d29kcl5x50v7vt1n6xb5jsd40000gn/T/d58c58eb9fd1a2dc27f8acd255fb3761.mpf_cache
2024-07-17 22:25:26,618 : INFO : ConfigProcessor : Loading config from cache: /var/folders/sv/d29kcl5x50v7vt1n6xb5jsd40000gn/T/07adfd310b3ef0e03c5cbc91527abb6c.mpf_cache
2024-07-17 22:25:26,618 : INFO : ConfigProcessor : Loading config from cache: /var/folders/sv/d29kcl5x50v7vt1n6xb5jsd40000gn/T/12bd5247c3bf989b919364bdb7829769.mpf_cache
2024-07-17 22:25:26,619 : INFO : ConfigProcessor : Loading config from cache: /var/folders/sv/d29kcl5x50v7vt1n6xb5jsd40000gn/T/362e08f51a1a1b7a0809dd52f9c83f83.mpf_cache
2024-07-17 22:25:26,619 : INFO : ConfigProcessor : Loading config from cache: /var/folders/sv/d29kcl5x50v7vt1n6xb5jsd40000gn/T/e45e3bd39557ed8d0881194a7afab8f7.mpf_cache
2024-07-17 22:25:26,619 : INFO : ConfigProcessor : Loading config from cache: /var/folders/sv/d29kcl5x50v7vt1n6xb5jsd40000gn/T/331d8d1a1bc190cae8c13495e1db372f.mpf_cache
2024-07-17 22:25:26,619 : INFO : ConfigProcessor : Loading config from cache: /var/folders/sv/d29kcl5x50v7vt1n6xb5jsd40000gn/T/d17a9ff77386e6f1439d0802ace1de07.mpf_cache
2024-07-17 22:25:26,619 : INFO : ConfigProcessor : Loading config from cache: /var/folders/sv/d29kcl5x50v7vt1n6xb5jsd40000gn/T/280fd64455d0d243a54ab4db98fbccbd.mpf_cache
2024-07-17 22:25:26,619 : INFO : ConfigProcessor : Loading config from cache: /var/folders/sv/d29kcl5x50v7vt1n6xb5jsd40000gn/T/0c0596ed8fbb40b6113901d21bdc0a39.mpf_cache
2024-07-17 22:25:26,620 : INFO : ConfigProcessor : Loading config from cache: /var/folders/sv/d29kcl5x50v7vt1n6xb5jsd40000gn/T/2982e2d98506102244e9fa0f437a9fca.mpf_cache
2024-07-17 22:25:26,620 : INFO : ConfigProcessor : Loading config from cache: /var/folders/sv/d29kcl5x50v7vt1n6xb5jsd40000gn/T/0fedc249e142fba0aaf46d9adc7061fa.mpf_cache
2024-07-17 22:25:26,620 : INFO : ConfigProcessor : Loading config from file /Users/nicktaseris/Desktop/Pinball/KOTH/modes/rainey_multiball/config/rainey_multiball.yaml.
2024-07-17 22:25:26,621 : INFO : ConfigProcessor : Loading config: /Users/nicktaseris/Desktop/Pinball/KOTH/modes/rainey_multiball/config/rainey_multiball.yaml
2024-07-17 22:25:26,621 : INFO : ConfigProcessor : Config file cache created: /var/folders/sv/d29kcl5x50v7vt1n6xb5jsd40000gn/T/c57745b2fe399992c4aedf0209f8acc9.mpf_cache
2024-07-17 22:25:26,621 : INFO : ConfigProcessor : Loading config from cache: /var/folders/sv/d29kcl5x50v7vt1n6xb5jsd40000gn/T/3048ed2d7ea14eee3db896f6760aa474.mpf_cache
2024-07-17 22:25:26,622 : INFO : Machine : Mission Pinball Framework Core Engine v0.80.0.dev1
2024-07-17 22:25:26,622 : INFO : Machine : Command line arguments: {'no_load_cache': False, 'create_config_cache': True, 'bcp': True, 'configfile': ['config.yaml'], 'force_assets_load': False, 'platform_integration_test': False, 'jsonlogging': False, 'logfile': 'logs/2024-07-17-22-25-26-mpf-Nicks-Air.lan.log', 'pause': False, 'production': False, 'text_ui': True, 'loglevel': 15, 'consoleloglevel': 20, 'force_platform': None, 'syslog_address': None, 'mc_file_name': None, 'no_sound': False, 'full_logfile_path': '/Users/nicktaseris/Desktop/Pinball/KOTH/logs/2024-07-17-22-25-26-mpf-Nicks-Air.lan.log'}
2024-07-17 22:25:26,622 : INFO : Machine : MPF path: /Users/nicktaseris/mpfenv/lib/python3.9/site-packages/mpf
2024-07-17 22:25:26,622 : INFO : Machine : Machine path: /Users/nicktaseris/Desktop/Pinball/KOTH
2024-07-17 22:25:26,622 : INFO : Machine : Platform: darwin
2024-07-17 22:25:26,622 : INFO : Machine : Python executable location: /Users/nicktaseris/mpfenv/bin/python3
2024-07-17 22:25:26,622 : INFO : Machine : Python version: 3.9.13 (64-bit)
2024-07-17 22:25:26,622 : INFO : Machine : Initializing MPF...
2024-07-17 22:25:26,658 : INFO : EventManager : Event: ======'machine_var_credits_string'====== Args={'value': 'FREE PLAY', 'prev_value': None, 'change': True}
2024-07-17 22:25:26,663 : INFO : EventManager : Event: ======'machine_var_master_volume'====== Args={'value': 0.5, 'prev_value': None, 'change': True}
2024-07-17 22:25:26,664 : INFO : EventManager : Event: ======'machine_var_player1_score'====== Args={'value': 175300, 'prev_value': None, 'change': True}
2024-07-17 22:25:26,664 : INFO : EventManager : Event: ======'machine_var_mpf_version'====== Args={'value': 'Mission Pinball Framework v0.80.0.dev1', 'prev_value': None, 'change': True}
2024-07-17 22:25:26,664 : INFO : EventManager : Event: ======'machine_var_mpf_extended_version'====== Args={'value': 'Mission Pinball Framework v0.80.0.dev1, Config version:6, Show version: 6, BCP version:1.1', 'prev_value': None, 'change': True}
2024-07-17 22:25:26,664 : INFO : EventManager : Event: ======'machine_var_python_version'====== Args={'value': '3.9.13', 'prev_value': None, 'change': True}
2024-07-17 22:25:26,675 : INFO : EventManager : Event: ======'machine_var_platform'====== Args={'value': 'macOS-12.1-arm64-arm-64bit', 'prev_value': None, 'change': True}
2024-07-17 22:25:26,675 : INFO : EventManager : Event: ======'machine_var_platform_system'====== Args={'value': 'Darwin', 'prev_value': None, 'change': True}
2024-07-17 22:25:26,675 : INFO : EventManager : Event: ======'machine_var_platform_release'====== Args={'value': '21.2.0', 'prev_value': None, 'change': True}
2024-07-17 22:25:26,675 : INFO : EventManager : Event: ======'machine_var_platform_version'====== Args={'value': 'Darwin Kernel Version 21.2.0: Sun Nov 28 20:29:10 PST 2021; root:xnu-8019.61.5~1/RELEASE_ARM64_T8101', 'prev_value': None, 'change': True}
2024-07-17 22:25:26,675 : INFO : EventManager : Event: ======'machine_var_platform_machine'====== Args={'value': 'arm64', 'prev_value': None, 'change': True}
2024-07-17 22:25:26,675 : INFO : EventManager : Event: ======'machine_var_log_file_path'====== Args={'value': '/Users/nicktaseris/Desktop/Pinball/KOTH/logs/2024-07-17-22-25-26-mpf-Nicks-Air.lan.log', 'prev_value': None, 'change': True}
2024-07-17 22:25:26,675 : INFO : EventManager : Event: ======'init_phase_1'====== Args={}
2024-07-17 22:25:26,694 : INFO : EventManager : Event: ======'drop_target_bank_strickland_bank_up'====== Args={}
2024-07-17 22:25:26,694 : ERROR : asyncio : Task exception was never retrieved
future: <Task finished name='Task-109' coro=<SystemWideDevice.device_added_system_wide() done, defined at /Users/nicktaseris/mpfenv/lib/python3.9/site-packages/mpf/core/system_wide_device.py:15> exception=ConfigFileError('Config validation error: Entry ball_device_ejector_pulse:ball_device_ejector_pulse:eject_coil = "c_plunger" is not valid. Device "c_plunger" not found in "coils:" section in your config.')>
Traceback (most recent call last):
  File "/Users/nicktaseris/mpfenv/lib/python3.9/site-packages/mpf/core/system_wide_device.py", line 17, in device_added_system_wide
    await self._initialize()
  File "/Users/nicktaseris/mpfenv/lib/python3.9/site-packages/mpf/devices/ball_device/ball_device.py", line 90, in _initialize
    self._configure_targets()
  File "/Users/nicktaseris/mpfenv/lib/python3.9/site-packages/mpf/devices/ball_device/ball_device.py", line 386, in _configure_targets
    self.ejector = ejector_class(ejector_config, self, self.machine)
  File "/Users/nicktaseris/mpfenv/lib/python3.9/site-packages/mpf/devices/ball_device/pulse_coil_ejector.py", line 26, in __init__
    self.config = self.machine.config_validator.validate_config("ball_device_ejector_pulse", self.config)
  File "/Users/nicktaseris/mpfenv/lib/python3.9/site-packages/mpf/core/config_validator.py", line 164, in validate_config
    return self._validate_config(config_spec, source, base_spec=base_spec, add_missing_keys=add_missing_keys,
  File "/Users/nicktaseris/mpfenv/lib/python3.9/site-packages/mpf/core/config_validator.py", line 204, in _validate_config
    processed_config[k] = self.validate_config_item(
  File "/Users/nicktaseris/mpfenv/lib/python3.9/site-packages/mpf/core/config_validator.py", line 243, in validate_config_item
    return self.validate_item(item, validation, validation_failure_info)
  File "/Users/nicktaseris/mpfenv/lib/python3.9/site-packages/mpf/core/config_validator.py", line 696, in validate_item
    return self.validator_list[validator](item, validation_failure_info=validation_failure_info, param=param)
  File "/Users/nicktaseris/mpfenv/lib/python3.9/site-packages/mpf/core/config_validator.py", line 410, in _validate_type_machine
    raise self.validation_error(item, validation_failure_info,
mpf.exceptions.config_file_error.ConfigFileError: Config File Error in ConfigValidator: Config validation error: Entry ball_device_ejector_pulse:ball_device_ejector_pulse:eject_coil = "c_plunger" is not valid. Device "c_plunger" not found in "coils:" section in your config. Error Code: CFE-ConfigValidator-6 (https://missionpinball.org/logs)
2024-07-17 22:25:26,696 : INFO : EventManager : Event: ======'init_phase_2'====== Args={}
2024-07-17 22:25:26,696 : INFO : Machine : Starting the main run loop.
2024-07-17 22:25:26,696 : INFO : Machine : Shutting down...
2024-07-17 22:25:26,697 : INFO : EventManager : Event: ======'shutdown'====== Args={}
2024-07-17 22:25:26,697 : INFO : SwitchController : Found active switch: ('39', <Platform.SmartVirtual>) <switch.s_trough1>
2024-07-17 22:25:26,697 : INFO : SwitchController : Found active switch: ('40', <Platform.SmartVirtual>) <switch.s_trough2>
2024-07-17 22:25:26,697 : INFO : SwitchController : Found active switch: ('41', <Platform.SmartVirtual>) <switch.s_trough3>
2024-07-17 22:25:26,697 : INFO : SwitchController : Found active switch: ('42', <Platform.SmartVirtual>) <switch.s_trough4>
2024-07-17 22:25:26,697 : INFO : SwitchController : Found active switch: ('43', <Platform.SmartVirtual>) <switch.s_trough5>
2024-07-17 22:25:26,697 : INFO : SwitchController : Found active switch: ('44', <Platform.SmartVirtual>) <switch.s_trough6>
2024-07-17 22:25:26,701 : INFO : EventManager : Event: ======'machine_var_score1_label'====== Args={'value': 'GRAND CHAMPION', 'prev_value': None, 'change': True}
2024-07-17 22:25:26,701 : INFO : EventManager : Event: ======'machine_var_score1_name'====== Args={'value': 'BRI', 'prev_value': None, 'change': True}
2024-07-17 22:25:26,701 : INFO : EventManager : Event: ======'machine_var_score1_value'====== Args={'value': 4242, 'prev_value': None, 'change': True}
2024-07-17 22:25:26,701 : INFO : EventManager : Event: ======'machine_var_score2_label'====== Args={'value': 'HIGH SCORE 1', 'prev_value': None, 'change': True}
2024-07-17 22:25:26,701 : INFO : EventManager : Event: ======'machine_var_score2_name'====== Args={'value': 'GHK', 'prev_value': None, 'change': True}
2024-07-17 22:25:26,701 : INFO : EventManager : Event: ======'machine_var_score2_value'====== Args={'value': 2323, 'prev_value': None, 'change': True}
2024-07-17 22:25:26,701 : INFO : EventManager : Event: ======'machine_var_score3_label'====== Args={'value': 'HIGH SCORE 2', 'prev_value': None, 'change': True}
2024-07-17 22:25:26,701 : INFO : EventManager : Event: ======'machine_var_score3_name'====== Args={'value': 'JK', 'prev_value': None, 'change': True}
2024-07-17 22:25:26,701 : INFO : EventManager : Event: ======'machine_var_score3_value'====== Args={'value': 1337, 'prev_value': None, 'change': True}
2024-07-17 22:25:26,701 : INFO : EventManager : Event: ======'machine_var_score4_label'====== Args={'value': 'HIGH SCORE 3', 'prev_value': None, 'change': True}
2024-07-17 22:25:26,701 : INFO : EventManager : Event: ======'machine_var_score4_name'====== Args={'value': 'QC', 'prev_value': None, 'change': True}
2024-07-17 22:25:26,702 : INFO : EventManager : Event: ======'machine_var_score4_value'====== Args={'value': 42, 'prev_value': None, 'change': True}
2024-07-17 22:25:26,702 : INFO : EventManager : Event: ======'machine_var_score5_label'====== Args={'value': 'HIGH SCORE 4', 'prev_value': None, 'change': True}
2024-07-17 22:25:26,702 : INFO : EventManager : Event: ======'machine_var_score5_name'====== Args={'value': 'MPF', 'prev_value': None, 'change': True}
2024-07-17 22:25:26,702 : INFO : EventManager : Event: ======'machine_var_score5_value'====== Args={'value': 23, 'prev_value': None, 'change': True}
2024-07-17 22:25:26,702 : INFO : EventManager : Event: ======'bcp_connection_attempt'====== Args={'name': 'local_display', 'host': 'localhost', 'port': 5050}
2024-07-17 22:25:26,703 : ERROR : asyncio : Exception in callback EventManager.process_event_queue()
handle: <Handle EventManager.process_event_queue()>
Traceback (most recent call last):
  File "/Users/nicktaseris/mpfenv/lib/python3.9/site-packages/mpf/core/events.py", line 755, in _run_handlers
    result = handler.callback(**merged_kwargs)
  File "/Users/nicktaseris/mpfenv/lib/python3.9/site-packages/mpf/core/text_ui.py", line 456, in _bcp_connection_attempt
    self._pending_bcp_connection = PopUpDialog(self.screen,
  File "/Users/nicktaseris/mpfenv/lib/python3.9/site-packages/asciimatics/widgets/popupdialog.py", line 39, in __init__
    string_len = wcswidth if screen.unicode_aware else len
AttributeError: 'NoneType' object has no attribute 'unicode_aware'

The above exception was the direct cause of the following exception:

Traceback (most recent call last):
  File "/Library/Frameworks/Python.framework/Versions/3.9/lib/python3.9/asyncio/events.py", line 80, in _run
    self._context.run(self._callback, *self._args)
  File "/Users/nicktaseris/mpfenv/lib/python3.9/site-packages/mpf/core/events.py", line 846, in process_event_queue
    self._process_event(event=event[0],
  File "/Users/nicktaseris/mpfenv/lib/python3.9/site-packages/mpf/core/events.py", line 808, in _process_event
    result = self._run_handlers(event, ev_type, kwargs)
  File "/Users/nicktaseris/mpfenv/lib/python3.9/site-packages/mpf/core/events.py", line 757, in _run_handlers
    raise EventHandlerException(
mpf.core.events.EventHandlerException: Exception while processing RegisteredHandler(callback=<bound method TextUi._bcp_connection_attempt of <mpf.core.text_ui.TextUi object at 0x10287a630>>, priority=1, kwargs={}, key=UUID('63a0b5ed-51f8-4451-88cb-062e8a7e073a'), condition=None, blocking_facility=None) for event bcp_connection_attempt. 'NoneType' object has no attribute 'unicode_aware'
2024-07-17 22:25:26,704 : INFO : BCPClientSocket : Connecting BCP to 'local_display' at localhost:5050...
2024-07-17 22:25:26,706 : INFO : BCPClientSocket : Connected BCP to 'local_display' localhost:5050
2024-07-17 22:25:26,707 : INFO : EventManager : Event: ======'bcp_clients_connected'====== Args={}
2024-07-17 22:25:26,707 : ERROR : asyncio : Exception in callback EventManager.process_event_queue()
handle: <Handle EventManager.process_event_queue()>
Traceback (most recent call last):
  File "/Users/nicktaseris/mpfenv/lib/python3.9/site-packages/mpf/core/events.py", line 755, in _run_handlers
    result = handler.callback(**merged_kwargs)
  File "/Users/nicktaseris/mpfenv/lib/python3.9/site-packages/mpf/core/text_ui.py", line 463, in _bcp_connected
    self.scene.remove_effect(self._pending_bcp_connection)
  File "/Users/nicktaseris/mpfenv/lib/python3.9/site-packages/asciimatics/scene.py", line 85, in remove_effect
    self._effects.remove(effect)
ValueError: list.remove(x): x not in list

The above exception was the direct cause of the following exception:

Traceback (most recent call last):
  File "/Library/Frameworks/Python.framework/Versions/3.9/lib/python3.9/asyncio/events.py", line 80, in _run
    self._context.run(self._callback, *self._args)
  File "/Users/nicktaseris/mpfenv/lib/python3.9/site-packages/mpf/core/events.py", line 846, in process_event_queue
    self._process_event(event=event[0],
  File "/Users/nicktaseris/mpfenv/lib/python3.9/site-packages/mpf/core/events.py", line 808, in _process_event
    result = self._run_handlers(event, ev_type, kwargs)
  File "/Users/nicktaseris/mpfenv/lib/python3.9/site-packages/mpf/core/events.py", line 757, in _run_handlers
    raise EventHandlerException(
mpf.core.events.EventHandlerException: Exception while processing RegisteredHandler(callback=<bound method TextUi._bcp_connected of <mpf.core.text_ui.TextUi object at 0x10287a630>>, priority=1, kwargs={}, key=UUID('63324504-adbc-4acb-9334-4e932eaa172d'), condition=None, blocking_facility=None) for event bcp_clients_connected. list.remove(x): x not in list
2024-07-17 22:25:26,707 : INFO : ball_device.bd_trough : BCH: Initial count: 6
2024-07-17 22:25:26,707 : INFO : ball_device.bd_trough : State: idle
2024-07-17 22:25:26,708 : INFO : ball_device.bd_plunger : BCH: Initial count: 0
2024-07-17 22:25:26,708 : INFO : ball_device.bd_plunger : State: idle
2024-07-17 22:25:26,708 : INFO : ball_device.bd_scoop : BCH: Initial count: 0
2024-07-17 22:25:26,708 : INFO : ball_device.bd_scoop : State: idle
2024-07-17 22:25:26,712 : INFO : EventManager : Event: ======'init_phase_3'====== Args={}
2024-07-17 22:25:26,714 : INFO : EventManager : Event: ======'init_phase_4'====== Args={}
2024-07-17 22:25:26,714 : ERROR : asyncio : Exception in callback Util.raise_exceptions(<Task finishe...e 'counter'")>) at /Users/nicktaseris/mpfenv/lib/python3.9/site-packages/mpf/core/utility_functions.py:790
handle: <Handle Util.raise_exceptions(<Task finishe...e 'counter'")>) at /Users/nicktaseris/mpfenv/lib/python3.9/site-packages/mpf/core/utility_functions.py:790>
Traceback (most recent call last):
  File "/Library/Frameworks/Python.framework/Versions/3.9/lib/python3.9/asyncio/events.py", line 80, in _run
    self._context.run(self._callback, *self._args)
  File "/Users/nicktaseris/mpfenv/lib/python3.9/site-packages/mpf/core/utility_functions.py", line 798, in raise_exceptions
    future.result()
  File "/Users/nicktaseris/mpfenv/lib/python3.9/site-packages/mpf/core/ball_controller.py", line 90, in _add_new_balls_to_playfield
    self.num_balls_known = await self._count_all_balls_in_devices()
  File "/Users/nicktaseris/mpfenv/lib/python3.9/site-packages/mpf/core/ball_controller.py", line 129, in _count_all_balls_in_devices
    futures.append(asyncio.ensure_future(device.ball_count_handler.counter.wait_for_count_stable()))
AttributeError: 'NoneType' object has no attribute 'counter'
2024-07-17 22:25:26,715 : INFO : EventManager : Event: ======'machine_var_audits_events_game_ended'====== Args={'value': 4, 'prev_value': None, 'change': True}
2024-07-17 22:25:26,715 : INFO : EventManager : Event: ======'machine_var_audits_events_game_started'====== Args={'value': 453, 'prev_value': None, 'change': True}
2024-07-17 22:25:26,715 : INFO : EventManager : Event: ======'machine_var_audits_missing_switches_s_a_target'====== Args={'value': 4, 'prev_value': None, 'change': True}
2024-07-17 22:25:26,716 : INFO : EventManager : Event: ======'machine_var_audits_missing_switches_s_bottom_pop_bumper'====== Args={'value': 12, 'prev_value': None, 'change': True}
2024-07-17 22:25:26,716 : INFO : EventManager : Event: ======'machine_var_audits_missing_switches_s_center_spinner'====== Args={'value': 200, 'prev_value': None, 'change': True}
2024-07-17 22:25:26,716 : INFO : EventManager : Event: ======'machine_var_audits_missing_switches_s_e_target'====== Args={'value': 29, 'prev_value': None, 'change': True}
2024-07-17 22:25:26,716 : INFO : EventManager : Event: ======'machine_var_audits_missing_switches_s_left_flipper'====== Args={'value': 4, 'prev_value': None, 'change': True}
2024-07-17 22:25:26,716 : INFO : EventManager : Event: ======'machine_var_audits_missing_switches_s_left_inlane'====== Args={'value': 2, 'prev_value': None, 'change': True}
2024-07-17 22:25:26,716 : INFO : EventManager : Event: ======'machine_var_audits_missing_switches_s_left_inner_horseshoe'====== Args={'value': 87, 'prev_value': None, 'change': True}
2024-07-17 22:25:26,716 : INFO : EventManager : Event: ======'machine_var_audits_missing_switches_s_left_orbit_enter'====== Args={'value': 21, 'prev_value': None, 'change': True}
2024-07-17 22:25:26,716 : INFO : EventManager : Event: ======'machine_var_audits_missing_switches_s_left_orbit_exit'====== Args={'value': 209, 'prev_value': None, 'change': True}
2024-07-17 22:25:26,716 : INFO : EventManager : Event: ======'machine_var_audits_missing_switches_s_left_outlane'====== Args={'value': 2, 'prev_value': None, 'change': True}
2024-07-17 22:25:26,716 : INFO : EventManager : Event: ======'machine_var_audits_missing_switches_s_left_pop_bumper'====== Args={'value': 12, 'prev_value': None, 'change': True}
2024-07-17 22:25:26,717 : INFO : EventManager : Event: ======'machine_var_audits_missing_switches_s_left_ramp_enter'====== Args={'value': 2, 'prev_value': None, 'change': True}
2024-07-17 22:25:26,717 : INFO : EventManager : Event: ======'machine_var_audits_missing_switches_s_left_ramp_exit'====== Args={'value': 2, 'prev_value': None, 'change': True}
2024-07-17 22:25:26,717 : INFO : EventManager : Event: ======'machine_var_audits_missing_switches_s_left_sling'====== Args={'value': 103, 'prev_value': None, 'change': True}
2024-07-17 22:25:26,717 : INFO : EventManager : Event: ======'machine_var_audits_missing_switches_s_left_spinner'====== Args={'value': 21, 'prev_value': None, 'change': True}
2024-07-17 22:25:26,717 : INFO : EventManager : Event: ======'machine_var_audits_missing_switches_s_n_target'====== Args={'value': 2, 'prev_value': None, 'change': True}
2024-07-17 22:25:26,717 : INFO : EventManager : Event: ======'machine_var_audits_missing_switches_s_p2_target'====== Args={'value': 1, 'prev_value': None, 'change': True}
2024-07-17 22:25:26,717 : INFO : EventManager : Event: ======'machine_var_audits_missing_switches_s_p_target'====== Args={'value': 1, 'prev_value': None, 'change': True}
2024-07-17 22:25:26,717 : INFO : EventManager : Event: ======'machine_var_audits_missing_switches_s_r_target'====== Args={'value': 1, 'prev_value': None, 'change': True}
2024-07-17 22:25:26,717 : INFO : EventManager : Event: ======'machine_var_audits_missing_switches_s_right_flipper'====== Args={'value': 2, 'prev_value': None, 'change': True}
2024-07-17 22:25:26,717 : INFO : EventManager : Event: ======'machine_var_audits_missing_switches_s_right_inlane'====== Args={'value': 2, 'prev_value': None, 'change': True}
2024-07-17 22:25:26,718 : INFO : EventManager : Event: ======'machine_var_audits_missing_switches_s_right_inner_horseshoe'====== Args={'value': 94, 'prev_value': None, 'change': True}
2024-07-17 22:25:26,718 : INFO : EventManager : Event: ======'machine_var_audits_missing_switches_s_right_orbit_exit'====== Args={'value': 196, 'prev_value': None, 'change': True}
2024-07-17 22:25:26,718 : INFO : EventManager : Event: ======'machine_var_audits_missing_switches_s_right_outlane'====== Args={'value': 2, 'prev_value': None, 'change': True}
2024-07-17 22:25:26,718 : INFO : EventManager : Event: ======'machine_var_audits_missing_switches_s_right_pop_bumper'====== Args={'value': 12, 'prev_value': None, 'change': True}
2024-07-17 22:25:26,718 : INFO : EventManager : Event: ======'machine_var_audits_missing_switches_s_right_ramp_enter'====== Args={'value': 158, 'prev_value': None, 'change': True}
2024-07-17 22:25:26,718 : INFO : EventManager : Event: ======'machine_var_audits_missing_switches_s_right_ramp_exit'====== Args={'value': 158, 'prev_value': None, 'change': True}
2024-07-17 22:25:26,718 : INFO : EventManager : Event: ======'machine_var_audits_missing_switches_s_right_sling'====== Args={'value': 404, 'prev_value': None, 'change': True}
2024-07-17 22:25:26,718 : INFO : EventManager : Event: ======'machine_var_audits_missing_switches_s_scoop'====== Args={'value': 2, 'prev_value': None, 'change': True}
2024-07-17 22:25:26,718 : INFO : EventManager : Event: ======'machine_var_audits_missing_switches_s_start'====== Args={'value': 2, 'prev_value': None, 'change': True}
2024-07-17 22:25:26,719 : INFO : EventManager : Event: ======'machine_var_audits_missing_switches_s_top_inline_drop'====== Args={'value': 9, 'prev_value': None, 'change': True}
2024-07-17 22:25:26,719 : INFO : EventManager : Event: ======'machine_var_audits_missing_switches_s_trough2'====== Args={'value': 80, 'prev_value': None, 'change': True}
2024-07-17 22:25:26,719 : INFO : EventManager : Event: ======'machine_var_audits_missing_switches_s_trough3'====== Args={'value': 80, 'prev_value': None, 'change': True}
2024-07-17 22:25:26,719 : INFO : EventManager : Event: ======'machine_var_audits_missing_switches_s_trough4'====== Args={'value': 408, 'prev_value': None, 'change': True}
2024-07-17 22:25:26,719 : INFO : EventManager : Event: ======'machine_var_audits_missing_switches_s_trough5'====== Args={'value': 408, 'prev_value': None, 'change': True}
2024-07-17 22:25:26,719 : INFO : EventManager : Event: ======'machine_var_audits_missing_switches_s_trough6'====== Args={'value': 408, 'prev_value': None, 'change': True}
2024-07-17 22:25:26,719 : INFO : EventManager : Event: ======'machine_var_audits_missing_switches_s_trough_jam'====== Args={'value': 341, 'prev_value': None, 'change': True}
2024-07-17 22:25:26,719 : INFO : EventManager : Event: ======'machine_var_audits_player_score'====== Args={'value': {'average': 109379, 'top': [370600, 175300, 400, 300, 250], 'total': 5}, 'prev_value': None, 'change': True}
2024-07-17 22:25:26,720 : INFO : EventManager : Event: ======'machine_var_audits_shots_a_rollover_lane'====== Args={'value': 7, 'prev_value': None, 'change': True}
2024-07-17 22:25:26,720 : INFO : EventManager : Event: ======'machine_var_audits_shots_a_target'====== Args={'value': 7, 'prev_value': None, 'change': True}
2024-07-17 22:25:26,720 : INFO : EventManager : Event: ======'machine_var_audits_shots_e_target'====== Args={'value': 3, 'prev_value': None, 'change': True}
2024-07-17 22:25:26,720 : INFO : EventManager : Event: ======'machine_var_audits_shots_h_rollover_lane'====== Args={'value': 8, 'prev_value': None, 'change': True}
2024-07-17 22:25:26,720 : INFO : EventManager : Event: ======'machine_var_audits_shots_k_rollover_lane'====== Args={'value': 7, 'prev_value': None, 'change': True}
2024-07-17 22:25:26,720 : INFO : EventManager : Event: ======'machine_var_audits_shots_left_rollover_lane'====== Args={'value': 182, 'prev_value': None, 'change': True}
2024-07-17 22:25:26,720 : INFO : EventManager : Event: ======'machine_var_audits_shots_middle_rollover_lane'====== Args={'value': 176, 'prev_value': None, 'change': True}
2024-07-17 22:25:26,721 : INFO : EventManager : Event: ======'machine_var_audits_shots_n_rollover_lane'====== Args={'value': 7, 'prev_value': None, 'change': True}
2024-07-17 22:25:26,721 : INFO : EventManager : Event: ======'machine_var_audits_shots_n_target'====== Args={'value': 9, 'prev_value': None, 'change': True}
2024-07-17 22:25:26,721 : INFO : EventManager : Event: ======'machine_var_audits_shots_o_target'====== Args={'value': 4, 'prev_value': None, 'change': True}
2024-07-17 22:25:26,721 : INFO : EventManager : Event: ======'machine_var_audits_shots_p2_target'====== Args={'value': 5, 'prev_value': None, 'change': True}
2024-07-17 22:25:26,721 : INFO : EventManager : Event: ======'machine_var_audits_shots_p_target'====== Args={'value': 8, 'prev_value': None, 'change': True}
2024-07-17 22:25:26,721 : INFO : EventManager : Event: ======'machine_var_audits_shots_qualify_o_target'====== Args={'value': 73, 'prev_value': None, 'change': True}
2024-07-17 22:25:26,721 : INFO : EventManager : Event: ======'machine_var_audits_shots_qualify_p_target'====== Args={'value': 78, 'prev_value': None, 'change': True}
2024-07-17 22:25:26,722 : INFO : EventManager : Event: ======'machine_var_audits_shots_qualify_r_target'====== Args={'value': 98, 'prev_value': None, 'change': True}
2024-07-17 22:25:26,722 : INFO : EventManager : Event: ======'machine_var_audits_shots_r_target'====== Args={'value': 14, 'prev_value': None, 'change': True}
2024-07-17 22:25:26,722 : INFO : EventManager : Event: ======'machine_var_audits_shots_right_rollover_lane'====== Args={'value': 181, 'prev_value': None, 'change': True}
2024-07-17 22:25:26,722 : INFO : EventManager : Event: ======'machine_var_audits_shots_skillshot_a_target'====== Args={'value': 53, 'prev_value': None, 'change': True}
2024-07-17 22:25:26,722 : INFO : EventManager : Event: ======'machine_var_audits_shots_skillshot_e_target'====== Args={'value': 42, 'prev_value': None, 'change': True}
2024-07-17 22:25:26,722 : INFO : EventManager : Event: ======'machine_var_audits_shots_skillshot_n_target'====== Args={'value': 40, 'prev_value': None, 'change': True}
2024-07-17 22:25:26,722 : INFO : EventManager : Event: ======'machine_var_audits_shots_skillshot_o_target'====== Args={'value': 18, 'prev_value': None, 'change': True}
2024-07-17 22:25:26,723 : INFO : EventManager : Event: ======'machine_var_audits_shots_skillshot_p2_target'====== Args={'value': 14, 'prev_value': None, 'change': True}
2024-07-17 22:25:26,723 : INFO : EventManager : Event: ======'machine_var_audits_shots_skillshot_p_target'====== Args={'value': 29, 'prev_value': None, 'change': True}
2024-07-17 22:25:26,723 : INFO : EventManager : Event: ======'machine_var_audits_shots_skillshot_r_target'====== Args={'value': 17, 'prev_value': None, 'change': True}
2024-07-17 22:25:26,723 : INFO : EventManager : Event: ======'machine_var_audits_switches_s_a_target'====== Args={'value': 100, 'prev_value': None, 'change': True}
2024-07-17 22:25:26,723 : INFO : EventManager : Event: ======'machine_var_audits_switches_s_bottom_inline_drop'====== Args={'value': 684, 'prev_value': None, 'change': True}
2024-07-17 22:25:26,723 : INFO : EventManager : Event: ======'machine_var_audits_switches_s_bottom_pop_bumper'====== Args={'value': 10, 'prev_value': None, 'change': True}
2024-07-17 22:25:26,723 : INFO : EventManager : Event: ======'machine_var_audits_switches_s_center_spinner'====== Args={'value': 3, 'prev_value': None, 'change': True}
2024-07-17 22:25:26,724 : INFO : EventManager : Event: ======'machine_var_audits_switches_s_e_target'====== Args={'value': 106, 'prev_value': None, 'change': True}
2024-07-17 22:25:26,724 : INFO : EventManager : Event: ======'machine_var_audits_switches_s_left_flipper'====== Args={'value': 198, 'prev_value': None, 'change': True}
2024-07-17 22:25:26,724 : INFO : EventManager : Event: ======'machine_var_audits_switches_s_left_inlane'====== Args={'value': 18, 'prev_value': None, 'change': True}
2024-07-17 22:25:26,724 : INFO : EventManager : Event: ======'machine_var_audits_switches_s_left_inner_horseshoe'====== Args={'value': 15, 'prev_value': None, 'change': True}
2024-07-17 22:25:26,724 : INFO : EventManager : Event: ======'machine_var_audits_switches_s_left_orbit_enter'====== Args={'value': 22, 'prev_value': None, 'change': True}
2024-07-17 22:25:26,724 : INFO : EventManager : Event: ======'machine_var_audits_switches_s_left_orbit_exit'====== Args={'value': 13, 'prev_value': None, 'change': True}
2024-07-17 22:25:26,725 : INFO : EventManager : Event: ======'machine_var_audits_switches_s_left_outlane'====== Args={'value': 34, 'prev_value': None, 'change': True}
2024-07-17 22:25:26,725 : INFO : EventManager : Event: ======'machine_var_audits_switches_s_left_pop_bumper'====== Args={'value': 9, 'prev_value': None, 'change': True}
2024-07-17 22:25:26,725 : INFO : EventManager : Event: ======'machine_var_audits_switches_s_left_ramp_enter'====== Args={'value': 20, 'prev_value': None, 'change': True}
2024-07-17 22:25:26,725 : INFO : EventManager : Event: ======'machine_var_audits_switches_s_left_ramp_exit'====== Args={'value': 5, 'prev_value': None, 'change': True}
2024-07-17 22:25:26,725 : INFO : EventManager : Event: ======'machine_var_audits_switches_s_left_ramp_standup'====== Args={'value': 758, 'prev_value': None, 'change': True}
2024-07-17 22:25:26,726 : INFO : EventManager : Event: ======'machine_var_audits_switches_s_left_rollover_lane'====== Args={'value': 187, 'prev_value': None, 'change': True}
2024-07-17 22:25:26,726 : INFO : EventManager : Event: ======'machine_var_audits_switches_s_left_sling'====== Args={'value': 12, 'prev_value': None, 'change': True}
2024-07-17 22:25:26,726 : INFO : EventManager : Event: ======'machine_var_audits_switches_s_left_spinner'====== Args={'value': 116, 'prev_value': None, 'change': True}
2024-07-17 22:25:26,726 : INFO : EventManager : Event: ======'machine_var_audits_switches_s_middle_inline_drop'====== Args={'value': 695, 'prev_value': None, 'change': True}
2024-07-17 22:25:26,726 : INFO : EventManager : Event: ======'machine_var_audits_switches_s_middle_rollover_lane'====== Args={'value': 179, 'prev_value': None, 'change': True}
2024-07-17 22:25:26,726 : INFO : EventManager : Event: ======'machine_var_audits_switches_s_n_target'====== Args={'value': 99, 'prev_value': None, 'change': True}
2024-07-17 22:25:26,727 : INFO : EventManager : Event: ======'machine_var_audits_switches_s_o_target'====== Args={'value': 120, 'prev_value': None, 'change': True}
2024-07-17 22:25:26,727 : INFO : EventManager : Event: ======'machine_var_audits_switches_s_p2_target'====== Args={'value': 39, 'prev_value': None, 'change': True}
2024-07-17 22:25:26,727 : INFO : EventManager : Event: ======'machine_var_audits_switches_s_p_target'====== Args={'value': 299, 'prev_value': None, 'change': True}
2024-07-17 22:25:26,727 : INFO : EventManager : Event: ======'machine_var_audits_switches_s_plunger'====== Args={'value': 541, 'prev_value': None, 'change': True}
2024-07-17 22:25:26,727 : INFO : EventManager : Event: ======'machine_var_audits_switches_s_plunger_lane'====== Args={'value': 39, 'prev_value': None, 'change': True}
2024-07-17 22:25:26,728 : INFO : EventManager : Event: ======'machine_var_audits_switches_s_plunger_lane_exit'====== Args={'value': 331, 'prev_value': None, 'change': True}
2024-07-17 22:25:26,728 : INFO : EventManager : Event: ======'machine_var_audits_switches_s_r_target'====== Args={'value': 138, 'prev_value': None, 'change': True}
2024-07-17 22:25:26,728 : INFO : EventManager : Event: ======'machine_var_audits_switches_s_right_flipper'====== Args={'value': 536, 'prev_value': None, 'change': True}
2024-07-17 22:25:26,728 : INFO : EventManager : Event: ======'machine_var_audits_switches_s_right_inlane'====== Args={'value': 16, 'prev_value': None, 'change': True}
2024-07-17 22:25:26,728 : INFO : EventManager : Event: ======'machine_var_audits_switches_s_right_inner_horseshoe'====== Args={'value': 8, 'prev_value': None, 'change': True}
2024-07-17 22:25:26,729 : INFO : EventManager : Event: ======'machine_var_audits_switches_s_right_orbit_exit'====== Args={'value': 33, 'prev_value': None, 'change': True}
2024-07-17 22:25:26,729 : INFO : EventManager : Event: ======'machine_var_audits_switches_s_right_outlane'====== Args={'value': 15, 'prev_value': None, 'change': True}
2024-07-17 22:25:26,729 : INFO : EventManager : Event: ======'machine_var_audits_switches_s_right_pop_bumper'====== Args={'value': 17, 'prev_value': None, 'change': True}
2024-07-17 22:25:26,729 : INFO : EventManager : Event: ======'machine_var_audits_switches_s_right_ramp_enter'====== Args={'value': 1, 'prev_value': None, 'change': True}
2024-07-17 22:25:26,729 : INFO : EventManager : Event: ======'machine_var_audits_switches_s_right_ramp_exit'====== Args={'value': 1, 'prev_value': None, 'change': True}
2024-07-17 22:25:26,730 : INFO : EventManager : Event: ======'machine_var_audits_switches_s_right_ramp_standup'====== Args={'value': 217, 'prev_value': None, 'change': True}
2024-07-17 22:25:26,730 : INFO : EventManager : Event: ======'machine_var_audits_switches_s_right_rollover_lane'====== Args={'value': 195, 'prev_value': None, 'change': True}
2024-07-17 22:25:26,730 : INFO : EventManager : Event: ======'machine_var_audits_switches_s_right_sling'====== Args={'value': 1, 'prev_value': None, 'change': True}
2024-07-17 22:25:26,730 : INFO : EventManager : Event: ======'machine_var_audits_switches_s_scoop'====== Args={'value': 103, 'prev_value': None, 'change': True}
2024-07-17 22:25:26,730 : INFO : EventManager : Event: ======'machine_var_audits_switches_s_start'====== Args={'value': 303, 'prev_value': None, 'change': True}
2024-07-17 22:25:26,731 : INFO : EventManager : Event: ======'machine_var_audits_switches_s_top_inline_drop'====== Args={'value': 40, 'prev_value': None, 'change': True}
2024-07-17 22:25:26,731 : INFO : EventManager : Event: ======'machine_var_audits_switches_s_trough1'====== Args={'value': 339, 'prev_value': None, 'change': True}
2024-07-17 22:25:26,731 : INFO : EventManager : Event: ======'machine_var_audits_switches_s_trough2'====== Args={'value': 25, 'prev_value': None, 'change': True}
2024-07-17 22:25:26,731 : INFO : EventManager : Event: ======'machine_var_audits_switches_s_trough3'====== Args={'value': 5, 'prev_value': None, 'change': True}
2024-07-17 22:25:26,731 : INFO : EventManager : Event: ======'machine_var_audits_switches_s_trough4'====== Args={'value': 2, 'prev_value': None, 'change': True}
2024-07-17 22:25:26,732 : INFO : EventManager : Event: ======'machine_var_audits_switches_s_trough5'====== Args={'value': 2, 'prev_value': None, 'change': True}
2024-07-17 22:25:26,732 : INFO : EventManager : Event: ======'machine_var_audits_switches_s_trough6'====== Args={'value': 1, 'prev_value': None, 'change': True}
2024-07-17 22:25:26,732 : INFO : EventManager : Event: ======'machine_var_audits_switches_s_trough_jam'====== Args={'value': 5, 'prev_value': None, 'change': True}
2024-07-17 22:25:26,732 : INFO : EventManager : Event: ======'init_phase_5'====== Args={}
2024-07-17 22:25:26,733 : INFO : EventManager : Event: ======'init_done'====== Args={}
2024-07-17 22:25:26,733 : INFO : BcpServer : New client connected.
2024-07-17 22:25:26,733 : INFO : EventManager : Event: ======'machine_reset_phase_1'====== Args={}
2024-07-17 22:25:26,744 : INFO : EventManager : Event: ======'machine_reset_phase_2'====== Args={}
2024-07-17 22:25:26,744 : INFO : EventManager : Event: ======'machine_reset_phase_3'====== Args={}
2024-07-17 22:25:26,744 : INFO : drop_target_bank.strickland_bank : All targets are already up. Will not reset bank.
2024-07-17 22:25:26,744 : INFO : EventManager : Event: ======'reset_complete'====== Args={}
2024-07-17 22:25:26,744 : INFO : EventManager : Event: ======'mode_attract_will_start'====== Args={}
2024-07-17 22:25:26,744 : INFO : Timer.attract_switch : Starting Timer.
2024-07-17 22:25:26,744 : INFO : EventManager : Event: ======'timer_attract_switch_started'====== Args={'ticks': 0, 'ticks_remaining': 45}
2024-07-17 22:25:26,745 : INFO : EventManager : Event: ======'timer_attract_switch_tick'====== Args={'ticks': 0, 'ticks_remaining': 45}
2024-07-17 22:25:26,745 : INFO : EventManager : Event: ======'mode_attract_starting'====== Args={}
2024-07-17 22:25:26,745 : INFO : Mode.attract : Will not start because machine is shutting down.
2024-07-17 22:25:26,745 : ERROR : Machine : Runtime Exception
Traceback (most recent call last):
  File "/Users/nicktaseris/mpfenv/lib/python3.9/site-packages/mpf/core/machine.py", line 793, in _run_loop
    raise self._exception['exception']
  File "/Users/nicktaseris/mpfenv/lib/python3.9/site-packages/mpf/core/system_wide_device.py", line 17, in device_added_system_wide
    await self._initialize()
  File "/Users/nicktaseris/mpfenv/lib/python3.9/site-packages/mpf/devices/ball_device/ball_device.py", line 90, in _initialize
    self._configure_targets()
  File "/Users/nicktaseris/mpfenv/lib/python3.9/site-packages/mpf/devices/ball_device/ball_device.py", line 386, in _configure_targets
    self.ejector = ejector_class(ejector_config, self, self.machine)
  File "/Users/nicktaseris/mpfenv/lib/python3.9/site-packages/mpf/devices/ball_device/pulse_coil_ejector.py", line 26, in __init__
    self.config = self.machine.config_validator.validate_config("ball_device_ejector_pulse", self.config)
  File "/Users/nicktaseris/mpfenv/lib/python3.9/site-packages/mpf/core/config_validator.py", line 164, in validate_config
    return self._validate_config(config_spec, source, base_spec=base_spec, add_missing_keys=add_missing_keys,
  File "/Users/nicktaseris/mpfenv/lib/python3.9/site-packages/mpf/core/config_validator.py", line 204, in _validate_config
    processed_config[k] = self.validate_config_item(
  File "/Users/nicktaseris/mpfenv/lib/python3.9/site-packages/mpf/core/config_validator.py", line 243, in validate_config_item
    return self.validate_item(item, validation, validation_failure_info)
  File "/Users/nicktaseris/mpfenv/lib/python3.9/site-packages/mpf/core/config_validator.py", line 696, in validate_item
    return self.validator_list[validator](item, validation_failure_info=validation_failure_info, param=param)
  File "/Users/nicktaseris/mpfenv/lib/python3.9/site-packages/mpf/core/config_validator.py", line 410, in _validate_type_machine
    raise self.validation_error(item, validation_failure_info,
mpf.exceptions.config_file_error.ConfigFileError: Config File Error in ConfigValidator: Config validation error: Entry ball_device_ejector_pulse:ball_device_ejector_pulse:eject_coil = "c_plunger" is not valid. Device "c_plunger" not found in "coils:" section in your config. Error Code: CFE-ConfigValidator-6 (https://missionpinball.org/logs)
2024-07-17 22:25:26,782 : INFO : crash_reporter : Will not report crash as "report_crashes" mode is "never"
2024-07-17 22:25:26,782 : INFO : root : MPF run loop ended.
