2024-07-14 21:39:00,387 : INFO : root : Loading config.
2024-07-14 21:39:00,389 : INFO : YamlMultifileConfigLoader : Machine config file #1: config.yaml
2024-07-14 21:39:00,389 : INFO : ConfigProcessor : Loading config from cache: /var/folders/sv/d29kcl5x50v7vt1n6xb5jsd40000gn/T/c166cef8060ffee16a35821bf698da85.mpf_cache
2024-07-14 21:39:00,420 : INFO : ConfigProcessor : Loading config from cache: /var/folders/sv/d29kcl5x50v7vt1n6xb5jsd40000gn/T/6b31c5ac6ecbad948994a8204ea6b05b.mpf_cache
2024-07-14 21:39:00,420 : INFO : ConfigProcessor : Loading config from cache: /var/folders/sv/d29kcl5x50v7vt1n6xb5jsd40000gn/T/fe612d1e66c8a96c19ba449d3748eeac.mpf_cache
2024-07-14 21:39:00,420 : INFO : ConfigProcessor : Loading config from cache: /var/folders/sv/d29kcl5x50v7vt1n6xb5jsd40000gn/T/6b31c5ac6ecbad948994a8204ea6b05b.mpf_cache
2024-07-14 21:39:00,421 : INFO : ConfigProcessor : Loading config from cache: /var/folders/sv/d29kcl5x50v7vt1n6xb5jsd40000gn/T/8765227693ecd961e0504502a81255e0.mpf_cache
2024-07-14 21:39:00,421 : INFO : ConfigProcessor : Loading config from cache: /var/folders/sv/d29kcl5x50v7vt1n6xb5jsd40000gn/T/b247728c74b4d81bcb2825e2b07062a7.mpf_cache
2024-07-14 21:39:00,421 : INFO : ConfigProcessor : Loading config from cache: /var/folders/sv/d29kcl5x50v7vt1n6xb5jsd40000gn/T/f240f94f0b5d0f37ec4fd7571275a101.mpf_cache
2024-07-14 21:39:00,422 : INFO : ConfigProcessor : Loading config from cache: /var/folders/sv/d29kcl5x50v7vt1n6xb5jsd40000gn/T/c4409acfdf3ec94666e0adef48d55400.mpf_cache
2024-07-14 21:39:00,422 : INFO : ConfigProcessor : Loading config from cache: /var/folders/sv/d29kcl5x50v7vt1n6xb5jsd40000gn/T/6a2f50ed892485825cc04dc0a68eab9f.mpf_cache
2024-07-14 21:39:00,422 : INFO : ConfigProcessor : Loading config from cache: /var/folders/sv/d29kcl5x50v7vt1n6xb5jsd40000gn/T/d58c58eb9fd1a2dc27f8acd255fb3761.mpf_cache
2024-07-14 21:39:00,422 : INFO : ConfigProcessor : Loading config from cache: /var/folders/sv/d29kcl5x50v7vt1n6xb5jsd40000gn/T/07adfd310b3ef0e03c5cbc91527abb6c.mpf_cache
2024-07-14 21:39:00,422 : INFO : ConfigProcessor : Loading config from cache: /var/folders/sv/d29kcl5x50v7vt1n6xb5jsd40000gn/T/12bd5247c3bf989b919364bdb7829769.mpf_cache
2024-07-14 21:39:00,423 : INFO : ConfigProcessor : Loading config from cache: /var/folders/sv/d29kcl5x50v7vt1n6xb5jsd40000gn/T/362e08f51a1a1b7a0809dd52f9c83f83.mpf_cache
2024-07-14 21:39:00,423 : INFO : ConfigProcessor : Loading config from cache: /var/folders/sv/d29kcl5x50v7vt1n6xb5jsd40000gn/T/e45e3bd39557ed8d0881194a7afab8f7.mpf_cache
2024-07-14 21:39:00,423 : INFO : ConfigProcessor : Loading config from cache: /var/folders/sv/d29kcl5x50v7vt1n6xb5jsd40000gn/T/331d8d1a1bc190cae8c13495e1db372f.mpf_cache
2024-07-14 21:39:00,423 : INFO : ConfigProcessor : Loading config from cache: /var/folders/sv/d29kcl5x50v7vt1n6xb5jsd40000gn/T/34853b7ed6df3aedbba239874ade5ac8.mpf_cache
2024-07-14 21:39:00,423 : INFO : ConfigProcessor : Loading config from cache: /var/folders/sv/d29kcl5x50v7vt1n6xb5jsd40000gn/T/280fd64455d0d243a54ab4db98fbccbd.mpf_cache
2024-07-14 21:39:00,424 : WARNING : ConfigProcessor : Config file in cache changed: /Users/nicktaseris/Desktop/Pinball/KOTH/modes/mission_select/config/mission_select.yaml
2024-07-14 21:39:00,424 : INFO : ConfigProcessor : Loading config from file /Users/nicktaseris/Desktop/Pinball/KOTH/modes/mission_select/config/mission_select.yaml.
2024-07-14 21:39:00,425 : INFO : ConfigProcessor : Loading config: /Users/nicktaseris/Desktop/Pinball/KOTH/modes/mission_select/config/mission_select.yaml
2024-07-14 21:39:00,426 : INFO : ConfigProcessor : Config file cache created: /var/folders/sv/d29kcl5x50v7vt1n6xb5jsd40000gn/T/0c0596ed8fbb40b6113901d21bdc0a39.mpf_cache
2024-07-14 21:39:00,426 : INFO : ConfigProcessor : Loading config from cache: /var/folders/sv/d29kcl5x50v7vt1n6xb5jsd40000gn/T/3048ed2d7ea14eee3db896f6760aa474.mpf_cache
2024-07-14 21:39:00,427 : INFO : Machine : Mission Pinball Framework Core Engine v0.80.0.dev1
2024-07-14 21:39:00,427 : INFO : Machine : Command line arguments: {'no_load_cache': False, 'create_config_cache': True, 'bcp': True, 'configfile': ['config.yaml'], 'force_assets_load': False, 'platform_integration_test': False, 'jsonlogging': False, 'logfile': 'logs/2024-07-14-21-39-00-mpf-Nicks-Air.lan.log', 'pause': False, 'production': False, 'text_ui': True, 'loglevel': 15, 'consoleloglevel': 20, 'force_platform': None, 'syslog_address': None, 'mc_file_name': None, 'no_sound': False, 'full_logfile_path': '/Users/nicktaseris/Desktop/Pinball/KOTH/logs/2024-07-14-21-39-00-mpf-Nicks-Air.lan.log'}
2024-07-14 21:39:00,427 : INFO : Machine : MPF path: /Users/nicktaseris/mpfenv/lib/python3.9/site-packages/mpf
2024-07-14 21:39:00,427 : INFO : Machine : Machine path: /Users/nicktaseris/Desktop/Pinball/KOTH
2024-07-14 21:39:00,427 : INFO : Machine : Platform: darwin
2024-07-14 21:39:00,427 : INFO : Machine : Python executable location: /Users/nicktaseris/mpfenv/bin/python3
2024-07-14 21:39:00,427 : INFO : Machine : Python version: 3.9.13 (64-bit)
2024-07-14 21:39:00,427 : INFO : Machine : Initializing MPF...
2024-07-14 21:39:00,454 : INFO : EventManager : Event: ======'machine_var_credits_string'====== Args={'value': 'FREE PLAY', 'prev_value': None, 'change': True}
2024-07-14 21:39:00,460 : INFO : EventManager : Event: ======'machine_var_master_volume'====== Args={'value': 0.5, 'prev_value': None, 'change': True}
2024-07-14 21:39:00,460 : INFO : EventManager : Event: ======'machine_var_player1_score'====== Args={'value': 370600, 'prev_value': None, 'change': True}
2024-07-14 21:39:00,460 : INFO : EventManager : Event: ======'machine_var_mpf_version'====== Args={'value': 'Mission Pinball Framework v0.80.0.dev1', 'prev_value': None, 'change': True}
2024-07-14 21:39:00,460 : INFO : EventManager : Event: ======'machine_var_mpf_extended_version'====== Args={'value': 'Mission Pinball Framework v0.80.0.dev1, Config version:6, Show version: 6, BCP version:1.1', 'prev_value': None, 'change': True}
2024-07-14 21:39:00,460 : INFO : EventManager : Event: ======'machine_var_python_version'====== Args={'value': '3.9.13', 'prev_value': None, 'change': True}
2024-07-14 21:39:00,469 : INFO : EventManager : Event: ======'machine_var_platform'====== Args={'value': 'macOS-12.1-arm64-arm-64bit', 'prev_value': None, 'change': True}
2024-07-14 21:39:00,469 : INFO : EventManager : Event: ======'machine_var_platform_system'====== Args={'value': 'Darwin', 'prev_value': None, 'change': True}
2024-07-14 21:39:00,469 : INFO : EventManager : Event: ======'machine_var_platform_release'====== Args={'value': '21.2.0', 'prev_value': None, 'change': True}
2024-07-14 21:39:00,469 : INFO : EventManager : Event: ======'machine_var_platform_version'====== Args={'value': 'Darwin Kernel Version 21.2.0: Sun Nov 28 20:29:10 PST 2021; root:xnu-8019.61.5~1/RELEASE_ARM64_T8101', 'prev_value': None, 'change': True}
2024-07-14 21:39:00,469 : INFO : EventManager : Event: ======'machine_var_platform_machine'====== Args={'value': 'arm64', 'prev_value': None, 'change': True}
2024-07-14 21:39:00,469 : INFO : EventManager : Event: ======'machine_var_log_file_path'====== Args={'value': '/Users/nicktaseris/Desktop/Pinball/KOTH/logs/2024-07-14-21-39-00-mpf-Nicks-Air.lan.log', 'prev_value': None, 'change': True}
2024-07-14 21:39:00,469 : INFO : EventManager : Event: ======'init_phase_1'====== Args={}
2024-07-14 21:39:00,492 : INFO : EventManager : Event: ======'drop_target_bank_strickland_bank_up'====== Args={}
2024-07-14 21:39:00,492 : INFO : EventManager : Event: ======'init_phase_2'====== Args={}
2024-07-14 21:39:00,493 : INFO : SwitchController : Found active switch: ('39', <Platform.SmartVirtual>) <switch.s_trough1>
2024-07-14 21:39:00,493 : INFO : SwitchController : Found active switch: ('40', <Platform.SmartVirtual>) <switch.s_trough2>
2024-07-14 21:39:00,493 : INFO : SwitchController : Found active switch: ('41', <Platform.SmartVirtual>) <switch.s_trough3>
2024-07-14 21:39:00,493 : INFO : SwitchController : Found active switch: ('42', <Platform.SmartVirtual>) <switch.s_trough4>
2024-07-14 21:39:00,493 : INFO : SwitchController : Found active switch: ('43', <Platform.SmartVirtual>) <switch.s_trough5>
2024-07-14 21:39:00,493 : INFO : SwitchController : Found active switch: ('44', <Platform.SmartVirtual>) <switch.s_trough6>
2024-07-14 21:39:00,496 : INFO : EventManager : Event: ======'bcp_connection_attempt'====== Args={'name': 'local_display', 'host': 'localhost', 'port': 5050}
2024-07-14 21:39:00,496 : INFO : BCPClientSocket : Connecting BCP to 'local_display' at localhost:5050...
2024-07-14 21:39:00,498 : INFO : BCPClientSocket : Connected BCP to 'local_display' localhost:5050
2024-07-14 21:39:00,499 : INFO : EventManager : Event: ======'bcp_clients_connected'====== Args={}
2024-07-14 21:39:00,499 : INFO : ball_device.bd_trough : BCH: Initial count: 6
2024-07-14 21:39:00,500 : INFO : ball_device.bd_trough : State: idle
2024-07-14 21:39:00,500 : INFO : ball_device.bd_plunger : BCH: Initial count: 0
2024-07-14 21:39:00,500 : INFO : ball_device.bd_plunger : State: idle
2024-07-14 21:39:00,500 : INFO : ball_device.bd_scoop : BCH: Initial count: 0
2024-07-14 21:39:00,501 : INFO : ball_device.bd_scoop : State: idle
2024-07-14 21:39:00,505 : INFO : EventManager : Event: ======'init_phase_3'====== Args={}
2024-07-14 21:39:00,508 : INFO : EventManager : Event: ======'init_phase_4'====== Args={}
2024-07-14 21:39:00,508 : INFO : BallController : Initial balls found: 6
2024-07-14 21:39:00,509 : INFO : EventManager : Event: ======'machine_var_audits_events_game_ended'====== Args={'value': 3, 'prev_value': None, 'change': True}
2024-07-14 21:39:00,509 : INFO : EventManager : Event: ======'machine_var_audits_events_game_started'====== Args={'value': 328, 'prev_value': None, 'change': True}
2024-07-14 21:39:00,509 : INFO : EventManager : Event: ======'machine_var_audits_missing_switches_s_a_target'====== Args={'value': 6, 'prev_value': None, 'change': True}
2024-07-14 21:39:00,509 : INFO : EventManager : Event: ======'machine_var_audits_missing_switches_s_bottom_inline_drop'====== Args={'value': 73, 'prev_value': None, 'change': True}
2024-07-14 21:39:00,509 : INFO : EventManager : Event: ======'machine_var_audits_missing_switches_s_bottom_pop_bumper'====== Args={'value': 10, 'prev_value': None, 'change': True}
2024-07-14 21:39:00,509 : INFO : EventManager : Event: ======'machine_var_audits_missing_switches_s_center_spinner'====== Args={'value': 75, 'prev_value': None, 'change': True}
2024-07-14 21:39:00,509 : INFO : EventManager : Event: ======'machine_var_audits_missing_switches_s_left_flipper'====== Args={'value': 47, 'prev_value': None, 'change': True}
2024-07-14 21:39:00,509 : INFO : EventManager : Event: ======'machine_var_audits_missing_switches_s_left_inlane'====== Args={'value': 206, 'prev_value': None, 'change': True}
2024-07-14 21:39:00,509 : INFO : EventManager : Event: ======'machine_var_audits_missing_switches_s_left_inner_horseshoe'====== Args={'value': 84, 'prev_value': None, 'change': True}
2024-07-14 21:39:00,509 : INFO : EventManager : Event: ======'machine_var_audits_missing_switches_s_left_orbit_enter'====== Args={'value': 243, 'prev_value': None, 'change': True}
2024-07-14 21:39:00,509 : INFO : EventManager : Event: ======'machine_var_audits_missing_switches_s_left_orbit_exit'====== Args={'value': 84, 'prev_value': None, 'change': True}
2024-07-14 21:39:00,509 : INFO : EventManager : Event: ======'machine_var_audits_missing_switches_s_left_outlane'====== Args={'value': 203, 'prev_value': None, 'change': True}
2024-07-14 21:39:00,509 : INFO : EventManager : Event: ======'machine_var_audits_missing_switches_s_left_pop_bumper'====== Args={'value': 279, 'prev_value': None, 'change': True}
2024-07-14 21:39:00,509 : INFO : EventManager : Event: ======'machine_var_audits_missing_switches_s_left_ramp_enter'====== Args={'value': 142, 'prev_value': None, 'change': True}
2024-07-14 21:39:00,509 : INFO : EventManager : Event: ======'machine_var_audits_missing_switches_s_left_ramp_exit'====== Args={'value': 206, 'prev_value': None, 'change': True}
2024-07-14 21:39:00,509 : INFO : EventManager : Event: ======'machine_var_audits_missing_switches_s_left_ramp_standup'====== Args={'value': 6, 'prev_value': None, 'change': True}
2024-07-14 21:39:00,509 : INFO : EventManager : Event: ======'machine_var_audits_missing_switches_s_left_rollover_lane'====== Args={'value': 7, 'prev_value': None, 'change': True}
2024-07-14 21:39:00,509 : INFO : EventManager : Event: ======'machine_var_audits_missing_switches_s_left_sling'====== Args={'value': 268, 'prev_value': None, 'change': True}
2024-07-14 21:39:00,509 : INFO : EventManager : Event: ======'machine_var_audits_missing_switches_s_left_spinner'====== Args={'value': 217, 'prev_value': None, 'change': True}
2024-07-14 21:39:00,509 : INFO : EventManager : Event: ======'machine_var_audits_missing_switches_s_middle_inline_drop'====== Args={'value': 73, 'prev_value': None, 'change': True}
2024-07-14 21:39:00,510 : INFO : EventManager : Event: ======'machine_var_audits_missing_switches_s_middle_rollover_lane'====== Args={'value': 7, 'prev_value': None, 'change': True}
2024-07-14 21:39:00,510 : INFO : EventManager : Event: ======'machine_var_audits_missing_switches_s_n_target'====== Args={'value': 14, 'prev_value': None, 'change': True}
2024-07-14 21:39:00,510 : INFO : EventManager : Event: ======'machine_var_audits_missing_switches_s_p2_target'====== Args={'value': 20, 'prev_value': None, 'change': True}
2024-07-14 21:39:00,510 : INFO : EventManager : Event: ======'machine_var_audits_missing_switches_s_plunger_lane_exit'====== Args={'value': 6, 'prev_value': None, 'change': True}
2024-07-14 21:39:00,510 : INFO : EventManager : Event: ======'machine_var_audits_missing_switches_s_right_flipper'====== Args={'value': 3, 'prev_value': None, 'change': True}
2024-07-14 21:39:00,510 : INFO : EventManager : Event: ======'machine_var_audits_missing_switches_s_right_inlane'====== Args={'value': 279, 'prev_value': None, 'change': True}
2024-07-14 21:39:00,510 : INFO : EventManager : Event: ======'machine_var_audits_missing_switches_s_right_inner_horseshoe'====== Args={'value': 58, 'prev_value': None, 'change': True}
2024-07-14 21:39:00,510 : INFO : EventManager : Event: ======'machine_var_audits_missing_switches_s_right_orbit_exit'====== Args={'value': 71, 'prev_value': None, 'change': True}
2024-07-14 21:39:00,510 : INFO : EventManager : Event: ======'machine_var_audits_missing_switches_s_right_outlane'====== Args={'value': 279, 'prev_value': None, 'change': True}
2024-07-14 21:39:00,510 : INFO : EventManager : Event: ======'machine_var_audits_missing_switches_s_right_pop_bumper'====== Args={'value': 32, 'prev_value': None, 'change': True}
2024-07-14 21:39:00,510 : INFO : EventManager : Event: ======'machine_var_audits_missing_switches_s_right_ramp_enter'====== Args={'value': 33, 'prev_value': None, 'change': True}
2024-07-14 21:39:00,510 : INFO : EventManager : Event: ======'machine_var_audits_missing_switches_s_right_ramp_exit'====== Args={'value': 33, 'prev_value': None, 'change': True}
2024-07-14 21:39:00,510 : INFO : EventManager : Event: ======'machine_var_audits_missing_switches_s_right_ramp_standup'====== Args={'value': 6, 'prev_value': None, 'change': True}
2024-07-14 21:39:00,510 : INFO : EventManager : Event: ======'machine_var_audits_missing_switches_s_right_rollover_lane'====== Args={'value': 7, 'prev_value': None, 'change': True}
2024-07-14 21:39:00,510 : INFO : EventManager : Event: ======'machine_var_audits_missing_switches_s_right_sling'====== Args={'value': 279, 'prev_value': None, 'change': True}
2024-07-14 21:39:00,510 : INFO : EventManager : Event: ======'machine_var_audits_missing_switches_s_scoop'====== Args={'value': 6, 'prev_value': None, 'change': True}
2024-07-14 21:39:00,511 : INFO : EventManager : Event: ======'machine_var_audits_missing_switches_s_start'====== Args={'value': 23, 'prev_value': None, 'change': True}
2024-07-14 21:39:00,511 : INFO : EventManager : Event: ======'machine_var_audits_missing_switches_s_top_inline_drop'====== Args={'value': 73, 'prev_value': None, 'change': True}
2024-07-14 21:39:00,511 : INFO : EventManager : Event: ======'machine_var_audits_missing_switches_s_trough1'====== Args={'value': 9, 'prev_value': None, 'change': True}
2024-07-14 21:39:00,511 : INFO : EventManager : Event: ======'machine_var_audits_missing_switches_s_trough2'====== Args={'value': 205, 'prev_value': None, 'change': True}
2024-07-14 21:39:00,511 : INFO : EventManager : Event: ======'machine_var_audits_missing_switches_s_trough3'====== Args={'value': 283, 'prev_value': None, 'change': True}
2024-07-14 21:39:00,511 : INFO : EventManager : Event: ======'machine_var_audits_missing_switches_s_trough4'====== Args={'value': 283, 'prev_value': None, 'change': True}
2024-07-14 21:39:00,511 : INFO : EventManager : Event: ======'machine_var_audits_missing_switches_s_trough5'====== Args={'value': 283, 'prev_value': None, 'change': True}
2024-07-14 21:39:00,511 : INFO : EventManager : Event: ======'machine_var_audits_missing_switches_s_trough6'====== Args={'value': 283, 'prev_value': None, 'change': True}
2024-07-14 21:39:00,511 : INFO : EventManager : Event: ======'machine_var_audits_missing_switches_s_trough_jam'====== Args={'value': 216, 'prev_value': None, 'change': True}
2024-07-14 21:39:00,511 : INFO : EventManager : Event: ======'machine_var_audits_player_score'====== Args={'value': {'average': 92899, 'top': [370600, 400, 300, 250], 'total': 4}, 'prev_value': None, 'change': True}
2024-07-14 21:39:00,511 : INFO : EventManager : Event: ======'machine_var_audits_shots_a_target'====== Args={'value': 7, 'prev_value': None, 'change': True}
2024-07-14 21:39:00,511 : INFO : EventManager : Event: ======'machine_var_audits_shots_e_target'====== Args={'value': 3, 'prev_value': None, 'change': True}
2024-07-14 21:39:00,512 : INFO : EventManager : Event: ======'machine_var_audits_shots_left_rollover_lane'====== Args={'value': 122, 'prev_value': None, 'change': True}
2024-07-14 21:39:00,512 : INFO : EventManager : Event: ======'machine_var_audits_shots_middle_rollover_lane'====== Args={'value': 120, 'prev_value': None, 'change': True}
2024-07-14 21:39:00,512 : INFO : EventManager : Event: ======'machine_var_audits_shots_n_target'====== Args={'value': 9, 'prev_value': None, 'change': True}
2024-07-14 21:39:00,512 : INFO : EventManager : Event: ======'machine_var_audits_shots_o_target'====== Args={'value': 4, 'prev_value': None, 'change': True}
2024-07-14 21:39:00,512 : INFO : EventManager : Event: ======'machine_var_audits_shots_p2_target'====== Args={'value': 5, 'prev_value': None, 'change': True}
2024-07-14 21:39:00,512 : INFO : EventManager : Event: ======'machine_var_audits_shots_p_target'====== Args={'value': 8, 'prev_value': None, 'change': True}
2024-07-14 21:39:00,512 : INFO : EventManager : Event: ======'machine_var_audits_shots_qualify_o_target'====== Args={'value': 40, 'prev_value': None, 'change': True}
2024-07-14 21:39:00,512 : INFO : EventManager : Event: ======'machine_var_audits_shots_qualify_p_target'====== Args={'value': 38, 'prev_value': None, 'change': True}
2024-07-14 21:39:00,512 : INFO : EventManager : Event: ======'machine_var_audits_shots_qualify_r_target'====== Args={'value': 71, 'prev_value': None, 'change': True}
2024-07-14 21:39:00,512 : INFO : EventManager : Event: ======'machine_var_audits_shots_r_target'====== Args={'value': 14, 'prev_value': None, 'change': True}
2024-07-14 21:39:00,512 : INFO : EventManager : Event: ======'machine_var_audits_shots_right_rollover_lane'====== Args={'value': 123, 'prev_value': None, 'change': True}
2024-07-14 21:39:00,513 : INFO : EventManager : Event: ======'machine_var_audits_shots_skillshot_a_target'====== Args={'value': 37, 'prev_value': None, 'change': True}
2024-07-14 21:39:00,513 : INFO : EventManager : Event: ======'machine_var_audits_shots_skillshot_e_target'====== Args={'value': 23, 'prev_value': None, 'change': True}
2024-07-14 21:39:00,513 : INFO : EventManager : Event: ======'machine_var_audits_shots_skillshot_n_target'====== Args={'value': 23, 'prev_value': None, 'change': True}
2024-07-14 21:39:00,513 : INFO : EventManager : Event: ======'machine_var_audits_shots_skillshot_o_target'====== Args={'value': 7, 'prev_value': None, 'change': True}
2024-07-14 21:39:00,513 : INFO : EventManager : Event: ======'machine_var_audits_shots_skillshot_p2_target'====== Args={'value': 3, 'prev_value': None, 'change': True}
2024-07-14 21:39:00,513 : INFO : EventManager : Event: ======'machine_var_audits_shots_skillshot_p_target'====== Args={'value': 12, 'prev_value': None, 'change': True}
2024-07-14 21:39:00,513 : INFO : EventManager : Event: ======'machine_var_audits_shots_skillshot_r_target'====== Args={'value': 11, 'prev_value': None, 'change': True}
2024-07-14 21:39:00,513 : INFO : EventManager : Event: ======'machine_var_audits_switches_s_a_target'====== Args={'value': 78, 'prev_value': None, 'change': True}
2024-07-14 21:39:00,513 : INFO : EventManager : Event: ======'machine_var_audits_switches_s_bottom_inline_drop'====== Args={'value': 17, 'prev_value': None, 'change': True}
2024-07-14 21:39:00,513 : INFO : EventManager : Event: ======'machine_var_audits_switches_s_bottom_pop_bumper'====== Args={'value': 9, 'prev_value': None, 'change': True}
2024-07-14 21:39:00,514 : INFO : EventManager : Event: ======'machine_var_audits_switches_s_center_spinner'====== Args={'value': 3, 'prev_value': None, 'change': True}
2024-07-14 21:39:00,514 : INFO : EventManager : Event: ======'machine_var_audits_switches_s_e_target'====== Args={'value': 83, 'prev_value': None, 'change': True}
2024-07-14 21:39:00,514 : INFO : EventManager : Event: ======'machine_var_audits_switches_s_left_flipper'====== Args={'value': 127, 'prev_value': None, 'change': True}
2024-07-14 21:39:00,514 : INFO : EventManager : Event: ======'machine_var_audits_switches_s_left_inlane'====== Args={'value': 7, 'prev_value': None, 'change': True}
2024-07-14 21:39:00,514 : INFO : EventManager : Event: ======'machine_var_audits_switches_s_left_inner_horseshoe'====== Args={'value': 6, 'prev_value': None, 'change': True}
2024-07-14 21:39:00,514 : INFO : EventManager : Event: ======'machine_var_audits_switches_s_left_orbit_enter'====== Args={'value': 8, 'prev_value': None, 'change': True}
2024-07-14 21:39:00,514 : INFO : EventManager : Event: ======'machine_var_audits_switches_s_left_orbit_exit'====== Args={'value': 13, 'prev_value': None, 'change': True}
2024-07-14 21:39:00,514 : INFO : EventManager : Event: ======'machine_var_audits_switches_s_left_outlane'====== Args={'value': 15, 'prev_value': None, 'change': True}
2024-07-14 21:39:00,515 : INFO : EventManager : Event: ======'machine_var_audits_switches_s_left_pop_bumper'====== Args={'value': 2, 'prev_value': None, 'change': True}
2024-07-14 21:39:00,515 : INFO : EventManager : Event: ======'machine_var_audits_switches_s_left_ramp_enter'====== Args={'value': 9, 'prev_value': None, 'change': True}
2024-07-14 21:39:00,515 : INFO : EventManager : Event: ======'machine_var_audits_switches_s_left_ramp_exit'====== Args={'value': 3, 'prev_value': None, 'change': True}
2024-07-14 21:39:00,515 : INFO : EventManager : Event: ======'machine_var_audits_switches_s_left_ramp_standup'====== Args={'value': 343, 'prev_value': None, 'change': True}
2024-07-14 21:39:00,515 : INFO : EventManager : Event: ======'machine_var_audits_switches_s_left_rollover_lane'====== Args={'value': 127, 'prev_value': None, 'change': True}
2024-07-14 21:39:00,515 : INFO : EventManager : Event: ======'machine_var_audits_switches_s_left_sling'====== Args={'value': 10, 'prev_value': None, 'change': True}
2024-07-14 21:39:00,515 : INFO : EventManager : Event: ======'machine_var_audits_switches_s_left_spinner'====== Args={'value': 27, 'prev_value': None, 'change': True}
2024-07-14 21:39:00,516 : INFO : EventManager : Event: ======'machine_var_audits_switches_s_middle_inline_drop'====== Args={'value': 18, 'prev_value': None, 'change': True}
2024-07-14 21:39:00,516 : INFO : EventManager : Event: ======'machine_var_audits_switches_s_middle_rollover_lane'====== Args={'value': 123, 'prev_value': None, 'change': True}
2024-07-14 21:39:00,516 : INFO : EventManager : Event: ======'machine_var_audits_switches_s_n_target'====== Args={'value': 76, 'prev_value': None, 'change': True}
2024-07-14 21:39:00,516 : INFO : EventManager : Event: ======'machine_var_audits_switches_s_o_target'====== Args={'value': 85, 'prev_value': None, 'change': True}
2024-07-14 21:39:00,516 : INFO : EventManager : Event: ======'machine_var_audits_switches_s_p2_target'====== Args={'value': 23, 'prev_value': None, 'change': True}
2024-07-14 21:39:00,516 : INFO : EventManager : Event: ======'machine_var_audits_switches_s_p_target'====== Args={'value': 252, 'prev_value': None, 'change': True}
2024-07-14 21:39:00,516 : INFO : EventManager : Event: ======'machine_var_audits_switches_s_plunger'====== Args={'value': 402, 'prev_value': None, 'change': True}
2024-07-14 21:39:00,516 : INFO : EventManager : Event: ======'machine_var_audits_switches_s_plunger_lane'====== Args={'value': 39, 'prev_value': None, 'change': True}
2024-07-14 21:39:00,517 : INFO : EventManager : Event: ======'machine_var_audits_switches_s_plunger_lane_exit'====== Args={'value': 215, 'prev_value': None, 'change': True}
2024-07-14 21:39:00,517 : INFO : EventManager : Event: ======'machine_var_audits_switches_s_r_target'====== Args={'value': 108, 'prev_value': None, 'change': True}
2024-07-14 21:39:00,517 : INFO : EventManager : Event: ======'machine_var_audits_switches_s_right_flipper'====== Args={'value': 124, 'prev_value': None, 'change': True}
2024-07-14 21:39:00,517 : INFO : EventManager : Event: ======'machine_var_audits_switches_s_right_inlane'====== Args={'value': 9, 'prev_value': None, 'change': True}
2024-07-14 21:39:00,517 : INFO : EventManager : Event: ======'machine_var_audits_switches_s_right_inner_horseshoe'====== Args={'value': 5, 'prev_value': None, 'change': True}
2024-07-14 21:39:00,517 : INFO : EventManager : Event: ======'machine_var_audits_switches_s_right_orbit_exit'====== Args={'value': 33, 'prev_value': None, 'change': True}
2024-07-14 21:39:00,517 : INFO : EventManager : Event: ======'machine_var_audits_switches_s_right_outlane'====== Args={'value': 7, 'prev_value': None, 'change': True}
2024-07-14 21:39:00,518 : INFO : EventManager : Event: ======'machine_var_audits_switches_s_right_pop_bumper'====== Args={'value': 15, 'prev_value': None, 'change': True}
2024-07-14 21:39:00,518 : INFO : EventManager : Event: ======'machine_var_audits_switches_s_right_ramp_enter'====== Args={'value': 1, 'prev_value': None, 'change': True}
2024-07-14 21:39:00,518 : INFO : EventManager : Event: ======'machine_var_audits_switches_s_right_ramp_exit'====== Args={'value': 1, 'prev_value': None, 'change': True}
2024-07-14 21:39:00,518 : INFO : EventManager : Event: ======'machine_var_audits_switches_s_right_ramp_standup'====== Args={'value': 169, 'prev_value': None, 'change': True}
2024-07-14 21:39:00,518 : INFO : EventManager : Event: ======'machine_var_audits_switches_s_right_rollover_lane'====== Args={'value': 137, 'prev_value': None, 'change': True}
2024-07-14 21:39:00,518 : INFO : EventManager : Event: ======'machine_var_audits_switches_s_right_sling'====== Args={'value': 1, 'prev_value': None, 'change': True}
2024-07-14 21:39:00,518 : INFO : EventManager : Event: ======'machine_var_audits_switches_s_scoop'====== Args={'value': 66, 'prev_value': None, 'change': True}
2024-07-14 21:39:00,519 : INFO : EventManager : Event: ======'machine_var_audits_switches_s_start'====== Args={'value': 264, 'prev_value': None, 'change': True}
2024-07-14 21:39:00,519 : INFO : EventManager : Event: ======'machine_var_audits_switches_s_top_inline_drop'====== Args={'value': 12, 'prev_value': None, 'change': True}
2024-07-14 21:39:00,519 : INFO : EventManager : Event: ======'machine_var_audits_switches_s_trough1'====== Args={'value': 277, 'prev_value': None, 'change': True}
2024-07-14 21:39:00,519 : INFO : EventManager : Event: ======'machine_var_audits_switches_s_trough2'====== Args={'value': 11, 'prev_value': None, 'change': True}
2024-07-14 21:39:00,519 : INFO : EventManager : Event: ======'machine_var_audits_switches_s_trough3'====== Args={'value': 2, 'prev_value': None, 'change': True}
2024-07-14 21:39:00,519 : INFO : EventManager : Event: ======'machine_var_audits_switches_s_trough4'====== Args={'value': 2, 'prev_value': None, 'change': True}
2024-07-14 21:39:00,519 : INFO : EventManager : Event: ======'machine_var_audits_switches_s_trough5'====== Args={'value': 2, 'prev_value': None, 'change': True}
2024-07-14 21:39:00,520 : INFO : EventManager : Event: ======'machine_var_audits_switches_s_trough6'====== Args={'value': 1, 'prev_value': None, 'change': True}
2024-07-14 21:39:00,520 : INFO : EventManager : Event: ======'machine_var_audits_switches_s_trough_jam'====== Args={'value': 5, 'prev_value': None, 'change': True}
2024-07-14 21:39:00,520 : INFO : EventManager : Event: ======'init_phase_5'====== Args={}
2024-07-14 21:39:00,524 : INFO : EventManager : Event: ======'init_done'====== Args={}
2024-07-14 21:39:00,524 : INFO : EventManager : Event: ======'machine_reset_phase_1'====== Args={}
2024-07-14 21:39:00,532 : INFO : EventManager : Event: ======'machine_reset_phase_2'====== Args={}
2024-07-14 21:39:00,532 : INFO : EventManager : Event: ======'machine_reset_phase_3'====== Args={}
2024-07-14 21:39:00,532 : INFO : drop_target_bank.strickland_bank : All targets are already up. Will not reset bank.
2024-07-14 21:39:00,532 : INFO : EventManager : Event: ======'reset_complete'====== Args={}
2024-07-14 21:39:00,532 : INFO : EventManager : Event: ======'mode_attract_will_start'====== Args={}
2024-07-14 21:39:00,532 : INFO : Timer.attract_switch : Starting Timer.
2024-07-14 21:39:00,532 : INFO : EventManager : Event: ======'timer_attract_switch_started'====== Args={'ticks': 0, 'ticks_remaining': 45}
2024-07-14 21:39:00,532 : INFO : EventManager : Event: ======'timer_attract_switch_tick'====== Args={'ticks': 0, 'ticks_remaining': 45}
2024-07-14 21:39:00,533 : INFO : EventManager : Event: ======'mode_attract_starting'====== Args={}
2024-07-14 21:39:00,533 : INFO : Mode.attract : Started. Priority: 10
2024-07-14 21:39:00,533 : INFO : EventManager : Event: ======'modes_active_modes_changed'====== Args={}
2024-07-14 21:39:00,533 : INFO : EventManager : Event: ======'mode_attract_started'====== Args={}
2024-07-14 21:39:00,533 : INFO : EventManager : Event: ======'collecting_balls_complete'====== Args={}
2024-07-14 21:39:00,533 : INFO : Machine : Starting the main run loop.
2024-07-14 21:39:00,873 : INFO : BcpServer : New client connected.
2024-07-14 21:39:01,534 : INFO : EventManager : Event: ======'timer_attract_switch_tick'====== Args={'ticks': 1, 'ticks_remaining': 44}
2024-07-14 21:39:01,556 : INFO : EventManager : Event: ======'slide__removed'====== Args={'_from_bcp': True}
2024-07-14 21:39:01,581 : INFO : EventManager : Event: ======'slide_dtp_logo_attract_created'====== Args={'_from_bcp': True}
2024-07-14 21:39:01,582 : INFO : EventManager : Event: ======'slide_dtp_logo_attract_active'====== Args={'original_context': 'attract', 'original_calling_context': 'timer_attract_switch_tick{ticks==1}', 'cmd': 'slides_play', '_from_bcp': True}
2024-07-14 21:39:01,589 : INFO : SwitchController : <<<<<<< 's_start' active >>>>>>>
2024-07-14 21:39:01,721 : INFO : SwitchController : <<<<<<< 's_start' inactive >>>>>>>
2024-07-14 21:39:01,721 : INFO : EventManager : Event: ======'request_to_start_game'====== Args={}
2024-07-14 21:39:01,721 : INFO : EventManager : Event: ======'game_start'====== Args={'buttons': [], 'hold_time': 0.13145816600000004}
2024-07-14 21:39:01,721 : INFO : EventManager : Event: ======'mode_game_will_start'====== Args={'buttons': [], 'hold_time': 0.13145816600000004}
2024-07-14 21:39:01,721 : INFO : EventManager : Event: ======'mode_game_starting'====== Args={'buttons': [], 'hold_time': 0.13145816600000004}
2024-07-14 21:39:01,722 : INFO : EventManager : Event: ======'mode_attract_will_stop'====== Args={}
2024-07-14 21:39:01,722 : INFO : EventManager : Event: ======'mode_attract_stopping'====== Args={}
2024-07-14 21:39:01,722 : INFO : Mode.attract : Stopped.
2024-07-14 21:39:01,722 : INFO : EventManager : Event: ======'modes_active_modes_changed'====== Args={}
2024-07-14 21:39:01,722 : INFO : EventManager : Event: ======'mode_attract_stopped'====== Args={}
2024-07-14 21:39:01,722 : INFO : EventManager : Event: ======'clear'====== Args={'key': 'attract'}
2024-07-14 21:39:01,723 : INFO : Timer.attract_switch : Stopping Timer
2024-07-14 21:39:01,723 : INFO : EventManager : Event: ======'timer_attract_switch_stopped'====== Args={'ticks': 1, 'ticks_remaining': 44}
2024-07-14 21:39:01,723 : INFO : Mode.game : Started. Priority: 20
2024-07-14 21:39:01,723 : INFO : EventManager : Event: ======'modes_active_modes_changed'====== Args={}
2024-07-14 21:39:01,723 : INFO : EventManager : Event: ======'mode_game_started'====== Args={'buttons': [], 'hold_time': 0.13145816600000004}
2024-07-14 21:39:01,723 : INFO : EventManager : Event: ======'game_will_start'====== Args={}
2024-07-14 21:39:01,724 : INFO : EventManager : Event: ======'game_starting'====== Args={'game': <Mode.game>}
2024-07-14 21:39:01,724 : INFO : EventManager : Unordered handler for class <Auditor> on event game_ended with priority 1. Handlers: [RegisteredHandler(callback=<bound method Auditor.disable of <Auditor>>, priority=1, kwargs={}, key=UUID('11fe62e8-6a29-4801-a20c-534a54e7af3a'), condition=None, blocking_facility=None), RegisteredHandler(callback=<bound method Auditor._save_audits of <Auditor>>, priority=1, kwargs={}, key=UUID('25b77055-f416-4077-a7cf-cd77ade7c6ee'), condition=None, blocking_facility=None)]. The order of those handlers is not defined and they will be executed in random order. This might lead to race conditions and potential bugs.
2024-07-14 21:39:01,724 : INFO : EventManager : Event: ======'player_add_request'====== Args={}
2024-07-14 21:39:01,724 : INFO : EventManager : Event: ======'player_will_add'====== Args={'number': 1}
2024-07-14 21:39:01,724 : INFO : EventManager : Event: ======'player_adding'====== Args={'player': <Player 1>, 'number': 1}
2024-07-14 21:39:01,724 : INFO : EventManager : Event: ======'player_added'====== Args={'player': <Player 1>, 'num': 1}
2024-07-14 21:39:01,725 : INFO : Mode.game : Player added successfully. Total players: 1
2024-07-14 21:39:01,725 : INFO : EventManager : Event: ======'player_index'====== Args={'value': 0, 'prev_value': 0, 'change': 0, 'player_num': 1}
2024-07-14 21:39:01,725 : INFO : EventManager : Event: ======'player_number'====== Args={'value': 1, 'prev_value': 1, 'change': 0, 'player_num': 1}
2024-07-14 21:39:01,725 : INFO : EventManager : Event: ======'player_score'====== Args={'value': 0, 'prev_value': 0, 'change': 0, 'player_num': 1}
2024-07-14 21:39:01,725 : INFO : EventManager : Event: ======'game_started'====== Args={}
2024-07-14 21:39:01,726 : INFO : EventManager : Event: ======'player_turn_will_start'====== Args={'player': <Player 1>, 'number': 1}
2024-07-14 21:39:01,729 : INFO : EventManager : Event: ======'player_turn_starting'====== Args={'player': <Player 1>, 'number': 1}
2024-07-14 21:39:01,729 : INFO : EventManager : Event: ======'player_ball'====== Args={'value': 1, 'prev_value': 0, 'change': 1, 'player_num': 1}
2024-07-14 21:39:01,729 : INFO : EventManager : Event: ======'player_turn_started'====== Args={'player': <Player 1>, 'number': 1}
2024-07-14 21:39:01,730 : INFO : EventManager : Event: ======'ball_will_start'====== Args={'player': 1, 'ball': 1, 'balls_remaining': 2, 'is_extra_ball': False}
2024-07-14 21:39:01,730 : INFO : EventManager : Event: ======'ball_starting'====== Args={'player': 1, 'ball': 1, 'balls_remaining': 2, 'is_extra_ball': False}
2024-07-14 21:39:01,730 : INFO : EventManager : Event: ======'mode_skillshot_will_start'====== Args={'queue': <QueuedEvent>, 'player': 1, 'ball': 1, 'balls_remaining': 2, 'is_extra_ball': False}
2024-07-14 21:39:01,730 : INFO : EventManager : Event: ======'skillshot_complete'====== Args={'state': 'None'}
2024-07-14 21:39:01,730 : INFO : EventManager : Event: ======'skillshot_None_complete'====== Args={}
2024-07-14 21:39:01,731 : INFO : EventManager : Event: ======'player_shot_skillshot_p_target_enabled'====== Args={'value': True, 'prev_value': 0, 'change': 1, 'player_num': 1}
2024-07-14 21:39:01,731 : INFO : EventManager : Event: ======'player_shot_skillshot_r_target_enabled'====== Args={'value': True, 'prev_value': 0, 'change': 1, 'player_num': 1}
2024-07-14 21:39:01,731 : INFO : EventManager : Event: ======'player_shot_skillshot_o_target_enabled'====== Args={'value': True, 'prev_value': 0, 'change': 1, 'player_num': 1}
2024-07-14 21:39:01,732 : INFO : EventManager : Event: ======'player_shot_skillshot_p2_target_enabled'====== Args={'value': True, 'prev_value': 0, 'change': 1, 'player_num': 1}
2024-07-14 21:39:01,732 : INFO : EventManager : Event: ======'player_shot_skillshot_a_target_enabled'====== Args={'value': True, 'prev_value': 0, 'change': 1, 'player_num': 1}
2024-07-14 21:39:01,732 : INFO : EventManager : Event: ======'player_shot_skillshot_n_target_enabled'====== Args={'value': True, 'prev_value': 0, 'change': 1, 'player_num': 1}
2024-07-14 21:39:01,732 : INFO : EventManager : Event: ======'player_shot_skillshot_e_target_enabled'====== Args={'value': True, 'prev_value': 0, 'change': 1, 'player_num': 1}
2024-07-14 21:39:01,733 : INFO : EventManager : Event: ======'player_skillshot_skillshot_rotate_tick'====== Args={'value': 0, 'prev_value': 0, 'change': 0, 'player_num': 1}
2024-07-14 21:39:01,733 : INFO : Timer.skillshot_rotate : Starting Timer.
2024-07-14 21:39:01,733 : INFO : EventManager : Event: ======'timer_skillshot_rotate_started'====== Args={'ticks': 0, 'ticks_remaining': 0}
2024-07-14 21:39:01,733 : INFO : EventManager : Event: ======'timer_skillshot_rotate_tick'====== Args={'ticks': 0, 'ticks_remaining': 0}
2024-07-14 21:39:01,734 : INFO : EventManager : Event: ======'mode_skillshot_starting'====== Args={'queue': <QueuedEvent>, 'player': 1, 'ball': 1, 'balls_remaining': 2, 'is_extra_ball': False}
2024-07-14 21:39:01,734 : INFO : drop_target_bank.strickland_bank : All targets are already up. Will not reset bank.
2024-07-14 21:39:01,734 : INFO : EventManager : Event: ======'cmd_flippers_enable'====== Args={'priority': 0}
2024-07-14 21:39:01,734 : INFO : EventManager : Event: ======'cmd_autofire_coils_enable'====== Args={'priority': 0}
2024-07-14 21:39:01,734 : INFO : EventManager : Event: ======'cmd_drop_targets_reset'====== Args={'priority': 0}
2024-07-14 21:39:01,734 : INFO : Mode.skillshot : Started. Priority: 200
2024-07-14 21:39:01,734 : INFO : EventManager : Event: ======'modes_active_modes_changed'====== Args={}
2024-07-14 21:39:01,734 : INFO : EventManager : Event: ======'mode_skillshot_started'====== Args={'queue': <QueuedEvent>, 'player': 1, 'ball': 1, 'balls_remaining': 2, 'is_extra_ball': False}
2024-07-14 21:39:01,734 : INFO : EventManager : Event: ======'player_shot_skillshot_p_target'====== Args={'value': 1, 'prev_value': 0, 'change': 1, 'player_num': 1}
2024-07-14 21:39:01,735 : INFO : EventManager : Event: ======'balls_in_play'====== Args={'balls': 1}
2024-07-14 21:39:01,735 : INFO : EventManager : Event: ======'ball_started'====== Args={'player': 1, 'ball': 1, 'balls_remaining': 2, 'is_extra_ball': False}
2024-07-14 21:39:01,738 : INFO : EventManager : Event: ======'mode_mission_select_will_start'====== Args={'player': 1, 'ball': 1, 'balls_remaining': 2, 'is_extra_ball': False}
2024-07-14 21:39:01,738 : ERROR : asyncio : Exception in callback DelayManager._process_delay_callback('draw_screen', <bound method... 0x106582040>>)()
handle: <TimerHandle when=1.541807916 DelayManager._process_delay_callback('draw_screen', <bound method... 0x106582040>>)()>
Traceback (most recent call last):
  File "/Users/nicktaseris/mpfenv/lib/python3.9/site-packages/mpf/core/events.py", line 755, in _run_handlers
    result = handler.callback(**merged_kwargs)
  File "/Users/nicktaseris/mpfenv/lib/python3.9/site-packages/mpf/core/mode.py", line 218, in start
    result = item.method(config=self.config.get(item.config_section, self.config),
  File "/Users/nicktaseris/mpfenv/lib/python3.9/site-packages/mpf/core/config_player.py", line 221, in mode_start
    event_keys = self.register_player_events(config, mode, priority)
  File "/Users/nicktaseris/mpfenv/lib/python3.9/site-packages/mpf/core/config_player.py", line 292, in register_player_events
    raise ConfigFileError("Section not valid outside of game modes. {} {}:{} Mode: {}".format(
mpf.exceptions.config_file_error.ConfigFileError: Config File Error in variable_player: Section not valid outside of game modes. ConfigPlayer.variable_player/variables mission_select_beat_the_surfer_selected:{'selected_mission': {'string': <NativeTemplate Beat The Surfer>, 'action': 'set', 'priority': 0, 'int': None, 'float': None, 'block': False, 'player': None, 'condition': None}} Mode: <Mode.mission_select> Error Code: CFE-variable_player-1 (https://missionpinball.org/logs)

The above exception was the direct cause of the following exception:

Traceback (most recent call last):
  File "/Library/Frameworks/Python.framework/Versions/3.9/lib/python3.9/asyncio/events.py", line 80, in _run
    self._context.run(self._callback, *self._args)
  File "/Users/nicktaseris/mpfenv/lib/python3.9/site-packages/mpf/core/delays.py", line 190, in _process_delay_callback
    self.machine.events.process_event_queue()
  File "/Users/nicktaseris/mpfenv/lib/python3.9/site-packages/mpf/core/events.py", line 846, in process_event_queue
    self._process_event(event=event[0],
  File "/Users/nicktaseris/mpfenv/lib/python3.9/site-packages/mpf/core/events.py", line 808, in _process_event
    result = self._run_handlers(event, ev_type, kwargs)
  File "/Users/nicktaseris/mpfenv/lib/python3.9/site-packages/mpf/core/events.py", line 757, in _run_handlers
    raise EventHandlerException(
mpf.core.events.EventHandlerException: Exception while processing RegisteredHandler(callback=<bound method Mode.start of <Mode.mission_select>>, priority=900, kwargs={}, key=UUID('d6c75a51-fe89-4443-bd61-4917420e715c'), condition=None, blocking_facility=None) for event ball_started. Config File Error in variable_player: Section not valid outside of game modes. ConfigPlayer.variable_player/variables mission_select_beat_the_surfer_selected:{'selected_mission': {'string': <NativeTemplate Beat The Surfer>, 'action': 'set', 'priority': 0, 'int': None, 'float': None, 'block': False, 'player': None, 'condition': None}} Mode: <Mode.mission_select> Error Code: CFE-variable_player-1 (https://missionpinball.org/logs)
2024-07-14 21:39:01,740 : INFO : Machine : Shutting down...
2024-07-14 21:39:01,740 : INFO : EventManager : Event: ======'shutdown'====== Args={}
2024-07-14 21:39:01,741 : INFO : EventManager : Event: ======'mode_game_will_stop'====== Args={}
2024-07-14 21:39:01,741 : INFO : EventManager : Event: ======'mode_game_stopping'====== Args={}
2024-07-14 21:39:01,741 : INFO : EventManager : Event: ======'mode_skillshot_will_stop'====== Args={}
2024-07-14 21:39:01,741 : INFO : EventManager : Event: ======'mode_skillshot_stopping'====== Args={}
2024-07-14 21:39:01,741 : INFO : Mode.skillshot : Stopped.
2024-07-14 21:39:01,741 : INFO : EventManager : Event: ======'modes_active_modes_changed'====== Args={}
2024-07-14 21:39:01,741 : INFO : EventManager : Event: ======'mode_skillshot_stopped'====== Args={}
2024-07-14 21:39:01,741 : INFO : EventManager : Event: ======'clear'====== Args={'key': 'skillshot'}
2024-07-14 21:39:01,742 : INFO : Timer.skillshot_rotate : Stopping Timer
2024-07-14 21:39:01,742 : INFO : EventManager : Event: ======'timer_skillshot_rotate_stopped'====== Args={'ticks': 0, 'ticks_remaining': 0}
2024-07-14 21:39:01,742 : INFO : Mode.game : Stopped.
2024-07-14 21:39:01,742 : INFO : EventManager : Event: ======'modes_active_modes_changed'====== Args={}
2024-07-14 21:39:01,742 : INFO : EventManager : Event: ======'mode_game_stopped'====== Args={}
2024-07-14 21:39:01,742 : INFO : EventManager : Event: ======'clear'====== Args={'key': 'game'}
2024-07-14 21:39:01,751 : ERROR : Machine : Runtime Exception
Traceback (most recent call last):
  File "/Users/nicktaseris/mpfenv/lib/python3.9/site-packages/mpf/core/events.py", line 755, in _run_handlers
    result = handler.callback(**merged_kwargs)
  File "/Users/nicktaseris/mpfenv/lib/python3.9/site-packages/mpf/core/mode.py", line 218, in start
    result = item.method(config=self.config.get(item.config_section, self.config),
  File "/Users/nicktaseris/mpfenv/lib/python3.9/site-packages/mpf/core/config_player.py", line 221, in mode_start
    event_keys = self.register_player_events(config, mode, priority)
  File "/Users/nicktaseris/mpfenv/lib/python3.9/site-packages/mpf/core/config_player.py", line 292, in register_player_events
    raise ConfigFileError("Section not valid outside of game modes. {} {}:{} Mode: {}".format(
mpf.exceptions.config_file_error.ConfigFileError: Config File Error in variable_player: Section not valid outside of game modes. ConfigPlayer.variable_player/variables mission_select_beat_the_surfer_selected:{'selected_mission': {'string': <NativeTemplate Beat The Surfer>, 'action': 'set', 'priority': 0, 'int': None, 'float': None, 'block': False, 'player': None, 'condition': None}} Mode: <Mode.mission_select> Error Code: CFE-variable_player-1 (https://missionpinball.org/logs)

The above exception was the direct cause of the following exception:

Traceback (most recent call last):
  File "/Users/nicktaseris/mpfenv/lib/python3.9/site-packages/mpf/core/machine.py", line 793, in _run_loop
    raise self._exception['exception']
  File "/Library/Frameworks/Python.framework/Versions/3.9/lib/python3.9/asyncio/events.py", line 80, in _run
    self._context.run(self._callback, *self._args)
  File "/Users/nicktaseris/mpfenv/lib/python3.9/site-packages/mpf/core/delays.py", line 190, in _process_delay_callback
    self.machine.events.process_event_queue()
  File "/Users/nicktaseris/mpfenv/lib/python3.9/site-packages/mpf/core/events.py", line 846, in process_event_queue
    self._process_event(event=event[0],
  File "/Users/nicktaseris/mpfenv/lib/python3.9/site-packages/mpf/core/events.py", line 808, in _process_event
    result = self._run_handlers(event, ev_type, kwargs)
  File "/Users/nicktaseris/mpfenv/lib/python3.9/site-packages/mpf/core/events.py", line 757, in _run_handlers
    raise EventHandlerException(
mpf.core.events.EventHandlerException: Exception while processing RegisteredHandler(callback=<bound method Mode.start of <Mode.mission_select>>, priority=900, kwargs={}, key=UUID('d6c75a51-fe89-4443-bd61-4917420e715c'), condition=None, blocking_facility=None) for event ball_started. Config File Error in variable_player: Section not valid outside of game modes. ConfigPlayer.variable_player/variables mission_select_beat_the_surfer_selected:{'selected_mission': {'string': <NativeTemplate Beat The Surfer>, 'action': 'set', 'priority': 0, 'int': None, 'float': None, 'block': False, 'player': None, 'condition': None}} Mode: <Mode.mission_select> Error Code: CFE-variable_player-1 (https://missionpinball.org/logs)
2024-07-14 21:39:01,787 : INFO : crash_reporter : Will not report crash as "report_crashes" mode is "never"
2024-07-14 21:39:01,787 : INFO : root : MPF run loop ended.
