2024-07-13 16:08:49,314 : INFO : root : Loading config.
2024-07-13 16:08:49,316 : INFO : YamlMultifileConfigLoader : Machine config file #1: config.yaml
2024-07-13 16:08:49,316 : WARNING : ConfigProcessor : Config file in cache changed: /Users/nicktaseris/Desktop/Pinball/KOTH/config/config.yaml
2024-07-13 16:08:49,316 : INFO : ConfigProcessor : Loading config from file /Users/nicktaseris/mpfenv/lib/python3.9/site-packages/mpf/mpfconfig.yaml.
2024-07-13 16:08:49,323 : INFO : ConfigProcessor : Loading config: /Users/nicktaseris/mpfenv/lib/python3.9/site-packages/mpf/mpfconfig.yaml
2024-07-13 16:08:49,323 : INFO : ConfigProcessor : Loading config from file /Users/nicktaseris/Desktop/Pinball/KOTH/config/config.yaml.
2024-07-13 16:08:49,328 : INFO : ConfigProcessor : Loading config: /Users/nicktaseris/Desktop/Pinball/KOTH/config/config.yaml
2024-07-13 16:08:49,329 : INFO : ConfigProcessor : Config file cache created: /var/folders/sv/d29kcl5x50v7vt1n6xb5jsd40000gn/T/c166cef8060ffee16a35821bf698da85.mpf_cache
2024-07-13 16:08:49,357 : INFO : ConfigProcessor : Loading config from cache: /var/folders/sv/d29kcl5x50v7vt1n6xb5jsd40000gn/T/6b31c5ac6ecbad948994a8204ea6b05b.mpf_cache
2024-07-13 16:08:49,357 : INFO : ConfigProcessor : Loading config from cache: /var/folders/sv/d29kcl5x50v7vt1n6xb5jsd40000gn/T/fe612d1e66c8a96c19ba449d3748eeac.mpf_cache
2024-07-13 16:08:49,358 : INFO : ConfigProcessor : Loading config from cache: /var/folders/sv/d29kcl5x50v7vt1n6xb5jsd40000gn/T/6b31c5ac6ecbad948994a8204ea6b05b.mpf_cache
2024-07-13 16:08:49,358 : INFO : ConfigProcessor : Loading config from cache: /var/folders/sv/d29kcl5x50v7vt1n6xb5jsd40000gn/T/8765227693ecd961e0504502a81255e0.mpf_cache
2024-07-13 16:08:49,358 : INFO : ConfigProcessor : Loading config from cache: /var/folders/sv/d29kcl5x50v7vt1n6xb5jsd40000gn/T/b247728c74b4d81bcb2825e2b07062a7.mpf_cache
2024-07-13 16:08:49,358 : INFO : ConfigProcessor : Loading config from cache: /var/folders/sv/d29kcl5x50v7vt1n6xb5jsd40000gn/T/f240f94f0b5d0f37ec4fd7571275a101.mpf_cache
2024-07-13 16:08:49,359 : INFO : ConfigProcessor : Loading config from cache: /var/folders/sv/d29kcl5x50v7vt1n6xb5jsd40000gn/T/c4409acfdf3ec94666e0adef48d55400.mpf_cache
2024-07-13 16:08:49,359 : WARNING : ConfigProcessor : Config file in cache changed: /Users/nicktaseris/Desktop/Pinball/KOTH/modes/BBQ_rollover/config/BBQ_rollover.yaml
2024-07-13 16:08:49,359 : INFO : ConfigProcessor : Loading config from file /Users/nicktaseris/Desktop/Pinball/KOTH/modes/BBQ_rollover/config/BBQ_rollover.yaml.
2024-07-13 16:08:49,360 : INFO : ConfigProcessor : Loading config: /Users/nicktaseris/Desktop/Pinball/KOTH/modes/BBQ_rollover/config/BBQ_rollover.yaml
2024-07-13 16:08:49,360 : INFO : ConfigProcessor : Config file cache created: /var/folders/sv/d29kcl5x50v7vt1n6xb5jsd40000gn/T/6a2f50ed892485825cc04dc0a68eab9f.mpf_cache
2024-07-13 16:08:49,361 : INFO : ConfigProcessor : Loading config from cache: /var/folders/sv/d29kcl5x50v7vt1n6xb5jsd40000gn/T/d58c58eb9fd1a2dc27f8acd255fb3761.mpf_cache
2024-07-13 16:08:49,361 : INFO : ConfigProcessor : Loading config from cache: /var/folders/sv/d29kcl5x50v7vt1n6xb5jsd40000gn/T/07adfd310b3ef0e03c5cbc91527abb6c.mpf_cache
2024-07-13 16:08:49,361 : INFO : ConfigProcessor : Loading config from cache: /var/folders/sv/d29kcl5x50v7vt1n6xb5jsd40000gn/T/12bd5247c3bf989b919364bdb7829769.mpf_cache
2024-07-13 16:08:49,361 : INFO : ConfigProcessor : Loading config from cache: /var/folders/sv/d29kcl5x50v7vt1n6xb5jsd40000gn/T/362e08f51a1a1b7a0809dd52f9c83f83.mpf_cache
2024-07-13 16:08:49,362 : INFO : ConfigProcessor : Loading config from cache: /var/folders/sv/d29kcl5x50v7vt1n6xb5jsd40000gn/T/e45e3bd39557ed8d0881194a7afab8f7.mpf_cache
2024-07-13 16:08:49,362 : INFO : ConfigProcessor : Loading config from cache: /var/folders/sv/d29kcl5x50v7vt1n6xb5jsd40000gn/T/331d8d1a1bc190cae8c13495e1db372f.mpf_cache
2024-07-13 16:08:49,362 : INFO : ConfigProcessor : Loading config from cache: /var/folders/sv/d29kcl5x50v7vt1n6xb5jsd40000gn/T/34853b7ed6df3aedbba239874ade5ac8.mpf_cache
2024-07-13 16:08:49,362 : INFO : ConfigProcessor : Loading config from cache: /var/folders/sv/d29kcl5x50v7vt1n6xb5jsd40000gn/T/280fd64455d0d243a54ab4db98fbccbd.mpf_cache
2024-07-13 16:08:49,362 : INFO : ConfigProcessor : Loading config from cache: /var/folders/sv/d29kcl5x50v7vt1n6xb5jsd40000gn/T/f740dfd95525cc25ca6fd48a25d35ac6.mpf_cache
2024-07-13 16:08:49,363 : INFO : ConfigProcessor : Loading config from cache: /var/folders/sv/d29kcl5x50v7vt1n6xb5jsd40000gn/T/3048ed2d7ea14eee3db896f6760aa474.mpf_cache
2024-07-13 16:08:49,363 : INFO : Machine : Mission Pinball Framework Core Engine v0.80.0.dev1
2024-07-13 16:08:49,363 : INFO : Machine : Command line arguments: {'no_load_cache': False, 'create_config_cache': True, 'bcp': True, 'configfile': ['config.yaml'], 'force_assets_load': False, 'platform_integration_test': False, 'jsonlogging': False, 'logfile': 'logs/2024-07-13-16-08-49-mpf-Nicks-MacBook-Air.local.log', 'pause': False, 'production': False, 'text_ui': True, 'loglevel': 15, 'consoleloglevel': 20, 'force_platform': None, 'syslog_address': None, 'mc_file_name': None, 'no_sound': False, 'full_logfile_path': '/Users/nicktaseris/Desktop/Pinball/KOTH/logs/2024-07-13-16-08-49-mpf-Nicks-MacBook-Air.local.log'}
2024-07-13 16:08:49,363 : INFO : Machine : MPF path: /Users/nicktaseris/mpfenv/lib/python3.9/site-packages/mpf
2024-07-13 16:08:49,363 : INFO : Machine : Machine path: /Users/nicktaseris/Desktop/Pinball/KOTH
2024-07-13 16:08:49,363 : INFO : Machine : Platform: darwin
2024-07-13 16:08:49,363 : INFO : Machine : Python executable location: /Users/nicktaseris/mpfenv/bin/python3
2024-07-13 16:08:49,363 : INFO : Machine : Python version: 3.9.13 (64-bit)
2024-07-13 16:08:49,364 : INFO : Machine : Initializing MPF...
2024-07-13 16:08:49,398 : INFO : EventManager : Event: ======'machine_var_credits_string'====== Args={'value': 'FREE PLAY', 'prev_value': None, 'change': True}
2024-07-13 16:08:49,404 : INFO : EventManager : Event: ======'machine_var_master_volume'====== Args={'value': 0.5, 'prev_value': None, 'change': True}
2024-07-13 16:08:49,404 : INFO : EventManager : Event: ======'machine_var_player1_score'====== Args={'value': 370600, 'prev_value': None, 'change': True}
2024-07-13 16:08:49,404 : INFO : EventManager : Event: ======'machine_var_mpf_version'====== Args={'value': 'Mission Pinball Framework v0.80.0.dev1', 'prev_value': None, 'change': True}
2024-07-13 16:08:49,404 : INFO : EventManager : Event: ======'machine_var_mpf_extended_version'====== Args={'value': 'Mission Pinball Framework v0.80.0.dev1, Config version:6, Show version: 6, BCP version:1.1', 'prev_value': None, 'change': True}
2024-07-13 16:08:49,404 : INFO : EventManager : Event: ======'machine_var_python_version'====== Args={'value': '3.9.13', 'prev_value': None, 'change': True}
2024-07-13 16:08:49,416 : INFO : EventManager : Event: ======'machine_var_platform'====== Args={'value': 'macOS-12.1-arm64-arm-64bit', 'prev_value': None, 'change': True}
2024-07-13 16:08:49,416 : INFO : EventManager : Event: ======'machine_var_platform_system'====== Args={'value': 'Darwin', 'prev_value': None, 'change': True}
2024-07-13 16:08:49,416 : INFO : EventManager : Event: ======'machine_var_platform_release'====== Args={'value': '21.2.0', 'prev_value': None, 'change': True}
2024-07-13 16:08:49,416 : INFO : EventManager : Event: ======'machine_var_platform_version'====== Args={'value': 'Darwin Kernel Version 21.2.0: Sun Nov 28 20:29:10 PST 2021; root:xnu-8019.61.5~1/RELEASE_ARM64_T8101', 'prev_value': None, 'change': True}
2024-07-13 16:08:49,416 : INFO : EventManager : Event: ======'machine_var_platform_machine'====== Args={'value': 'arm64', 'prev_value': None, 'change': True}
2024-07-13 16:08:49,416 : INFO : EventManager : Event: ======'machine_var_log_file_path'====== Args={'value': '/Users/nicktaseris/Desktop/Pinball/KOTH/logs/2024-07-13-16-08-49-mpf-Nicks-MacBook-Air.local.log', 'prev_value': None, 'change': True}
2024-07-13 16:08:49,416 : INFO : EventManager : Event: ======'init_phase_1'====== Args={}
2024-07-13 16:08:49,434 : INFO : EventManager : Event: ======'drop_target_bank_strickland_bank_up'====== Args={}
2024-07-13 16:08:49,434 : INFO : EventManager : Event: ======'init_phase_2'====== Args={}
2024-07-13 16:08:49,435 : INFO : SwitchController : Found active switch: ('39', <Platform.SmartVirtual>) <switch.s_trough1>
2024-07-13 16:08:49,435 : INFO : SwitchController : Found active switch: ('40', <Platform.SmartVirtual>) <switch.s_trough2>
2024-07-13 16:08:49,435 : INFO : SwitchController : Found active switch: ('41', <Platform.SmartVirtual>) <switch.s_trough3>
2024-07-13 16:08:49,435 : INFO : SwitchController : Found active switch: ('42', <Platform.SmartVirtual>) <switch.s_trough4>
2024-07-13 16:08:49,435 : INFO : SwitchController : Found active switch: ('43', <Platform.SmartVirtual>) <switch.s_trough5>
2024-07-13 16:08:49,435 : INFO : SwitchController : Found active switch: ('44', <Platform.SmartVirtual>) <switch.s_trough6>
2024-07-13 16:08:49,438 : INFO : EventManager : Event: ======'bcp_connection_attempt'====== Args={'name': 'local_display', 'host': 'localhost', 'port': 5050}
2024-07-13 16:08:49,439 : INFO : BCPClientSocket : Connecting BCP to 'local_display' at localhost:5050...
2024-07-13 16:08:50,062 : INFO : BCPClientSocket : Connected BCP to 'local_display' localhost:5050
2024-07-13 16:08:50,063 : INFO : EventManager : Event: ======'bcp_clients_connected'====== Args={}
2024-07-13 16:08:50,068 : INFO : ball_device.bd_trough : BCH: Initial count: 6
2024-07-13 16:08:50,069 : INFO : ball_device.bd_trough : State: idle
2024-07-13 16:08:50,069 : INFO : ball_device.bd_plunger : BCH: Initial count: 0
2024-07-13 16:08:50,069 : INFO : ball_device.bd_plunger : State: idle
2024-07-13 16:08:50,070 : INFO : ball_device.bd_scoop : BCH: Initial count: 0
2024-07-13 16:08:50,070 : INFO : ball_device.bd_scoop : State: idle
2024-07-13 16:08:50,078 : INFO : EventManager : Event: ======'init_phase_3'====== Args={}
2024-07-13 16:08:50,085 : INFO : EventManager : Event: ======'init_phase_4'====== Args={}
2024-07-13 16:08:50,088 : INFO : BallController : Initial balls found: 6
2024-07-13 16:08:50,091 : INFO : EventManager : Event: ======'machine_var_audits_events_game_ended'====== Args={'value': 3, 'prev_value': None, 'change': True}
2024-07-13 16:08:50,091 : INFO : EventManager : Event: ======'machine_var_audits_events_game_started'====== Args={'value': 273, 'prev_value': None, 'change': True}
2024-07-13 16:08:50,091 : INFO : EventManager : Event: ======'machine_var_audits_missing_switches_s_a_target'====== Args={'value': 8, 'prev_value': None, 'change': True}
2024-07-13 16:08:50,091 : INFO : EventManager : Event: ======'machine_var_audits_missing_switches_s_bottom_inline_drop'====== Args={'value': 18, 'prev_value': None, 'change': True}
2024-07-13 16:08:50,091 : INFO : EventManager : Event: ======'machine_var_audits_missing_switches_s_bottom_pop_bumper'====== Args={'value': 12, 'prev_value': None, 'change': True}
2024-07-13 16:08:50,091 : INFO : EventManager : Event: ======'machine_var_audits_missing_switches_s_center_spinner'====== Args={'value': 20, 'prev_value': None, 'change': True}
2024-07-13 16:08:50,091 : INFO : EventManager : Event: ======'machine_var_audits_missing_switches_s_e_target'====== Args={'value': 6, 'prev_value': None, 'change': True}
2024-07-13 16:08:50,091 : INFO : EventManager : Event: ======'machine_var_audits_missing_switches_s_left_flipper'====== Args={'value': 17, 'prev_value': None, 'change': True}
2024-07-13 16:08:50,091 : INFO : EventManager : Event: ======'machine_var_audits_missing_switches_s_left_inlane'====== Args={'value': 151, 'prev_value': None, 'change': True}
2024-07-13 16:08:50,091 : INFO : EventManager : Event: ======'machine_var_audits_missing_switches_s_left_inner_horseshoe'====== Args={'value': 29, 'prev_value': None, 'change': True}
2024-07-13 16:08:50,091 : INFO : EventManager : Event: ======'machine_var_audits_missing_switches_s_left_orbit_enter'====== Args={'value': 188, 'prev_value': None, 'change': True}
2024-07-13 16:08:50,091 : INFO : EventManager : Event: ======'machine_var_audits_missing_switches_s_left_orbit_exit'====== Args={'value': 29, 'prev_value': None, 'change': True}
2024-07-13 16:08:50,091 : INFO : EventManager : Event: ======'machine_var_audits_missing_switches_s_left_outlane'====== Args={'value': 148, 'prev_value': None, 'change': True}
2024-07-13 16:08:50,091 : INFO : EventManager : Event: ======'machine_var_audits_missing_switches_s_left_pop_bumper'====== Args={'value': 224, 'prev_value': None, 'change': True}
2024-07-13 16:08:50,091 : INFO : EventManager : Event: ======'machine_var_audits_missing_switches_s_left_ramp_enter'====== Args={'value': 87, 'prev_value': None, 'change': True}
2024-07-13 16:08:50,091 : INFO : EventManager : Event: ======'machine_var_audits_missing_switches_s_left_ramp_exit'====== Args={'value': 151, 'prev_value': None, 'change': True}
2024-07-13 16:08:50,091 : INFO : EventManager : Event: ======'machine_var_audits_missing_switches_s_left_rollover_lane'====== Args={'value': 1, 'prev_value': None, 'change': True}
2024-07-13 16:08:50,092 : INFO : EventManager : Event: ======'machine_var_audits_missing_switches_s_left_sling'====== Args={'value': 213, 'prev_value': None, 'change': True}
2024-07-13 16:08:50,092 : INFO : EventManager : Event: ======'machine_var_audits_missing_switches_s_left_spinner'====== Args={'value': 162, 'prev_value': None, 'change': True}
2024-07-13 16:08:50,092 : INFO : EventManager : Event: ======'machine_var_audits_missing_switches_s_middle_inline_drop'====== Args={'value': 18, 'prev_value': None, 'change': True}
2024-07-13 16:08:50,092 : INFO : EventManager : Event: ======'machine_var_audits_missing_switches_s_n_target'====== Args={'value': 3, 'prev_value': None, 'change': True}
2024-07-13 16:08:50,092 : INFO : EventManager : Event: ======'machine_var_audits_missing_switches_s_o_target'====== Args={'value': 121, 'prev_value': None, 'change': True}
2024-07-13 16:08:50,092 : INFO : EventManager : Event: ======'machine_var_audits_missing_switches_s_p2_target'====== Args={'value': 7, 'prev_value': None, 'change': True}
2024-07-13 16:08:50,092 : INFO : EventManager : Event: ======'machine_var_audits_missing_switches_s_p_target'====== Args={'value': 1, 'prev_value': None, 'change': True}
2024-07-13 16:08:50,092 : INFO : EventManager : Event: ======'machine_var_audits_missing_switches_s_right_flipper'====== Args={'value': 5, 'prev_value': None, 'change': True}
2024-07-13 16:08:50,092 : INFO : EventManager : Event: ======'machine_var_audits_missing_switches_s_right_inlane'====== Args={'value': 224, 'prev_value': None, 'change': True}
2024-07-13 16:08:50,092 : INFO : EventManager : Event: ======'machine_var_audits_missing_switches_s_right_inner_horseshoe'====== Args={'value': 3, 'prev_value': None, 'change': True}
2024-07-13 16:08:50,092 : INFO : EventManager : Event: ======'machine_var_audits_missing_switches_s_right_orbit_exit'====== Args={'value': 16, 'prev_value': None, 'change': True}
2024-07-13 16:08:50,092 : INFO : EventManager : Event: ======'machine_var_audits_missing_switches_s_right_outlane'====== Args={'value': 224, 'prev_value': None, 'change': True}
2024-07-13 16:08:50,092 : INFO : EventManager : Event: ======'machine_var_audits_missing_switches_s_right_pop_bumper'====== Args={'value': 56, 'prev_value': None, 'change': True}
2024-07-13 16:08:50,092 : INFO : EventManager : Event: ======'machine_var_audits_missing_switches_s_right_ramp_enter'====== Args={'value': 262, 'prev_value': None, 'change': True}
2024-07-13 16:08:50,093 : INFO : EventManager : Event: ======'machine_var_audits_missing_switches_s_right_ramp_exit'====== Args={'value': 262, 'prev_value': None, 'change': True}
2024-07-13 16:08:50,093 : INFO : EventManager : Event: ======'machine_var_audits_missing_switches_s_right_sling'====== Args={'value': 224, 'prev_value': None, 'change': True}
2024-07-13 16:08:50,093 : INFO : EventManager : Event: ======'machine_var_audits_missing_switches_s_scoop'====== Args={'value': 3, 'prev_value': None, 'change': True}
2024-07-13 16:08:50,093 : INFO : EventManager : Event: ======'machine_var_audits_missing_switches_s_start'====== Args={'value': 5, 'prev_value': None, 'change': True}
2024-07-13 16:08:50,093 : INFO : EventManager : Event: ======'machine_var_audits_missing_switches_s_top_inline_drop'====== Args={'value': 18, 'prev_value': None, 'change': True}
2024-07-13 16:08:50,093 : INFO : EventManager : Event: ======'machine_var_audits_missing_switches_s_trough1'====== Args={'value': 1, 'prev_value': None, 'change': True}
2024-07-13 16:08:50,093 : INFO : EventManager : Event: ======'machine_var_audits_missing_switches_s_trough2'====== Args={'value': 150, 'prev_value': None, 'change': True}
2024-07-13 16:08:50,093 : INFO : EventManager : Event: ======'machine_var_audits_missing_switches_s_trough3'====== Args={'value': 228, 'prev_value': None, 'change': True}
2024-07-13 16:08:50,093 : INFO : EventManager : Event: ======'machine_var_audits_missing_switches_s_trough4'====== Args={'value': 228, 'prev_value': None, 'change': True}
2024-07-13 16:08:50,093 : INFO : EventManager : Event: ======'machine_var_audits_missing_switches_s_trough5'====== Args={'value': 228, 'prev_value': None, 'change': True}
2024-07-13 16:08:50,093 : INFO : EventManager : Event: ======'machine_var_audits_missing_switches_s_trough6'====== Args={'value': 228, 'prev_value': None, 'change': True}
2024-07-13 16:08:50,093 : INFO : EventManager : Event: ======'machine_var_audits_missing_switches_s_trough_jam'====== Args={'value': 161, 'prev_value': None, 'change': True}
2024-07-13 16:08:50,094 : INFO : EventManager : Event: ======'machine_var_audits_player_score'====== Args={'value': {'average': 92899, 'top': [370600, 400, 300, 250], 'total': 4}, 'prev_value': None, 'change': True}
2024-07-13 16:08:50,094 : INFO : EventManager : Event: ======'machine_var_audits_shots_a_target'====== Args={'value': 7, 'prev_value': None, 'change': True}
2024-07-13 16:08:50,094 : INFO : EventManager : Event: ======'machine_var_audits_shots_e_target'====== Args={'value': 3, 'prev_value': None, 'change': True}
2024-07-13 16:08:50,094 : INFO : EventManager : Event: ======'machine_var_audits_shots_left_rollover_lane'====== Args={'value': 64, 'prev_value': None, 'change': True}
2024-07-13 16:08:50,094 : INFO : EventManager : Event: ======'machine_var_audits_shots_middle_rollover_lane'====== Args={'value': 59, 'prev_value': None, 'change': True}
2024-07-13 16:08:50,094 : INFO : EventManager : Event: ======'machine_var_audits_shots_n_target'====== Args={'value': 9, 'prev_value': None, 'change': True}
2024-07-13 16:08:50,094 : INFO : EventManager : Event: ======'machine_var_audits_shots_o_target'====== Args={'value': 4, 'prev_value': None, 'change': True}
2024-07-13 16:08:50,094 : INFO : EventManager : Event: ======'machine_var_audits_shots_p2_target'====== Args={'value': 5, 'prev_value': None, 'change': True}
2024-07-13 16:08:50,094 : INFO : EventManager : Event: ======'machine_var_audits_shots_p_target'====== Args={'value': 8, 'prev_value': None, 'change': True}
2024-07-13 16:08:50,094 : INFO : EventManager : Event: ======'machine_var_audits_shots_qualify_o_target'====== Args={'value': 12, 'prev_value': None, 'change': True}
2024-07-13 16:08:50,095 : INFO : EventManager : Event: ======'machine_var_audits_shots_qualify_p_target'====== Args={'value': 8, 'prev_value': None, 'change': True}
2024-07-13 16:08:50,095 : INFO : EventManager : Event: ======'machine_var_audits_shots_qualify_r_target'====== Args={'value': 43, 'prev_value': None, 'change': True}
2024-07-13 16:08:50,095 : INFO : EventManager : Event: ======'machine_var_audits_shots_r_target'====== Args={'value': 14, 'prev_value': None, 'change': True}
2024-07-13 16:08:50,095 : INFO : EventManager : Event: ======'machine_var_audits_shots_right_rollover_lane'====== Args={'value': 63, 'prev_value': None, 'change': True}
2024-07-13 16:08:50,095 : INFO : EventManager : Event: ======'machine_var_audits_shots_skillshot_a_target'====== Args={'value': 10, 'prev_value': None, 'change': True}
2024-07-13 16:08:50,095 : INFO : EventManager : Event: ======'machine_var_audits_shots_skillshot_e_target'====== Args={'value': 15, 'prev_value': None, 'change': True}
2024-07-13 16:08:50,095 : INFO : EventManager : Event: ======'machine_var_audits_shots_skillshot_n_target'====== Args={'value': 12, 'prev_value': None, 'change': True}
2024-07-13 16:08:50,095 : INFO : EventManager : Event: ======'machine_var_audits_shots_skillshot_o_target'====== Args={'value': 4, 'prev_value': None, 'change': True}
2024-07-13 16:08:50,095 : INFO : EventManager : Event: ======'machine_var_audits_shots_skillshot_p2_target'====== Args={'value': 1, 'prev_value': None, 'change': True}
2024-07-13 16:08:50,096 : INFO : EventManager : Event: ======'machine_var_audits_shots_skillshot_p_target'====== Args={'value': 1, 'prev_value': None, 'change': True}
2024-07-13 16:08:50,096 : INFO : EventManager : Event: ======'machine_var_audits_shots_skillshot_r_target'====== Args={'value': 7, 'prev_value': None, 'change': True}
2024-07-13 16:08:50,096 : INFO : EventManager : Event: ======'machine_var_audits_switches_s_a_target'====== Args={'value': 45, 'prev_value': None, 'change': True}
2024-07-13 16:08:50,096 : INFO : EventManager : Event: ======'machine_var_audits_switches_s_bottom_inline_drop'====== Args={'value': 17, 'prev_value': None, 'change': True}
2024-07-13 16:08:50,096 : INFO : EventManager : Event: ======'machine_var_audits_switches_s_bottom_pop_bumper'====== Args={'value': 5, 'prev_value': None, 'change': True}
2024-07-13 16:08:50,096 : INFO : EventManager : Event: ======'machine_var_audits_switches_s_center_spinner'====== Args={'value': 3, 'prev_value': None, 'change': True}
2024-07-13 16:08:50,096 : INFO : EventManager : Event: ======'machine_var_audits_switches_s_e_target'====== Args={'value': 71, 'prev_value': None, 'change': True}
2024-07-13 16:08:50,097 : INFO : EventManager : Event: ======'machine_var_audits_switches_s_left_flipper'====== Args={'value': 124, 'prev_value': None, 'change': True}
2024-07-13 16:08:50,097 : INFO : EventManager : Event: ======'machine_var_audits_switches_s_left_inlane'====== Args={'value': 7, 'prev_value': None, 'change': True}
2024-07-13 16:08:50,097 : INFO : EventManager : Event: ======'machine_var_audits_switches_s_left_inner_horseshoe'====== Args={'value': 6, 'prev_value': None, 'change': True}
2024-07-13 16:08:50,097 : INFO : EventManager : Event: ======'machine_var_audits_switches_s_left_orbit_enter'====== Args={'value': 8, 'prev_value': None, 'change': True}
2024-07-13 16:08:50,097 : INFO : EventManager : Event: ======'machine_var_audits_switches_s_left_orbit_exit'====== Args={'value': 13, 'prev_value': None, 'change': True}
2024-07-13 16:08:50,097 : INFO : EventManager : Event: ======'machine_var_audits_switches_s_left_outlane'====== Args={'value': 15, 'prev_value': None, 'change': True}
2024-07-13 16:08:50,098 : INFO : EventManager : Event: ======'machine_var_audits_switches_s_left_pop_bumper'====== Args={'value': 2, 'prev_value': None, 'change': True}
2024-07-13 16:08:50,098 : INFO : EventManager : Event: ======'machine_var_audits_switches_s_left_ramp_enter'====== Args={'value': 9, 'prev_value': None, 'change': True}
2024-07-13 16:08:50,098 : INFO : EventManager : Event: ======'machine_var_audits_switches_s_left_ramp_exit'====== Args={'value': 3, 'prev_value': None, 'change': True}
2024-07-13 16:08:50,098 : INFO : EventManager : Event: ======'machine_var_audits_switches_s_left_ramp_standup'====== Args={'value': 318, 'prev_value': None, 'change': True}
2024-07-13 16:08:50,098 : INFO : EventManager : Event: ======'machine_var_audits_switches_s_left_rollover_lane'====== Args={'value': 69, 'prev_value': None, 'change': True}
2024-07-13 16:08:50,098 : INFO : EventManager : Event: ======'machine_var_audits_switches_s_left_sling'====== Args={'value': 10, 'prev_value': None, 'change': True}
2024-07-13 16:08:50,098 : INFO : EventManager : Event: ======'machine_var_audits_switches_s_left_spinner'====== Args={'value': 27, 'prev_value': None, 'change': True}
2024-07-13 16:08:50,098 : INFO : EventManager : Event: ======'machine_var_audits_switches_s_middle_inline_drop'====== Args={'value': 18, 'prev_value': None, 'change': True}
2024-07-13 16:08:50,099 : INFO : EventManager : Event: ======'machine_var_audits_switches_s_middle_rollover_lane'====== Args={'value': 62, 'prev_value': None, 'change': True}
2024-07-13 16:08:50,099 : INFO : EventManager : Event: ======'machine_var_audits_switches_s_n_target'====== Args={'value': 62, 'prev_value': None, 'change': True}
2024-07-13 16:08:50,099 : INFO : EventManager : Event: ======'machine_var_audits_switches_s_o_target'====== Args={'value': 57, 'prev_value': None, 'change': True}
2024-07-13 16:08:50,099 : INFO : EventManager : Event: ======'machine_var_audits_switches_s_p2_target'====== Args={'value': 11, 'prev_value': None, 'change': True}
2024-07-13 16:08:50,099 : INFO : EventManager : Event: ======'machine_var_audits_switches_s_p_target'====== Args={'value': 221, 'prev_value': None, 'change': True}
2024-07-13 16:08:50,099 : INFO : EventManager : Event: ======'machine_var_audits_switches_s_plunger'====== Args={'value': 342, 'prev_value': None, 'change': True}
2024-07-13 16:08:50,100 : INFO : EventManager : Event: ======'machine_var_audits_switches_s_plunger_lane'====== Args={'value': 39, 'prev_value': None, 'change': True}
2024-07-13 16:08:50,100 : INFO : EventManager : Event: ======'machine_var_audits_switches_s_plunger_lane_exit'====== Args={'value': 167, 'prev_value': None, 'change': True}
2024-07-13 16:08:50,100 : INFO : EventManager : Event: ======'machine_var_audits_switches_s_r_target'====== Args={'value': 78, 'prev_value': None, 'change': True}
2024-07-13 16:08:50,100 : INFO : EventManager : Event: ======'machine_var_audits_switches_s_right_flipper'====== Args={'value': 103, 'prev_value': None, 'change': True}
2024-07-13 16:08:50,100 : INFO : EventManager : Event: ======'machine_var_audits_switches_s_right_inlane'====== Args={'value': 9, 'prev_value': None, 'change': True}
2024-07-13 16:08:50,100 : INFO : EventManager : Event: ======'machine_var_audits_switches_s_right_inner_horseshoe'====== Args={'value': 5, 'prev_value': None, 'change': True}
2024-07-13 16:08:50,101 : INFO : EventManager : Event: ======'machine_var_audits_switches_s_right_orbit_exit'====== Args={'value': 33, 'prev_value': None, 'change': True}
2024-07-13 16:08:50,101 : INFO : EventManager : Event: ======'machine_var_audits_switches_s_right_outlane'====== Args={'value': 7, 'prev_value': None, 'change': True}
2024-07-13 16:08:50,101 : INFO : EventManager : Event: ======'machine_var_audits_switches_s_right_pop_bumper'====== Args={'value': 8, 'prev_value': None, 'change': True}
2024-07-13 16:08:50,101 : INFO : EventManager : Event: ======'machine_var_audits_switches_s_right_ramp_enter'====== Args={'value': 0, 'prev_value': None, 'change': True}
2024-07-13 16:08:50,101 : INFO : EventManager : Event: ======'machine_var_audits_switches_s_right_ramp_exit'====== Args={'value': 0, 'prev_value': None, 'change': True}
2024-07-13 16:08:50,102 : INFO : EventManager : Event: ======'machine_var_audits_switches_s_right_ramp_standup'====== Args={'value': 152, 'prev_value': None, 'change': True}
2024-07-13 16:08:50,102 : INFO : EventManager : Event: ======'machine_var_audits_switches_s_right_rollover_lane'====== Args={'value': 77, 'prev_value': None, 'change': True}
2024-07-13 16:08:50,102 : INFO : EventManager : Event: ======'machine_var_audits_switches_s_right_sling'====== Args={'value': 1, 'prev_value': None, 'change': True}
2024-07-13 16:08:50,102 : INFO : EventManager : Event: ======'machine_var_audits_switches_s_scoop'====== Args={'value': 46, 'prev_value': None, 'change': True}
2024-07-13 16:08:50,102 : INFO : EventManager : Event: ======'machine_var_audits_switches_s_start'====== Args={'value': 259, 'prev_value': None, 'change': True}
2024-07-13 16:08:50,102 : INFO : EventManager : Event: ======'machine_var_audits_switches_s_top_inline_drop'====== Args={'value': 12, 'prev_value': None, 'change': True}
2024-07-13 16:08:50,103 : INFO : EventManager : Event: ======'machine_var_audits_switches_s_trough1'====== Args={'value': 265, 'prev_value': None, 'change': True}
2024-07-13 16:08:50,103 : INFO : EventManager : Event: ======'machine_var_audits_switches_s_trough2'====== Args={'value': 11, 'prev_value': None, 'change': True}
2024-07-13 16:08:50,103 : INFO : EventManager : Event: ======'machine_var_audits_switches_s_trough3'====== Args={'value': 2, 'prev_value': None, 'change': True}
2024-07-13 16:08:50,103 : INFO : EventManager : Event: ======'machine_var_audits_switches_s_trough4'====== Args={'value': 2, 'prev_value': None, 'change': True}
2024-07-13 16:08:50,104 : INFO : EventManager : Event: ======'machine_var_audits_switches_s_trough5'====== Args={'value': 2, 'prev_value': None, 'change': True}
2024-07-13 16:08:50,104 : INFO : EventManager : Event: ======'machine_var_audits_switches_s_trough6'====== Args={'value': 1, 'prev_value': None, 'change': True}
2024-07-13 16:08:50,104 : INFO : EventManager : Event: ======'machine_var_audits_switches_s_trough_jam'====== Args={'value': 5, 'prev_value': None, 'change': True}
2024-07-13 16:08:50,104 : INFO : EventManager : Event: ======'init_phase_5'====== Args={}
2024-07-13 16:08:50,110 : INFO : EventManager : Event: ======'init_done'====== Args={}
2024-07-13 16:08:50,110 : INFO : EventManager : Event: ======'machine_reset_phase_1'====== Args={}
2024-07-13 16:08:50,120 : INFO : EventManager : Event: ======'machine_reset_phase_2'====== Args={}
2024-07-13 16:08:50,120 : INFO : EventManager : Event: ======'machine_reset_phase_3'====== Args={}
2024-07-13 16:08:50,120 : INFO : drop_target_bank.strickland_bank : All targets are already up. Will not reset bank.
2024-07-13 16:08:50,120 : INFO : EventManager : Event: ======'reset_complete'====== Args={}
2024-07-13 16:08:50,120 : INFO : EventManager : Event: ======'mode_attract_will_start'====== Args={}
2024-07-13 16:08:50,120 : INFO : Timer.attract_switch : Starting Timer.
2024-07-13 16:08:50,120 : INFO : EventManager : Event: ======'timer_attract_switch_started'====== Args={'ticks': 0, 'ticks_remaining': 45}
2024-07-13 16:08:50,120 : INFO : EventManager : Event: ======'timer_attract_switch_tick'====== Args={'ticks': 0, 'ticks_remaining': 45}
2024-07-13 16:08:50,124 : INFO : EventManager : Event: ======'mode_attract_starting'====== Args={}
2024-07-13 16:08:50,124 : INFO : Mode.attract : Started. Priority: 10
2024-07-13 16:08:50,124 : INFO : EventManager : Event: ======'modes_active_modes_changed'====== Args={}
2024-07-13 16:08:50,124 : INFO : EventManager : Event: ======'mode_attract_started'====== Args={}
2024-07-13 16:08:50,124 : INFO : EventManager : Event: ======'collecting_balls_complete'====== Args={}
2024-07-13 16:08:50,124 : INFO : Machine : Starting the main run loop.
2024-07-13 16:08:50,934 : INFO : BcpServer : New client connected.
2024-07-13 16:08:51,044 : INFO : SwitchController : <<<<<<< 's_start' active >>>>>>>
2024-07-13 16:08:51,100 : INFO : SwitchController : <<<<<<< 's_start' inactive >>>>>>>
2024-07-13 16:08:51,104 : INFO : EventManager : Event: ======'request_to_start_game'====== Args={}
2024-07-13 16:08:51,107 : INFO : EventManager : Event: ======'game_start'====== Args={'buttons': [], 'hold_time': 0.04911745899999964}
2024-07-13 16:08:51,107 : INFO : EventManager : Event: ======'mode_game_will_start'====== Args={'buttons': [], 'hold_time': 0.04911745899999964}
2024-07-13 16:08:51,108 : INFO : EventManager : Event: ======'mode_game_starting'====== Args={'buttons': [], 'hold_time': 0.04911745899999964}
2024-07-13 16:08:51,108 : INFO : EventManager : Event: ======'mode_attract_will_stop'====== Args={}
2024-07-13 16:08:51,108 : INFO : EventManager : Event: ======'mode_attract_stopping'====== Args={}
2024-07-13 16:08:51,108 : INFO : Mode.attract : Stopped.
2024-07-13 16:08:51,108 : INFO : EventManager : Event: ======'modes_active_modes_changed'====== Args={}
2024-07-13 16:08:51,113 : INFO : EventManager : Event: ======'mode_attract_stopped'====== Args={}
2024-07-13 16:08:51,114 : INFO : EventManager : Event: ======'clear'====== Args={'key': 'attract'}
2024-07-13 16:08:51,114 : INFO : Timer.attract_switch : Stopping Timer
2024-07-13 16:08:51,114 : INFO : EventManager : Event: ======'timer_attract_switch_stopped'====== Args={'ticks': 0, 'ticks_remaining': 45}
2024-07-13 16:08:51,114 : INFO : Mode.game : Started. Priority: 20
2024-07-13 16:08:51,115 : INFO : EventManager : Event: ======'modes_active_modes_changed'====== Args={}
2024-07-13 16:08:51,115 : INFO : EventManager : Event: ======'mode_game_started'====== Args={'buttons': [], 'hold_time': 0.04911745899999964}
2024-07-13 16:08:51,115 : INFO : EventManager : Event: ======'game_will_start'====== Args={}
2024-07-13 16:08:51,119 : INFO : EventManager : Event: ======'game_starting'====== Args={'game': <Mode.game>}
2024-07-13 16:08:51,128 : INFO : EventManager : Event: ======'slide__removed'====== Args={'_from_bcp': True}
2024-07-13 16:08:51,129 : INFO : EventManager : Unordered handler for class <Auditor> on event game_ended with priority 1. Handlers: [RegisteredHandler(callback=<bound method Auditor.disable of <Auditor>>, priority=1, kwargs={}, key=UUID('62451928-5961-48dc-8f5b-6f0e96f2979c'), condition=None, blocking_facility=None), RegisteredHandler(callback=<bound method Auditor._save_audits of <Auditor>>, priority=1, kwargs={}, key=UUID('d9b0d6a3-2ff0-432a-b012-7c68b75d6dcc'), condition=None, blocking_facility=None)]. The order of those handlers is not defined and they will be executed in random order. This might lead to race conditions and potential bugs.
2024-07-13 16:08:51,129 : INFO : EventManager : Event: ======'player_add_request'====== Args={}
2024-07-13 16:08:51,129 : INFO : EventManager : Event: ======'player_will_add'====== Args={'number': 1}
2024-07-13 16:08:51,129 : INFO : EventManager : Event: ======'player_adding'====== Args={'player': <Player 1>, 'number': 1}
2024-07-13 16:08:51,130 : INFO : EventManager : Event: ======'player_added'====== Args={'player': <Player 1>, 'num': 1}
2024-07-13 16:08:51,130 : INFO : Mode.game : Player added successfully. Total players: 1
2024-07-13 16:08:51,131 : INFO : EventManager : Event: ======'player_index'====== Args={'value': 0, 'prev_value': 0, 'change': 0, 'player_num': 1}
2024-07-13 16:08:51,132 : INFO : EventManager : Event: ======'player_number'====== Args={'value': 1, 'prev_value': 1, 'change': 0, 'player_num': 1}
2024-07-13 16:08:51,132 : INFO : EventManager : Event: ======'player_score'====== Args={'value': 0, 'prev_value': 0, 'change': 0, 'player_num': 1}
2024-07-13 16:08:51,134 : INFO : EventManager : Event: ======'game_started'====== Args={}
2024-07-13 16:08:51,138 : INFO : EventManager : Event: ======'player_turn_will_start'====== Args={'player': <Player 1>, 'number': 1}
2024-07-13 16:08:51,138 : INFO : EventManager : Event: ======'player_turn_starting'====== Args={'player': <Player 1>, 'number': 1}
2024-07-13 16:08:51,147 : INFO : EventManager : Event: ======'player_ball'====== Args={'value': 1, 'prev_value': 0, 'change': 1, 'player_num': 1}
2024-07-13 16:08:51,148 : INFO : EventManager : Event: ======'player_turn_started'====== Args={'player': <Player 1>, 'number': 1}
2024-07-13 16:08:51,148 : INFO : EventManager : Event: ======'ball_will_start'====== Args={'player': 1, 'ball': 1, 'balls_remaining': 2, 'is_extra_ball': False}
2024-07-13 16:08:51,149 : INFO : EventManager : Event: ======'ball_starting'====== Args={'player': 1, 'ball': 1, 'balls_remaining': 2, 'is_extra_ball': False}
2024-07-13 16:08:51,149 : INFO : EventManager : Event: ======'mode_skillshot_will_start'====== Args={'queue': <QueuedEvent>, 'player': 1, 'ball': 1, 'balls_remaining': 2, 'is_extra_ball': False}
2024-07-13 16:08:51,150 : INFO : EventManager : Event: ======'skillshot_complete'====== Args={'state': 'None'}
2024-07-13 16:08:51,150 : INFO : EventManager : Event: ======'skillshot_None_complete'====== Args={}
2024-07-13 16:08:51,163 : INFO : EventManager : Event: ======'player_shot_skillshot_p_target_enabled'====== Args={'value': True, 'prev_value': 0, 'change': 1, 'player_num': 1}
2024-07-13 16:08:51,170 : INFO : EventManager : Event: ======'player_shot_skillshot_r_target_enabled'====== Args={'value': True, 'prev_value': 0, 'change': 1, 'player_num': 1}
2024-07-13 16:08:51,171 : INFO : EventManager : Event: ======'player_shot_skillshot_o_target_enabled'====== Args={'value': True, 'prev_value': 0, 'change': 1, 'player_num': 1}
2024-07-13 16:08:51,171 : INFO : EventManager : Event: ======'player_shot_skillshot_p2_target_enabled'====== Args={'value': True, 'prev_value': 0, 'change': 1, 'player_num': 1}
2024-07-13 16:08:51,172 : INFO : EventManager : Event: ======'player_shot_skillshot_a_target_enabled'====== Args={'value': True, 'prev_value': 0, 'change': 1, 'player_num': 1}
2024-07-13 16:08:51,172 : INFO : EventManager : Event: ======'player_shot_skillshot_n_target_enabled'====== Args={'value': True, 'prev_value': 0, 'change': 1, 'player_num': 1}
2024-07-13 16:08:51,172 : INFO : EventManager : Event: ======'player_shot_skillshot_e_target_enabled'====== Args={'value': True, 'prev_value': 0, 'change': 1, 'player_num': 1}
2024-07-13 16:08:51,173 : INFO : EventManager : Event: ======'player_skillshot_skillshot_rotate_tick'====== Args={'value': 0, 'prev_value': 0, 'change': 0, 'player_num': 1}
2024-07-13 16:08:51,173 : INFO : Timer.skillshot_rotate : Starting Timer.
2024-07-13 16:08:51,173 : INFO : EventManager : Event: ======'timer_skillshot_rotate_started'====== Args={'ticks': 0, 'ticks_remaining': 0}
2024-07-13 16:08:51,173 : INFO : EventManager : Event: ======'timer_skillshot_rotate_tick'====== Args={'ticks': 0, 'ticks_remaining': 0}
2024-07-13 16:08:51,186 : INFO : EventManager : Event: ======'mode_skillshot_starting'====== Args={'queue': <QueuedEvent>, 'player': 1, 'ball': 1, 'balls_remaining': 2, 'is_extra_ball': False}
2024-07-13 16:08:51,191 : INFO : drop_target_bank.strickland_bank : All targets are already up. Will not reset bank.
2024-07-13 16:08:51,192 : INFO : EventManager : Event: ======'cmd_flippers_enable'====== Args={'priority': 0}
2024-07-13 16:08:51,192 : INFO : EventManager : Event: ======'cmd_autofire_coils_enable'====== Args={'priority': 0}
2024-07-13 16:08:51,192 : INFO : EventManager : Event: ======'cmd_drop_targets_reset'====== Args={'priority': 0}
2024-07-13 16:08:51,194 : INFO : Mode.skillshot : Started. Priority: 200
2024-07-13 16:08:51,194 : INFO : EventManager : Event: ======'modes_active_modes_changed'====== Args={}
2024-07-13 16:08:51,195 : INFO : EventManager : Event: ======'mode_skillshot_started'====== Args={'queue': <QueuedEvent>, 'player': 1, 'ball': 1, 'balls_remaining': 2, 'is_extra_ball': False}
2024-07-13 16:08:51,196 : INFO : EventManager : Event: ======'player_shot_skillshot_p_target'====== Args={'value': 1, 'prev_value': 0, 'change': 1, 'player_num': 1}
2024-07-13 16:08:51,197 : INFO : EventManager : Event: ======'balls_in_play'====== Args={'balls': 1}
2024-07-13 16:08:51,197 : INFO : EventManager : Event: ======'ball_started'====== Args={'player': 1, 'ball': 1, 'balls_remaining': 2, 'is_extra_ball': False}
2024-07-13 16:08:51,206 : INFO : EventManager : Event: ======'mode_BBQ_rollover_will_start'====== Args={'player': 1, 'ball': 1, 'balls_remaining': 2, 'is_extra_ball': False}
2024-07-13 16:08:51,207 : INFO : EventManager : Event: ======'player_shot_left_rollover_lane_enabled'====== Args={'value': True, 'prev_value': 0, 'change': 1, 'player_num': 1}
2024-07-13 16:08:51,208 : INFO : EventManager : Event: ======'player_shot_middle_rollover_lane_enabled'====== Args={'value': True, 'prev_value': 0, 'change': 1, 'player_num': 1}
2024-07-13 16:08:51,209 : INFO : EventManager : Event: ======'player_shot_right_rollover_lane_enabled'====== Args={'value': True, 'prev_value': 0, 'change': 1, 'player_num': 1}
2024-07-13 16:08:51,209 : INFO : EventManager : Event: ======'BBQ_lanes_complete'====== Args={'state': 'unlit'}
2024-07-13 16:08:51,209 : INFO : EventManager : Event: ======'BBQ_lanes_unlit_complete'====== Args={}
2024-07-13 16:08:51,212 : INFO : EventManager : Event: ======'mode_BBQ_rollover_starting'====== Args={'player': 1, 'ball': 1, 'balls_remaining': 2, 'is_extra_ball': False}
2024-07-13 16:08:51,212 : INFO : EventManager : Event: ======'mode_base_will_start'====== Args={'player': 1, 'ball': 1, 'balls_remaining': 2, 'is_extra_ball': False}
2024-07-13 16:08:51,212 : INFO : EventManager : Event: ======'player_shot_qualify_p_target_enabled'====== Args={'value': True, 'prev_value': 0, 'change': 1, 'player_num': 1}
2024-07-13 16:08:51,213 : INFO : EventManager : Event: ======'player_shot_qualify_r_target_enabled'====== Args={'value': True, 'prev_value': 0, 'change': 1, 'player_num': 1}
2024-07-13 16:08:51,213 : INFO : EventManager : Event: ======'player_shot_qualify_o_target_enabled'====== Args={'value': True, 'prev_value': 0, 'change': 1, 'player_num': 1}
2024-07-13 16:08:51,216 : INFO : EventManager : Event: ======'mode_base_starting'====== Args={'player': 1, 'ball': 1, 'balls_remaining': 2, 'is_extra_ball': False}
2024-07-13 16:08:51,217 : INFO : Mode.base : Started. Priority: 100
2024-07-13 16:08:51,217 : INFO : EventManager : Event: ======'modes_active_modes_changed'====== Args={}
2024-07-13 16:08:51,217 : INFO : EventManager : Event: ======'mode_base_started'====== Args={'player': 1, 'ball': 1, 'balls_remaining': 2, 'is_extra_ball': False}
2024-07-13 16:08:51,218 : INFO : EventManager : Event: ======'ball_save_default_enabled'====== Args={}
2024-07-13 16:08:51,218 : INFO : EventManager : Event: ======'logicblock_lb_BBQ_complete_count_updated'====== Args={'value': 1, 'enabled': True}
2024-07-13 16:08:51,218 : INFO : EventManager : Event: ======'logicblock_lb_BBQ_complete_count_updated'====== Args={'value': 1, 'enabled': True}
2024-07-13 16:08:51,218 : INFO : Mode.BBQ_rollover : Started. Priority: 600
2024-07-13 16:08:51,218 : INFO : EventManager : Event: ======'modes_active_modes_changed'====== Args={}
2024-07-13 16:08:51,218 : INFO : EventManager : Event: ======'mode_BBQ_rollover_started'====== Args={'player': 1, 'ball': 1, 'balls_remaining': 2, 'is_extra_ball': False}
2024-07-13 16:08:51,218 : INFO : EventManager : Event: ======'player_pf_multiplier'====== Args={'value': 1, 'prev_value': 0, 'change': 1, 'player_num': 1, 'source': 'BBQ_rollover'}
2024-07-13 16:08:51,218 : INFO : EventManager : Event: ======'single_player_ball_started'====== Args={}
2024-07-13 16:08:51,219 : INFO : EventManager : Event: ======'ball_start_target'====== Args={'target': 'playfield'}
2024-07-13 16:08:51,221 : INFO : ball_device.bd_plunger : Setting up player-controlled eject. Balls: 1, Target: <playfield.playfield>, player_controlled_eject_event: None
2024-07-13 16:08:51,221 : INFO : EventManager : Event: ======'balldevice_balls_available'====== Args={}
2024-07-13 16:08:51,222 : INFO : ball_device.bd_trough : State: waiting_for_target_ready
2024-07-13 16:08:51,222 : INFO : EventManager : Event: ======'balldevice_bd_trough_ball_eject_attempt'====== Args={'balls': 1, 'target': <ball_device.bd_plunger>, 'source': <ball_device.bd_trough>, 'mechanical_eject': True, 'num_attempts': 0}
2024-07-13 16:08:51,222 : INFO : ball_device.bd_plunger : State: waiting_for_ball
2024-07-13 16:08:51,222 : INFO : ball_device.bd_trough : State: ejecting
2024-07-13 16:08:51,222 : INFO : ball_device.bd_trough : Ejecting ball to <ball_device.bd_plunger>
2024-07-13 16:08:51,229 : INFO : EventManager : Event: ======'balldevice_bd_trough_ejecting_ball'====== Args={'balls': 1, 'target': <ball_device.bd_plunger>, 'source': <ball_device.bd_trough>, 'mechanical_eject': True, 'num_attempts': 0}
2024-07-13 16:08:51,233 : INFO : ball_device.bd_trough : Wait for ball to leave device
2024-07-13 16:08:51,233 : INFO : coil.c_trough_eject : Pulsing Driver for 20ms (1.0 pulse_power)
2024-07-13 16:08:51,233 : INFO : SwitchController : <<<<<<< 's_trough1' inactive >>>>>>>
2024-07-13 16:08:51,234 : INFO : ball_device.bd_trough : State: ball_left
2024-07-13 16:08:51,234 : INFO : ball_device.bd_trough : Ball left
2024-07-13 16:08:51,234 : INFO : ball_device.bd_trough : Wait for confirm with timeout 3.0
2024-07-13 16:08:51,279 : INFO : EventManager : Event: ======'slide_skillshot_created'====== Args={'_from_bcp': True}
2024-07-13 16:08:51,281 : INFO : EventManager : Event: ======'slide_skillshot_active'====== Args={'original_context': 'skillshot', 'original_calling_context': 'mode_skillshot_started', 'queue': '<QueuedEvent>', 'cmd': 'slides_play', '_from_bcp': True}
2024-07-13 16:08:51,332 : INFO : EventManager : Event: ======'slide_base_created'====== Args={'_from_bcp': True}
2024-07-13 16:08:51,334 : INFO : SwitchController : <<<<<<< 's_plunger' active >>>>>>>
2024-07-13 16:08:51,334 : INFO : EventManager : Event: ======'machine_var_audits_switches_s_plunger'====== Args={'value': 343, 'prev_value': 342, 'change': 1}
2024-07-13 16:08:51,835 : INFO : ball_device.bd_plunger : Received ball from <ball_device.bd_trough>
2024-07-13 16:08:51,836 : INFO : EventManager : Event: ======'balldevice_bd_plunger_ball_enter'====== Args={'new_balls': 1, 'unclaimed_balls': 0, 'new_available_balls': 0, 'device': <ball_device.bd_plunger>}
2024-07-13 16:08:51,838 : INFO : EventManager : Event: ======'balldevice_bd_plunger_ball_entered'====== Args={'new_balls': 0, 'device': <ball_device.bd_plunger>}
2024-07-13 16:08:51,843 : INFO : EventManager : Event: ======'balldevice_bd_plunger_ball_count_changed'====== Args={'balls': 1}
2024-07-13 16:08:51,845 : INFO : ball_device.bd_trough : Got eject confirm
2024-07-13 16:08:51,845 : INFO : ball_device.bd_trough : Eject successful
2024-07-13 16:08:51,845 : INFO : EventManager : Event: ======'balldevice_bd_trough_ball_eject_success'====== Args={'balls': 1, 'target': <ball_device.bd_plunger>}
2024-07-13 16:08:51,847 : INFO : EventManager : Event: ======'balldevice_bd_trough_ball_count_changed'====== Args={'balls': 5}
2024-07-13 16:08:51,847 : INFO : ball_device.bd_trough : State: idle
2024-07-13 16:08:51,848 : INFO : ball_device.bd_plunger : State: waiting_for_target_ready
2024-07-13 16:08:51,852 : INFO : EventManager : Event: ======'balldevice_bd_plunger_ball_eject_attempt'====== Args={'balls': 1, 'target': <playfield.playfield>, 'source': <ball_device.bd_plunger>, 'mechanical_eject': True, 'num_attempts': 0}
2024-07-13 16:08:51,853 : INFO : ball_device.bd_plunger : State: ejecting
2024-07-13 16:08:51,854 : INFO : ball_device.bd_plunger : Ejecting ball to <playfield.playfield>
2024-07-13 16:08:51,854 : INFO : EventManager : Event: ======'balldevice_bd_plunger_ejecting_ball'====== Args={'balls': 1, 'target': <playfield.playfield>, 'source': <ball_device.bd_plunger>, 'mechanical_eject': True, 'num_attempts': 0}
2024-07-13 16:08:51,855 : INFO : ball_device.bd_plunger : Wait for ball to leave device
2024-07-13 16:08:52,179 : INFO : EventManager : Event: ======'player_skillshot_skillshot_rotate_tick'====== Args={'value': 1, 'prev_value': 0, 'change': 1, 'player_num': 1}
2024-07-13 16:08:52,180 : INFO : EventManager : Event: ======'timer_skillshot_rotate_tick'====== Args={'ticks': 1, 'ticks_remaining': 0}
2024-07-13 16:08:52,185 : INFO : EventManager : Event: ======'player_shot_skillshot_p_target'====== Args={'value': 0, 'prev_value': 1, 'change': -1, 'player_num': 1}
2024-07-13 16:08:52,196 : INFO : EventManager : Event: ======'player_shot_skillshot_r_target'====== Args={'value': 1, 'prev_value': 0, 'change': 1, 'player_num': 1}
2024-07-13 16:08:53,122 : WARNING : SwitchController : Received duplicate switch state 1 for switch s_plunger from the platform interface. Log Code: Log-SwitchController-1 (https://missionpinball.org/logs)
2024-07-13 16:08:53,174 : INFO : EventManager : Event: ======'player_skillshot_skillshot_rotate_tick'====== Args={'value': 2, 'prev_value': 1, 'change': 1, 'player_num': 1}
2024-07-13 16:08:53,175 : INFO : EventManager : Event: ======'timer_skillshot_rotate_tick'====== Args={'ticks': 2, 'ticks_remaining': 0}
2024-07-13 16:08:53,177 : INFO : EventManager : Event: ======'player_shot_skillshot_r_target'====== Args={'value': 0, 'prev_value': 1, 'change': -1, 'player_num': 1}
2024-07-13 16:08:53,178 : INFO : EventManager : Event: ======'player_shot_skillshot_o_target'====== Args={'value': 1, 'prev_value': 0, 'change': 1, 'player_num': 1}
2024-07-13 16:08:53,719 : INFO : SwitchController : <<<<<<< 's_plunger' inactive >>>>>>>
2024-07-13 16:08:53,720 : INFO : ball_device.bd_plunger : State: ball_left
2024-07-13 16:08:53,721 : INFO : ball_device.bd_plunger : Ball left
2024-07-13 16:08:53,721 : INFO : ball_device.bd_plunger : Wait for confirm with timeout 3.0
2024-07-13 16:08:54,174 : INFO : EventManager : Event: ======'player_skillshot_skillshot_rotate_tick'====== Args={'value': 3, 'prev_value': 2, 'change': 1, 'player_num': 1}
2024-07-13 16:08:54,176 : INFO : EventManager : Event: ======'timer_skillshot_rotate_tick'====== Args={'ticks': 3, 'ticks_remaining': 0}
2024-07-13 16:08:54,178 : INFO : EventManager : Event: ======'player_shot_skillshot_o_target'====== Args={'value': 0, 'prev_value': 1, 'change': -1, 'player_num': 1}
2024-07-13 16:08:54,179 : INFO : EventManager : Event: ======'player_shot_skillshot_p2_target'====== Args={'value': 1, 'prev_value': 0, 'change': 1, 'player_num': 1}
2024-07-13 16:08:55,174 : INFO : EventManager : Event: ======'player_skillshot_skillshot_rotate_tick'====== Args={'value': 4, 'prev_value': 3, 'change': 1, 'player_num': 1}
2024-07-13 16:08:55,175 : INFO : EventManager : Event: ======'timer_skillshot_rotate_tick'====== Args={'ticks': 4, 'ticks_remaining': 0}
2024-07-13 16:08:55,175 : INFO : EventManager : Event: ======'player_shot_skillshot_p2_target'====== Args={'value': 0, 'prev_value': 1, 'change': -1, 'player_num': 1}
2024-07-13 16:08:55,176 : INFO : EventManager : Event: ======'player_shot_skillshot_a_target'====== Args={'value': 1, 'prev_value': 0, 'change': 1, 'player_num': 1}
2024-07-13 16:08:56,174 : INFO : EventManager : Event: ======'player_skillshot_skillshot_rotate_tick'====== Args={'value': 5, 'prev_value': 4, 'change': 1, 'player_num': 1}
2024-07-13 16:08:56,175 : INFO : EventManager : Event: ======'timer_skillshot_rotate_tick'====== Args={'ticks': 5, 'ticks_remaining': 0}
2024-07-13 16:08:56,176 : INFO : EventManager : Event: ======'player_shot_skillshot_a_target'====== Args={'value': 0, 'prev_value': 1, 'change': -1, 'player_num': 1}
2024-07-13 16:08:56,177 : INFO : EventManager : Event: ======'player_shot_skillshot_n_target'====== Args={'value': 1, 'prev_value': 0, 'change': 1, 'player_num': 1}
2024-07-13 16:08:56,722 : INFO : ball_device.bd_plunger : State: failed_confirm
2024-07-13 16:08:56,723 : INFO : ball_device.bd_plunger : Got timeout (3.0s) before confirm from <playfield.playfield>
2024-07-13 16:08:56,825 : INFO : ball_device.bd_plunger : Confirming eject because target is playfield and ball did not return.
2024-07-13 16:08:56,825 : INFO : ball_device.bd_plunger : Eject successful
2024-07-13 16:08:56,826 : INFO : EventManager : Event: ======'balldevice_bd_plunger_ball_eject_success'====== Args={'balls': 1, 'target': <playfield.playfield>}
2024-07-13 16:08:56,827 : INFO : EventManager : Event: ======'balldevice_playfield_ball_enter'====== Args={'new_balls': 1, 'unclaimed_balls': 1, 'device': <playfield.playfield>}
2024-07-13 16:08:56,827 : INFO : EventManager : Event: ======'playfield_ball_count_change'====== Args={'balls': 1, 'change': 1}
2024-07-13 16:08:56,829 : INFO : EventManager : Event: ======'balldevice_bd_plunger_ball_count_changed'====== Args={'balls': 0}
2024-07-13 16:08:56,830 : INFO : ball_device.bd_plunger : State: idle
2024-07-13 16:08:57,173 : INFO : EventManager : Event: ======'player_skillshot_skillshot_rotate_tick'====== Args={'value': 6, 'prev_value': 5, 'change': 1, 'player_num': 1}
2024-07-13 16:08:57,174 : INFO : EventManager : Event: ======'timer_skillshot_rotate_tick'====== Args={'ticks': 6, 'ticks_remaining': 0}
2024-07-13 16:08:57,174 : INFO : EventManager : Event: ======'player_shot_skillshot_n_target'====== Args={'value': 0, 'prev_value': 1, 'change': -1, 'player_num': 1}
2024-07-13 16:08:57,175 : INFO : EventManager : Event: ======'player_shot_skillshot_e_target'====== Args={'value': 1, 'prev_value': 0, 'change': 1, 'player_num': 1}
2024-07-13 16:08:58,100 : INFO : SwitchController : <<<<<<< 's_plunger_lane_exit' active >>>>>>>
2024-07-13 16:08:58,100 : INFO : EventManager : Event: ======'s_plunger_lane_exit_active'====== Args={}
2024-07-13 16:08:58,101 : INFO : EventManager : Event: ======'sw_playfield_active'====== Args={}
2024-07-13 16:08:58,101 : INFO : EventManager : Event: ======'machine_var_audits_switches_s_plunger_lane_exit'====== Args={'value': 168, 'prev_value': 167, 'change': 1}
2024-07-13 16:08:58,102 : INFO : EventManager : Event: ======'ball_save_default_timer_start'====== Args={}
2024-07-13 16:08:58,173 : INFO : EventManager : Event: ======'player_skillshot_skillshot_rotate_tick'====== Args={'value': 7, 'prev_value': 6, 'change': 1, 'player_num': 1}
2024-07-13 16:08:58,174 : INFO : EventManager : Event: ======'timer_skillshot_rotate_tick'====== Args={'ticks': 7, 'ticks_remaining': 0}
2024-07-13 16:08:58,174 : INFO : EventManager : Event: ======'player_shot_skillshot_p_target'====== Args={'value': 1, 'prev_value': 0, 'change': 1, 'player_num': 1}
2024-07-13 16:08:58,174 : INFO : EventManager : Event: ======'player_shot_skillshot_e_target'====== Args={'value': 0, 'prev_value': 1, 'change': -1, 'player_num': 1}
2024-07-13 16:08:58,439 : INFO : SwitchController : <<<<<<< 's_plunger_lane_exit' inactive >>>>>>>
2024-07-13 16:08:59,174 : INFO : EventManager : Event: ======'player_skillshot_skillshot_rotate_tick'====== Args={'value': 8, 'prev_value': 7, 'change': 1, 'player_num': 1}
2024-07-13 16:08:59,176 : INFO : EventManager : Event: ======'timer_skillshot_rotate_tick'====== Args={'ticks': 8, 'ticks_remaining': 0}
2024-07-13 16:08:59,176 : INFO : EventManager : Event: ======'player_shot_skillshot_p_target'====== Args={'value': 0, 'prev_value': 1, 'change': -1, 'player_num': 1}
2024-07-13 16:08:59,178 : INFO : EventManager : Event: ======'player_shot_skillshot_r_target'====== Args={'value': 1, 'prev_value': 0, 'change': 1, 'player_num': 1}
2024-07-13 16:09:00,174 : INFO : EventManager : Event: ======'player_skillshot_skillshot_rotate_tick'====== Args={'value': 9, 'prev_value': 8, 'change': 1, 'player_num': 1}
2024-07-13 16:09:00,175 : INFO : EventManager : Event: ======'timer_skillshot_rotate_tick'====== Args={'ticks': 9, 'ticks_remaining': 0}
2024-07-13 16:09:00,176 : INFO : EventManager : Event: ======'player_shot_skillshot_r_target'====== Args={'value': 0, 'prev_value': 1, 'change': -1, 'player_num': 1}
2024-07-13 16:09:00,177 : INFO : EventManager : Event: ======'player_shot_skillshot_o_target'====== Args={'value': 1, 'prev_value': 0, 'change': 1, 'player_num': 1}
2024-07-13 16:09:00,373 : INFO : SwitchController : <<<<<<< 's_right_rollover_lane' active >>>>>>>
2024-07-13 16:09:00,373 : INFO : EventManager : Event: ======'s_right_rollover_lane_active'====== Args={}
2024-07-13 16:09:00,374 : INFO : EventManager : Event: ======'machine_var_audits_switches_s_right_rollover_lane'====== Args={'value': 78, 'prev_value': 77, 'change': 1}
2024-07-13 16:09:00,376 : INFO : EventManager : Event: ======'player_shot_right_rollover_lane'====== Args={'value': 1, 'prev_value': 0, 'change': 1, 'player_num': 1}
2024-07-13 16:09:00,385 : INFO : EventManager : Event: ======'machine_var_audits_shots_right_rollover_lane'====== Args={'value': 64, 'prev_value': 63, 'change': 1}
2024-07-13 16:09:00,386 : INFO : EventManager : Event: ======'right_rollover_lane_hit'====== Args={'profile': 'default', 'state': 'unlit', 'advancing': True}
2024-07-13 16:09:00,387 : INFO : EventManager : Event: ======'right_rollover_lane_default_hit'====== Args={'profile': 'default', 'state': 'unlit', 'advancing': True}
2024-07-13 16:09:00,387 : INFO : EventManager : Event: ======'right_rollover_lane_default_unlit_hit'====== Args={'profile': 'default', 'state': 'unlit', 'advancing': True}
2024-07-13 16:09:00,387 : INFO : EventManager : Event: ======'right_rollover_lane_unlit_hit'====== Args={'profile': 'default', 'state': 'unlit', 'advancing': True}
2024-07-13 16:09:00,387 : INFO : EventManager : Event: ======'player_score'====== Args={'value': 50, 'prev_value': 0, 'change': 50, 'player_num': 1, 'source': 'base'}
2024-07-13 16:09:00,387 : INFO : EventManager : Event: ======'BBQ_lanes_hit'====== Args={'shot': 'right_rollover_lane'}
2024-07-13 16:09:00,388 : INFO : EventManager : Event: ======'BBQ_lanes_unlit_hit'====== Args={'shot': 'right_rollover_lane'}
2024-07-13 16:09:00,472 : INFO : SwitchController : <<<<<<< 's_right_rollover_lane' inactive >>>>>>>
2024-07-13 16:09:01,174 : INFO : EventManager : Event: ======'player_skillshot_skillshot_rotate_tick'====== Args={'value': 10, 'prev_value': 9, 'change': 1, 'player_num': 1}
2024-07-13 16:09:01,174 : INFO : EventManager : Event: ======'timer_skillshot_rotate_tick'====== Args={'ticks': 10, 'ticks_remaining': 0}
2024-07-13 16:09:01,177 : INFO : EventManager : Event: ======'player_shot_skillshot_o_target'====== Args={'value': 0, 'prev_value': 1, 'change': -1, 'player_num': 1}
2024-07-13 16:09:01,178 : INFO : EventManager : Event: ======'player_shot_skillshot_p2_target'====== Args={'value': 1, 'prev_value': 0, 'change': 1, 'player_num': 1}
2024-07-13 16:09:01,233 : INFO : SwitchController : <<<<<<< 's_middle_rollover_lane' active >>>>>>>
2024-07-13 16:09:01,233 : INFO : EventManager : Event: ======'s_middle_rollover_lane_active'====== Args={}
2024-07-13 16:09:01,233 : INFO : EventManager : Event: ======'machine_var_audits_switches_s_middle_rollover_lane'====== Args={'value': 63, 'prev_value': 62, 'change': 1}
2024-07-13 16:09:01,234 : INFO : EventManager : Event: ======'player_shot_middle_rollover_lane'====== Args={'value': 1, 'prev_value': 0, 'change': 1, 'player_num': 1}
2024-07-13 16:09:01,234 : INFO : EventManager : Event: ======'machine_var_audits_shots_middle_rollover_lane'====== Args={'value': 60, 'prev_value': 59, 'change': 1}
2024-07-13 16:09:01,234 : INFO : EventManager : Event: ======'middle_rollover_lane_hit'====== Args={'profile': 'default', 'state': 'unlit', 'advancing': True}
2024-07-13 16:09:01,235 : INFO : EventManager : Event: ======'middle_rollover_lane_default_hit'====== Args={'profile': 'default', 'state': 'unlit', 'advancing': True}
2024-07-13 16:09:01,235 : INFO : EventManager : Event: ======'middle_rollover_lane_default_unlit_hit'====== Args={'profile': 'default', 'state': 'unlit', 'advancing': True}
2024-07-13 16:09:01,235 : INFO : EventManager : Event: ======'middle_rollover_lane_unlit_hit'====== Args={'profile': 'default', 'state': 'unlit', 'advancing': True}
2024-07-13 16:09:01,235 : INFO : EventManager : Event: ======'player_score'====== Args={'value': 100, 'prev_value': 50, 'change': 50, 'player_num': 1, 'source': 'base'}
2024-07-13 16:09:01,235 : INFO : EventManager : Event: ======'BBQ_lanes_hit'====== Args={'shot': 'middle_rollover_lane'}
2024-07-13 16:09:01,235 : INFO : EventManager : Event: ======'BBQ_lanes_unlit_hit'====== Args={'shot': 'middle_rollover_lane'}
2024-07-13 16:09:01,291 : INFO : SwitchController : <<<<<<< 's_middle_rollover_lane' inactive >>>>>>>
2024-07-13 16:09:02,090 : INFO : SwitchController : <<<<<<< 's_left_rollover_lane' active >>>>>>>
2024-07-13 16:09:02,090 : INFO : EventManager : Event: ======'s_left_rollover_lane_active'====== Args={}
2024-07-13 16:09:02,091 : INFO : EventManager : Event: ======'machine_var_audits_switches_s_left_rollover_lane'====== Args={'value': 70, 'prev_value': 69, 'change': 1}
2024-07-13 16:09:02,092 : INFO : EventManager : Event: ======'player_shot_left_rollover_lane'====== Args={'value': 1, 'prev_value': 0, 'change': 1, 'player_num': 1}
2024-07-13 16:09:02,093 : INFO : EventManager : Event: ======'machine_var_audits_shots_left_rollover_lane'====== Args={'value': 65, 'prev_value': 64, 'change': 1}
2024-07-13 16:09:02,094 : INFO : EventManager : Event: ======'left_rollover_lane_hit'====== Args={'profile': 'default', 'state': 'unlit', 'advancing': True}
2024-07-13 16:09:02,095 : INFO : EventManager : Event: ======'left_rollover_lane_default_hit'====== Args={'profile': 'default', 'state': 'unlit', 'advancing': True}
2024-07-13 16:09:02,095 : INFO : EventManager : Event: ======'left_rollover_lane_default_unlit_hit'====== Args={'profile': 'default', 'state': 'unlit', 'advancing': True}
2024-07-13 16:09:02,095 : INFO : EventManager : Event: ======'left_rollover_lane_unlit_hit'====== Args={'profile': 'default', 'state': 'unlit', 'advancing': True}
2024-07-13 16:09:02,096 : INFO : EventManager : Event: ======'player_score'====== Args={'value': 150, 'prev_value': 100, 'change': 50, 'player_num': 1, 'source': 'base'}
2024-07-13 16:09:02,096 : INFO : EventManager : Event: ======'BBQ_lanes_complete'====== Args={'state': 'lit'}
2024-07-13 16:09:02,097 : INFO : EventManager : Event: ======'BBQ_lanes_lit_complete'====== Args={}
2024-07-13 16:09:02,097 : INFO : EventManager : Event: ======'player_score'====== Args={'value': 1150, 'prev_value': 150, 'change': 1000, 'player_num': 1, 'source': 'BBQ_rollover'}
2024-07-13 16:09:02,100 : INFO : EventManager : Event: ======'logicblock_lb_BBQ_complete_count_updated'====== Args={'value': 2, 'enabled': True}
2024-07-13 16:09:02,100 : INFO : EventManager : Event: ======'BBQ_lanes_done'====== Args={'count': 2}
2024-07-13 16:09:02,101 : ERROR : asyncio : Exception in callback EventManager.process_event_queue()
handle: <Handle EventManager.process_event_queue()>
Traceback (most recent call last):
  File "/Users/nicktaseris/mpfenv/lib/python3.9/site-packages/mpf/core/show_controller.py", line 130, in replace_or_advance_show
    show_obj = self.machine.shows[config.name]
KeyError: 'l_playfield_2x'

During handling of the above exception, another exception occurred:

Traceback (most recent call last):
  File "/Users/nicktaseris/mpfenv/lib/python3.9/site-packages/mpf/core/events.py", line 755, in _run_handlers
    result = handler.callback(**merged_kwargs)
  File "/Users/nicktaseris/mpfenv/lib/python3.9/site-packages/mpf/core/config_player.py", line 348, in config_play_callback
    return self.play(settings=settings, context=context, calling_context=calling_context, priority=priority,
  File "/Users/nicktaseris/mpfenv/lib/python3.9/site-packages/mpf/config_players/show_player.py", line 60, in play
    self._update_show(show.name, show_settings, context, queue, start_time, show_tokens)
  File "/Users/nicktaseris/mpfenv/lib/python3.9/site-packages/mpf/config_players/show_player.py", line 225, in _update_show
    action(key, instance_dict, show_name, show_settings, queue, start_time, placeholder_args)
  File "/Users/nicktaseris/mpfenv/lib/python3.9/site-packages/mpf/config_players/show_player.py", line 117, in _play
    instance_dict[key] = self.machine.show_controller.replace_or_advance_show(previous_show, show_config,
  File "/Users/nicktaseris/mpfenv/lib/python3.9/site-packages/mpf/core/show_controller.py", line 132, in replace_or_advance_show
    raise KeyError("Cannot play show '{}'. No show with that "
KeyError: "Cannot play show 'l_playfield_2x'. No show with that name."

The above exception was the direct cause of the following exception:

Traceback (most recent call last):
  File "/Library/Frameworks/Python.framework/Versions/3.9/lib/python3.9/asyncio/events.py", line 80, in _run
    self._context.run(self._callback, *self._args)
  File "/Users/nicktaseris/mpfenv/lib/python3.9/site-packages/mpf/core/events.py", line 846, in process_event_queue
    self._process_event(event=event[0],
  File "/Users/nicktaseris/mpfenv/lib/python3.9/site-packages/mpf/core/events.py", line 808, in _process_event
    result = self._run_handlers(event, ev_type, kwargs)
  File "/Users/nicktaseris/mpfenv/lib/python3.9/site-packages/mpf/core/events.py", line 757, in _run_handlers
    raise EventHandlerException(
mpf.core.events.EventHandlerException: Exception while processing RegisteredHandler(callback=<bound method ConfigPlayer.config_play_callback of ConfigPlayer.show_player/shows>, priority=600, kwargs={'calling_context': 'BBQ_lanes_done{count==2}', 'mode': <Mode.BBQ_rollover>, 'settings': {l_playfield_2x-None-None: {'show_tokens': {'lights': <NativeTemplate playfield_2X>, 'color': <NativeTemplate yellow>}, 'priority': 0, 'action': 'play', 'show': None, 'speed': <NativeTemplate 1.0>, 'block_queue': False, 'start_step': <NativeTemplate 1>, 'start_running': <Template True>, 'loops': -1, 'sync_ms': None, 'manual_advance': False, 'show_queue': None, 'key': None, 'events_when_played': [], 'events_when_stopped': [], 'events_when_looped': [], 'events_when_paused': [], 'events_when_resumed': [], 'events_when_advanced': [], 'events_when_stepped_back': [], 'events_when_updated': [], 'events_when_completed': []}}}, key=UUID('ac502d28-84d4-4bf5-bbc4-a70d330312d1'), condition=<Template count==2>, blocking_facility=None) for event BBQ_lanes_done. "Cannot play show 'l_playfield_2x'. No show with that name."
2024-07-13 16:09:02,112 : INFO : Machine : Shutting down...
2024-07-13 16:09:02,112 : INFO : EventManager : Event: ======'shutdown'====== Args={}
2024-07-13 16:09:02,113 : INFO : EventManager : Event: ======'mode_game_will_stop'====== Args={}
2024-07-13 16:09:02,114 : INFO : EventManager : Event: ======'mode_game_stopping'====== Args={}
2024-07-13 16:09:02,114 : INFO : EventManager : Event: ======'mode_base_will_stop'====== Args={}
2024-07-13 16:09:02,114 : INFO : EventManager : Event: ======'mode_base_stopping'====== Args={}
2024-07-13 16:09:02,114 : INFO : EventManager : Event: ======'mode_BBQ_rollover_will_stop'====== Args={}
2024-07-13 16:09:02,114 : INFO : EventManager : Event: ======'mode_BBQ_rollover_stopping'====== Args={}
2024-07-13 16:09:02,115 : INFO : EventManager : Event: ======'mode_skillshot_will_stop'====== Args={}
2024-07-13 16:09:02,115 : INFO : EventManager : Event: ======'mode_skillshot_stopping'====== Args={}
2024-07-13 16:09:02,115 : INFO : Mode.skillshot : Stopped.
2024-07-13 16:09:02,115 : INFO : EventManager : Event: ======'modes_active_modes_changed'====== Args={}
2024-07-13 16:09:02,115 : INFO : EventManager : Event: ======'mode_skillshot_stopped'====== Args={}
2024-07-13 16:09:02,115 : INFO : EventManager : Event: ======'clear'====== Args={'key': 'skillshot'}
2024-07-13 16:09:02,116 : INFO : Timer.skillshot_rotate : Stopping Timer
2024-07-13 16:09:02,116 : INFO : EventManager : Event: ======'timer_skillshot_rotate_stopped'====== Args={'ticks': 10, 'ticks_remaining': 0}
2024-07-13 16:09:02,116 : INFO : Mode.BBQ_rollover : Stopped.
2024-07-13 16:09:02,116 : INFO : EventManager : Event: ======'modes_active_modes_changed'====== Args={}
2024-07-13 16:09:02,117 : INFO : EventManager : Event: ======'mode_BBQ_rollover_stopped'====== Args={}
2024-07-13 16:09:02,117 : INFO : EventManager : Event: ======'clear'====== Args={'key': 'BBQ_rollover'}
2024-07-13 16:09:02,117 : INFO : Mode.base : Stopped.
2024-07-13 16:09:02,117 : INFO : EventManager : Event: ======'modes_active_modes_changed'====== Args={}
2024-07-13 16:09:02,118 : INFO : EventManager : Event: ======'mode_base_stopped'====== Args={}
2024-07-13 16:09:02,120 : INFO : EventManager : Event: ======'clear'====== Args={'key': 'base'}
2024-07-13 16:09:02,121 : INFO : EventManager : Event: ======'ball_save_default_disabled'====== Args={}
2024-07-13 16:09:02,121 : INFO : Mode.game : Stopped.
2024-07-13 16:09:02,121 : INFO : EventManager : Event: ======'modes_active_modes_changed'====== Args={}
2024-07-13 16:09:02,121 : INFO : EventManager : Event: ======'mode_game_stopped'====== Args={}
2024-07-13 16:09:02,122 : INFO : EventManager : Event: ======'clear'====== Args={'key': 'game'}
2024-07-13 16:09:02,123 : ERROR : Machine : Runtime Exception
Traceback (most recent call last):
  File "/Users/nicktaseris/mpfenv/lib/python3.9/site-packages/mpf/core/show_controller.py", line 130, in replace_or_advance_show
    show_obj = self.machine.shows[config.name]
KeyError: 'l_playfield_2x'

During handling of the above exception, another exception occurred:

Traceback (most recent call last):
  File "/Users/nicktaseris/mpfenv/lib/python3.9/site-packages/mpf/core/events.py", line 755, in _run_handlers
    result = handler.callback(**merged_kwargs)
  File "/Users/nicktaseris/mpfenv/lib/python3.9/site-packages/mpf/core/config_player.py", line 348, in config_play_callback
    return self.play(settings=settings, context=context, calling_context=calling_context, priority=priority,
  File "/Users/nicktaseris/mpfenv/lib/python3.9/site-packages/mpf/config_players/show_player.py", line 60, in play
    self._update_show(show.name, show_settings, context, queue, start_time, show_tokens)
  File "/Users/nicktaseris/mpfenv/lib/python3.9/site-packages/mpf/config_players/show_player.py", line 225, in _update_show
    action(key, instance_dict, show_name, show_settings, queue, start_time, placeholder_args)
  File "/Users/nicktaseris/mpfenv/lib/python3.9/site-packages/mpf/config_players/show_player.py", line 117, in _play
    instance_dict[key] = self.machine.show_controller.replace_or_advance_show(previous_show, show_config,
  File "/Users/nicktaseris/mpfenv/lib/python3.9/site-packages/mpf/core/show_controller.py", line 132, in replace_or_advance_show
    raise KeyError("Cannot play show '{}'. No show with that "
KeyError: "Cannot play show 'l_playfield_2x'. No show with that name."

The above exception was the direct cause of the following exception:

Traceback (most recent call last):
  File "/Users/nicktaseris/mpfenv/lib/python3.9/site-packages/mpf/core/machine.py", line 793, in _run_loop
    raise self._exception['exception']
  File "/Library/Frameworks/Python.framework/Versions/3.9/lib/python3.9/asyncio/events.py", line 80, in _run
    self._context.run(self._callback, *self._args)
  File "/Users/nicktaseris/mpfenv/lib/python3.9/site-packages/mpf/core/events.py", line 846, in process_event_queue
    self._process_event(event=event[0],
  File "/Users/nicktaseris/mpfenv/lib/python3.9/site-packages/mpf/core/events.py", line 808, in _process_event
    result = self._run_handlers(event, ev_type, kwargs)
  File "/Users/nicktaseris/mpfenv/lib/python3.9/site-packages/mpf/core/events.py", line 757, in _run_handlers
    raise EventHandlerException(
mpf.core.events.EventHandlerException: Exception while processing RegisteredHandler(callback=<bound method ConfigPlayer.config_play_callback of ConfigPlayer.show_player/shows>, priority=600, kwargs={'calling_context': 'BBQ_lanes_done{count==2}', 'mode': <Mode.BBQ_rollover>, 'settings': {l_playfield_2x-None-None: {'show_tokens': {'lights': <NativeTemplate playfield_2X>, 'color': <NativeTemplate yellow>}, 'priority': 0, 'action': 'play', 'show': None, 'speed': <NativeTemplate 1.0>, 'block_queue': False, 'start_step': <NativeTemplate 1>, 'start_running': <Template True>, 'loops': -1, 'sync_ms': None, 'manual_advance': False, 'show_queue': None, 'key': None, 'events_when_played': [], 'events_when_stopped': [], 'events_when_looped': [], 'events_when_paused': [], 'events_when_resumed': [], 'events_when_advanced': [], 'events_when_stepped_back': [], 'events_when_updated': [], 'events_when_completed': []}}}, key=UUID('ac502d28-84d4-4bf5-bbc4-a70d330312d1'), condition=<Template count==2>, blocking_facility=None) for event BBQ_lanes_done. "Cannot play show 'l_playfield_2x'. No show with that name."
2024-07-13 16:09:02,175 : INFO : crash_reporter : Will not report crash as "report_crashes" mode is "never"
2024-07-13 16:09:02,175 : INFO : root : MPF run loop ended.
